state	power	likelihood
12600	0.000104858	-956.969
12700	0.000104858	-1048.62
12800	0.000104858	-999.466
12900	0.000104858	-1533.74
13000	0.000104858	-696.328
13100	0.000104858	-711.983
13200	0.000104858	-971.79
13300	0.000104858	-630.779
13400	0.000104858	-1027.93
13500	0.000104858	-1675.35
13600	0.000104858	-915.717
13700	0.000104858	-1262.4
13800	0.000104858	-599.852
13900	0.000104858	-838.537
14000	0.000104858	-1606.39
14100	0.000104858	-1207.15
14200	0.000104858	-1124.56
14300	0.000104858	-1124.63
14400	0.000104858	-905.659
14500	0.000104858	-1266.38
14600	0.000104858	-807.309
14700	0.000104858	-921.229
14800	0.000104858	-1275.25
14900	0.000104858	-555.525
15000	0.000104858	-1269.39
15100	0.000104858	-1155.21
15200	0.000104858	-568.676
15300	0.000104858	-1023.17
15400	0.000104858	-1188.04
15500	0.000104858	-1118.38
15600	0.000104858	-1273.49
15700	0.000104858	-1122.82
15800	0.000104858	-1917.19
15900	0.000104858	-678.041
16000	0.000104858	-571.706
16100	0.000104858	-762.378
16200	0.000104858	-833.137
16300	0.000104858	-807.853
16400	0.000104858	-734.626
16500	0.000104858	-771.945
16600	0.000104858	-967.93
16700	0.000104858	-943.895
16800	0.000104858	-837.579
16900	0.000104858	-623.639
17000	0.000104858	-880.547
17100	0.000104858	-1079.77
17200	0.000104858	-955.576
17300	0.000104858	-1071.1
17400	0.000104858	-987.867
17500	0.000104858	-1329.02
17600	0.000104858	-1502.44
17700	0.000104858	-833.351
17800	0.000104858	-1736.23
17900	0.000104858	-892.985
18000	0.000104858	-775.284
18100	0.000104858	-1150.93
18200	0.000104858	-764.436
18300	0.000104858	-1628.58
18400	0.000104858	-889.072
18500	0.000104858	-2162.75
18600	0.000104858	-804.457
18700	0.000104858	-1357.49
18800	0.000104858	-582.787
18900	0.000104858	-1199.61
19000	0.000104858	-445.614
19100	0.000104858	-604.287
19200	0.000104858	-757.981
19300	0.000104858	-675.604
19400	0.000104858	-1047.94
19500	0.000104858	-821.336
19600	0.000104858	-825.019
19700	0.000104858	-936.525
19800	0.000104858	-825.336
19900	0.000104858	-1026.65
20000	0.000104858	-738.054
20100	0.000104858	-1553.56
20200	0.000104858	-1101.98
20300	0.000104858	-1040.58
20400	0.000104858	-917.257
20500	0.000104858	-732.67
20600	0.000104858	-1185.79
20700	0.000104858	-628.763
20800	0.000104858	-1105
20900	0.000104858	-975.22
21000	0.000104858	-874.506
21100	0.000104858	-908.059
21200	0.000104858	-1333.07
21300	0.000104858	-877.554
21400	0.000104858	-1091.01
21500	0.000104858	-1191.17
21600	0.000104858	-930.288
21700	0.000104858	-616.878
21800	0.000104858	-1007.38
21900	0.000104858	-458.751
22000	0.000104858	-713.047
22100	0.000104858	-991.628
22200	0.000104858	-1595.55
22300	0.000104858	-1199.09
22400	0.000104858	-1110.56
22500	0.000104858	-1105.21
22600	0.000104858	-1273.49
22700	0.000104858	-1389.03
22800	0.000104858	-866.254
22900	0.000104858	-654.103
23000	0.000104858	-1334.66
23100	0.000104858	-821.185
23200	0.000104858	-1323.87
23300	0.000104858	-595.327
23400	0.000104858	-1661.4
23500	0.000104858	-2213.87
23600	0.000104858	-1166.5
23700	0.000104858	-723.974
23800	0.000104858	-1027.46
23900	0.000104858	-1011.37
24000	0.000104858	-988.391
24100	0.000104858	-594.177
24200	0.000104858	-1007.79
24300	0.000104858	-2668.68
24400	0.000104858	-1390.62
24500	0.000104858	-509.342
24600	0.000104858	-1299.29
24700	0.000104858	-2197.85
24800	0.000104858	-945.922
24900	0.000104858	-1332.31
25000	0.000104858	-748.565
25100	0.000104858	-1038.93
25200	0.000104858	-887.649
25300	0.000104858	-618.419
25400	0.000104858	-1154.54
25500	0.000104858	-1096.17
25600	0.000104858	-1677.09
25700	0.000104858	-890.933
25800	0.000104858	-836.205
25900	0.000104858	-861.01
26000	0.000104858	-1032.43
26100	0.000104858	-763.503
26200	0.000104858	-1120.97
26300	0.000104858	-1033.8
26400	0.000104858	-870.146
26500	0.000104858	-941.037
26600	0.000104858	-774.777
26700	0.000104858	-495.081
26800	0.000104858	-1141.24
26900	0.000104858	-1427.76
27000	0.000104858	-1522.52
27100	0.000104858	-1710.24
27200	0.000104858	-1425.25
27300	0.000104858	-2179.44
27400	0.000104858	-847.904
27500	0.000104858	-600.098
27600	0.000104858	-1296.62
27700	0.000104858	-1025.37
27800	0.000104858	-673.357
27900	0.000104858	-606.789
28000	0.000104858	-1301.77
28100	0.000104858	-877.921
28200	0.000104858	-1112.75
28300	0.000104858	-811.282
28400	0.000104858	-1706.11
28500	0.000104858	-697.004
28600	0.000104858	-983.597
28700	0.000104858	-2115.54
28800	0.000104858	-903.117
28900	0.000104858	-822.023
29000	0.000104858	-622.82
29100	0.000104858	-1741.17
29200	0.000104858	-758.351
29300	0.000104858	-870.714
29400	0.000104858	-1097.47
29500	0.000104858	-1603.58
29600	0.000104858	-1766.18
29700	0.000104858	-1059.59
29800	0.000104858	-1460.04
29900	0.000104858	-1128.89
30000	0.000104858	-1497.66
30100	0.000104858	-1050.79
30200	0.000104858	-478.057
30300	0.000104858	-963.752
30400	0.000104858	-1323.44
30500	0.000104858	-2092.04
30600	0.000104858	-856.825
30700	0.000104858	-802.938
30800	0.000104858	-2739.93
30900	0.000104858	-1187.52
31000	0.000104858	-516.352
31100	0.000104858	-710.493
31200	0.000104858	-1677.22
31300	0.000104858	-1793.59
31400	0.000104858	-1964.18
31500	0.000104858	-738.497
31600	0.000104858	-883.37
31700	0.000104858	-660.557
31800	0.000104858	-689.315
31900	0.000104858	-881.239
32000	0.000104858	-1332.2
32100	0.000104858	-809.388
32200	0.000104858	-1351.49
32300	0.000104858	-1390.42
32400	0.000104858	-729.426
32500	0.000104858	-1204.21
32600	0.000104858	-856.148
32700	0.000104858	-631.785
32800	0.000104858	-1928.3
32900	0.000104858	-1514.52
33000	0.000104858	-809.682
33100	0.000104858	-1388.04
33200	0.000104858	-1001.49
33300	0.000104858	-1330.5
33400	0.000104858	-907.347
33500	0.000104858	-736.708
33600	0.000104858	-646.273
33700	0.000104858	-503.315
33800	0.000104858	-1370.88
33900	0.000104858	-1035.87
34000	0.000104858	-1009.36
34100	0.000104858	-801.806
34200	0.000104858	-922.047
34300	0.000104858	-869.455
34400	0.000104858	-1080.27
34500	0.000104858	-667.664
34600	0.000104858	-667.283
34700	0.000104858	-1007.32
34800	0.000104858	-1380.12
34900	0.000104858	-1166.69
35000	0.000104858	-1422.46
35100	0.000104858	-974.084
35200	0.000104858	-661.557
35300	0.000104858	-567.216
35400	0.000104858	-872.535
35500	0.000104858	-1533.75
35600	0.000104858	-516.617
35700	0.000104858	-1439.22
35800	0.000104858	-1676.1
35900	0.000104858	-1039.29
36000	0.000104858	-1244.12
36100	0.000104858	-628.086
36200	0.000104858	-2018.14
36300	0.000104858	-418.96
36400	0.000104858	-771.948
36500	0.000104858	-1519.22
36600	0.000104858	-708.081
36700	0.000104858	-2144.57
36800	0.000104858	-926.197
36900	0.000104858	-1975.37
37000	0.000104858	-972.496
37100	0.000104858	-760.781
37200	0.000104858	-1051.81
37300	0.000104858	-1770.23
37400	0.000104858	-805.06
37500	0.000104858	-1442.34
37600	0.000104858	-923.582
37700	0.000104858	-925.83
37800	0.000104858	-1272.52
37900	0.000104858	-1100.66
38000	0.000104858	-930.688
38100	0.000104858	-1340.62
38200	0.000104858	-1410.18
38300	0.000104858	-1050.73
38400	0.000104858	-890.044
38500	0.000104858	-1093.12
38600	0.000104858	-1327.07
38700	0.000104858	-1257.35
38800	0.000104858	-1134.01
38900	0.000104858	-1061.16
39000	0.000104858	-1390.34
39100	0.000104858	-869.683
39200	0.000104858	-947.078
39300	0.000104858	-1206.49
39400	0.000104858	-518.191
39500	0.000104858	-687.719
39600	0.000104858	-1310.29
39700	0.000104858	-609.347
39800	0.000104858	-1335.52
39900	0.000104858	-1801.37
40000	0.000104858	-574.822
40100	0.000104858	-943.753
40200	0.000104858	-626.187
40300	0.000104858	-1360.03
40400	0.000104858	-1538.39
40500	0.000104858	-802.285
40600	0.000104858	-1108.91
40700	0.000104858	-1638.69
40800	0.000104858	-1233.35
40900	0.000104858	-1482.2
41000	0.000104858	-1470.99
41100	0.000104858	-1329.27
41200	0.000104858	-692.056
41300	0.000104858	-963.712
41400	0.000104858	-1560.85
41500	0.000104858	-1665.75
41600	0.000104858	-1801.9
41700	0.000104858	-1175.13
41800	0.000104858	-1017.68
41900	0.000104858	-1176.25
42000	0.000104858	-803.661
42100	0.000104858	-1041.44
42200	0.000104858	-1070.07
42300	0.000104858	-1162.63
42400	0.000104858	-714.605
42500	0.000104858	-1177.29
42600	0.000104858	-1238.2
42700	0.000104858	-1080.79
42800	0.000104858	-856.993
42900	0.000104858	-783.333
43000	0.000104858	-1027.72
43100	0.000104858	-1148.14
43200	0.000104858	-1271.83
43300	0.000104858	-1206.06
43400	0.000104858	-693.391
43500	0.000104858	-553.583
43600	0.000104858	-1721.7
43700	0.000104858	-635.401
43800	0.000104858	-1498.55
43900	0.000104858	-553.988
44000	0.000104858	-1070.9
44100	0.000104858	-863.848
44200	0.000104858	-907.839
44300	0.000104858	-1185.58
44400	0.000104858	-952.468
44500	0.000104858	-1135.74
44600	0.000104858	-1002.04
44700	0.000104858	-707.839
44800	0.000104858	-733.73
44900	0.000104858	-1246.46
45000	0.000104858	-842.479
45100	0.000104858	-1060.2
45200	0.000104858	-1123.4
45300	0.000104858	-1427.93
45400	0.000104858	-1554.4
45500	0.000104858	-772.033
45600	0.000104858	-1439.1
45700	0.000104858	-852.443
45800	0.000104858	-641.806
45900	0.000104858	-950.93
46000	0.000104858	-750.944
46100	0.000104858	-739.891
46200	0.000104858	-1007.58
46300	0.000104858	-703.261
46400	0.000104858	-1316.32
46500	0.000104858	-685.985
46600	0.000104858	-941.359
46700	0.000104858	-933.253
46800	0.000104858	-886.731
46900	0.000104858	-876.539
47000	0.000104858	-713.238
47100	0.000104858	-982.645
47200	0.000104858	-1723.75
47300	0.000104858	-673.027
47400	0.000104858	-688.4
47500	0.000104858	-674.658
47600	0.000104858	-1056.86
47700	0.000104858	-1294.89
47800	0.000104858	-1024.54
47900	0.000104858	-1040.09
48000	0.000104858	-765.705
48100	0.000104858	-1066.76
48200	0.000104858	-775.864
48300	0.000104858	-863.827
48400	0.000104858	-750.41
48500	0.000104858	-1541.37
48600	0.000104858	-1104.96
48700	0.000104858	-1320.66
48800	0.000104858	-907.861
48900	0.000104858	-561.951
49000	0.000104858	-990.716
49100	0.000104858	-1865.78
49200	0.000104858	-896.418
49300	0.000104858	-1321.19
49400	0.000104858	-502.427
49500	0.000104858	-1763.59
49600	0.000104858	-549.195
49700	0.000104858	-1082.12
49800	0.000104858	-1310
49900	0.000104858	-1045.97
50000	0.000104858	-994.503
