state	power	likelihood
12600	0.32768	-227.648
12700	0.32768	-228.156
12800	0.32768	-228.542
12900	0.32768	-231.055
13000	0.32768	-232.764
13100	0.32768	-226.919
13200	0.32768	-228.947
13300	0.32768	-227.203
13400	0.32768	-227.716
13500	0.32768	-229.92
13600	0.32768	-239.436
13700	0.32768	-229.304
13800	0.32768	-239.066
13900	0.32768	-232.495
14000	0.32768	-235.453
14100	0.32768	-226.838
14200	0.32768	-235.285
14300	0.32768	-231.668
14400	0.32768	-234.969
14500	0.32768	-229.133
14600	0.32768	-227.731
14700	0.32768	-232.638
14800	0.32768	-237.213
14900	0.32768	-230.573
15000	0.32768	-231.532
15100	0.32768	-230.191
15200	0.32768	-226.399
15300	0.32768	-231.322
15400	0.32768	-228.455
15500	0.32768	-233.587
15600	0.32768	-227.12
15700	0.32768	-231.618
15800	0.32768	-226.521
15900	0.32768	-232.735
16000	0.32768	-229.054
16100	0.32768	-229.265
16200	0.32768	-228.817
16300	0.32768	-232.775
16400	0.32768	-226.696
16500	0.32768	-231.936
16600	0.32768	-230.314
16700	0.32768	-230.238
16800	0.32768	-231.772
16900	0.32768	-229.153
17000	0.32768	-229.637
17100	0.32768	-230.245
17200	0.32768	-231.437
17300	0.32768	-233.01
17400	0.32768	-227.349
17500	0.32768	-232.828
17600	0.32768	-227.8
17700	0.32768	-230.967
17800	0.32768	-233.31
17900	0.32768	-226.489
18000	0.32768	-226.247
18100	0.32768	-227.192
18200	0.32768	-235.439
18300	0.32768	-227.039
18400	0.32768	-226.778
18500	0.32768	-227.475
18600	0.32768	-227.497
18700	0.32768	-227.895
18800	0.32768	-230.479
18900	0.32768	-231.797
19000	0.32768	-228.049
19100	0.32768	-226.587
19200	0.32768	-227.242
19300	0.32768	-228.598
19400	0.32768	-227.065
19500	0.32768	-230.553
19600	0.32768	-226.57
19700	0.32768	-228.66
19800	0.32768	-229.748
19900	0.32768	-227.073
20000	0.32768	-232.961
20100	0.32768	-227.741
20200	0.32768	-230.645
20300	0.32768	-232.192
20400	0.32768	-226.146
20500	0.32768	-229.786
20600	0.32768	-231.724
20700	0.32768	-230.099
20800	0.32768	-228.444
20900	0.32768	-226.427
21000	0.32768	-229.964
21100	0.32768	-232.485
21200	0.32768	-226.443
21300	0.32768	-227.682
21400	0.32768	-228.73
21500	0.32768	-226.408
21600	0.32768	-236.067
21700	0.32768	-229.498
21800	0.32768	-227.857
21900	0.32768	-226.359
22000	0.32768	-240.033
22100	0.32768	-231.365
22200	0.32768	-233.17
22300	0.32768	-235.727
22400	0.32768	-229.856
22500	0.32768	-228.422
22600	0.32768	-227.489
22700	0.32768	-227.477
22800	0.32768	-242.181
22900	0.32768	-227.319
23000	0.32768	-231.416
23100	0.32768	-233.762
23200	0.32768	-228.507
23300	0.32768	-226.967
23400	0.32768	-230.908
23500	0.32768	-228.983
23600	0.32768	-229.124
23700	0.32768	-229.076
23800	0.32768	-243.71
23900	0.32768	-227.902
24000	0.32768	-231.912
24100	0.32768	-230.932
24200	0.32768	-227.844
24300	0.32768	-233.826
24400	0.32768	-228.202
24500	0.32768	-230.432
24600	0.32768	-228.323
24700	0.32768	-231.777
24800	0.32768	-230.081
24900	0.32768	-228.079
25000	0.32768	-227.125
25100	0.32768	-229.488
25200	0.32768	-231.093
25300	0.32768	-235.311
25400	0.32768	-227.24
25500	0.32768	-226.956
25600	0.32768	-234.939
25700	0.32768	-226.289
25800	0.32768	-237.783
25900	0.32768	-230.904
26000	0.32768	-231.035
26100	0.32768	-228.737
26200	0.32768	-227.868
26300	0.32768	-235.654
26400	0.32768	-226.769
26500	0.32768	-226.545
26600	0.32768	-230.446
26700	0.32768	-234.754
26800	0.32768	-230.613
26900	0.32768	-232.31
27000	0.32768	-227.026
27100	0.32768	-230.327
27200	0.32768	-229.068
27300	0.32768	-231.301
27400	0.32768	-226.4
27500	0.32768	-229.892
27600	0.32768	-230.064
27700	0.32768	-235.832
27800	0.32768	-227.887
27900	0.32768	-227.28
28000	0.32768	-227.2
28100	0.32768	-228.265
28200	0.32768	-233.553
28300	0.32768	-227.295
28400	0.32768	-229.054
28500	0.32768	-228.757
28600	0.32768	-229.604
28700	0.32768	-226.669
28800	0.32768	-228.593
28900	0.32768	-227.593
29000	0.32768	-227.42
29100	0.32768	-227.357
29200	0.32768	-230.257
29300	0.32768	-230.275
29400	0.32768	-231.009
29500	0.32768	-226.165
29600	0.32768	-229.611
29700	0.32768	-227.688
29800	0.32768	-228.729
29900	0.32768	-233.861
30000	0.32768	-231.505
30100	0.32768	-226.083
30200	0.32768	-229.76
30300	0.32768	-234.339
30400	0.32768	-229.849
30500	0.32768	-226.635
30600	0.32768	-229.788
30700	0.32768	-230.262
30800	0.32768	-228.886
30900	0.32768	-226.346
31000	0.32768	-226.716
31100	0.32768	-227.517
31200	0.32768	-243.613
31300	0.32768	-231.018
31400	0.32768	-229.548
31500	0.32768	-226.496
31600	0.32768	-230.168
31700	0.32768	-226.549
31800	0.32768	-226.221
31900	0.32768	-231.283
32000	0.32768	-228.052
32100	0.32768	-232.471
32200	0.32768	-232.084
32300	0.32768	-229.94
32400	0.32768	-231.938
32500	0.32768	-229.108
32600	0.32768	-234.213
32700	0.32768	-226.863
32800	0.32768	-238.065
32900	0.32768	-230.584
33000	0.32768	-232.187
33100	0.32768	-230.87
33200	0.32768	-227.607
33300	0.32768	-231.236
33400	0.32768	-230.841
33500	0.32768	-227.613
33600	0.32768	-229.649
33700	0.32768	-231.3
33800	0.32768	-228.427
33900	0.32768	-229.153
34000	0.32768	-226.703
34100	0.32768	-226.855
34200	0.32768	-229.271
34300	0.32768	-228.873
34400	0.32768	-227.8
34500	0.32768	-229.11
34600	0.32768	-230.23
34700	0.32768	-226.665
34800	0.32768	-226.912
34900	0.32768	-234.019
35000	0.32768	-230.719
35100	0.32768	-229.253
35200	0.32768	-232.029
35300	0.32768	-226.908
35400	0.32768	-231.512
35500	0.32768	-229.371
35600	0.32768	-227.878
35700	0.32768	-232.249
35800	0.32768	-229.615
35900	0.32768	-228.176
36000	0.32768	-232.101
36100	0.32768	-227.518
36200	0.32768	-227.98
36300	0.32768	-228.625
36400	0.32768	-232.974
36500	0.32768	-235.796
36600	0.32768	-229.185
36700	0.32768	-231.454
36800	0.32768	-227.285
36900	0.32768	-229.909
37000	0.32768	-231.694
37100	0.32768	-228.993
37200	0.32768	-229.053
37300	0.32768	-226.969
37400	0.32768	-228.413
37500	0.32768	-229.151
37600	0.32768	-234.075
37700	0.32768	-231.415
37800	0.32768	-230.957
37900	0.32768	-227.21
38000	0.32768	-232.68
38100	0.32768	-227.528
38200	0.32768	-234.038
38300	0.32768	-227.748
38400	0.32768	-232.542
38500	0.32768	-237.134
38600	0.32768	-226.286
38700	0.32768	-229.425
38800	0.32768	-226.786
38900	0.32768	-227.223
39000	0.32768	-232.824
39100	0.32768	-235.186
39200	0.32768	-228.865
39300	0.32768	-229.106
39400	0.32768	-231.386
39500	0.32768	-227.003
39600	0.32768	-226.848
39700	0.32768	-236.723
39800	0.32768	-241.012
39900	0.32768	-231.183
40000	0.32768	-231.283
40100	0.32768	-228.704
40200	0.32768	-233.733
40300	0.32768	-228.085
40400	0.32768	-231.403
40500	0.32768	-227.049
40600	0.32768	-234.118
40700	0.32768	-229.075
40800	0.32768	-228.679
40900	0.32768	-230.594
41000	0.32768	-226.522
41100	0.32768	-229.441
41200	0.32768	-234.397
41300	0.32768	-233.072
41400	0.32768	-227.339
41500	0.32768	-230.801
41600	0.32768	-227.007
41700	0.32768	-230.204
41800	0.32768	-230.523
41900	0.32768	-230.42
42000	0.32768	-227.997
42100	0.32768	-229.75
42200	0.32768	-227.737
42300	0.32768	-227.762
42400	0.32768	-231.88
42500	0.32768	-244.876
42600	0.32768	-231.898
42700	0.32768	-234.158
42800	0.32768	-237.37
42900	0.32768	-227.449
43000	0.32768	-228.84
43100	0.32768	-226.938
43200	0.32768	-227.635
43300	0.32768	-229.268
43400	0.32768	-226.865
43500	0.32768	-231.123
43600	0.32768	-226.603
43700	0.32768	-230.612
43800	0.32768	-233.282
43900	0.32768	-230.725
44000	0.32768	-228.593
44100	0.32768	-227.655
44200	0.32768	-226.235
44300	0.32768	-226.507
44400	0.32768	-229.105
44500	0.32768	-229.057
44600	0.32768	-228.684
44700	0.32768	-232.064
44800	0.32768	-226.797
44900	0.32768	-227.378
45000	0.32768	-227.119
45100	0.32768	-231.877
45200	0.32768	-229.554
45300	0.32768	-230.913
45400	0.32768	-228.073
45500	0.32768	-231.047
45600	0.32768	-229.4
45700	0.32768	-227.605
45800	0.32768	-228.324
45900	0.32768	-226.576
46000	0.32768	-229.26
46100	0.32768	-227.015
46200	0.32768	-231.969
46300	0.32768	-229.238
46400	0.32768	-227.216
46500	0.32768	-231.754
46600	0.32768	-234.512
46700	0.32768	-227.47
46800	0.32768	-234.305
46900	0.32768	-232.387
47000	0.32768	-229.901
47100	0.32768	-227.37
47200	0.32768	-226.971
47300	0.32768	-232.626
47400	0.32768	-227.823
47500	0.32768	-227.691
47600	0.32768	-226.307
47700	0.32768	-230.118
47800	0.32768	-227.723
47900	0.32768	-236.018
48000	0.32768	-227.895
48100	0.32768	-238.721
48200	0.32768	-226.8
48300	0.32768	-227.46
48400	0.32768	-232.294
48500	0.32768	-231.491
48600	0.32768	-228.788
48700	0.32768	-239.548
48800	0.32768	-226.471
48900	0.32768	-230.587
49000	0.32768	-231.674
49100	0.32768	-231.112
49200	0.32768	-228.418
49300	0.32768	-229.179
49400	0.32768	-226.203
49500	0.32768	-227.81
49600	0.32768	-237.423
49700	0.32768	-226.754
49800	0.32768	-231.173
49900	0.32768	-233.115
50000	0.32768	-226.892
