state	power	likelihood
12600	0.0164916	-446.184
12700	0.0164916	-595.632
12800	0.0164916	-469.753
12900	0.0164916	-384.022
13000	0.0164916	-306.564
13100	0.0164916	-594.505
13200	0.0164916	-571.548
13300	0.0164916	-519.47
13400	0.0164916	-595.586
13500	0.0164916	-404.401
13600	0.0164916	-390.141
13700	0.0164916	-418.331
13800	0.0164916	-362.754
13900	0.0164916	-404.679
14000	0.0164916	-449.968
14100	0.0164916	-533.586
14200	0.0164916	-415.963
14300	0.0164916	-549.411
14400	0.0164916	-745.606
14500	0.0164916	-647.092
14600	0.0164916	-567.549
14700	0.0164916	-375.789
14800	0.0164916	-634.021
14900	0.0164916	-464.379
15000	0.0164916	-649.001
15100	0.0164916	-676.961
15200	0.0164916	-351.575
15300	0.0164916	-582.735
15400	0.0164916	-644.267
15500	0.0164916	-575.402
15600	0.0164916	-583.523
15700	0.0164916	-538.965
15800	0.0164916	-401.002
15900	0.0164916	-482.299
16000	0.0164916	-412.57
16100	0.0164916	-627.365
16200	0.0164916	-501.682
16300	0.0164916	-402.515
16400	0.0164916	-588.235
16500	0.0164916	-338.332
16600	0.0164916	-394.827
16700	0.0164916	-504.042
16800	0.0164916	-592.738
16900	0.0164916	-435.326
17000	0.0164916	-422.345
17100	0.0164916	-573.132
17200	0.0164916	-521.537
17300	0.0164916	-467.687
17400	0.0164916	-506.932
17500	0.0164916	-458.225
17600	0.0164916	-413.924
17700	0.0164916	-462.335
17800	0.0164916	-471.168
17900	0.0164916	-363.555
18000	0.0164916	-496.289
18100	0.0164916	-443.566
18200	0.0164916	-394.956
18300	0.0164916	-458.454
18400	0.0164916	-512.964
18500	0.0164916	-461.897
18600	0.0164916	-544.796
18700	0.0164916	-560.028
18800	0.0164916	-327.634
18900	0.0164916	-439.355
19000	0.0164916	-533.614
19100	0.0164916	-583.327
19200	0.0164916	-389.723
19300	0.0164916	-497.957
19400	0.0164916	-545.679
19500	0.0164916	-325.454
19600	0.0164916	-372.736
19700	0.0164916	-459.127
19800	0.0164916	-504.287
19900	0.0164916	-441.794
20000	0.0164916	-569.276
20100	0.0164916	-429.513
20200	0.0164916	-728.223
20300	0.0164916	-540.068
20400	0.0164916	-650.105
20500	0.0164916	-478.232
20600	0.0164916	-358.896
20700	0.0164916	-577.992
20800	0.0164916	-480.576
20900	0.0164916	-607.745
21000	0.0164916	-436.403
21100	0.0164916	-410.751
21200	0.0164916	-499.293
21300	0.0164916	-704.798
21400	0.0164916	-365.871
21500	0.0164916	-386.837
21600	0.0164916	-405.383
21700	0.0164916	-452.768
21800	0.0164916	-556.107
21900	0.0164916	-450.617
22000	0.0164916	-613.019
22100	0.0164916	-409.502
22200	0.0164916	-442.216
22300	0.0164916	-458.635
22400	0.0164916	-504.417
22500	0.0164916	-427.477
22600	0.0164916	-415.996
22700	0.0164916	-502.921
22800	0.0164916	-577.374
22900	0.0164916	-473.599
23000	0.0164916	-418.294
23100	0.0164916	-538.463
23200	0.0164916	-437.185
23300	0.0164916	-508.742
23400	0.0164916	-496.775
23500	0.0164916	-325.501
23600	0.0164916	-392.693
23700	0.0164916	-524.663
23800	0.0164916	-460.476
23900	0.0164916	-497.903
24000	0.0164916	-488.605
24100	0.0164916	-456.914
24200	0.0164916	-453.67
24300	0.0164916	-447.612
24400	0.0164916	-490.256
24500	0.0164916	-419.723
24600	0.0164916	-448.18
24700	0.0164916	-660.736
24800	0.0164916	-506.994
24900	0.0164916	-394.042
25000	0.0164916	-677.121
25100	0.0164916	-345.729
25200	0.0164916	-489.41
25300	0.0164916	-414.758
25400	0.0164916	-482.891
25500	0.0164916	-571.42
25600	0.0164916	-393.964
25700	0.0164916	-569.035
25800	0.0164916	-458.22
25900	0.0164916	-537.947
26000	0.0164916	-706.908
26100	0.0164916	-785.682
26200	0.0164916	-515.412
26300	0.0164916	-458.066
26400	0.0164916	-462.962
26500	0.0164916	-441.195
26600	0.0164916	-417.963
26700	0.0164916	-305.463
26800	0.0164916	-456.759
26900	0.0164916	-686.852
27000	0.0164916	-374.891
27100	0.0164916	-576.216
27200	0.0164916	-587.757
27300	0.0164916	-536.937
27400	0.0164916	-328.954
27500	0.0164916	-402.976
27600	0.0164916	-489.165
27700	0.0164916	-473.153
27800	0.0164916	-423.266
27900	0.0164916	-601.744
28000	0.0164916	-579.954
28100	0.0164916	-591.12
28200	0.0164916	-601.782
28300	0.0164916	-371.965
28400	0.0164916	-510.718
28500	0.0164916	-580.878
28600	0.0164916	-407.465
28700	0.0164916	-577.903
28800	0.0164916	-542.112
28900	0.0164916	-525.838
29000	0.0164916	-540.833
29100	0.0164916	-519.767
29200	0.0164916	-403.088
29300	0.0164916	-462.039
29400	0.0164916	-456.482
29500	0.0164916	-504.682
29600	0.0164916	-694.25
29700	0.0164916	-539.87
29800	0.0164916	-598.907
29900	0.0164916	-482.883
30000	0.0164916	-654.011
30100	0.0164916	-687.301
30200	0.0164916	-399.743
30300	0.0164916	-380.166
30400	0.0164916	-473.164
30500	0.0164916	-481.9
30600	0.0164916	-575.699
30700	0.0164916	-524.037
30800	0.0164916	-339.024
30900	0.0164916	-454.272
31000	0.0164916	-602.634
31100	0.0164916	-624.815
31200	0.0164916	-739.508
31300	0.0164916	-610.594
31400	0.0164916	-459.793
31500	0.0164916	-431.889
31600	0.0164916	-437.244
31700	0.0164916	-519.923
31800	0.0164916	-426.787
31900	0.0164916	-497.285
32000	0.0164916	-506.474
32100	0.0164916	-525.786
32200	0.0164916	-494.9
32300	0.0164916	-388.004
32400	0.0164916	-421.124
32500	0.0164916	-558.478
32600	0.0164916	-510.683
32700	0.0164916	-412.355
32800	0.0164916	-456
32900	0.0164916	-488.736
33000	0.0164916	-552.807
33100	0.0164916	-487.026
33200	0.0164916	-567.736
33300	0.0164916	-475.9
33400	0.0164916	-702.178
33500	0.0164916	-469.274
33600	0.0164916	-523.863
33700	0.0164916	-492.016
33800	0.0164916	-437.136
33900	0.0164916	-445.478
34000	0.0164916	-465.355
34100	0.0164916	-453.398
34200	0.0164916	-477.546
34300	0.0164916	-499.685
34400	0.0164916	-475.331
34500	0.0164916	-540.878
34600	0.0164916	-535.57
34700	0.0164916	-538.267
34800	0.0164916	-483.782
34900	0.0164916	-502.9
35000	0.0164916	-500.197
35100	0.0164916	-555.986
35200	0.0164916	-535.782
35300	0.0164916	-415.679
35400	0.0164916	-550.286
35500	0.0164916	-535.912
35600	0.0164916	-576.142
35700	0.0164916	-538.238
35800	0.0164916	-465.841
35900	0.0164916	-523.237
36000	0.0164916	-451.931
36100	0.0164916	-465.309
36200	0.0164916	-416.311
36300	0.0164916	-652.013
36400	0.0164916	-496.51
36500	0.0164916	-415.124
36600	0.0164916	-483.524
36700	0.0164916	-450.267
36800	0.0164916	-537.06
36900	0.0164916	-426.107
37000	0.0164916	-337.597
37100	0.0164916	-586.392
37200	0.0164916	-709.725
37300	0.0164916	-493.947
37400	0.0164916	-398.036
37500	0.0164916	-393.903
37600	0.0164916	-527.505
37700	0.0164916	-356.612
37800	0.0164916	-606.852
37900	0.0164916	-450.376
38000	0.0164916	-604.037
38100	0.0164916	-329.108
38200	0.0164916	-536.091
38300	0.0164916	-402.854
38400	0.0164916	-432.809
38500	0.0164916	-609.013
38600	0.0164916	-689.573
38700	0.0164916	-504.148
38800	0.0164916	-558.807
38900	0.0164916	-531.594
39000	0.0164916	-420.465
39100	0.0164916	-681.275
39200	0.0164916	-472.303
39300	0.0164916	-580.391
39400	0.0164916	-539.451
39500	0.0164916	-519.166
39600	0.0164916	-385.592
39700	0.0164916	-521.069
39800	0.0164916	-483.338
39900	0.0164916	-457.066
40000	0.0164916	-657.688
40100	0.0164916	-370.812
40200	0.0164916	-559.553
40300	0.0164916	-576.16
40400	0.0164916	-422.432
40500	0.0164916	-442.097
40600	0.0164916	-536.029
40700	0.0164916	-515.172
40800	0.0164916	-432.736
40900	0.0164916	-456.775
41000	0.0164916	-450.273
41100	0.0164916	-472.068
41200	0.0164916	-618.927
41300	0.0164916	-539.144
41400	0.0164916	-491.384
41500	0.0164916	-350.689
41600	0.0164916	-446.822
41700	0.0164916	-638.377
41800	0.0164916	-550.217
41900	0.0164916	-540.922
42000	0.0164916	-568.482
42100	0.0164916	-439.522
42200	0.0164916	-633.715
42300	0.0164916	-612.275
42400	0.0164916	-479.517
42500	0.0164916	-495.406
42600	0.0164916	-501.265
42700	0.0164916	-434.912
42800	0.0164916	-380.696
42900	0.0164916	-452.425
43000	0.0164916	-436.703
43100	0.0164916	-397.008
43200	0.0164916	-645.404
43300	0.0164916	-562.581
43400	0.0164916	-503.123
43500	0.0164916	-532.446
43600	0.0164916	-488.522
43700	0.0164916	-437.569
43800	0.0164916	-447.934
43900	0.0164916	-542.928
44000	0.0164916	-510.302
44100	0.0164916	-585.692
44200	0.0164916	-541.675
44300	0.0164916	-653.846
44400	0.0164916	-518.368
44500	0.0164916	-382.79
44600	0.0164916	-451.545
44700	0.0164916	-565.046
44800	0.0164916	-481.714
44900	0.0164916	-440.379
45000	0.0164916	-842.387
45100	0.0164916	-565.737
45200	0.0164916	-570.157
45300	0.0164916	-397.067
45400	0.0164916	-410.98
45500	0.0164916	-442.776
45600	0.0164916	-371.554
45700	0.0164916	-567.456
45800	0.0164916	-393.836
45900	0.0164916	-705.61
46000	0.0164916	-494.776
46100	0.0164916	-420.961
46200	0.0164916	-426.705
46300	0.0164916	-511.613
46400	0.0164916	-508.084
46500	0.0164916	-595.091
46600	0.0164916	-478.447
46700	0.0164916	-320.861
46800	0.0164916	-478.49
46900	0.0164916	-344.546
47000	0.0164916	-428.782
47100	0.0164916	-405.14
47200	0.0164916	-496.623
47300	0.0164916	-412.045
47400	0.0164916	-423.75
47500	0.0164916	-504.974
47600	0.0164916	-429.125
47700	0.0164916	-668.651
47800	0.0164916	-383.564
47900	0.0164916	-687.504
48000	0.0164916	-434.75
48100	0.0164916	-351.436
48200	0.0164916	-333.091
48300	0.0164916	-454.001
48400	0.0164916	-510.471
48500	0.0164916	-482.207
48600	0.0164916	-443.986
48700	0.0164916	-553.949
48800	0.0164916	-385.583
48900	0.0164916	-480.168
49000	0.0164916	-394.419
49100	0.0164916	-464.014
49200	0.0164916	-533.848
49300	0.0164916	-417.394
49400	0.0164916	-420.431
49500	0.0164916	-422.961
49600	0.0164916	-633.047
49700	0.0164916	-407.882
49800	0.0164916	-471.143
49900	0.0164916	-401.176
50000	0.0164916	-456.397
