state	power	likelihood
12600	0.32768	-226.025
12700	0.32768	-233.181
12800	0.32768	-232.933
12900	0.32768	-227.818
13000	0.32768	-232.236
13100	0.32768	-226.338
13200	0.32768	-229.525
13300	0.32768	-231.7
13400	0.32768	-227.277
13500	0.32768	-226.272
13600	0.32768	-231.666
13700	0.32768	-227.462
13800	0.32768	-233.825
13900	0.32768	-227.127
14000	0.32768	-226.257
14100	0.32768	-238.407
14200	0.32768	-243.26
14300	0.32768	-233.392
14400	0.32768	-227.819
14500	0.32768	-227.762
14600	0.32768	-228.393
14700	0.32768	-228.416
14800	0.32768	-229.276
14900	0.32768	-226.087
15000	0.32768	-230.179
15100	0.32768	-228.253
15200	0.32768	-235.988
15300	0.32768	-226.542
15400	0.32768	-231.474
15500	0.32768	-229.173
15600	0.32768	-228.05
15700	0.32768	-232.767
15800	0.32768	-227.978
15900	0.32768	-228.701
16000	0.32768	-229.083
16100	0.32768	-227.404
16200	0.32768	-230.056
16300	0.32768	-227.552
16400	0.32768	-232.214
16500	0.32768	-235.336
16600	0.32768	-229.097
16700	0.32768	-229.615
16800	0.32768	-227.334
16900	0.32768	-226.423
17000	0.32768	-227.235
17100	0.32768	-226.161
17200	0.32768	-229.214
17300	0.32768	-228.515
17400	0.32768	-226.483
17500	0.32768	-228.323
17600	0.32768	-228.742
17700	0.32768	-228.939
17800	0.32768	-227.921
17900	0.32768	-230.566
18000	0.32768	-232.685
18100	0.32768	-228.57
18200	0.32768	-230.743
18300	0.32768	-228.745
18400	0.32768	-227.45
18500	0.32768	-227.377
18600	0.32768	-234.201
18700	0.32768	-229.527
18800	0.32768	-230.186
18900	0.32768	-229.369
19000	0.32768	-226.344
19100	0.32768	-243.604
19200	0.32768	-226.061
19300	0.32768	-232.131
19400	0.32768	-233.442
19500	0.32768	-231.724
19600	0.32768	-228.242
19700	0.32768	-235.752
19800	0.32768	-228.44
19900	0.32768	-226.132
20000	0.32768	-234.373
20100	0.32768	-234.687
20200	0.32768	-236.07
20300	0.32768	-227.588
20400	0.32768	-227.638
20500	0.32768	-226.829
20600	0.32768	-227.108
20700	0.32768	-227.255
20800	0.32768	-229.126
20900	0.32768	-231.46
21000	0.32768	-229.118
21100	0.32768	-229.146
21200	0.32768	-227.148
21300	0.32768	-227.177
21400	0.32768	-229.36
21500	0.32768	-235.331
21600	0.32768	-228.196
21700	0.32768	-226.524
21800	0.32768	-225.95
21900	0.32768	-228.489
22000	0.32768	-228.093
22100	0.32768	-226.553
22200	0.32768	-228.428
22300	0.32768	-229.764
22400	0.32768	-234.746
22500	0.32768	-226.74
22600	0.32768	-227.739
22700	0.32768	-227.915
22800	0.32768	-230.54
22900	0.32768	-232.385
23000	0.32768	-233.416
23100	0.32768	-226.329
23200	0.32768	-228.644
23300	0.32768	-242.238
23400	0.32768	-226.893
23500	0.32768	-227.638
23600	0.32768	-227.512
23700	0.32768	-231.9
23800	0.32768	-229.142
23900	0.32768	-230.929
24000	0.32768	-227.809
24100	0.32768	-231.986
24200	0.32768	-227.035
24300	0.32768	-229.217
24400	0.32768	-227.941
24500	0.32768	-228.369
24600	0.32768	-233.766
24700	0.32768	-226.393
24800	0.32768	-231.881
24900	0.32768	-227.668
25000	0.32768	-236.681
25100	0.32768	-227.9
25200	0.32768	-227.05
25300	0.32768	-227.76
25400	0.32768	-228.12
25500	0.32768	-227.312
25600	0.32768	-238.871
25700	0.32768	-226.735
25800	0.32768	-234.482
25900	0.32768	-228.191
26000	0.32768	-234.312
26100	0.32768	-226.003
26200	0.32768	-226.908
26300	0.32768	-227.244
26400	0.32768	-229.017
26500	0.32768	-229.957
26600	0.32768	-229.021
26700	0.32768	-238.187
26800	0.32768	-229.75
26900	0.32768	-232.598
27000	0.32768	-230.516
27100	0.32768	-228.644
27200	0.32768	-227.681
27300	0.32768	-228.745
27400	0.32768	-229.231
27500	0.32768	-230.036
27600	0.32768	-232.13
27700	0.32768	-227.824
27800	0.32768	-228.682
27900	0.32768	-226.395
28000	0.32768	-233.645
28100	0.32768	-233.737
28200	0.32768	-230.549
28300	0.32768	-230.002
28400	0.32768	-227.91
28500	0.32768	-228.843
28600	0.32768	-228.608
28700	0.32768	-226.792
28800	0.32768	-228.789
28900	0.32768	-226.558
29000	0.32768	-232.067
29100	0.32768	-232.152
29200	0.32768	-232.448
29300	0.32768	-232.959
29400	0.32768	-229.288
29500	0.32768	-226.211
29600	0.32768	-231.889
29700	0.32768	-232.045
29800	0.32768	-231.603
29900	0.32768	-227.412
30000	0.32768	-236.878
30100	0.32768	-226.214
30200	0.32768	-226.201
30300	0.32768	-227.636
30400	0.32768	-228.714
30500	0.32768	-230.667
30600	0.32768	-225.966
30700	0.32768	-233.578
30800	0.32768	-228.557
30900	0.32768	-227.062
31000	0.32768	-226.946
31100	0.32768	-227.255
31200	0.32768	-230.413
31300	0.32768	-228.967
31400	0.32768	-233.046
31500	0.32768	-228.381
31600	0.32768	-234.409
31700	0.32768	-236.566
31800	0.32768	-229.444
31900	0.32768	-227.167
32000	0.32768	-228.878
32100	0.32768	-230.383
32200	0.32768	-228.63
32300	0.32768	-230.869
32400	0.32768	-230.4
32500	0.32768	-227.934
32600	0.32768	-233.092
32700	0.32768	-230.33
32800	0.32768	-227.139
32900	0.32768	-227.024
33000	0.32768	-228.148
33100	0.32768	-229.687
33200	0.32768	-230.903
33300	0.32768	-227.107
33400	0.32768	-228.57
33500	0.32768	-228.015
33600	0.32768	-229.953
33700	0.32768	-231.148
33800	0.32768	-229.497
33900	0.32768	-230.287
34000	0.32768	-227.986
34100	0.32768	-230.115
34200	0.32768	-230.254
34300	0.32768	-230.86
34400	0.32768	-228.449
34500	0.32768	-228.655
34600	0.32768	-227.003
34700	0.32768	-229.04
34800	0.32768	-226.055
34900	0.32768	-238.375
35000	0.32768	-233.795
35100	0.32768	-230.207
35200	0.32768	-229.313
35300	0.32768	-237.303
35400	0.32768	-231.468
35500	0.32768	-230.23
35600	0.32768	-226.376
35700	0.32768	-233.557
35800	0.32768	-226.02
35900	0.32768	-229.885
36000	0.32768	-230.523
36100	0.32768	-228.14
36200	0.32768	-228.297
36300	0.32768	-227.425
36400	0.32768	-226.685
36500	0.32768	-228.385
36600	0.32768	-228.162
36700	0.32768	-232.002
36800	0.32768	-230.517
36900	0.32768	-231.171
37000	0.32768	-227.937
37100	0.32768	-229.466
37200	0.32768	-229.914
37300	0.32768	-231.327
37400	0.32768	-228.538
37500	0.32768	-228.769
37600	0.32768	-234.235
37700	0.32768	-227.726
37800	0.32768	-226.104
37900	0.32768	-226.173
38000	0.32768	-226.743
38100	0.32768	-232.18
38200	0.32768	-230.245
38300	0.32768	-231.107
38400	0.32768	-229.285
38500	0.32768	-227.881
38600	0.32768	-233.779
38700	0.32768	-231.755
38800	0.32768	-231.904
38900	0.32768	-228.228
39000	0.32768	-228.652
39100	0.32768	-229.184
39200	0.32768	-226.457
39300	0.32768	-228.259
39400	0.32768	-228.367
39500	0.32768	-227.051
39600	0.32768	-231.01
39700	0.32768	-228.845
39800	0.32768	-227.737
39900	0.32768	-228.35
40000	0.32768	-227.181
40100	0.32768	-231.111
40200	0.32768	-228.485
40300	0.32768	-235.746
40400	0.32768	-226.711
40500	0.32768	-232.203
40600	0.32768	-233.203
40700	0.32768	-227.649
40800	0.32768	-228.56
40900	0.32768	-228.492
41000	0.32768	-228.889
41100	0.32768	-226.696
41200	0.32768	-227.65
41300	0.32768	-226.959
41400	0.32768	-228.906
41500	0.32768	-231.245
41600	0.32768	-230.671
41700	0.32768	-229.069
41800	0.32768	-228.27
41900	0.32768	-234.939
42000	0.32768	-230.312
42100	0.32768	-227.966
42200	0.32768	-226.821
42300	0.32768	-225.991
42400	0.32768	-228.57
42500	0.32768	-228.414
42600	0.32768	-228.105
42700	0.32768	-228.705
42800	0.32768	-228.867
42900	0.32768	-226.226
43000	0.32768	-236.576
43100	0.32768	-230.382
43200	0.32768	-233.731
43300	0.32768	-229.399
43400	0.32768	-233.03
43500	0.32768	-230.248
43600	0.32768	-227.647
43700	0.32768	-228.025
43800	0.32768	-229.903
43900	0.32768	-226.282
44000	0.32768	-227.025
44100	0.32768	-236.159
44200	0.32768	-230.046
44300	0.32768	-232.455
44400	0.32768	-226.829
44500	0.32768	-226.294
44600	0.32768	-226.857
44700	0.32768	-227.872
44800	0.32768	-232.681
44900	0.32768	-228.358
45000	0.32768	-227.318
45100	0.32768	-227.041
45200	0.32768	-228.668
45300	0.32768	-234.347
45400	0.32768	-226.33
45500	0.32768	-231.234
45600	0.32768	-229.335
45700	0.32768	-231.897
45800	0.32768	-234.678
45900	0.32768	-230.599
46000	0.32768	-228.212
46100	0.32768	-227.454
46200	0.32768	-226.289
46300	0.32768	-229.118
46400	0.32768	-229.857
46500	0.32768	-228.013
46600	0.32768	-226.094
46700	0.32768	-226.837
46800	0.32768	-244.397
46900	0.32768	-226.425
47000	0.32768	-228.381
47100	0.32768	-234.979
47200	0.32768	-227.093
47300	0.32768	-231.586
47400	0.32768	-229.72
47500	0.32768	-234.52
47600	0.32768	-228.057
47700	0.32768	-227.732
47800	0.32768	-226.736
47900	0.32768	-234.914
48000	0.32768	-226.446
48100	0.32768	-227.779
48200	0.32768	-228.359
48300	0.32768	-230.476
48400	0.32768	-226.441
48500	0.32768	-227.103
48600	0.32768	-240.507
48700	0.32768	-227.309
48800	0.32768	-228.513
48900	0.32768	-226.701
49000	0.32768	-234.331
49100	0.32768	-229.872
49200	0.32768	-233.663
49300	0.32768	-232.293
49400	0.32768	-229.794
49500	0.32768	-228.269
49600	0.32768	-238.482
49700	0.32768	-226.655
49800	0.32768	-229.215
49900	0.32768	-227.369
50000	0.32768	-226.457
