state	power	likelihood
12600	0.000796262	-408.562
12700	0.000796262	-373.329
12800	0.000796262	-382.364
12900	0.000796262	-401.247
13000	0.000796262	-384.284
13100	0.000796262	-423.718
13200	0.000796262	-375.176
13300	0.000796262	-413.714
13400	0.000796262	-426.792
13500	0.000796262	-385.97
13600	0.000796262	-431.121
13700	0.000796262	-404.049
13800	0.000796262	-379.082
13900	0.000796262	-375.154
14000	0.000796262	-420.406
14100	0.000796262	-391.931
14200	0.000796262	-417.993
14300	0.000796262	-393.353
14400	0.000796262	-423.725
14500	0.000796262	-417.478
14600	0.000796262	-380.138
14700	0.000796262	-409.356
14800	0.000796262	-396.283
14900	0.000796262	-394.904
15000	0.000796262	-400.801
15100	0.000796262	-402.122
15200	0.000796262	-367.231
15300	0.000796262	-416.019
15400	0.000796262	-414.62
15500	0.000796262	-390.781
15600	0.000796262	-383.282
15700	0.000796262	-411.558
15800	0.000796262	-382.719
15900	0.000796262	-405.248
16000	0.000796262	-361.84
16100	0.000796262	-385.057
16200	0.000796262	-429.739
16300	0.000796262	-397.014
16400	0.000796262	-416.825
16500	0.000796262	-399.047
16600	0.000796262	-397.864
16700	0.000796262	-395.636
16800	0.000796262	-368.316
16900	0.000796262	-403.831
17000	0.000796262	-378.021
17100	0.000796262	-405.7
17200	0.000796262	-407.289
17300	0.000796262	-382.715
17400	0.000796262	-363.493
17500	0.000796262	-427.793
17600	0.000796262	-400.923
17700	0.000796262	-364.15
17800	0.000796262	-376.142
17900	0.000796262	-381.454
18000	0.000796262	-366.743
18100	0.000796262	-363.465
18200	0.000796262	-382.491
18300	0.000796262	-377.359
18400	0.000796262	-379.242
18500	0.000796262	-369.234
18600	0.000796262	-424.108
18700	0.000796262	-401.235
18800	0.000796262	-367.659
18900	0.000796262	-389.341
19000	0.000796262	-421.343
19100	0.000796262	-408.475
19200	0.000796262	-423.548
19300	0.000796262	-376.304
19400	0.000796262	-359.919
19500	0.000796262	-386.549
19600	0.000796262	-384.526
19700	0.000796262	-380.563
19800	0.000796262	-390.444
19900	0.000796262	-418.621
20000	0.000796262	-403.765
20100	0.000796262	-416.953
20200	0.000796262	-363.352
20300	0.000796262	-386.306
20400	0.000796262	-369.324
20500	0.000796262	-376.189
20600	0.000796262	-360.746
20700	0.000796262	-402.247
20800	0.000796262	-370.378
20900	0.000796262	-397.736
21000	0.000796262	-363.22
21100	0.000796262	-371.895
21200	0.000796262	-365.745
21300	0.000796262	-388.563
21400	0.000796262	-403.671
21500	0.000796262	-394.502
21600	0.000796262	-395.381
21700	0.000796262	-389.715
21800	0.000796262	-374.072
21900	0.000796262	-376.874
22000	0.000796262	-378.807
22100	0.000796262	-431.188
22200	0.000796262	-402.602
22300	0.000796262	-364.258
22400	0.000796262	-395.446
22500	0.000796262	-393.754
22600	0.000796262	-389.248
22700	0.000796262	-398.862
22800	0.000796262	-389.779
22900	0.000796262	-406.621
23000	0.000796262	-415.327
23100	0.000796262	-381.113
23200	0.000796262	-393.477
23300	0.000796262	-384.246
23400	0.000796262	-393.402
23500	0.000796262	-412.89
23600	0.000796262	-381.259
23700	0.000796262	-395.857
23800	0.000796262	-363.029
23900	0.000796262	-389.948
24000	0.000796262	-382.762
24100	0.000796262	-394.632
24200	0.000796262	-407.288
24300	0.000796262	-402.95
24400	0.000796262	-407.837
24500	0.000796262	-378.192
24600	0.000796262	-400.371
24700	0.000796262	-411.849
24800	0.000796262	-384.166
24900	0.000796262	-412.424
25000	0.000796262	-358.685
25100	0.000796262	-389.208
25200	0.000796262	-424.22
25300	0.000796262	-386.362
25400	0.000796262	-388.206
25500	0.000796262	-381.917
25600	0.000796262	-366.383
25700	0.000796262	-386.747
25800	0.000796262	-373.021
25900	0.000796262	-410.427
26000	0.000796262	-376.697
26100	0.000796262	-381.923
26200	0.000796262	-398.47
26300	0.000796262	-404.627
26400	0.000796262	-412.412
26500	0.000796262	-404.605
26600	0.000796262	-376.433
26700	0.000796262	-382.659
26800	0.000796262	-386.632
26900	0.000796262	-399.033
27000	0.000796262	-421.692
27100	0.000796262	-389.867
27200	0.000796262	-389.764
27300	0.000796262	-400.425
27400	0.000796262	-414.132
27500	0.000796262	-394.081
27600	0.000796262	-422.288
27700	0.000796262	-386.026
27800	0.000796262	-374.15
27900	0.000796262	-423.24
28000	0.000796262	-392.654
28100	0.000796262	-410.407
28200	0.000796262	-382.935
28300	0.000796262	-393.733
28400	0.000796262	-370.328
28500	0.000796262	-425.145
28600	0.000796262	-375.205
28700	0.000796262	-393.056
28800	0.000796262	-379.602
28900	0.000796262	-366.149
29000	0.000796262	-395.511
29100	0.000796262	-368.806
29200	0.000796262	-415.951
29300	0.000796262	-393.889
29400	0.000796262	-372.14
29500	0.000796262	-402.495
29600	0.000796262	-404.498
29700	0.000796262	-362.694
29800	0.000796262	-390.883
29900	0.000796262	-447.803
30000	0.000796262	-406.469
30100	0.000796262	-409.143
30200	0.000796262	-426.681
30300	0.000796262	-395.875
30400	0.000796262	-403.692
30500	0.000796262	-387.352
30600	0.000796262	-411.196
30700	0.000796262	-363.478
30800	0.000796262	-423.168
30900	0.000796262	-419.089
31000	0.000796262	-391.382
31100	0.000796262	-396.018
31200	0.000796262	-398.835
31300	0.000796262	-376.164
31400	0.000796262	-362.501
31500	0.000796262	-392.979
31600	0.000796262	-364.305
31700	0.000796262	-375.91
31800	0.000796262	-387.754
31900	0.000796262	-364.333
32000	0.000796262	-417.946
32100	0.000796262	-379.027
32200	0.000796262	-437.314
32300	0.000796262	-387.845
32400	0.000796262	-420.951
32500	0.000796262	-384.22
32600	0.000796262	-414.52
32700	0.000796262	-386.467
32800	0.000796262	-408.644
32900	0.000796262	-389.756
33000	0.000796262	-435.176
33100	0.000796262	-375.093
33200	0.000796262	-427.386
33300	0.000796262	-400.32
33400	0.000796262	-406.992
33500	0.000796262	-377.778
33600	0.000796262	-416.155
33700	0.000796262	-362.567
33800	0.000796262	-414.887
33900	0.000796262	-428.107
34000	0.000796262	-424.655
34100	0.000796262	-387.95
34200	0.000796262	-409.347
34300	0.000796262	-410.234
34400	0.000796262	-393.889
34500	0.000796262	-372.769
34600	0.000796262	-405.626
34700	0.000796262	-389.624
34800	0.000796262	-375.155
34900	0.000796262	-365.258
35000	0.000796262	-366.674
35100	0.000796262	-396.076
35200	0.000796262	-379.572
35300	0.000796262	-424.657
35400	0.000796262	-372.796
35500	0.000796262	-391.656
35600	0.000796262	-425.33
35700	0.000796262	-423.58
35800	0.000796262	-408.237
35900	0.000796262	-409.934
36000	0.000796262	-380.631
36100	0.000796262	-377.56
36200	0.000796262	-399.617
36300	0.000796262	-365.179
36400	0.000796262	-429.045
36500	0.000796262	-426.261
36600	0.000796262	-385.457
36700	0.000796262	-390.292
36800	0.000796262	-377.876
36900	0.000796262	-364.26
37000	0.000796262	-377.546
37100	0.000796262	-425.772
37200	0.000796262	-389.515
37300	0.000796262	-401.843
37400	0.000796262	-376.371
37500	0.000796262	-414.267
37600	0.000796262	-409.085
37700	0.000796262	-361.846
37800	0.000796262	-389.462
37900	0.000796262	-367.251
38000	0.000796262	-383.309
38100	0.000796262	-402.254
38200	0.000796262	-397.713
38300	0.000796262	-363.416
38400	0.000796262	-409.93
38500	0.000796262	-377.244
38600	0.000796262	-365.164
38700	0.000796262	-402.849
38800	0.000796262	-387.293
38900	0.000796262	-394.457
39000	0.000796262	-401.125
39100	0.000796262	-398.917
39200	0.000796262	-380.55
39300	0.000796262	-376.52
39400	0.000796262	-393.249
39500	0.000796262	-390.849
39600	0.000796262	-426.773
39700	0.000796262	-394.631
39800	0.000796262	-393.474
39900	0.000796262	-395.103
40000	0.000796262	-366.598
40100	0.000796262	-386.466
40200	0.000796262	-402.043
40300	0.000796262	-403.617
40400	0.000796262	-396.188
40500	0.000796262	-399.063
40600	0.000796262	-387.095
40700	0.000796262	-409.258
40800	0.000796262	-373.86
40900	0.000796262	-380.177
41000	0.000796262	-414.077
41100	0.000796262	-370.579
41200	0.000796262	-424.373
41300	0.000796262	-400.871
41400	0.000796262	-436.255
41500	0.000796262	-397.184
41600	0.000796262	-411.655
41700	0.000796262	-376.409
41800	0.000796262	-397.186
41900	0.000796262	-410.229
42000	0.000796262	-371.399
42100	0.000796262	-434.08
42200	0.000796262	-395.057
42300	0.000796262	-368.315
42400	0.000796262	-398.936
42500	0.000796262	-393.18
42600	0.000796262	-396.026
42700	0.000796262	-418.917
42800	0.000796262	-374.367
42900	0.000796262	-384.871
43000	0.000796262	-399.569
43100	0.000796262	-368.344
43200	0.000796262	-384.552
43300	0.000796262	-409.084
43400	0.000796262	-366.547
43500	0.000796262	-434.207
43600	0.000796262	-434.267
43700	0.000796262	-360.053
43800	0.000796262	-413.804
43900	0.000796262	-412.875
44000	0.000796262	-406.053
44100	0.000796262	-402.948
44200	0.000796262	-387.972
44300	0.000796262	-405.609
44400	0.000796262	-412.274
44500	0.000796262	-385.734
44600	0.000796262	-390.337
44700	0.000796262	-362.816
44800	0.000796262	-392.077
44900	0.000796262	-412.065
45000	0.000796262	-416.385
45100	0.000796262	-387.265
45200	0.000796262	-382.408
45300	0.000796262	-427.899
45400	0.000796262	-420.719
45500	0.000796262	-390.841
45600	0.000796262	-381.769
45700	0.000796262	-423.696
45800	0.000796262	-413.885
45900	0.000796262	-387.024
46000	0.000796262	-388.771
46100	0.000796262	-423.301
46200	0.000796262	-376.521
46300	0.000796262	-417.577
46400	0.000796262	-370.56
46500	0.000796262	-427.41
46600	0.000796262	-408.245
46700	0.000796262	-407.856
46800	0.000796262	-369.957
46900	0.000796262	-416.921
47000	0.000796262	-400.338
47100	0.000796262	-392.787
47200	0.000796262	-376.862
47300	0.000796262	-429.862
47400	0.000796262	-395.262
47500	0.000796262	-370.295
47600	0.000796262	-411.813
47700	0.000796262	-398.366
47800	0.000796262	-401.864
47900	0.000796262	-416.802
48000	0.000796262	-384.739
48100	0.000796262	-389.839
48200	0.000796262	-426.491
48300	0.000796262	-446.854
48400	0.000796262	-383.927
48500	0.000796262	-394.844
48600	0.000796262	-379.261
48700	0.000796262	-403.309
48800	0.000796262	-396.794
48900	0.000796262	-411.109
49000	0.000796262	-387.495
49100	0.000796262	-418.674
49200	0.000796262	-407.114
49300	0.000796262	-428.845
49400	0.000796262	-399.297
49500	0.000796262	-415.413
49600	0.000796262	-394.189
49700	0.000796262	-366.927
49800	0.000796262	-373.183
49900	0.000796262	-417.871
50000	0.000796262	-393.91
