state	power	likelihood
12600	0.00604662	-411.4
12700	0.00604662	-398.363
12800	0.00604662	-371.2
12900	0.00604662	-388.056
13000	0.00604662	-379.943
13100	0.00604662	-386.776
13200	0.00604662	-403.186
13300	0.00604662	-368.132
13400	0.00604662	-376.798
13500	0.00604662	-364.2
13600	0.00604662	-381.006
13700	0.00604662	-400.563
13800	0.00604662	-435.17
13900	0.00604662	-398.151
14000	0.00604662	-377.709
14100	0.00604662	-400.533
14200	0.00604662	-385.242
14300	0.00604662	-399.855
14400	0.00604662	-386.111
14500	0.00604662	-381.004
14600	0.00604662	-361.413
14700	0.00604662	-413.338
14800	0.00604662	-371.242
14900	0.00604662	-389.394
15000	0.00604662	-412.263
15100	0.00604662	-368.529
15200	0.00604662	-365.642
15300	0.00604662	-430.35
15400	0.00604662	-388.384
15500	0.00604662	-363.782
15600	0.00604662	-395.279
15700	0.00604662	-389.338
15800	0.00604662	-379.545
15900	0.00604662	-408.291
16000	0.00604662	-419.847
16100	0.00604662	-403.615
16200	0.00604662	-415.209
16300	0.00604662	-375.888
16400	0.00604662	-405.264
16500	0.00604662	-366.71
16600	0.00604662	-383.879
16700	0.00604662	-377.686
16800	0.00604662	-367.26
16900	0.00604662	-380.812
17000	0.00604662	-410.187
17100	0.00604662	-372.756
17200	0.00604662	-397.407
17300	0.00604662	-419.259
17400	0.00604662	-403.343
17500	0.00604662	-373.651
17600	0.00604662	-403.167
17700	0.00604662	-434.328
17800	0.00604662	-411.367
17900	0.00604662	-419.768
18000	0.00604662	-419.548
18100	0.00604662	-401.588
18200	0.00604662	-413.186
18300	0.00604662	-427.529
18400	0.00604662	-403.962
18500	0.00604662	-403.237
18600	0.00604662	-377.513
18700	0.00604662	-422.011
18800	0.00604662	-424.993
18900	0.00604662	-417.151
19000	0.00604662	-425.346
19100	0.00604662	-380.407
19200	0.00604662	-414.997
19300	0.00604662	-392.951
19400	0.00604662	-398.317
19500	0.00604662	-423.091
19600	0.00604662	-359.721
19700	0.00604662	-387.142
19800	0.00604662	-397.154
19900	0.00604662	-382.472
20000	0.00604662	-379.867
20100	0.00604662	-376.882
20200	0.00604662	-377.593
20300	0.00604662	-386.725
20400	0.00604662	-400.255
20500	0.00604662	-390.536
20600	0.00604662	-421.731
20700	0.00604662	-395.653
20800	0.00604662	-388.576
20900	0.00604662	-387.266
21000	0.00604662	-398.505
21100	0.00604662	-399.365
21200	0.00604662	-388.295
21300	0.00604662	-408.91
21400	0.00604662	-384.827
21500	0.00604662	-398.048
21600	0.00604662	-387.015
21700	0.00604662	-386.151
21800	0.00604662	-390.515
21900	0.00604662	-361.172
22000	0.00604662	-420.55
22100	0.00604662	-384.449
22200	0.00604662	-414.359
22300	0.00604662	-368.06
22400	0.00604662	-394.595
22500	0.00604662	-411.241
22600	0.00604662	-377.198
22700	0.00604662	-368.254
22800	0.00604662	-385.583
22900	0.00604662	-388.065
23000	0.00604662	-366.346
23100	0.00604662	-379.291
23200	0.00604662	-379.596
23300	0.00604662	-403.144
23400	0.00604662	-418.136
23500	0.00604662	-425.998
23600	0.00604662	-429.737
23700	0.00604662	-360.627
23800	0.00604662	-391.784
23900	0.00604662	-430.72
24000	0.00604662	-385.528
24100	0.00604662	-400.915
24200	0.00604662	-390.473
24300	0.00604662	-397.588
24400	0.00604662	-430.029
24500	0.00604662	-404.378
24600	0.00604662	-382.046
24700	0.00604662	-384.702
24800	0.00604662	-408.351
24900	0.00604662	-391.565
25000	0.00604662	-403.935
25100	0.00604662	-381.279
25200	0.00604662	-432.315
25300	0.00604662	-391.817
25400	0.00604662	-403.454
25500	0.00604662	-361.855
25600	0.00604662	-401.443
25700	0.00604662	-405.495
25800	0.00604662	-430.034
25900	0.00604662	-390.251
26000	0.00604662	-408.124
26100	0.00604662	-376.47
26200	0.00604662	-411.327
26300	0.00604662	-369.269
26400	0.00604662	-418.973
26500	0.00604662	-395.37
26600	0.00604662	-363.252
26700	0.00604662	-409.301
26800	0.00604662	-367.195
26900	0.00604662	-410.869
27000	0.00604662	-404.572
27100	0.00604662	-390.579
27200	0.00604662	-386.362
27300	0.00604662	-401.492
27400	0.00604662	-367.791
27500	0.00604662	-403.344
27600	0.00604662	-437.268
27700	0.00604662	-406.643
27800	0.00604662	-407.491
27900	0.00604662	-360.79
28000	0.00604662	-392.389
28100	0.00604662	-377.935
28200	0.00604662	-368.919
28300	0.00604662	-401.816
28400	0.00604662	-413.938
28500	0.00604662	-430.399
28600	0.00604662	-422.993
28700	0.00604662	-391.54
28800	0.00604662	-381.236
28900	0.00604662	-388.484
29000	0.00604662	-420.382
29100	0.00604662	-390.464
29200	0.00604662	-371.177
29300	0.00604662	-407.882
29400	0.00604662	-372.426
29500	0.00604662	-387.083
29600	0.00604662	-368.944
29700	0.00604662	-382.971
29800	0.00604662	-421.154
29900	0.00604662	-371.191
30000	0.00604662	-403.457
30100	0.00604662	-372.721
30200	0.00604662	-433.44
30300	0.00604662	-406.455
30400	0.00604662	-395.787
30500	0.00604662	-399.995
30600	0.00604662	-402.859
30700	0.00604662	-384.232
30800	0.00604662	-370.432
30900	0.00604662	-393.435
31000	0.00604662	-419.619
31100	0.00604662	-386.718
31200	0.00604662	-414.887
31300	0.00604662	-407.755
31400	0.00604662	-399.22
31500	0.00604662	-401.765
31600	0.00604662	-427.54
31700	0.00604662	-380.986
31800	0.00604662	-370.864
31900	0.00604662	-434.593
32000	0.00604662	-417.349
32100	0.00604662	-362.981
32200	0.00604662	-417.845
32300	0.00604662	-371.037
32400	0.00604662	-382.811
32500	0.00604662	-406
32600	0.00604662	-393.502
32700	0.00604662	-387.075
32800	0.00604662	-384.085
32900	0.00604662	-392.998
33000	0.00604662	-391.832
33100	0.00604662	-388.418
33200	0.00604662	-366.913
33300	0.00604662	-414.157
33400	0.00604662	-372.29
33500	0.00604662	-386.246
33600	0.00604662	-400.717
33700	0.00604662	-375.546
33800	0.00604662	-358.043
33900	0.00604662	-383.5
34000	0.00604662	-406.051
34100	0.00604662	-397.91
34200	0.00604662	-406.284
34300	0.00604662	-397.972
34400	0.00604662	-388.938
34500	0.00604662	-381.824
34600	0.00604662	-431.661
34700	0.00604662	-415.932
34800	0.00604662	-386.758
34900	0.00604662	-401.033
35000	0.00604662	-418.816
35100	0.00604662	-408.164
35200	0.00604662	-373.353
35300	0.00604662	-383.109
35400	0.00604662	-397.133
35500	0.00604662	-369.721
35600	0.00604662	-399.943
35700	0.00604662	-403.918
35800	0.00604662	-404.893
35900	0.00604662	-402.333
36000	0.00604662	-391.721
36100	0.00604662	-365.384
36200	0.00604662	-389.553
36300	0.00604662	-380.25
36400	0.00604662	-427.974
36500	0.00604662	-386.912
36600	0.00604662	-412.757
36700	0.00604662	-397.477
36800	0.00604662	-398.4
36900	0.00604662	-375.98
37000	0.00604662	-379.395
37100	0.00604662	-401.435
37200	0.00604662	-416.609
37300	0.00604662	-383.093
37400	0.00604662	-384.537
37500	0.00604662	-406.296
37600	0.00604662	-374.197
37700	0.00604662	-388.731
37800	0.00604662	-409.921
37900	0.00604662	-376.269
38000	0.00604662	-369.041
38100	0.00604662	-387.239
38200	0.00604662	-389.06
38300	0.00604662	-393.962
38400	0.00604662	-380.842
38500	0.00604662	-430.706
38600	0.00604662	-384.336
38700	0.00604662	-408.488
38800	0.00604662	-369.478
38900	0.00604662	-395.882
39000	0.00604662	-375.577
39100	0.00604662	-424.538
39200	0.00604662	-362.381
39300	0.00604662	-411.189
39400	0.00604662	-423.575
39500	0.00604662	-389.357
39600	0.00604662	-407.874
39700	0.00604662	-405.933
39800	0.00604662	-386.214
39900	0.00604662	-369.399
40000	0.00604662	-391.947
40100	0.00604662	-387.589
40200	0.00604662	-419.743
40300	0.00604662	-382.537
40400	0.00604662	-362.177
40500	0.00604662	-427.596
40600	0.00604662	-426.77
40700	0.00604662	-393.637
40800	0.00604662	-386.952
40900	0.00604662	-385.451
41000	0.00604662	-415.286
41100	0.00604662	-364.539
41200	0.00604662	-399.808
41300	0.00604662	-367.884
41400	0.00604662	-387.972
41500	0.00604662	-378.225
41600	0.00604662	-395.048
41700	0.00604662	-368.125
41800	0.00604662	-385.992
41900	0.00604662	-418.065
42000	0.00604662	-390.039
42100	0.00604662	-366.761
42200	0.00604662	-398.052
42300	0.00604662	-381.832
42400	0.00604662	-409.138
42500	0.00604662	-410.223
42600	0.00604662	-375.006
42700	0.00604662	-377.896
42800	0.00604662	-385.765
42900	0.00604662	-399.898
43000	0.00604662	-412.744
43100	0.00604662	-374.899
43200	0.00604662	-381.848
43300	0.00604662	-385.61
43400	0.00604662	-374.868
43500	0.00604662	-436.227
43600	0.00604662	-366.231
43700	0.00604662	-366.655
43800	0.00604662	-417.384
43900	0.00604662	-365.865
44000	0.00604662	-369.067
44100	0.00604662	-395.927
44200	0.00604662	-363.469
44300	0.00604662	-399.491
44400	0.00604662	-412.329
44500	0.00604662	-407.159
44600	0.00604662	-415.952
44700	0.00604662	-380.642
44800	0.00604662	-384.926
44900	0.00604662	-384.428
45000	0.00604662	-390.022
45100	0.00604662	-380.783
45200	0.00604662	-393.839
45300	0.00604662	-398.208
45400	0.00604662	-376.499
45500	0.00604662	-405.444
45600	0.00604662	-369.966
45700	0.00604662	-407.944
45800	0.00604662	-365.021
45900	0.00604662	-425.74
46000	0.00604662	-361.957
46100	0.00604662	-403.777
46200	0.00604662	-427.11
46300	0.00604662	-391.397
46400	0.00604662	-405.237
46500	0.00604662	-378.605
46600	0.00604662	-397.884
46700	0.00604662	-400.543
46800	0.00604662	-427.235
46900	0.00604662	-371.672
47000	0.00604662	-381.507
47100	0.00604662	-397.773
47200	0.00604662	-368.828
47300	0.00604662	-399.261
47400	0.00604662	-437.467
47500	0.00604662	-384.329
47600	0.00604662	-365.595
47700	0.00604662	-366.555
47800	0.00604662	-373.085
47900	0.00604662	-406.994
48000	0.00604662	-401.247
48100	0.00604662	-368.37
48200	0.00604662	-401.218
48300	0.00604662	-381.98
48400	0.00604662	-411.738
48500	0.00604662	-392.409
48600	0.00604662	-387.382
48700	0.00604662	-382.975
48800	0.00604662	-392.523
48900	0.00604662	-375.401
49000	0.00604662	-398.848
49100	0.00604662	-404.04
49200	0.00604662	-362.986
49300	0.00604662	-406.765
49400	0.00604662	-419.407
49500	0.00604662	-424.133
49600	0.00604662	-413.131
49700	0.00604662	-424.84
49800	0.00604662	-386.44
49900	0.00604662	-398.196
50000	0.00604662	-373.725
