state	power	likelihood
12600	0.07776	-375.878
12700	0.07776	-370.837
12800	0.07776	-405.23
12900	0.07776	-363.863
13000	0.07776	-358.5
13100	0.07776	-373.457
13200	0.07776	-357.958
13300	0.07776	-372.821
13400	0.07776	-364.896
13500	0.07776	-360.416
13600	0.07776	-372.43
13700	0.07776	-373.136
13800	0.07776	-360.62
13900	0.07776	-360.684
14000	0.07776	-358.5
14100	0.07776	-372.494
14200	0.07776	-361.135
14300	0.07776	-365.429
14400	0.07776	-375.76
14500	0.07776	-363.291
14600	0.07776	-377.205
14700	0.07776	-373.847
14800	0.07776	-363.563
14900	0.07776	-395.023
15000	0.07776	-364.377
15100	0.07776	-368.418
15200	0.07776	-364.179
15300	0.07776	-380.726
15400	0.07776	-394.601
15500	0.07776	-370.391
15600	0.07776	-368.65
15700	0.07776	-358.455
15800	0.07776	-383.663
15900	0.07776	-360.835
16000	0.07776	-371.418
16100	0.07776	-363.114
16200	0.07776	-367.592
16300	0.07776	-362.958
16400	0.07776	-363.297
16500	0.07776	-365.138
16600	0.07776	-402.518
16700	0.07776	-240.052
16800	0.07776	-231.574
16900	0.07776	-265.176
17000	0.07776	-278.552
17100	0.07776	-254.152
17200	0.07776	-235.239
17300	0.07776	-242.532
17400	0.07776	-235.591
17500	0.07776	-250.877
17600	0.07776	-268.329
17700	0.07776	-232.889
17800	0.07776	-255.648
17900	0.07776	-244.879
18000	0.07776	-375.854
18100	0.07776	-370.035
18200	0.07776	-400.416
18300	0.07776	-392.574
18400	0.07776	-366.394
18500	0.07776	-364.828
18600	0.07776	-383.975
18700	0.07776	-370.189
18800	0.07776	-359.916
18900	0.07776	-377.76
19000	0.07776	-366.72
19100	0.07776	-359.635
19200	0.07776	-371.501
19300	0.07776	-364.301
19400	0.07776	-390.679
19500	0.07776	-387.865
19600	0.07776	-383.101
19700	0.07776	-379.991
19800	0.07776	-367.102
19900	0.07776	-363.986
20000	0.07776	-377.367
20100	0.07776	-361.474
20200	0.07776	-383.252
20300	0.07776	-360.017
20400	0.07776	-365.753
20500	0.07776	-365.94
20600	0.07776	-366.167
20700	0.07776	-362.339
20800	0.07776	-384.278
20900	0.07776	-393.651
21000	0.07776	-357.121
21100	0.07776	-401.799
21200	0.07776	-363.386
21300	0.07776	-378.075
21400	0.07776	-386.068
21500	0.07776	-382.028
21600	0.07776	-371.409
21700	0.07776	-372
21800	0.07776	-374.098
21900	0.07776	-392.922
22000	0.07776	-375.832
22100	0.07776	-360.523
22200	0.07776	-377.831
22300	0.07776	-367.818
22400	0.07776	-368.744
22500	0.07776	-377.77
22600	0.07776	-359.691
22700	0.07776	-382.228
22800	0.07776	-376.502
22900	0.07776	-362.289
23000	0.07776	-368.446
23100	0.07776	-365.791
23200	0.07776	-371.233
23300	0.07776	-369.078
23400	0.07776	-378.922
23500	0.07776	-361.233
23600	0.07776	-358.864
23700	0.07776	-367.183
23800	0.07776	-371.242
23900	0.07776	-381.019
24000	0.07776	-382.862
24100	0.07776	-371.338
24200	0.07776	-402.748
24300	0.07776	-364.793
24400	0.07776	-368.113
24500	0.07776	-359.21
24600	0.07776	-384.909
24700	0.07776	-380.609
24800	0.07776	-409.114
24900	0.07776	-368.364
25000	0.07776	-364.546
25100	0.07776	-374.061
25200	0.07776	-374.639
25300	0.07776	-382.548
25400	0.07776	-365.379
25500	0.07776	-370.801
25600	0.07776	-399.885
25700	0.07776	-370.757
25800	0.07776	-361.149
25900	0.07776	-361.303
26000	0.07776	-372.011
26100	0.07776	-362.792
26200	0.07776	-378.293
26300	0.07776	-364.694
26400	0.07776	-360.478
26500	0.07776	-358.992
26600	0.07776	-365.398
26700	0.07776	-396.637
26800	0.07776	-383.105
26900	0.07776	-364.974
27000	0.07776	-376.314
27100	0.07776	-369.757
27200	0.07776	-361.43
27300	0.07776	-371.001
27400	0.07776	-382.405
27500	0.07776	-380.431
27600	0.07776	-415.558
27700	0.07776	-374.895
27800	0.07776	-368.775
27900	0.07776	-366.094
28000	0.07776	-382.466
28100	0.07776	-379.143
28200	0.07776	-379.441
28300	0.07776	-391.074
28400	0.07776	-369.413
28500	0.07776	-370.722
28600	0.07776	-363.123
28700	0.07776	-380.084
28800	0.07776	-372.461
28900	0.07776	-374.252
29000	0.07776	-360.002
29100	0.07776	-382.04
29200	0.07776	-405.262
29300	0.07776	-360.074
29400	0.07776	-387.969
29500	0.07776	-362.235
29600	0.07776	-369.793
29700	0.07776	-379.746
29800	0.07776	-372.157
29900	0.07776	-371.601
30000	0.07776	-382.744
30100	0.07776	-362.821
30200	0.07776	-368.691
30300	0.07776	-374.978
30400	0.07776	-368.302
30500	0.07776	-363.976
30600	0.07776	-368.631
30700	0.07776	-370.749
30800	0.07776	-363.893
30900	0.07776	-374.552
31000	0.07776	-359.799
31100	0.07776	-370.111
31200	0.07776	-360.44
31300	0.07776	-389.449
31400	0.07776	-366.945
31500	0.07776	-374.615
31600	0.07776	-357.677
31700	0.07776	-374.621
31800	0.07776	-377.132
31900	0.07776	-393.089
32000	0.07776	-390.544
32100	0.07776	-368.79
32200	0.07776	-365.389
32300	0.07776	-377.089
32400	0.07776	-361.868
32500	0.07776	-370.328
32600	0.07776	-362.94
32700	0.07776	-365.886
32800	0.07776	-376.729
32900	0.07776	-379.519
33000	0.07776	-362.06
33100	0.07776	-402.992
33200	0.07776	-379.553
33300	0.07776	-364.169
33400	0.07776	-379.459
33500	0.07776	-377.88
33600	0.07776	-359.355
33700	0.07776	-358.472
33800	0.07776	-367.802
33900	0.07776	-368.976
34000	0.07776	-371.674
34100	0.07776	-372.35
34200	0.07776	-370.34
34300	0.07776	-365.049
34400	0.07776	-366.477
34500	0.07776	-437.783
34600	0.07776	-372.338
34700	0.07776	-375.275
34800	0.07776	-381.602
34900	0.07776	-370.946
35000	0.07776	-394.546
35100	0.07776	-361.466
35200	0.07776	-381.583
35300	0.07776	-366.432
35400	0.07776	-369.121
35500	0.07776	-374.43
35600	0.07776	-369.052
35700	0.07776	-379.34
35800	0.07776	-403.395
35900	0.07776	-362.245
36000	0.07776	-379.741
36100	0.07776	-368.344
36200	0.07776	-365.045
36300	0.07776	-377.716
36400	0.07776	-373.685
36500	0.07776	-382.175
36600	0.07776	-388.361
36700	0.07776	-387.74
36800	0.07776	-360.61
36900	0.07776	-387.553
37000	0.07776	-375.546
37100	0.07776	-367.443
37200	0.07776	-390.416
37300	0.07776	-363.673
37400	0.07776	-378.757
37500	0.07776	-373.757
37600	0.07776	-400.879
37700	0.07776	-357.803
37800	0.07776	-401.989
37900	0.07776	-372.051
38000	0.07776	-364.675
38100	0.07776	-374.252
38200	0.07776	-377.206
38300	0.07776	-370.881
38400	0.07776	-378.037
38500	0.07776	-365.088
38600	0.07776	-370.329
38700	0.07776	-363.874
38800	0.07776	-364.59
38900	0.07776	-368.133
39000	0.07776	-368.586
39100	0.07776	-377.6
39200	0.07776	-394.919
39300	0.07776	-361.423
39400	0.07776	-367.826
39500	0.07776	-378.583
39600	0.07776	-362.271
39700	0.07776	-367.634
39800	0.07776	-376.324
39900	0.07776	-382.538
40000	0.07776	-356.08
40100	0.07776	-362.759
40200	0.07776	-365.835
40300	0.07776	-373.819
40400	0.07776	-359.752
40500	0.07776	-359.888
40600	0.07776	-358.634
40700	0.07776	-404.416
40800	0.07776	-407.281
40900	0.07776	-383.575
41000	0.07776	-378.259
41100	0.07776	-367.335
41200	0.07776	-373.23
41300	0.07776	-369.497
41400	0.07776	-371.652
41500	0.07776	-370.621
41600	0.07776	-362.634
41700	0.07776	-379.74
41800	0.07776	-378.543
41900	0.07776	-366.616
42000	0.07776	-375.876
42100	0.07776	-364.963
42200	0.07776	-373.893
42300	0.07776	-371.209
42400	0.07776	-383.857
42500	0.07776	-377.102
42600	0.07776	-378.577
42700	0.07776	-376.061
42800	0.07776	-361.11
42900	0.07776	-372.727
43000	0.07776	-399.972
43100	0.07776	-381.119
43200	0.07776	-362.279
43300	0.07776	-389.36
43400	0.07776	-382.93
43500	0.07776	-374.343
43600	0.07776	-376.083
43700	0.07776	-366.337
43800	0.07776	-369.953
43900	0.07776	-388.928
44000	0.07776	-359.9
44100	0.07776	-360.959
44200	0.07776	-374.069
44300	0.07776	-373.719
44400	0.07776	-370.248
44500	0.07776	-369.405
44600	0.07776	-378.781
44700	0.07776	-366.347
44800	0.07776	-379.357
44900	0.07776	-367.154
45000	0.07776	-365.134
45100	0.07776	-385.235
45200	0.07776	-368.782
45300	0.07776	-363.525
45400	0.07776	-368.093
45500	0.07776	-377.793
45600	0.07776	-370.141
45700	0.07776	-370.468
45800	0.07776	-366.151
45900	0.07776	-363.878
46000	0.07776	-393.923
46100	0.07776	-374.254
46200	0.07776	-403.459
46300	0.07776	-367.814
46400	0.07776	-367.721
46500	0.07776	-379.475
46600	0.07776	-374.311
46700	0.07776	-367.888
46800	0.07776	-364.943
46900	0.07776	-392.322
47000	0.07776	-369.178
47100	0.07776	-360.476
47200	0.07776	-373.298
47300	0.07776	-366.649
47400	0.07776	-389.063
47500	0.07776	-364.238
47600	0.07776	-367.097
47700	0.07776	-367.529
47800	0.07776	-373.812
47900	0.07776	-374.105
48000	0.07776	-372.484
48100	0.07776	-376.147
48200	0.07776	-367.102
48300	0.07776	-386.812
48400	0.07776	-367.347
48500	0.07776	-363.214
48600	0.07776	-370.552
48700	0.07776	-366.379
48800	0.07776	-371.244
48900	0.07776	-387.028
49000	0.07776	-365.24
49100	0.07776	-373.167
49200	0.07776	-358.816
49300	0.07776	-363.918
49400	0.07776	-373.62
49500	0.07776	-380.74
49600	0.07776	-368.429
49700	0.07776	-380.363
49800	0.07776	-370.654
49900	0.07776	-372.701
50000	0.07776	-369.913
