state	power	likelihood
12600	0.193492	-237.065
12700	0.193492	-238.997
12800	0.193492	-246.27
12900	0.193492	-242.525
13000	0.193492	-254.514
13100	0.193492	-241.999
13200	0.193492	-238.882
13300	0.193492	-253.205
13400	0.193492	-236.385
13500	0.193492	-245.173
13600	0.193492	-243.04
13700	0.193492	-240.915
13800	0.193492	-243.239
13900	0.193492	-249.93
14000	0.193492	-242.464
14100	0.193492	-244.267
14200	0.193492	-240.208
14300	0.193492	-256.68
14400	0.193492	-242.191
14500	0.193492	-242.787
14600	0.193492	-256.754
14700	0.193492	-247.137
14800	0.193492	-243.089
14900	0.193492	-244.588
15000	0.193492	-249.807
15100	0.193492	-243.433
15200	0.193492	-241.354
15300	0.193492	-244.042
15400	0.193492	-244.441
15500	0.193492	-238.552
15600	0.193492	-236.853
15700	0.193492	-239.194
15800	0.193492	-240.95
15900	0.193492	-243.092
16000	0.193492	-238.843
16100	0.193492	-241.632
16200	0.193492	-242.165
16300	0.193492	-244.114
16400	0.193492	-241.993
16500	0.193492	-250.43
16600	0.193492	-237.033
16700	0.193492	-237.716
16800	0.193492	-243.072
16900	0.193492	-248.968
17000	0.193492	-241.328
17100	0.193492	-245.264
17200	0.193492	-235.863
17300	0.193492	-246.594
17400	0.193492	-252.894
17500	0.193492	-243.821
17600	0.193492	-236.753
17700	0.193492	-244.337
17800	0.193492	-240.605
17900	0.193492	-238.621
18000	0.193492	-237.384
18100	0.193492	-245.344
18200	0.193492	-251.537
18300	0.193492	-239.907
18400	0.193492	-247.12
18500	0.193492	-245.104
18600	0.193492	-245.404
18700	0.193492	-251.098
18800	0.193492	-243.128
18900	0.193492	-245.077
19000	0.193492	-241.195
19100	0.193492	-237.517
19200	0.193492	-241.586
19300	0.193492	-239.547
19400	0.193492	-237.393
19500	0.193492	-241.864
19600	0.193492	-237.176
19700	0.193492	-251.175
19800	0.193492	-248.284
19900	0.193492	-243.57
20000	0.193492	-247.607
20100	0.193492	-240.586
20200	0.193492	-237.332
20300	0.193492	-246.75
20400	0.193492	-245.329
20500	0.193492	-243.963
20600	0.193492	-243.517
20700	0.193492	-236.4
20800	0.193492	-237.121
20900	0.193492	-241.887
21000	0.193492	-240.339
21100	0.193492	-246.255
21200	0.193492	-243.711
21300	0.193492	-244.784
21400	0.193492	-241.472
21500	0.193492	-246.901
21600	0.193492	-239.268
21700	0.193492	-239.907
21800	0.193492	-238.617
21900	0.193492	-237.778
22000	0.193492	-241.473
22100	0.193492	-239.626
22200	0.193492	-240.777
22300	0.193492	-240.833
22400	0.193492	-242.736
22500	0.193492	-242.421
22600	0.193492	-244.255
22700	0.193492	-235.833
22800	0.193492	-245.618
22900	0.193492	-251.96
23000	0.193492	-234.897
23100	0.193492	-247.207
23200	0.193492	-241.558
23300	0.193492	-236.738
23400	0.193492	-242.079
23500	0.193492	-235.8
23600	0.193492	-245.37
23700	0.193492	-245.352
23800	0.193492	-240.062
23900	0.193492	-245.491
24000	0.193492	-240.412
24100	0.193492	-239.389
24200	0.193492	-241.124
24300	0.193492	-238.197
24400	0.193492	-244.345
24500	0.193492	-254.435
24600	0.193492	-237.495
24700	0.193492	-254.115
24800	0.193492	-241.94
24900	0.193492	-242.624
25000	0.193492	-239.884
25100	0.193492	-247.464
25200	0.193492	-252.834
25300	0.193492	-240.208
25400	0.193492	-252.786
25500	0.193492	-236.95
25600	0.193492	-258.853
25700	0.193492	-239.513
25800	0.193492	-242.849
25900	0.193492	-238.565
26000	0.193492	-243.044
26100	0.193492	-238.875
26200	0.193492	-247.291
26300	0.193492	-250.897
26400	0.193492	-242.683
26500	0.193492	-242.273
26600	0.193492	-264.41
26700	0.193492	-245.094
26800	0.193492	-252.334
26900	0.193492	-242.982
27000	0.193492	-242.606
27100	0.193492	-249.669
27200	0.193492	-238.332
27300	0.193492	-251.651
27400	0.193492	-244.175
27500	0.193492	-243.65
27600	0.193492	-237.219
27700	0.193492	-241.753
27800	0.193492	-248.89
27900	0.193492	-242.812
28000	0.193492	-244.977
28100	0.193492	-239.858
28200	0.193492	-245.53
28300	0.193492	-238.859
28400	0.193492	-258.17
28500	0.193492	-242.571
28600	0.193492	-253.315
28700	0.193492	-248.697
28800	0.193492	-238.493
28900	0.193492	-241.824
29000	0.193492	-238.502
29100	0.193492	-245.099
29200	0.193492	-245.216
29300	0.193492	-244.676
29400	0.193492	-239.755
29500	0.193492	-235.97
29600	0.193492	-245.429
29700	0.193492	-245.589
29800	0.193492	-243.357
29900	0.193492	-244.266
30000	0.193492	-239.561
30100	0.193492	-234.225
30200	0.193492	-236.88
30300	0.193492	-234.909
30400	0.193492	-259.489
30500	0.193492	-240.792
30600	0.193492	-245.079
30700	0.193492	-251.944
30800	0.193492	-247.18
30900	0.193492	-240.187
31000	0.193492	-241.917
31100	0.193492	-240.78
31200	0.193492	-237.505
31300	0.193492	-242.049
31400	0.193492	-238.632
31500	0.193492	-239.658
31600	0.193492	-243.47
31700	0.193492	-252.767
31800	0.193492	-258.201
31900	0.193492	-242.404
32000	0.193492	-258.259
32100	0.193492	-256.744
32200	0.193492	-242.816
32300	0.193492	-237.839
32400	0.193492	-245.267
32500	0.193492	-243.048
32600	0.193492	-238.187
32700	0.193492	-247.928
32800	0.193492	-238.488
32900	0.193492	-245.457
33000	0.193492	-247.381
33100	0.193492	-252.685
33200	0.193492	-247.422
33300	0.193492	-243.001
33400	0.193492	-261.792
33500	0.193492	-241.24
33600	0.193492	-245.862
33700	0.193492	-244.104
33800	0.193492	-241.817
33900	0.193492	-235.489
34000	0.193492	-244.269
34100	0.193492	-237.222
34200	0.193492	-251.492
34300	0.193492	-250.24
34400	0.193492	-245.601
34500	0.193492	-241.419
34600	0.193492	-237.82
34700	0.193492	-244.266
34800	0.193492	-242.702
34900	0.193492	-237.81
35000	0.193492	-236.774
35100	0.193492	-244.682
35200	0.193492	-236.422
35300	0.193492	-250.168
35400	0.193492	-241.932
35500	0.193492	-242.849
35600	0.193492	-240.051
35700	0.193492	-245.427
35800	0.193492	-245.268
35900	0.193492	-244.956
36000	0.193492	-251.856
36100	0.193492	-240.845
36200	0.193492	-250.47
36300	0.193492	-242.081
36400	0.193492	-233.22
36500	0.193492	-246.213
36600	0.193492	-237.534
36700	0.193492	-243.727
36800	0.193492	-237.368
36900	0.193492	-241.124
37000	0.193492	-244.105
37100	0.193492	-239.094
37200	0.193492	-239.382
37300	0.193492	-242.029
37400	0.193492	-251.652
37500	0.193492	-242.832
37600	0.193492	-249.247
37700	0.193492	-249.633
37800	0.193492	-235.324
37900	0.193492	-240.211
38000	0.193492	-249.632
38100	0.193492	-244.012
38200	0.193492	-255.11
38300	0.193492	-245.228
38400	0.193492	-249.211
38500	0.193492	-239.133
38600	0.193492	-250.422
38700	0.193492	-242.802
38800	0.193492	-247.961
38900	0.193492	-242.755
39000	0.193492	-238.053
39100	0.193492	-248.528
39200	0.193492	-237.86
39300	0.193492	-237.704
39400	0.193492	-244.871
39500	0.193492	-245.966
39600	0.193492	-242.752
39700	0.193492	-239.861
39800	0.193492	-248.272
39900	0.193492	-237.707
40000	0.193492	-239.299
40100	0.193492	-240.031
40200	0.193492	-243.005
40300	0.193492	-235.451
40400	0.193492	-242.532
40500	0.193492	-237.748
40600	0.193492	-247.673
40700	0.193492	-248.185
40800	0.193492	-247.081
40900	0.193492	-251.674
41000	0.193492	-251.928
41100	0.193492	-238.741
41200	0.193492	-240.863
41300	0.193492	-236.978
41400	0.193492	-242.777
41500	0.193492	-241.1
41600	0.193492	-240.733
41700	0.193492	-247.629
41800	0.193492	-240.853
41900	0.193492	-250.161
42000	0.193492	-237.58
42100	0.193492	-246.97
42200	0.193492	-243.455
42300	0.193492	-257.492
42400	0.193492	-242.835
42500	0.193492	-238.725
42600	0.193492	-242.536
42700	0.193492	-234.354
42800	0.193492	-246.914
42900	0.193492	-236.637
43000	0.193492	-239.732
43100	0.193492	-243.955
43200	0.193492	-245.661
43300	0.193492	-241.749
43400	0.193492	-251.355
43500	0.193492	-240.677
43600	0.193492	-243.613
43700	0.193492	-243.543
43800	0.193492	-241.187
43900	0.193492	-240.337
44000	0.193492	-233.704
44100	0.193492	-249.611
44200	0.193492	-243.248
44300	0.193492	-248.613
44400	0.193492	-241.045
44500	0.193492	-237.908
44600	0.193492	-252.006
44700	0.193492	-242.564
44800	0.193492	-269.135
44900	0.193492	-242.87
45000	0.193492	-238.321
45100	0.193492	-240.143
45200	0.193492	-242.385
45300	0.193492	-238.657
45400	0.193492	-246.486
45500	0.193492	-238.497
45600	0.193492	-256.604
45700	0.193492	-251.086
45800	0.193492	-241.656
45900	0.193492	-247.432
46000	0.193492	-252.772
46100	0.193492	-244.997
46200	0.193492	-234.503
46300	0.193492	-250.185
46400	0.193492	-243.417
46500	0.193492	-247.69
46600	0.193492	-245.695
46700	0.193492	-243.83
46800	0.193492	-242.773
46900	0.193492	-238.864
47000	0.193492	-243.415
47100	0.193492	-250.983
47200	0.193492	-240.953
47300	0.193492	-238.388
47400	0.193492	-240.579
47500	0.193492	-248.718
47600	0.193492	-241.611
47700	0.193492	-238.029
47800	0.193492	-239.36
47900	0.193492	-244.052
48000	0.193492	-249.443
48100	0.193492	-239.834
48200	0.193492	-234.808
48300	0.193492	-239.922
48400	0.193492	-240.927
48500	0.193492	-255.669
48600	0.193492	-254.505
48700	0.193492	-242.127
48800	0.193492	-236.152
48900	0.193492	-249.812
49000	0.193492	-239.085
49100	0.193492	-243.663
49200	0.193492	-233.945
49300	0.193492	-242.675
49400	0.193492	-243.319
49500	0.193492	-246.638
49600	0.193492	-233.931
49700	0.193492	-245.624
49800	0.193492	-245.371
49900	0.193492	-254.828
50000	0.193492	-246.3
