state	power	likelihood
12600	0.659082	-234.349
12700	0.659082	-234.776
12800	0.659082	-232.269
12900	0.659082	-236.241
13000	0.659082	-237.349
13100	0.659082	-236.683
13200	0.659082	-236.263
13300	0.659082	-237.273
13400	0.659082	-232.319
13500	0.659082	-234.752
13600	0.659082	-234.037
13700	0.659082	-235.884
13800	0.659082	-235.657
13900	0.659082	-237.651
14000	0.659082	-238.409
14100	0.659082	-236.394
14200	0.659082	-236.561
14300	0.659082	-236.036
14400	0.659082	-233.367
14500	0.659082	-235.811
14600	0.659082	-235.397
14700	0.659082	-235.76
14800	0.659082	-239.16
14900	0.659082	-233.349
15000	0.659082	-235.48
15100	0.659082	-237.113
15200	0.659082	-234.813
15300	0.659082	-235.477
15400	0.659082	-235.678
15500	0.659082	-236.63
15600	0.659082	-237.214
15700	0.659082	-234.481
15800	0.659082	-238.791
15900	0.659082	-235.18
16000	0.659082	-238.547
16100	0.659082	-232.747
16200	0.659082	-236.023
16300	0.659082	-236.462
16400	0.659082	-234.965
16500	0.659082	-235.122
16600	0.659082	-235.585
16700	0.659082	-238.573
16800	0.659082	-235.369
16900	0.659082	-237.017
17000	0.659082	-235.023
17100	0.659082	-236.988
17200	0.659082	-234.277
17300	0.659082	-236.29
17400	0.659082	-233.798
17500	0.659082	-232.931
17600	0.659082	-233.794
17700	0.659082	-236.004
17800	0.659082	-234.945
17900	0.659082	-238.666
18000	0.659082	-236.56
18100	0.659082	-238.05
18200	0.659082	-232.995
18300	0.659082	-237.881
18400	0.659082	-232.5
18500	0.659082	-234.484
18600	0.659082	-234.812
18700	0.659082	-234.2
18800	0.659082	-235.725
18900	0.659082	-233.601
19000	0.659082	-236.721
19100	0.659082	-236.319
19200	0.659082	-233.409
19300	0.659082	-234.284
19400	0.659082	-235.917
19500	0.659082	-236.519
19600	0.659082	-236.698
19700	0.659082	-237.754
19800	0.659082	-235.845
19900	0.659082	-235.369
20000	0.659082	-232.926
20100	0.659082	-235.585
20200	0.659082	-237.307
20300	0.659082	-233.377
20400	0.659082	-238.085
20500	0.659082	-232.795
20600	0.659082	-232.146
20700	0.659082	-233.038
20800	0.659082	-235.134
20900	0.659082	-234.388
21000	0.659082	-233.56
21100	0.659082	-236.203
21200	0.659082	-234.018
21300	0.659082	-234.149
21400	0.659082	-234.152
21500	0.659082	-236.2
21600	0.659082	-234.672
21700	0.659082	-239.891
21800	0.659082	-238.229
21900	0.659082	-234.77
22000	0.659082	-235.767
22100	0.659082	-235.002
22200	0.659082	-237.437
22300	0.659082	-236.354
22400	0.659082	-236.16
22500	0.659082	-235.8
22600	0.659082	-235.083
22700	0.659082	-233.71
22800	0.659082	-234.43
22900	0.659082	-240.447
23000	0.659082	-234.437
23100	0.659082	-239.68
23200	0.659082	-234.207
23300	0.659082	-234.058
23400	0.659082	-234.309
23500	0.659082	-236.971
23600	0.659082	-236.503
23700	0.659082	-238.061
23800	0.659082	-234.472
23900	0.659082	-238.14
24000	0.659082	-233.734
24100	0.659082	-235.024
24200	0.659082	-239.034
24300	0.659082	-233.869
24400	0.659082	-237.718
24500	0.659082	-235.289
24600	0.659082	-235.311
24700	0.659082	-232.554
24800	0.659082	-235.428
24900	0.659082	-233.57
25000	0.659082	-235.16
25100	0.659082	-235.693
25200	0.659082	-235.627
25300	0.659082	-236.825
25400	0.659082	-234.568
25500	0.659082	-236.254
25600	0.659082	-238.531
25700	0.659082	-234.387
25800	0.659082	-233.332
25900	0.659082	-234.372
26000	0.659082	-236.96
26100	0.659082	-232.02
26200	0.659082	-235.671
26300	0.659082	-233.956
26400	0.659082	-233.868
26500	0.659082	-239.644
26600	0.659082	-235.741
26700	0.659082	-235.403
26800	0.659082	-235.358
26900	0.659082	-235.033
27000	0.659082	-235.132
27100	0.659082	-233.499
27200	0.659082	-234.063
27300	0.659082	-232.743
27400	0.659082	-234.592
27500	0.659082	-236.111
27600	0.659082	-237.763
27700	0.659082	-239.096
27800	0.659082	-233.807
27900	0.659082	-236.349
28000	0.659082	-236.705
28100	0.659082	-234.802
28200	0.659082	-233.207
28300	0.659082	-235.781
28400	0.659082	-234.263
28500	0.659082	-234.738
28600	0.659082	-234.817
28700	0.659082	-235.085
28800	0.659082	-234.492
28900	0.659082	-233.759
29000	0.659082	-233.86
29100	0.659082	-237.489
29200	0.659082	-236.142
29300	0.659082	-232.723
29400	0.659082	-235.341
29500	0.659082	-235.688
29600	0.659082	-234.807
29700	0.659082	-235.458
29800	0.659082	-233.567
29900	0.659082	-236.104
30000	0.659082	-236.334
30100	0.659082	-234.984
30200	0.659082	-236.921
30300	0.659082	-234.674
30400	0.659082	-235.074
30500	0.659082	-234.044
30600	0.659082	-233.616
30700	0.659082	-235.095
30800	0.659082	-237.733
30900	0.659082	-233.809
31000	0.659082	-233.32
31100	0.659082	-236.445
31200	0.659082	-236.804
31300	0.659082	-236.401
31400	0.659082	-234.887
31500	0.659082	-237.757
31600	0.659082	-233.192
31700	0.659082	-233.524
31800	0.659082	-234.24
31900	0.659082	-236.722
32000	0.659082	-233.615
32100	0.659082	-234.863
32200	0.659082	-234.278
32300	0.659082	-233.934
32400	0.659082	-236.423
32500	0.659082	-233.173
32600	0.659082	-236.979
32700	0.659082	-232.982
32800	0.659082	-234.139
32900	0.659082	-235.23
33000	0.659082	-234.738
33100	0.659082	-236.792
33200	0.659082	-235.53
33300	0.659082	-234.908
33400	0.659082	-235.076
33500	0.659082	-235.91
33600	0.659082	-238.319
33700	0.659082	-235.484
33800	0.659082	-235.849
33900	0.659082	-237.247
34000	0.659082	-235.433
34100	0.659082	-235.294
34200	0.659082	-234.469
34300	0.659082	-234.702
34400	0.659082	-237.108
34500	0.659082	-234.427
34600	0.659082	-235.002
34700	0.659082	-236.984
34800	0.659082	-236.751
34900	0.659082	-235.625
35000	0.659082	-237.076
35100	0.659082	-235.314
35200	0.659082	-236.683
35300	0.659082	-233.961
35400	0.659082	-235.305
35500	0.659082	-234.985
35600	0.659082	-237.192
35700	0.659082	-234.713
35800	0.659082	-233.569
35900	0.659082	-236.714
36000	0.659082	-233.269
36100	0.659082	-233.124
36200	0.659082	-233.628
36300	0.659082	-236.312
36400	0.659082	-235.134
36500	0.659082	-235.475
36600	0.659082	-234.062
36700	0.659082	-235.002
36800	0.659082	-233.771
36900	0.659082	-237.52
37000	0.659082	-233.863
37100	0.659082	-234.806
37200	0.659082	-236.808
37300	0.659082	-233.985
37400	0.659082	-236.115
37500	0.659082	-239.396
37600	0.659082	-234.531
37700	0.659082	-234.555
37800	0.659082	-236.478
37900	0.659082	-233.731
38000	0.659082	-233.965
38100	0.659082	-235.132
38200	0.659082	-235.429
38300	0.659082	-234.031
38400	0.659082	-241.809
38500	0.659082	-233.756
38600	0.659082	-234.529
38700	0.659082	-235.022
38800	0.659082	-233.102
38900	0.659082	-234.35
39000	0.659082	-234.776
39100	0.659082	-242.206
39200	0.659082	-233.414
39300	0.659082	-235.148
39400	0.659082	-236.089
39500	0.659082	-233.96
39600	0.659082	-234.24
39700	0.659082	-233.612
39800	0.659082	-235.961
39900	0.659082	-234.852
40000	0.659082	-238.199
40100	0.659082	-236.489
40200	0.659082	-235.312
40300	0.659082	-233.084
40400	0.659082	-236.393
40500	0.659082	-234.501
40600	0.659082	-235.578
40700	0.659082	-234.203
40800	0.659082	-235.084
40900	0.659082	-236.171
41000	0.659082	-236.247
41100	0.659082	-234.919
41200	0.659082	-235.136
41300	0.659082	-238.519
41400	0.659082	-240.977
41500	0.659082	-234.776
41600	0.659082	-234.501
41700	0.659082	-235.111
41800	0.659082	-234.75
41900	0.659082	-234.99
42000	0.659082	-235.915
42100	0.659082	-234.487
42200	0.659082	-237.995
42300	0.659082	-234.904
42400	0.659082	-234.339
42500	0.659082	-232.676
42600	0.659082	-234.93
42700	0.659082	-236.373
42800	0.659082	-234.176
42900	0.659082	-233.68
43000	0.659082	-234.347
43100	0.659082	-237.156
43200	0.659082	-235.604
43300	0.659082	-235.648
43400	0.659082	-236.22
43500	0.659082	-233.026
43600	0.659082	-238.382
43700	0.659082	-236.417
43800	0.659082	-236.997
43900	0.659082	-234.784
44000	0.659082	-235.452
44100	0.659082	-234.929
44200	0.659082	-236.977
44300	0.659082	-234.721
44400	0.659082	-233.427
44500	0.659082	-233.288
44600	0.659082	-235.724
44700	0.659082	-235.208
44800	0.659082	-236.063
44900	0.659082	-236.462
45000	0.659082	-235.824
45100	0.659082	-235.568
45200	0.659082	-236.989
45300	0.659082	-235.019
45400	0.659082	-234.081
45500	0.659082	-235.508
45600	0.659082	-238.405
45700	0.659082	-236.23
45800	0.659082	-235.799
45900	0.659082	-237.266
46000	0.659082	-235.298
46100	0.659082	-232.03
46200	0.659082	-235.229
46300	0.659082	-237.45
46400	0.659082	-236.546
46500	0.659082	-236.316
46600	0.659082	-235.589
46700	0.659082	-233.586
46800	0.659082	-239.821
46900	0.659082	-237.026
47000	0.659082	-239.117
47100	0.659082	-234.042
47200	0.659082	-238.91
47300	0.659082	-233.526
47400	0.659082	-235.068
47500	0.659082	-233.996
47600	0.659082	-233.433
47700	0.659082	-234.728
47800	0.659082	-233.739
47900	0.659082	-233.902
48000	0.659082	-236.563
48100	0.659082	-233.955
48200	0.659082	-238.348
48300	0.659082	-235.416
48400	0.659082	-236.669
48500	0.659082	-234.968
48600	0.659082	-235.549
48700	0.659082	-234.417
48800	0.659082	-238.383
48900	0.659082	-233.28
49000	0.659082	-234.149
49100	0.659082	-236.243
49200	0.659082	-237.432
49300	0.659082	-234.59
49400	0.659082	-233.978
49500	0.659082	-234.568
49600	0.659082	-235.666
49700	0.659082	-234.811
49800	0.659082	-238.352
49900	0.659082	-235.349
50000	0.659082	-239.669
