state	power	likelihood
12600	0.00172104	-403.731
12700	0.00172104	-395.556
12800	0.00172104	-417.749
12900	0.00172104	-395.095
13000	0.00172104	-372.145
13100	0.00172104	-400.568
13200	0.00172104	-365.226
13300	0.00172104	-412.37
13400	0.00172104	-372.704
13500	0.00172104	-389.275
13600	0.00172104	-363.821
13700	0.00172104	-361.739
13800	0.00172104	-418.073
13900	0.00172104	-398.634
14000	0.00172104	-385.909
14100	0.00172104	-370.33
14200	0.00172104	-374.248
14300	0.00172104	-367.795
14400	0.00172104	-360.016
14500	0.00172104	-411.276
14600	0.00172104	-417.966
14700	0.00172104	-396.843
14800	0.00172104	-385.795
14900	0.00172104	-409.011
15000	0.00172104	-383.133
15100	0.00172104	-376.5
15200	0.00172104	-365.563
15300	0.00172104	-408.442
15400	0.00172104	-386.188
15500	0.00172104	-387.719
15600	0.00172104	-375.116
15700	0.00172104	-386.204
15800	0.00172104	-391.755
15900	0.00172104	-400.494
16000	0.00172104	-401.925
16100	0.00172104	-403.138
16200	0.00172104	-373.327
16300	0.00172104	-406.482
16400	0.00172104	-390.124
16500	0.00172104	-406.001
16600	0.00172104	-440.775
16700	0.00172104	-414.25
16800	0.00172104	-412.585
16900	0.00172104	-391.437
17000	0.00172104	-364.648
17100	0.00172104	-383.439
17200	0.00172104	-392.584
17300	0.00172104	-405.388
17400	0.00172104	-374.249
17500	0.00172104	-405.287
17600	0.00172104	-392.996
17700	0.00172104	-377.255
17800	0.00172104	-387.793
17900	0.00172104	-407.683
18000	0.00172104	-378.678
18100	0.00172104	-425.783
18200	0.00172104	-396.607
18300	0.00172104	-407.169
18400	0.00172104	-365.245
18500	0.00172104	-390.946
18600	0.00172104	-360.354
18700	0.00172104	-403.3
18800	0.00172104	-395.509
18900	0.00172104	-403.74
19000	0.00172104	-387.78
19100	0.00172104	-398.199
19200	0.00172104	-391.923
19300	0.00172104	-411.227
19400	0.00172104	-396.505
19500	0.00172104	-376.133
19600	0.00172104	-418.24
19700	0.00172104	-394.241
19800	0.00172104	-406.724
19900	0.00172104	-416.128
20000	0.00172104	-410.925
20100	0.00172104	-383.626
20200	0.00172104	-407.876
20300	0.00172104	-368.256
20400	0.00172104	-401.831
20500	0.00172104	-389.887
20600	0.00172104	-358.317
20700	0.00172104	-369.954
20800	0.00172104	-412.054
20900	0.00172104	-376.378
21000	0.00172104	-401.461
21100	0.00172104	-439.907
21200	0.00172104	-377.224
21300	0.00172104	-380.573
21400	0.00172104	-396.391
21500	0.00172104	-378.448
21600	0.00172104	-404.5
21700	0.00172104	-417.795
21800	0.00172104	-411.603
21900	0.00172104	-401.686
22000	0.00172104	-378.479
22100	0.00172104	-401.539
22200	0.00172104	-387.255
22300	0.00172104	-421.987
22400	0.00172104	-422.035
22500	0.00172104	-398.281
22600	0.00172104	-413.98
22700	0.00172104	-418.295
22800	0.00172104	-374.883
22900	0.00172104	-378.471
23000	0.00172104	-388.185
23100	0.00172104	-391.336
23200	0.00172104	-395.963
23300	0.00172104	-362.857
23400	0.00172104	-370.817
23500	0.00172104	-376.602
23600	0.00172104	-390.643
23700	0.00172104	-392.725
23800	0.00172104	-376.424
23900	0.00172104	-407.287
24000	0.00172104	-386.346
24100	0.00172104	-424.366
24200	0.00172104	-365.949
24300	0.00172104	-395.374
24400	0.00172104	-422.593
24500	0.00172104	-408.117
24600	0.00172104	-412.77
24700	0.00172104	-380.434
24800	0.00172104	-416.804
24900	0.00172104	-398.988
25000	0.00172104	-368.274
25100	0.00172104	-394.729
25200	0.00172104	-372.671
25300	0.00172104	-411.704
25400	0.00172104	-428.181
25500	0.00172104	-379.291
25600	0.00172104	-382.985
25700	0.00172104	-440.347
25800	0.00172104	-407.254
25900	0.00172104	-395.076
26000	0.00172104	-425.586
26100	0.00172104	-391.534
26200	0.00172104	-406.4
26300	0.00172104	-407.261
26400	0.00172104	-396.711
26500	0.00172104	-363.544
26600	0.00172104	-367.767
26700	0.00172104	-395.553
26800	0.00172104	-394.422
26900	0.00172104	-396.972
27000	0.00172104	-394.323
27100	0.00172104	-374.223
27200	0.00172104	-374.207
27300	0.00172104	-435.904
27400	0.00172104	-333.047
27500	0.00172104	-390.673
27600	0.00172104	-389.619
27700	0.00172104	-385.355
27800	0.00172104	-371.152
27900	0.00172104	-387.959
28000	0.00172104	-408.585
28100	0.00172104	-416.204
28200	0.00172104	-355.606
28300	0.00172104	-412.043
28400	0.00172104	-376.773
28500	0.00172104	-381.09
28600	0.00172104	-399.583
28700	0.00172104	-394.84
28800	0.00172104	-356.35
28900	0.00172104	-397.912
29000	0.00172104	-375.126
29100	0.00172104	-384.282
29200	0.00172104	-383.554
29300	0.00172104	-398.338
29400	0.00172104	-390.459
29500	0.00172104	-396.147
29600	0.00172104	-396.146
29700	0.00172104	-382.482
29800	0.00172104	-416.147
29900	0.00172104	-379.367
30000	0.00172104	-404.4
30100	0.00172104	-372.001
30200	0.00172104	-393.044
30300	0.00172104	-394.118
30400	0.00172104	-375.487
30500	0.00172104	-421.244
30600	0.00172104	-407.162
30700	0.00172104	-428.273
30800	0.00172104	-397.446
30900	0.00172104	-369.358
31000	0.00172104	-378.354
31100	0.00172104	-375.389
31200	0.00172104	-395.312
31300	0.00172104	-393.215
31400	0.00172104	-396.587
31500	0.00172104	-390.632
31600	0.00172104	-379.568
31700	0.00172104	-386.625
31800	0.00172104	-407.958
31900	0.00172104	-388.804
32000	0.00172104	-372.947
32100	0.00172104	-389.638
32200	0.00172104	-387.212
32300	0.00172104	-374.583
32400	0.00172104	-380.832
32500	0.00172104	-359.546
32600	0.00172104	-408.957
32700	0.00172104	-420.016
32800	0.00172104	-414.554
32900	0.00172104	-366.455
33000	0.00172104	-381.484
33100	0.00172104	-406.938
33200	0.00172104	-381.529
33300	0.00172104	-385.22
33400	0.00172104	-374.705
33500	0.00172104	-344.779
33600	0.00172104	-420.664
33700	0.00172104	-393.077
33800	0.00172104	-377.998
33900	0.00172104	-382.542
34000	0.00172104	-403.736
34100	0.00172104	-365.951
34200	0.00172104	-430.861
34300	0.00172104	-374.302
34400	0.00172104	-410.261
34500	0.00172104	-368.01
34600	0.00172104	-394.612
34700	0.00172104	-393.565
34800	0.00172104	-372.727
34900	0.00172104	-377.108
35000	0.00172104	-390.991
35100	0.00172104	-410.759
35200	0.00172104	-391.605
35300	0.00172104	-369.77
35400	0.00172104	-366.578
35500	0.00172104	-396.141
35600	0.00172104	-367.877
35700	0.00172104	-402.279
35800	0.00172104	-426.509
35900	0.00172104	-407.221
36000	0.00172104	-403.264
36100	0.00172104	-366.007
36200	0.00172104	-391.964
36300	0.00172104	-375.372
36400	0.00172104	-421.891
36500	0.00172104	-388.925
36600	0.00172104	-406.063
36700	0.00172104	-376.575
36800	0.00172104	-374.775
36900	0.00172104	-389.496
37000	0.00172104	-390.865
37100	0.00172104	-420.059
37200	0.00172104	-394.594
37300	0.00172104	-400.978
37400	0.00172104	-361.215
37500	0.00172104	-415.678
37600	0.00172104	-393.319
37700	0.00172104	-414.841
37800	0.00172104	-371.768
37900	0.00172104	-402.363
38000	0.00172104	-396.376
38100	0.00172104	-413.981
38200	0.00172104	-403.147
38300	0.00172104	-399.735
38400	0.00172104	-360.777
38500	0.00172104	-387.304
38600	0.00172104	-435.786
38700	0.00172104	-400.192
38800	0.00172104	-385.592
38900	0.00172104	-415.676
39000	0.00172104	-406.01
39100	0.00172104	-385.842
39200	0.00172104	-361.578
39300	0.00172104	-367.159
39400	0.00172104	-414.733
39500	0.00172104	-380.473
39600	0.00172104	-428.396
39700	0.00172104	-382.458
39800	0.00172104	-414.614
39900	0.00172104	-416.941
40000	0.00172104	-408.966
40100	0.00172104	-407.332
40200	0.00172104	-384.845
40300	0.00172104	-406.452
40400	0.00172104	-444.937
40500	0.00172104	-428.852
40600	0.00172104	-406.507
40700	0.00172104	-427.761
40800	0.00172104	-410.426
40900	0.00172104	-385.891
41000	0.00172104	-406.239
41100	0.00172104	-428.891
41200	0.00172104	-384.135
41300	0.00172104	-367.737
41400	0.00172104	-365.177
41500	0.00172104	-392.13
41600	0.00172104	-360.371
41700	0.00172104	-417.834
41800	0.00172104	-368.918
41900	0.00172104	-426.575
42000	0.00172104	-397.663
42100	0.00172104	-414.787
42200	0.00172104	-390.456
42300	0.00172104	-368.622
42400	0.00172104	-372.607
42500	0.00172104	-418.004
42600	0.00172104	-393.001
42700	0.00172104	-358.907
42800	0.00172104	-392.995
42900	0.00172104	-371.203
43000	0.00172104	-395.621
43100	0.00172104	-402.391
43200	0.00172104	-387.219
43300	0.00172104	-400.073
43400	0.00172104	-409.993
43500	0.00172104	-401.192
43600	0.00172104	-409.159
43700	0.00172104	-439.829
43800	0.00172104	-395.672
43900	0.00172104	-400.38
44000	0.00172104	-449.801
44100	0.00172104	-408.264
44200	0.00172104	-400.134
44300	0.00172104	-402.418
44400	0.00172104	-371.379
44500	0.00172104	-377.098
44600	0.00172104	-385.54
44700	0.00172104	-394.069
44800	0.00172104	-393.074
44900	0.00172104	-415.792
45000	0.00172104	-388.307
45100	0.00172104	-385.601
45200	0.00172104	-365.522
45300	0.00172104	-386.585
45400	0.00172104	-379.49
45500	0.00172104	-432.976
45600	0.00172104	-392.164
45700	0.00172104	-360.721
45800	0.00172104	-423.49
45900	0.00172104	-372.108
46000	0.00172104	-395.836
46100	0.00172104	-389.297
46200	0.00172104	-426.249
46300	0.00172104	-407.743
46400	0.00172104	-425.083
46500	0.00172104	-358.996
46600	0.00172104	-409.059
46700	0.00172104	-361.495
46800	0.00172104	-410.136
46900	0.00172104	-382.674
47000	0.00172104	-412.566
47100	0.00172104	-363.525
47200	0.00172104	-422.399
47300	0.00172104	-417.714
47400	0.00172104	-397.52
47500	0.00172104	-418.214
47600	0.00172104	-402.98
47700	0.00172104	-366.605
47800	0.00172104	-375.271
47900	0.00172104	-373.077
48000	0.00172104	-388.3
48100	0.00172104	-397.954
48200	0.00172104	-373.276
48300	0.00172104	-367.454
48400	0.00172104	-421.903
48500	0.00172104	-397.693
48600	0.00172104	-406.892
48700	0.00172104	-396.287
48800	0.00172104	-405.351
48900	0.00172104	-427.243
49000	0.00172104	-412.207
49100	0.00172104	-404.92
49200	0.00172104	-380.471
49300	0.00172104	-413.456
49400	0.00172104	-413.636
49500	0.00172104	-387.747
49600	0.00172104	-424.958
49700	0.00172104	-418.887
49800	0.00172104	-377.118
49900	0.00172104	-389.53
50000	0.00172104	-369.288
