state	power	likelihood
12600	0.000104858	-403.618
12700	0.000104858	-418.072
12800	0.000104858	-412.787
12900	0.000104858	-430.277
13000	0.000104858	-380.812
13100	0.000104858	-405.882
13200	0.000104858	-399.802
13300	0.000104858	-389.76
13400	0.000104858	-378.846
13500	0.000104858	-422.916
13600	0.000104858	-394.204
13700	0.000104858	-379.11
13800	0.000104858	-364.508
13900	0.000104858	-417.071
14000	0.000104858	-391.857
14100	0.000104858	-368.258
14200	0.000104858	-412.56
14300	0.000104858	-397.688
14400	0.000104858	-408.466
14500	0.000104858	-376.514
14600	0.000104858	-408.088
14700	0.000104858	-427.175
14800	0.000104858	-409.105
14900	0.000104858	-408.991
15000	0.000104858	-412.668
15100	0.000104858	-388.127
15200	0.000104858	-397.072
15300	0.000104858	-357.091
15400	0.000104858	-364.178
15500	0.000104858	-378.253
15600	0.000104858	-403.182
15700	0.000104858	-399.156
15800	0.000104858	-411.692
15900	0.000104858	-400.29
16000	0.000104858	-409.693
16100	0.000104858	-406.974
16200	0.000104858	-386.451
16300	0.000104858	-380.776
16400	0.000104858	-369.304
16500	0.000104858	-436.831
16600	0.000104858	-361.253
16700	0.000104858	-381.958
16800	0.000104858	-411.579
16900	0.000104858	-394.185
17000	0.000104858	-404.191
17100	0.000104858	-389.363
17200	0.000104858	-391.315
17300	0.000104858	-385.17
17400	0.000104858	-391.12
17500	0.000104858	-421.24
17600	0.000104858	-381.931
17700	0.000104858	-394.737
17800	0.000104858	-380.347
17900	0.000104858	-385.156
18000	0.000104858	-417.47
18100	0.000104858	-410.887
18200	0.000104858	-396.189
18300	0.000104858	-371.493
18400	0.000104858	-372.781
18500	0.000104858	-426.422
18600	0.000104858	-382.192
18700	0.000104858	-388.311
18800	0.000104858	-395.13
18900	0.000104858	-402.387
19000	0.000104858	-407.891
19100	0.000104858	-395.69
19200	0.000104858	-363.837
19300	0.000104858	-377.106
19400	0.000104858	-384.085
19500	0.000104858	-403.932
19600	0.000104858	-366.237
19700	0.000104858	-373.987
19800	0.000104858	-367.741
19900	0.000104858	-407.645
20000	0.000104858	-390.481
20100	0.000104858	-413.306
20200	0.000104858	-377.902
20300	0.000104858	-373.543
20400	0.000104858	-374.886
20500	0.000104858	-399.633
20600	0.000104858	-382.106
20700	0.000104858	-373.951
20800	0.000104858	-406.683
20900	0.000104858	-424.623
21000	0.000104858	-410.01
21100	0.000104858	-411.323
21200	0.000104858	-390.222
21300	0.000104858	-397.993
21400	0.000104858	-362.755
21500	0.000104858	-396.602
21600	0.000104858	-375.68
21700	0.000104858	-371.501
21800	0.000104858	-409.983
21900	0.000104858	-380.644
22000	0.000104858	-367.145
22100	0.000104858	-367.944
22200	0.000104858	-385.285
22300	0.000104858	-404.9
22400	0.000104858	-400.371
22500	0.000104858	-376.184
22600	0.000104858	-402.477
22700	0.000104858	-408.751
22800	0.000104858	-419.496
22900	0.000104858	-398.18
23000	0.000104858	-396.619
23100	0.000104858	-394.475
23200	0.000104858	-401.546
23300	0.000104858	-374.927
23400	0.000104858	-373.559
23500	0.000104858	-383.39
23600	0.000104858	-406.677
23700	0.000104858	-384.58
23800	0.000104858	-399.366
23900	0.000104858	-379.059
24000	0.000104858	-377.929
24100	0.000104858	-421.308
24200	0.000104858	-397.187
24300	0.000104858	-420.267
24400	0.000104858	-423.074
24500	0.000104858	-409.31
24600	0.000104858	-397.046
24700	0.000104858	-411.474
24800	0.000104858	-370.048
24900	0.000104858	-396.823
25000	0.000104858	-411.68
25100	0.000104858	-378.608
25200	0.000104858	-369.372
25300	0.000104858	-369.437
25400	0.000104858	-369.847
25500	0.000104858	-400.091
25600	0.000104858	-376.453
25700	0.000104858	-406.416
25800	0.000104858	-368.571
25900	0.000104858	-369.387
26000	0.000104858	-405.217
26100	0.000104858	-435
26200	0.000104858	-377.942
26300	0.000104858	-408.522
26400	0.000104858	-388.692
26500	0.000104858	-404.974
26600	0.000104858	-410.846
26700	0.000104858	-407.42
26800	0.000104858	-427.386
26900	0.000104858	-389.709
27000	0.000104858	-377.803
27100	0.000104858	-424.672
27200	0.000104858	-366.01
27300	0.000104858	-399.732
27400	0.000104858	-386.531
27500	0.000104858	-397.157
27600	0.000104858	-396.648
27700	0.000104858	-380.072
27800	0.000104858	-371.288
27900	0.000104858	-404.074
28000	0.000104858	-409.349
28100	0.000104858	-409.361
28200	0.000104858	-411.428
28300	0.000104858	-377.641
28400	0.000104858	-372.373
28500	0.000104858	-376.427
28600	0.000104858	-365.953
28700	0.000104858	-398.629
28800	0.000104858	-419.327
28900	0.000104858	-428.728
29000	0.000104858	-373.448
29100	0.000104858	-414.774
29200	0.000104858	-382.963
29300	0.000104858	-437.64
29400	0.000104858	-409.424
29500	0.000104858	-401.527
29600	0.000104858	-382.046
29700	0.000104858	-431.307
29800	0.000104858	-364.948
29900	0.000104858	-392.827
30000	0.000104858	-428.637
30100	0.000104858	-375.509
30200	0.000104858	-412.215
30300	0.000104858	-366.904
30400	0.000104858	-394.208
30500	0.000104858	-420.464
30600	0.000104858	-426.209
30700	0.000104858	-373.453
30800	0.000104858	-405.605
30900	0.000104858	-380.948
31000	0.000104858	-384.664
31100	0.000104858	-383.451
31200	0.000104858	-417.586
31300	0.000104858	-384.706
31400	0.000104858	-435.127
31500	0.000104858	-405.62
31600	0.000104858	-400.451
31700	0.000104858	-406.617
31800	0.000104858	-386.237
31900	0.000104858	-372.05
32000	0.000104858	-391.757
32100	0.000104858	-415.299
32200	0.000104858	-389.863
32300	0.000104858	-389.903
32400	0.000104858	-431.936
32500	0.000104858	-393.976
32600	0.000104858	-392.269
32700	0.000104858	-385.973
32800	0.000104858	-415.887
32900	0.000104858	-382.437
33000	0.000104858	-388.116
33100	0.000104858	-378.945
33200	0.000104858	-387.192
33300	0.000104858	-397.311
33400	0.000104858	-436.723
33500	0.000104858	-382.987
33600	0.000104858	-370.499
33700	0.000104858	-420.214
33800	0.000104858	-378.112
33900	0.000104858	-399.944
34000	0.000104858	-385.386
34100	0.000104858	-385.979
34200	0.000104858	-416.826
34300	0.000104858	-449.415
34400	0.000104858	-362.767
34500	0.000104858	-438.963
34600	0.000104858	-377.029
34700	0.000104858	-390.817
34800	0.000104858	-396.421
34900	0.000104858	-419.39
35000	0.000104858	-410.909
35100	0.000104858	-393.047
35200	0.000104858	-394.522
35300	0.000104858	-432.383
35400	0.000104858	-383.52
35500	0.000104858	-383.685
35600	0.000104858	-375.561
35700	0.000104858	-418.781
35800	0.000104858	-405.494
35900	0.000104858	-364.169
36000	0.000104858	-437.238
36100	0.000104858	-437.634
36200	0.000104858	-437.35
36300	0.000104858	-377.984
36400	0.000104858	-415.632
36500	0.000104858	-368.659
36600	0.000104858	-430.196
36700	0.000104858	-378.798
36800	0.000104858	-413.945
36900	0.000104858	-412.551
37000	0.000104858	-378.762
37100	0.000104858	-423.971
37200	0.000104858	-401.098
37300	0.000104858	-385.809
37400	0.000104858	-411.238
37500	0.000104858	-382.365
37600	0.000104858	-402.242
37700	0.000104858	-381.129
37800	0.000104858	-401.429
37900	0.000104858	-415.858
38000	0.000104858	-389.697
38100	0.000104858	-377.999
38200	0.000104858	-369.997
38300	0.000104858	-389.65
38400	0.000104858	-381.305
38500	0.000104858	-407.274
38600	0.000104858	-421.545
38700	0.000104858	-418.992
38800	0.000104858	-413.932
38900	0.000104858	-390.477
39000	0.000104858	-374.813
39100	0.000104858	-374.151
39200	0.000104858	-382.231
39300	0.000104858	-421.645
39400	0.000104858	-360.601
39500	0.000104858	-413.83
39600	0.000104858	-374.145
39700	0.000104858	-414.51
39800	0.000104858	-370.857
39900	0.000104858	-394.245
40000	0.000104858	-367.163
40100	0.000104858	-425.392
40200	0.000104858	-381.274
40300	0.000104858	-382.117
40400	0.000104858	-369.861
40500	0.000104858	-398.998
40600	0.000104858	-403.722
40700	0.000104858	-410.522
40800	0.000104858	-418.048
40900	0.000104858	-367.952
41000	0.000104858	-432.124
41100	0.000104858	-362.428
41200	0.000104858	-393.175
41300	0.000104858	-437.243
41400	0.000104858	-380.146
41500	0.000104858	-410.597
41600	0.000104858	-422.768
41700	0.000104858	-385.722
41800	0.000104858	-412.338
41900	0.000104858	-435.396
42000	0.000104858	-388.659
42100	0.000104858	-367.557
42200	0.000104858	-422.274
42300	0.000104858	-431.592
42400	0.000104858	-372.879
42500	0.000104858	-400.518
42600	0.000104858	-375.826
42700	0.000104858	-395.109
42800	0.000104858	-382.802
42900	0.000104858	-411.549
43000	0.000104858	-412.991
43100	0.000104858	-387.029
43200	0.000104858	-408.215
43300	0.000104858	-397.196
43400	0.000104858	-377.844
43500	0.000104858	-422.4
43600	0.000104858	-403.116
43700	0.000104858	-411.922
43800	0.000104858	-398.337
43900	0.000104858	-405.918
44000	0.000104858	-411.824
44100	0.000104858	-395.467
44200	0.000104858	-360.029
44300	0.000104858	-429.411
44400	0.000104858	-386.055
44500	0.000104858	-364.865
44600	0.000104858	-392.67
44700	0.000104858	-376.672
44800	0.000104858	-395.012
44900	0.000104858	-374.622
45000	0.000104858	-410.851
45100	0.000104858	-377.543
45200	0.000104858	-403.25
45300	0.000104858	-415.429
45400	0.000104858	-405.36
45500	0.000104858	-416.937
45600	0.000104858	-393.859
45700	0.000104858	-389.149
45800	0.000104858	-396.37
45900	0.000104858	-381.209
46000	0.000104858	-398.496
46100	0.000104858	-426.557
46200	0.000104858	-428.462
46300	0.000104858	-398.761
46400	0.000104858	-408.895
46500	0.000104858	-385.11
46600	0.000104858	-376.037
46700	0.000104858	-393.373
46800	0.000104858	-412.257
46900	0.000104858	-368.921
47000	0.000104858	-381.997
47100	0.000104858	-390.006
47200	0.000104858	-422.752
47300	0.000104858	-390.688
47400	0.000104858	-378.716
47500	0.000104858	-405.787
47600	0.000104858	-382.277
47700	0.000104858	-397.13
47800	0.000104858	-419.232
47900	0.000104858	-377.738
48000	0.000104858	-430.727
48100	0.000104858	-368.205
48200	0.000104858	-381.078
48300	0.000104858	-433.081
48400	0.000104858	-387.694
48500	0.000104858	-411.302
48600	0.000104858	-402.342
48700	0.000104858	-394.413
48800	0.000104858	-368.553
48900	0.000104858	-382.369
49000	0.000104858	-394.191
49100	0.000104858	-357.387
49200	0.000104858	-385.031
49300	0.000104858	-391.46
49400	0.000104858	-359.374
49500	0.000104858	-372.632
49600	0.000104858	-396.907
49700	0.000104858	-406.123
49800	0.000104858	-376.119
49900	0.000104858	-388.193
50000	0.000104858	-368.723
