state	power	likelihood
12600	0.193492	-228.088
12700	0.193492	-230.454
12800	0.193492	-226.829
12900	0.193492	-227.61
13000	0.193492	-246.972
13100	0.193492	-227.553
13200	0.193492	-229.272
13300	0.193492	-231.53
13400	0.193492	-231.501
13500	0.193492	-230.924
13600	0.193492	-222.127
13700	0.193492	-230.027
13800	0.193492	-232.548
13900	0.193492	-231.824
14000	0.193492	-238.697
14100	0.193492	-227.362
14200	0.193492	-234.652
14300	0.193492	-238.724
14400	0.193492	-247.411
14500	0.193492	-232.219
14600	0.193492	-230.743
14700	0.193492	-230.066
14800	0.193492	-237.612
14900	0.193492	-235.195
15000	0.193492	-226.379
15100	0.193492	-232.522
15200	0.193492	-225.865
15300	0.193492	-246.16
15400	0.193492	-227.1
15500	0.193492	-236.575
15600	0.193492	-230.72
15700	0.193492	-225.661
15800	0.193492	-229.826
15900	0.193492	-246.922
16000	0.193492	-221.556
16100	0.193492	-228.708
16200	0.193492	-233.896
16300	0.193492	-243.433
16400	0.193492	-227.341
16500	0.193492	-230.139
16600	0.193492	-236.536
16700	0.193492	-232.419
16800	0.193492	-227.292
16900	0.193492	-230.605
17000	0.193492	-230.143
17100	0.193492	-230.899
17200	0.193492	-231.356
17300	0.193492	-228.801
17400	0.193492	-231.797
17500	0.193492	-229.541
17600	0.193492	-238.121
17700	0.193492	-231.084
17800	0.193492	-230.974
17900	0.193492	-240.159
18000	0.193492	-252.023
18100	0.193492	-229.695
18200	0.193492	-227.737
18300	0.193492	-227.774
18400	0.193492	-228.905
18500	0.193492	-231.44
18600	0.193492	-234.971
18700	0.193492	-228.45
18800	0.193492	-231.162
18900	0.193492	-230.087
19000	0.193492	-234.244
19100	0.193492	-233.731
19200	0.193492	-227.427
19300	0.193492	-230.239
19400	0.193492	-227.129
19500	0.193492	-232.823
19600	0.193492	-231.243
19700	0.193492	-236.815
19800	0.193492	-234.216
19900	0.193492	-230.116
20000	0.193492	-231.443
20100	0.193492	-231.927
20200	0.193492	-235.287
20300	0.193492	-227.627
20400	0.193492	-233.456
20500	0.193492	-224.637
20600	0.193492	-232.967
20700	0.193492	-227.984
20800	0.193492	-232.751
20900	0.193492	-238.522
21000	0.193492	-230.003
21100	0.193492	-231.579
21200	0.193492	-230.989
21300	0.193492	-228.917
21400	0.193492	-231.961
21500	0.193492	-228.328
21600	0.193492	-225.054
21700	0.193492	-228.706
21800	0.193492	-235.561
21900	0.193492	-227.517
22000	0.193492	-232.83
22100	0.193492	-240.933
22200	0.193492	-226.959
22300	0.193492	-235.67
22400	0.193492	-242.226
22500	0.193492	-230.245
22600	0.193492	-234.618
22700	0.193492	-239.302
22800	0.193492	-223.501
22900	0.193492	-230.014
23000	0.193492	-226.997
23100	0.193492	-227.241
23200	0.193492	-229
23300	0.193492	-232.79
23400	0.193492	-241.272
23500	0.193492	-230.797
23600	0.193492	-232.184
23700	0.193492	-222.752
23800	0.193492	-231.479
23900	0.193492	-233.999
24000	0.193492	-231.274
24100	0.193492	-227.524
24200	0.193492	-237.403
24300	0.193492	-231.72
24400	0.193492	-238.605
24500	0.193492	-220.602
24600	0.193492	-233.653
24700	0.193492	-232.323
24800	0.193492	-231.775
24900	0.193492	-229.232
25000	0.193492	-229.134
25100	0.193492	-242.394
25200	0.193492	-230.106
25300	0.193492	-239.469
25400	0.193492	-232.706
25500	0.193492	-230.955
25600	0.193492	-237.963
25700	0.193492	-232.996
25800	0.193492	-234.442
25900	0.193492	-232.219
26000	0.193492	-239.262
26100	0.193492	-225.47
26200	0.193492	-229.691
26300	0.193492	-233.003
26400	0.193492	-229.319
26500	0.193492	-233.966
26600	0.193492	-228.443
26700	0.193492	-227.952
26800	0.193492	-231.899
26900	0.193492	-230.695
27000	0.193492	-237.098
27100	0.193492	-229.308
27200	0.193492	-228.683
27300	0.193492	-228.043
27400	0.193492	-230.513
27500	0.193492	-231.567
27600	0.193492	-228.006
27700	0.193492	-232.564
27800	0.193492	-241.092
27900	0.193492	-229.033
28000	0.193492	-230.833
28100	0.193492	-229.993
28200	0.193492	-233.578
28300	0.193492	-229.558
28400	0.193492	-226.721
28500	0.193492	-230.204
28600	0.193492	-231.701
28700	0.193492	-235.437
28800	0.193492	-229.014
28900	0.193492	-231.004
29000	0.193492	-240.378
29100	0.193492	-232.83
29200	0.193492	-234.088
29300	0.193492	-220.979
29400	0.193492	-227.87
29500	0.193492	-232.19
29600	0.193492	-230.465
29700	0.193492	-223.907
29800	0.193492	-230.132
29900	0.193492	-224.799
30000	0.193492	-225.713
30100	0.193492	-233.209
30200	0.193492	-231.135
30300	0.193492	-233.798
30400	0.193492	-234.812
30500	0.193492	-238.679
30600	0.193492	-231.587
30700	0.193492	-227.825
30800	0.193492	-241.776
30900	0.193492	-233.708
31000	0.193492	-227.988
31100	0.193492	-237.518
31200	0.193492	-232.515
31300	0.193492	-230.056
31400	0.193492	-231.691
31500	0.193492	-232.066
31600	0.193492	-230.647
31700	0.193492	-231.094
31800	0.193492	-239.155
31900	0.193492	-240.767
32000	0.193492	-221.462
32100	0.193492	-230.951
32200	0.193492	-231.981
32300	0.193492	-229.732
32400	0.193492	-236.63
32500	0.193492	-230.128
32600	0.193492	-231.617
32700	0.193492	-226.985
32800	0.193492	-230.479
32900	0.193492	-232.383
33000	0.193492	-221.089
33100	0.193492	-228.31
33200	0.193492	-224.069
33300	0.193492	-229.618
33400	0.193492	-229.7
33500	0.193492	-230.5
33600	0.193492	-229.705
33700	0.193492	-229.91
33800	0.193492	-228.328
33900	0.193492	-231.549
34000	0.193492	-255.497
34100	0.193492	-229.997
34200	0.193492	-242.038
34300	0.193492	-228.106
34400	0.193492	-240.01
34500	0.193492	-233.711
34600	0.193492	-259.543
34700	0.193492	-233.847
34800	0.193492	-236.468
34900	0.193492	-236.866
35000	0.193492	-235.839
35100	0.193492	-233.287
35200	0.193492	-233.652
35300	0.193492	-225.398
35400	0.193492	-236.84
35500	0.193492	-217.228
35600	0.193492	-235.064
35700	0.193492	-228.951
35800	0.193492	-223.35
35900	0.193492	-231.045
36000	0.193492	-222.339
36100	0.193492	-229.737
36200	0.193492	-227.387
36300	0.193492	-224.352
36400	0.193492	-231.442
36500	0.193492	-242.807
36600	0.193492	-235.125
36700	0.193492	-232.575
36800	0.193492	-223.828
36900	0.193492	-233.229
37000	0.193492	-234.4
37100	0.193492	-226.225
37200	0.193492	-231.059
37300	0.193492	-237.693
37400	0.193492	-231.966
37500	0.193492	-232.937
37600	0.193492	-242.618
37700	0.193492	-228.194
37800	0.193492	-228.807
37900	0.193492	-231.772
38000	0.193492	-246.558
38100	0.193492	-228.713
38200	0.193492	-220.991
38300	0.193492	-230.273
38400	0.193492	-219.399
38500	0.193492	-238.823
38600	0.193492	-246.213
38700	0.193492	-230.087
38800	0.193492	-240.709
38900	0.193492	-225.118
39000	0.193492	-238.902
39100	0.193492	-223.025
39200	0.193492	-228.63
39300	0.193492	-219.517
39400	0.193492	-222.498
39500	0.193492	-231.753
39600	0.193492	-230.078
39700	0.193492	-231.422
39800	0.193492	-238.692
39900	0.193492	-231.412
40000	0.193492	-228.609
40100	0.193492	-226.122
40200	0.193492	-230.099
40300	0.193492	-239.528
40400	0.193492	-226.725
40500	0.193492	-232.672
40600	0.193492	-226.047
40700	0.193492	-235.466
40800	0.193492	-231.629
40900	0.193492	-226.204
41000	0.193492	-231.271
41100	0.193492	-232.849
41200	0.193492	-237.075
41300	0.193492	-231.413
41400	0.193492	-226.606
41500	0.193492	-225.886
41600	0.193492	-232.646
41700	0.193492	-234.423
41800	0.193492	-233.514
41900	0.193492	-231.966
42000	0.193492	-231.045
42100	0.193492	-224.01
42200	0.193492	-230.954
42300	0.193492	-240.428
42400	0.193492	-228.384
42500	0.193492	-233.606
42600	0.193492	-229.595
42700	0.193492	-230.858
42800	0.193492	-229.35
42900	0.193492	-250.842
43000	0.193492	-225.706
43100	0.193492	-232.795
43200	0.193492	-237.106
43300	0.193492	-217.719
43400	0.193492	-233.138
43500	0.193492	-220.765
43600	0.193492	-228.075
43700	0.193492	-232.172
43800	0.193492	-236.142
43900	0.193492	-244.483
44000	0.193492	-234.078
44100	0.193492	-237.306
44200	0.193492	-235.851
44300	0.193492	-227.916
44400	0.193492	-232.455
44500	0.193492	-228.918
44600	0.193492	-227.065
44700	0.193492	-238.461
44800	0.193492	-216.163
44900	0.193492	-230.512
45000	0.193492	-229.011
45100	0.193492	-229.396
45200	0.193492	-229.854
45300	0.193492	-232.672
45400	0.193492	-249.44
45500	0.193492	-243.966
45600	0.193492	-235.532
45700	0.193492	-238.548
45800	0.193492	-238.777
45900	0.193492	-231.794
46000	0.193492	-236.448
46100	0.193492	-230.867
46200	0.193492	-237.222
46300	0.193492	-229.908
46400	0.193492	-227.883
46500	0.193492	-238.611
46600	0.193492	-232.591
46700	0.193492	-228.223
46800	0.193492	-224.555
46900	0.193492	-230.562
47000	0.193492	-236.196
47100	0.193492	-236.055
47200	0.193492	-238.225
47300	0.193492	-238.226
47400	0.193492	-234.418
47500	0.193492	-227.761
47600	0.193492	-232.24
47700	0.193492	-227.734
47800	0.193492	-227.895
47900	0.193492	-235.165
48000	0.193492	-226.952
48100	0.193492	-226.903
48200	0.193492	-245.21
48300	0.193492	-239.653
48400	0.193492	-227.859
48500	0.193492	-231.96
48600	0.193492	-227.498
48700	0.193492	-226.182
48800	0.193492	-237.127
48900	0.193492	-231.405
49000	0.193492	-233.507
49100	0.193492	-230.173
49200	0.193492	-227.685
49300	0.193492	-230.338
49400	0.193492	-235.912
49500	0.193492	-235.259
49600	0.193492	-226.042
49700	0.193492	-232.104
49800	0.193492	-232.33
49900	0.193492	-228.281
50000	0.193492	-243.229
