state	power	likelihood
12600	1	-201.543
12700	1	-211.234
12800	1	-206.21
12900	1	-208.724
13000	1	-210.864
13100	1	-203.286
13200	1	-215.931
13300	1	-204.533
13400	1	-206.198
13500	1	-218.647
13600	1	-205.559
13700	1	-210.481
13800	1	-205.983
13900	1	-213.469
14000	1	-212.396
14100	1	-210.287
14200	1	-207.208
14300	1	-209.632
14400	1	-206.751
14500	1	-203.314
14600	1	-203.721
14700	1	-209.089
14800	1	-212.13
14900	1	-213.474
15000	1	-209.403
15100	1	-205.628
15200	1	-211.513
15300	1	-212.637
15400	1	-205.686
15500	1	-207.569
15600	1	-214.56
15700	1	-212.868
15800	1	-206.354
15900	1	-210.736
16000	1	-203.648
16100	1	-212.812
16200	1	-208.577
16300	1	-203.989
16400	1	-204.349
16500	1	-215.758
16600	1	-206.778
16700	1	-212.742
16800	1	-207.734
16900	1	-209.606
17000	1	-213.394
17100	1	-202.138
17200	1	-209.247
17300	1	-211.154
17400	1	-207.847
17500	1	-210.15
17600	1	-211.321
17700	1	-212.308
17800	1	-208.205
17900	1	-217.311
18000	1	-207.024
18100	1	-212.275
18200	1	-207.77
18300	1	-209.501
18400	1	-209.086
18500	1	-213.455
18600	1	-213.185
18700	1	-208.286
18800	1	-214.03
18900	1	-210.858
19000	1	-208.81
19100	1	-207.88
19200	1	-215.468
19300	1	-203.046
19400	1	-211.683
19500	1	-213.189
19600	1	-208.084
19700	1	-210.79
19800	1	-209.956
19900	1	-214.109
20000	1	-214.402
20100	1	-208.172
20200	1	-210.234
20300	1	-205.266
20400	1	-210.695
20500	1	-206.447
20600	1	-210.751
20700	1	-209.054
20800	1	-209.916
20900	1	-208.893
21000	1	-212.785
21100	1	-208.895
21200	1	-210.37
21300	1	-210.501
21400	1	-208.363
21500	1	-207.876
21600	1	-214.065
21700	1	-214.118
21800	1	-211.841
21900	1	-212.757
22000	1	-213.731
22100	1	-205.339
22200	1	-214.311
22300	1	-205.594
22400	1	-204.749
22500	1	-209.924
22600	1	-209.657
22700	1	-208.568
22800	1	-212.014
22900	1	-207.785
23000	1	-211.38
23100	1	-208.369
23200	1	-212.822
23300	1	-213.74
23400	1	-214.613
23500	1	-210.293
23600	1	-208.335
23700	1	-212.716
23800	1	-211.081
23900	1	-207.925
24000	1	-211.664
24100	1	-204.44
24200	1	-205.487
24300	1	-208.886
24400	1	-214.832
24500	1	-209.515
24600	1	-210.648
24700	1	-211.206
24800	1	-213.327
24900	1	-211.977
25000	1	-205.317
25100	1	-205.832
25200	1	-212
25300	1	-206.381
25400	1	-208.614
25500	1	-204.535
25600	1	-206.62
25700	1	-210.304
25800	1	-216.12
25900	1	-203.611
26000	1	-208.236
26100	1	-207.529
26200	1	-206.445
26300	1	-209.511
26400	1	-206.832
26500	1	-212.056
26600	1	-208.602
26700	1	-209.444
26800	1	-210.79
26900	1	-210.412
27000	1	-206.204
27100	1	-211.948
27200	1	-210.181
27300	1	-209.411
27400	1	-210.663
27500	1	-207.142
27600	1	-208.338
27700	1	-204.865
27800	1	-212.375
27900	1	-216.099
28000	1	-200.88
28100	1	-203.888
28200	1	-209.694
28300	1	-207.072
28400	1	-209.131
28500	1	-210.964
28600	1	-212.736
28700	1	-212.241
28800	1	-214.732
28900	1	-203.267
29000	1	-207.457
29100	1	-205.468
29200	1	-209.152
29300	1	-205.084
29400	1	-207.367
29500	1	-210.741
29600	1	-213.326
29700	1	-207.851
29800	1	-207.73
29900	1	-211.218
30000	1	-202.722
30100	1	-206.907
30200	1	-215.831
30300	1	-207.513
30400	1	-209.569
30500	1	-210.681
30600	1	-202.755
30700	1	-211.223
30800	1	-204.95
30900	1	-206.848
31000	1	-210.418
31100	1	-208.444
31200	1	-213.606
31300	1	-209.191
31400	1	-208.768
31500	1	-209.016
31600	1	-203.164
31700	1	-217.111
31800	1	-201.222
31900	1	-211.414
32000	1	-211.691
32100	1	-209.952
32200	1	-208.567
32300	1	-211.369
32400	1	-206.462
32500	1	-212.052
32600	1	-208.565
32700	1	-205.728
32800	1	-207.806
32900	1	-208.496
33000	1	-205.204
33100	1	-204.968
33200	1	-210.025
33300	1	-203.84
33400	1	-216.395
33500	1	-209.704
33600	1	-206.523
33700	1	-208.102
33800	1	-209.601
33900	1	-208.015
34000	1	-210.039
34100	1	-206.222
34200	1	-216.597
34300	1	-209.055
34400	1	-212.169
34500	1	-207.201
34600	1	-208.556
34700	1	-210.888
34800	1	-209.333
34900	1	-210.43
35000	1	-210.282
35100	1	-204.828
35200	1	-206.981
35300	1	-205.928
35400	1	-207.906
35500	1	-207.722
35600	1	-204.436
35700	1	-204.28
35800	1	-205.809
35900	1	-204.888
36000	1	-212.459
36100	1	-205.543
36200	1	-211.152
36300	1	-214.06
36400	1	-210.133
36500	1	-201.271
36600	1	-210.348
36700	1	-211.013
36800	1	-212.545
36900	1	-207.937
37000	1	-211.978
37100	1	-205.578
37200	1	-208.14
37300	1	-212.231
37400	1	-208.076
37500	1	-208.509
37600	1	-205.239
37700	1	-207.877
37800	1	-209.616
37900	1	-203.198
38000	1	-205.351
38100	1	-209.916
38200	1	-208.99
38300	1	-205.04
38400	1	-202.064
38500	1	-213.739
38600	1	-205.734
38700	1	-212.714
38800	1	-207.963
38900	1	-216.745
39000	1	-208.335
39100	1	-206.134
39200	1	-214.826
39300	1	-211.298
39400	1	-209.304
39500	1	-210.859
39600	1	-207.099
39700	1	-205.993
39800	1	-210.619
39900	1	-197.288
40000	1	-207.344
40100	1	-212.662
40200	1	-210.524
40300	1	-204.626
40400	1	-211.33
40500	1	-206.012
40600	1	-204.839
40700	1	-209.658
40800	1	-208.604
40900	1	-211.76
41000	1	-208.748
41100	1	-212.205
41200	1	-207.177
41300	1	-208.397
41400	1	-212.616
41500	1	-209.714
41600	1	-208.108
41700	1	-207.9
41800	1	-209.98
41900	1	-213.155
42000	1	-207.381
42100	1	-207.219
42200	1	-216.232
42300	1	-213.386
42400	1	-207.218
42500	1	-210.678
42600	1	-214.874
42700	1	-208.565
42800	1	-207.913
42900	1	-209.642
43000	1	-209.454
43100	1	-202.68
43200	1	-205.458
43300	1	-212.74
43400	1	-210.07
43500	1	-206.658
43600	1	-207.539
43700	1	-208.593
43800	1	-205.881
43900	1	-211.753
44000	1	-207.03
44100	1	-211.753
44200	1	-211.732
44300	1	-207.898
44400	1	-214.361
44500	1	-206.564
44600	1	-210.289
44700	1	-207.232
44800	1	-206.204
44900	1	-212.22
45000	1	-210.041
45100	1	-212.445
45200	1	-208.08
45300	1	-209.195
45400	1	-208.73
45500	1	-209.868
45600	1	-209.836
45700	1	-212.143
45800	1	-212.687
45900	1	-209.174
46000	1	-208.268
46100	1	-213.844
46200	1	-211.423
46300	1	-210.31
46400	1	-208.382
46500	1	-208.82
46600	1	-207.718
46700	1	-209.626
46800	1	-207.471
46900	1	-200.136
47000	1	-207.866
47100	1	-209.244
47200	1	-211.357
47300	1	-206.936
47400	1	-203.975
47500	1	-211.667
47600	1	-208.944
47700	1	-206.568
47800	1	-210.392
47900	1	-206.394
48000	1	-208.593
48100	1	-204.713
48200	1	-207.752
48300	1	-211.34
48400	1	-206.56
48500	1	-206.403
48600	1	-207.673
48700	1	-206.901
48800	1	-208.297
48900	1	-212.034
49000	1	-207.758
49100	1	-208.74
49200	1	-213.298
49300	1	-211.101
49400	1	-205.855
49500	1	-200.701
49600	1	-206.218
49700	1	-209.776
49800	1	-215.567
49900	1	-211.588
50000	1	-210.546
