state	power	likelihood
12600	0.659082	-232.313
12700	0.659082	-232.178
12800	0.659082	-233.508
12900	0.659082	-232.206
13000	0.659082	-233.725
13100	0.659082	-238.27
13200	0.659082	-232.595
13300	0.659082	-232.025
13400	0.659082	-232.905
13500	0.659082	-232.813
13600	0.659082	-233.762
13700	0.659082	-233.361
13800	0.659082	-234.594
13900	0.659082	-231.811
14000	0.659082	-235.654
14100	0.659082	-234.001
14200	0.659082	-234.548
14300	0.659082	-236.097
14400	0.659082	-232.81
14500	0.659082	-234.321
14600	0.659082	-232.928
14700	0.659082	-238.811
14800	0.659082	-233.253
14900	0.659082	-236.358
15000	0.659082	-235.8
15100	0.659082	-233.163
15200	0.659082	-232.548
15300	0.659082	-232.828
15400	0.659082	-231.65
15500	0.659082	-233.176
15600	0.659082	-232.016
15700	0.659082	-235.538
15800	0.659082	-232.259
15900	0.659082	-231.847
16000	0.659082	-233.497
16100	0.659082	-233.234
16200	0.659082	-232.563
16300	0.659082	-232.71
16400	0.659082	-233.842
16500	0.659082	-233.706
16600	0.659082	-232.966
16700	0.659082	-232.596
16800	0.659082	-233.81
16900	0.659082	-232.028
17000	0.659082	-231.587
17100	0.659082	-232.742
17200	0.659082	-231.902
17300	0.659082	-234.748
17400	0.659082	-231.692
17500	0.659082	-234.101
17600	0.659082	-235.569
17700	0.659082	-231.429
17800	0.659082	-233.542
17900	0.659082	-231.985
18000	0.659082	-237.4
18100	0.659082	-236.435
18200	0.659082	-231.745
18300	0.659082	-231.539
18400	0.659082	-236.343
18500	0.659082	-233.432
18600	0.659082	-233.313
18700	0.659082	-235.708
18800	0.659082	-232.746
18900	0.659082	-233.245
19000	0.659082	-231.657
19100	0.659082	-234.27
19200	0.659082	-233.516
19300	0.659082	-232.07
19400	0.659082	-234.749
19500	0.659082	-234.954
19600	0.659082	-233.381
19700	0.659082	-235.934
19800	0.659082	-235.919
19900	0.659082	-233.968
20000	0.659082	-234.079
20100	0.659082	-231.953
20200	0.659082	-233.677
20300	0.659082	-231.921
20400	0.659082	-235.309
20500	0.659082	-232.492
20600	0.659082	-232.11
20700	0.659082	-233.574
20800	0.659082	-232.195
20900	0.659082	-233.447
21000	0.659082	-233.14
21100	0.659082	-232.413
21200	0.659082	-232.191
21300	0.659082	-231.853
21400	0.659082	-236.982
21500	0.659082	-237.377
21600	0.659082	-234.199
21700	0.659082	-233.474
21800	0.659082	-232.905
21900	0.659082	-232.172
22000	0.659082	-232.39
22100	0.659082	-231.377
22200	0.659082	-232.037
22300	0.659082	-231.604
22400	0.659082	-232.526
22500	0.659082	-232.774
22600	0.659082	-231.708
22700	0.659082	-231.999
22800	0.659082	-233.789
22900	0.659082	-233.6
23000	0.659082	-231.823
23100	0.659082	-232.241
23200	0.659082	-234.263
23300	0.659082	-232.319
23400	0.659082	-232.209
23500	0.659082	-234.291
23600	0.659082	-234.499
23700	0.659082	-231.566
23800	0.659082	-233.774
23900	0.659082	-232.473
24000	0.659082	-233.903
24100	0.659082	-234.949
24200	0.659082	-235.614
24300	0.659082	-240.004
24400	0.659082	-232.919
24500	0.659082	-232.551
24600	0.659082	-234.326
24700	0.659082	-231.428
24800	0.659082	-233.54
24900	0.659082	-231.805
25000	0.659082	-233.25
25100	0.659082	-232.46
25200	0.659082	-232.011
25300	0.659082	-231.689
25400	0.659082	-232.998
25500	0.659082	-233.464
25600	0.659082	-232.67
25700	0.659082	-233.815
25800	0.659082	-233.527
25900	0.659082	-232.966
26000	0.659082	-233.01
26100	0.659082	-232.782
26200	0.659082	-232.745
26300	0.659082	-231.424
26400	0.659082	-231.967
26500	0.659082	-232.5
26600	0.659082	-232.309
26700	0.659082	-232.006
26800	0.659082	-233.456
26900	0.659082	-231.837
27000	0.659082	-232.886
27100	0.659082	-234.362
27200	0.659082	-231.631
27300	0.659082	-232.401
27400	0.659082	-232.544
27500	0.659082	-232.564
27600	0.659082	-235.064
27700	0.659082	-231.779
27800	0.659082	-232.325
27900	0.659082	-236.713
28000	0.659082	-237.323
28100	0.659082	-234.555
28200	0.659082	-236.892
28300	0.659082	-231.511
28400	0.659082	-234.429
28500	0.659082	-234.081
28600	0.659082	-233.369
28700	0.659082	-232.2
28800	0.659082	-232.885
28900	0.659082	-231.678
29000	0.659082	-231.779
29100	0.659082	-225.407
29200	0.659082	-229.187
29300	0.659082	-232.744
29400	0.659082	-232.898
29500	0.659082	-232.772
29600	0.659082	-233.85
29700	0.659082	-233.093
29800	0.659082	-233.928
29900	0.659082	-232.132
30000	0.659082	-232.042
30100	0.659082	-232.149
30200	0.659082	-232.176
30300	0.659082	-233.194
30400	0.659082	-237.45
30500	0.659082	-233.791
30600	0.659082	-233.567
30700	0.659082	-237.276
30800	0.659082	-235.705
30900	0.659082	-233.414
31000	0.659082	-231.496
31100	0.659082	-233.155
31200	0.659082	-233.71
31300	0.659082	-233.236
31400	0.659082	-235.37
31500	0.659082	-232.722
31600	0.659082	-232.491
31700	0.659082	-232.958
31800	0.659082	-232.103
31900	0.659082	-234.3
32000	0.659082	-231.569
32100	0.659082	-234.535
32200	0.659082	-232.813
32300	0.659082	-234.181
32400	0.659082	-232.837
32500	0.659082	-233.944
32600	0.659082	-232.141
32700	0.659082	-236.403
32800	0.659082	-232.804
32900	0.659082	-232.993
33000	0.659082	-232.761
33100	0.659082	-233.311
33200	0.659082	-235.243
33300	0.659082	-240.432
33400	0.659082	-232.653
33500	0.659082	-233.987
33600	0.659082	-232.814
33700	0.659082	-233.526
33800	0.659082	-234.073
33900	0.659082	-232.727
34000	0.659082	-232.463
34100	0.659082	-234.703
34200	0.659082	-233.649
34300	0.659082	-232.555
34400	0.659082	-231.61
34500	0.659082	-231.756
34600	0.659082	-233.94
34700	0.659082	-231.675
34800	0.659082	-232.96
34900	0.659082	-232.901
35000	0.659082	-232.493
35100	0.659082	-232.135
35200	0.659082	-231.829
35300	0.659082	-231.684
35400	0.659082	-232.847
35500	0.659082	-232.385
35600	0.659082	-233.156
35700	0.659082	-232.091
35800	0.659082	-234.49
35900	0.659082	-231.875
36000	0.659082	-236.326
36100	0.659082	-231.856
36200	0.659082	-234.672
36300	0.659082	-232.211
36400	0.659082	-232.278
36500	0.659082	-233.195
36600	0.659082	-233.474
36700	0.659082	-232.744
36800	0.659082	-232.67
36900	0.659082	-235.252
37000	0.659082	-233.407
37100	0.659082	-232.028
37200	0.659082	-233.238
37300	0.659082	-232.761
37400	0.659082	-237.179
37500	0.659082	-233.18
37600	0.659082	-232.301
37700	0.659082	-233.219
37800	0.659082	-233.079
37900	0.659082	-233.757
38000	0.659082	-234.39
38100	0.659082	-231.662
38200	0.659082	-235.618
38300	0.659082	-233.372
38400	0.659082	-232.999
38500	0.659082	-232.511
38600	0.659082	-233.903
38700	0.659082	-233.354
38800	0.659082	-232.425
38900	0.659082	-232.333
39000	0.659082	-236.696
39100	0.659082	-232.809
39200	0.659082	-233.819
39300	0.659082	-232.138
39400	0.659082	-231.946
39500	0.659082	-232.638
39600	0.659082	-232.689
39700	0.659082	-232.101
39800	0.659082	-235.253
39900	0.659082	-232.271
40000	0.659082	-232.347
40100	0.659082	-231.647
40200	0.659082	-232.035
40300	0.659082	-232.176
40400	0.659082	-233.265
40500	0.659082	-235.411
40600	0.659082	-233.087
40700	0.659082	-233.052
40800	0.659082	-232.63
40900	0.659082	-231.65
41000	0.659082	-233.225
41100	0.659082	-232.934
41200	0.659082	-232.402
41300	0.659082	-234.505
41400	0.659082	-233.166
41500	0.659082	-236.76
41600	0.659082	-231.958
41700	0.659082	-232.666
41800	0.659082	-236.064
41900	0.659082	-232.103
42000	0.659082	-232.852
42100	0.659082	-236.798
42200	0.659082	-231.638
42300	0.659082	-234.873
42400	0.659082	-233.086
42500	0.659082	-231.718
42600	0.659082	-231.509
42700	0.659082	-233.262
42800	0.659082	-232.507
42900	0.659082	-233.728
43000	0.659082	-237.86
43100	0.659082	-231.406
43200	0.659082	-232.868
43300	0.659082	-234.195
43400	0.659082	-236.118
43500	0.659082	-233.8
43600	0.659082	-231.464
43700	0.659082	-234.409
43800	0.659082	-232.562
43900	0.659082	-233
44000	0.659082	-233.898
44100	0.659082	-233.933
44200	0.659082	-237.025
44300	0.659082	-232.432
44400	0.659082	-232.499
44500	0.659082	-243.825
44600	0.659082	-232.011
44700	0.659082	-232.823
44800	0.659082	-232.218
44900	0.659082	-237.074
45000	0.659082	-233.698
45100	0.659082	-233.968
45200	0.659082	-233.395
45300	0.659082	-232.81
45400	0.659082	-234.611
45500	0.659082	-233.197
45600	0.659082	-234.587
45700	0.659082	-236.648
45800	0.659082	-231.662
45900	0.659082	-235.387
46000	0.659082	-228.486
46100	0.659082	-233.771
46200	0.659082	-231.736
46300	0.659082	-235.8
46400	0.659082	-233.845
46500	0.659082	-231.971
46600	0.659082	-232.372
46700	0.659082	-236.068
46800	0.659082	-237.134
46900	0.659082	-232.734
47000	0.659082	-231.747
47100	0.659082	-237.448
47200	0.659082	-235.482
47300	0.659082	-237.715
47400	0.659082	-234.792
47500	0.659082	-234.565
47600	0.659082	-232.76
47700	0.659082	-233.239
47800	0.659082	-235.456
47900	0.659082	-231.674
48000	0.659082	-234.274
48100	0.659082	-232.97
48200	0.659082	-234.523
48300	0.659082	-232.868
48400	0.659082	-232.305
48500	0.659082	-240.398
48600	0.659082	-233.751
48700	0.659082	-233.116
48800	0.659082	-234.492
48900	0.659082	-232.579
49000	0.659082	-233.122
49100	0.659082	-235.709
49200	0.659082	-232.758
49300	0.659082	-232.071
49400	0.659082	-233.539
49500	0.659082	-234.13
49600	0.659082	-234.922
49700	0.659082	-232.288
49800	0.659082	-232.824
49900	0.659082	-233.541
50000	0.659082	-233.49
