state	power	likelihood
12600	0.00172104	-1442.24
12700	0.00172104	-1046.43
12800	0.00172104	-824.455
12900	0.00172104	-832.426
13000	0.00172104	-826.504
13100	0.00172104	-562.653
13200	0.00172104	-832.507
13300	0.00172104	-653.178
13400	0.00172104	-767.363
13500	0.00172104	-622.799
13600	0.00172104	-826.04
13700	0.00172104	-806.561
13800	0.00172104	-728.219
13900	0.00172104	-706.037
14000	0.00172104	-650.017
14100	0.00172104	-1364.92
14200	0.00172104	-696.206
14300	0.00172104	-726.027
14400	0.00172104	-454.144
14500	0.00172104	-1401.85
14600	0.00172104	-1317.34
14700	0.00172104	-753.378
14800	0.00172104	-1109.25
14900	0.00172104	-1228.81
15000	0.00172104	-1428.72
15100	0.00172104	-798.697
15200	0.00172104	-609.556
15300	0.00172104	-610.982
15400	0.00172104	-753.666
15500	0.00172104	-1072.69
15600	0.00172104	-839.187
15700	0.00172104	-890.669
15800	0.00172104	-678.176
15900	0.00172104	-614.994
16000	0.00172104	-639.298
16100	0.00172104	-926.263
16200	0.00172104	-1420.67
16300	0.00172104	-1442.48
16400	0.00172104	-981.094
16500	0.00172104	-892.218
16600	0.00172104	-706.666
16700	0.00172104	-1398.01
16800	0.00172104	-965.052
16900	0.00172104	-667.027
17000	0.00172104	-797.943
17100	0.00172104	-752.047
17200	0.00172104	-1046.01
17300	0.00172104	-400.321
17400	0.00172104	-804.843
17500	0.00172104	-670.237
17600	0.00172104	-1228.49
17700	0.00172104	-1357.68
17800	0.00172104	-749.385
17900	0.00172104	-1002.82
18000	0.00172104	-674.699
18100	0.00172104	-1261.84
18200	0.00172104	-595.062
18300	0.00172104	-1125.08
18400	0.00172104	-1178.56
18500	0.00172104	-714.546
18600	0.00172104	-652.23
18700	0.00172104	-567.941
18800	0.00172104	-996.818
18900	0.00172104	-886.202
19000	0.00172104	-1213.92
19100	0.00172104	-570.019
19200	0.00172104	-670.058
19300	0.00172104	-413.635
19400	0.00172104	-783.346
19500	0.00172104	-1435.36
19600	0.00172104	-796.938
19700	0.00172104	-783.373
19800	0.00172104	-639.268
19900	0.00172104	-670.933
20000	0.00172104	-1145.27
20100	0.00172104	-779.904
20200	0.00172104	-732.748
20300	0.00172104	-862.463
20400	0.00172104	-1140
20500	0.00172104	-741.758
20600	0.00172104	-428.778
20700	0.00172104	-876.575
20800	0.00172104	-628.337
20900	0.00172104	-548.752
21000	0.00172104	-962.894
21100	0.00172104	-637.969
21200	0.00172104	-673.706
21300	0.00172104	-908.078
21400	0.00172104	-831.395
21500	0.00172104	-756.445
21600	0.00172104	-1844.33
21700	0.00172104	-949.893
21800	0.00172104	-456.299
21900	0.00172104	-1146.63
22000	0.00172104	-737.745
22100	0.00172104	-842.168
22200	0.00172104	-838.392
22300	0.00172104	-1094.34
22400	0.00172104	-867.795
22500	0.00172104	-873.102
22600	0.00172104	-817.47
22700	0.00172104	-681.636
22800	0.00172104	-893.516
22900	0.00172104	-1296.11
23000	0.00172104	-506.668
23100	0.00172104	-488.33
23200	0.00172104	-685.061
23300	0.00172104	-1417.1
23400	0.00172104	-1113.14
23500	0.00172104	-626.343
23600	0.00172104	-589.015
23700	0.00172104	-451.705
23800	0.00172104	-603.301
23900	0.00172104	-674.497
24000	0.00172104	-1166.29
24100	0.00172104	-897.31
24200	0.00172104	-925.844
24300	0.00172104	-1752.27
24400	0.00172104	-901.923
24500	0.00172104	-596.088
24600	0.00172104	-1631.71
24700	0.00172104	-854.981
24800	0.00172104	-758.625
24900	0.00172104	-872.352
25000	0.00172104	-673.721
25100	0.00172104	-1022.83
25200	0.00172104	-933.601
25300	0.00172104	-902.079
25400	0.00172104	-984.247
25500	0.00172104	-1247.6
25600	0.00172104	-728.924
25700	0.00172104	-900.146
25800	0.00172104	-1069.37
25900	0.00172104	-883.387
26000	0.00172104	-2034.18
26100	0.00172104	-1014.68
26200	0.00172104	-638.201
26300	0.00172104	-436.253
26400	0.00172104	-1049.82
26500	0.00172104	-886.131
26600	0.00172104	-819.21
26700	0.00172104	-1061.44
26800	0.00172104	-824.997
26900	0.00172104	-698.279
27000	0.00172104	-862.683
27100	0.00172104	-1192.25
27200	0.00172104	-676.611
27300	0.00172104	-1266.75
27400	0.00172104	-953.688
27500	0.00172104	-847.654
27600	0.00172104	-789.357
27700	0.00172104	-1038.17
27800	0.00172104	-898.815
27900	0.00172104	-428.859
28000	0.00172104	-1063.66
28100	0.00172104	-932.692
28200	0.00172104	-980.558
28300	0.00172104	-796.616
28400	0.00172104	-785.434
28500	0.00172104	-1637.87
28600	0.00172104	-534.713
28700	0.00172104	-661.274
28800	0.00172104	-989.188
28900	0.00172104	-756.155
29000	0.00172104	-725.992
29100	0.00172104	-561.102
29200	0.00172104	-779.154
29300	0.00172104	-804.112
29400	0.00172104	-628.532
29500	0.00172104	-731.33
29600	0.00172104	-1108.52
29700	0.00172104	-753.831
29800	0.00172104	-701.842
29900	0.00172104	-671.218
30000	0.00172104	-1093.78
30100	0.00172104	-727.623
30200	0.00172104	-401.708
30300	0.00172104	-701.001
30400	0.00172104	-1130.84
30500	0.00172104	-839.997
30600	0.00172104	-984.142
30700	0.00172104	-789.33
30800	0.00172104	-890.399
30900	0.00172104	-1110.12
31000	0.00172104	-684.578
31100	0.00172104	-863.567
31200	0.00172104	-752.289
31300	0.00172104	-820.405
31400	0.00172104	-1054.37
31500	0.00172104	-579.537
31600	0.00172104	-1264.48
31700	0.00172104	-663.495
31800	0.00172104	-1520.74
31900	0.00172104	-1658.35
32000	0.00172104	-902.558
32100	0.00172104	-814.88
32200	0.00172104	-1171.64
32300	0.00172104	-2152.45
32400	0.00172104	-1180.37
32500	0.00172104	-729.282
32600	0.00172104	-687.532
32700	0.00172104	-842.291
32800	0.00172104	-777.01
32900	0.00172104	-816.622
33000	0.00172104	-506.367
33100	0.00172104	-1275.2
33200	0.00172104	-1044.77
33300	0.00172104	-789.079
33400	0.00172104	-875.48
33500	0.00172104	-1103.69
33600	0.00172104	-1270.84
33700	0.00172104	-1172.41
33800	0.00172104	-593.335
33900	0.00172104	-629.879
34000	0.00172104	-703.083
34100	0.00172104	-929.89
34200	0.00172104	-632.954
34300	0.00172104	-908.461
34400	0.00172104	-1197.03
34500	0.00172104	-1008.94
34600	0.00172104	-656.505
34700	0.00172104	-567.931
34800	0.00172104	-940.762
34900	0.00172104	-1928.8
35000	0.00172104	-845.777
35100	0.00172104	-421.383
35200	0.00172104	-1006.06
35300	0.00172104	-870.958
35400	0.00172104	-796.816
35500	0.00172104	-1463.47
35600	0.00172104	-644.746
35700	0.00172104	-796.328
35800	0.00172104	-1159.86
35900	0.00172104	-876.266
36000	0.00172104	-1493.44
36100	0.00172104	-1808.62
36200	0.00172104	-555.684
36300	0.00172104	-913.482
36400	0.00172104	-1594.22
36500	0.00172104	-1060.9
36600	0.00172104	-792.161
36700	0.00172104	-906.272
36800	0.00172104	-454.576
36900	0.00172104	-981.933
37000	0.00172104	-618.343
37100	0.00172104	-1121.93
37200	0.00172104	-1145.66
37300	0.00172104	-1208.74
37400	0.00172104	-2028.17
37500	0.00172104	-749.384
37600	0.00172104	-780.268
37700	0.00172104	-1428.79
37800	0.00172104	-1220.88
37900	0.00172104	-1205.88
38000	0.00172104	-622.165
38100	0.00172104	-1173.09
38200	0.00172104	-686.216
38300	0.00172104	-1130.47
38400	0.00172104	-805.065
38500	0.00172104	-614.374
38600	0.00172104	-1447.84
38700	0.00172104	-758.577
38800	0.00172104	-776.872
38900	0.00172104	-1441.42
39000	0.00172104	-1171.1
39100	0.00172104	-1218.51
39200	0.00172104	-792.761
39300	0.00172104	-1378.94
39400	0.00172104	-506.215
39500	0.00172104	-701.562
39600	0.00172104	-784.475
39700	0.00172104	-571.794
39800	0.00172104	-1047.25
39900	0.00172104	-854.426
40000	0.00172104	-1978.56
40100	0.00172104	-1115.18
40200	0.00172104	-630.782
40300	0.00172104	-1000.52
40400	0.00172104	-797.393
40500	0.00172104	-698.216
40600	0.00172104	-1220.14
40700	0.00172104	-608.505
40800	0.00172104	-568.081
40900	0.00172104	-1103.18
41000	0.00172104	-735.266
41100	0.00172104	-901.83
41200	0.00172104	-771.52
41300	0.00172104	-764.793
41400	0.00172104	-884.965
41500	0.00172104	-1294.43
41600	0.00172104	-969.573
41700	0.00172104	-959.4
41800	0.00172104	-1244.01
41900	0.00172104	-1088.28
42000	0.00172104	-1449.72
42100	0.00172104	-1216.25
42200	0.00172104	-680.973
42300	0.00172104	-1455.72
42400	0.00172104	-681.943
42500	0.00172104	-1736.61
42600	0.00172104	-1091.48
42700	0.00172104	-1143.07
42800	0.00172104	-611.681
42900	0.00172104	-1316.56
43000	0.00172104	-1614.09
43100	0.00172104	-460.832
43200	0.00172104	-676.286
43300	0.00172104	-790.482
43400	0.00172104	-1206.69
43500	0.00172104	-718.69
43600	0.00172104	-867.511
43700	0.00172104	-836.358
43800	0.00172104	-748.752
43900	0.00172104	-1166.14
44000	0.00172104	-954.535
44100	0.00172104	-1300.63
44200	0.00172104	-769.512
44300	0.00172104	-733.145
44400	0.00172104	-1479.79
44500	0.00172104	-835.025
44600	0.00172104	-814.926
44700	0.00172104	-803.64
44800	0.00172104	-691.859
44900	0.00172104	-850.855
45000	0.00172104	-420.641
45100	0.00172104	-596.564
45200	0.00172104	-580.014
45300	0.00172104	-917.275
45400	0.00172104	-946.9
45500	0.00172104	-749.088
45600	0.00172104	-855.598
45700	0.00172104	-776.26
45800	0.00172104	-826.648
45900	0.00172104	-1127.77
46000	0.00172104	-667.145
46100	0.00172104	-1261.68
46200	0.00172104	-627.388
46300	0.00172104	-575.181
46400	0.00172104	-1037.4
46500	0.00172104	-866.34
46600	0.00172104	-673.241
46700	0.00172104	-723.321
46800	0.00172104	-925.252
46900	0.00172104	-642.032
47000	0.00172104	-1244.64
47100	0.00172104	-727.788
47200	0.00172104	-1366.65
47300	0.00172104	-734.492
47400	0.00172104	-1386.96
47500	0.00172104	-1607.32
47600	0.00172104	-750.727
47700	0.00172104	-817.198
47800	0.00172104	-659.25
47900	0.00172104	-984.588
48000	0.00172104	-660.106
48100	0.00172104	-744.083
48200	0.00172104	-1008.1
48300	0.00172104	-550.457
48400	0.00172104	-644.903
48500	0.00172104	-1706.36
48600	0.00172104	-1429.13
48700	0.00172104	-954.708
48800	0.00172104	-552.977
48900	0.00172104	-921.175
49000	0.00172104	-1115.11
49100	0.00172104	-530.719
49200	0.00172104	-824.224
49300	0.00172104	-984.638
49400	0.00172104	-579.161
49500	0.00172104	-853.419
49600	0.00172104	-1146.18
49700	0.00172104	-823.075
49800	0.00172104	-938.84
49900	0.00172104	-988.875
50000	0.00172104	-636.486
