state	power	likelihood
12600	1.16658e-302	-414.875
12700	1.16658e-302	-371.478
12800	1.16658e-302	-385.002
12900	1.16658e-302	-397.303
13000	1.16658e-302	-382.541
13100	1.16658e-302	-395.57
13200	1.16658e-302	-401.493
13300	1.16658e-302	-419.056
13400	1.16658e-302	-421.553
13500	1.16658e-302	-381.744
13600	1.16658e-302	-370.378
13700	1.16658e-302	-392.312
13800	1.16658e-302	-373.628
13900	1.16658e-302	-415.939
14000	1.16658e-302	-392.066
14100	1.16658e-302	-389.181
14200	1.16658e-302	-380.839
14300	1.16658e-302	-399.844
14400	1.16658e-302	-377.709
14500	1.16658e-302	-386.872
14600	1.16658e-302	-419.252
14700	1.16658e-302	-404.021
14800	1.16658e-302	-395.457
14900	1.16658e-302	-420.678
15000	1.16658e-302	-430.64
15100	1.16658e-302	-403.089
15200	1.16658e-302	-378.387
15300	1.16658e-302	-382.95
15400	1.16658e-302	-396.302
15500	1.16658e-302	-383.356
15600	1.16658e-302	-402.821
15700	1.16658e-302	-383.231
15800	1.16658e-302	-383.906
15900	1.16658e-302	-410.837
16000	1.16658e-302	-397.258
16100	1.16658e-302	-382.889
16200	1.16658e-302	-373.081
16300	1.16658e-302	-413.58
16400	1.16658e-302	-405.907
16500	1.16658e-302	-396.887
16600	1.16658e-302	-443.763
16700	1.16658e-302	-396.112
16800	1.16658e-302	-376.115
16900	1.16658e-302	-371.066
17000	1.16658e-302	-361.907
17100	1.16658e-302	-373.374
17200	1.16658e-302	-421.202
17300	1.16658e-302	-417.588
17400	1.16658e-302	-399.233
17500	1.16658e-302	-382.175
17600	1.16658e-302	-450.299
17700	1.16658e-302	-415.727
17800	1.16658e-302	-402.425
17900	1.16658e-302	-370.194
18000	1.16658e-302	-429.925
18100	1.16658e-302	-372.313
18200	1.16658e-302	-401.13
18300	1.16658e-302	-396.37
18400	1.16658e-302	-397.232
18500	1.16658e-302	-398.272
18600	1.16658e-302	-396.92
18700	1.16658e-302	-391.78
18800	1.16658e-302	-386.279
18900	1.16658e-302	-389.625
19000	1.16658e-302	-377.18
19100	1.16658e-302	-417.02
19200	1.16658e-302	-370.26
19300	1.16658e-302	-372.91
19400	1.16658e-302	-366.428
19500	1.16658e-302	-424.149
19600	1.16658e-302	-363.077
19700	1.16658e-302	-398.245
19800	1.16658e-302	-416.303
19900	1.16658e-302	-414.608
20000	1.16658e-302	-418.539
20100	1.16658e-302	-394.726
20200	1.16658e-302	-407.927
20300	1.16658e-302	-362.487
20400	1.16658e-302	-413.617
20500	1.16658e-302	-421.694
20600	1.16658e-302	-391.153
20700	1.16658e-302	-382.578
20800	1.16658e-302	-384.063
20900	1.16658e-302	-418.002
21000	1.16658e-302	-382.583
21100	1.16658e-302	-401.658
21200	1.16658e-302	-376.221
21300	1.16658e-302	-409.732
21400	1.16658e-302	-417.833
21500	1.16658e-302	-382.816
21600	1.16658e-302	-386.072
21700	1.16658e-302	-394.98
21800	1.16658e-302	-403.872
21900	1.16658e-302	-426.774
22000	1.16658e-302	-385.013
22100	1.16658e-302	-410.458
22200	1.16658e-302	-429.599
22300	1.16658e-302	-436.84
22400	1.16658e-302	-430.138
22500	1.16658e-302	-400.48
22600	1.16658e-302	-424.561
22700	1.16658e-302	-365.968
22800	1.16658e-302	-401.778
22900	1.16658e-302	-422.081
23000	1.16658e-302	-411.609
23100	1.16658e-302	-378.876
23200	1.16658e-302	-364.35
23300	1.16658e-302	-433.905
23400	1.16658e-302	-399.402
23500	1.16658e-302	-395.797
23600	1.16658e-302	-420.375
23700	1.16658e-302	-392.284
23800	1.16658e-302	-430.72
23900	1.16658e-302	-378.023
24000	1.16658e-302	-393.525
24100	1.16658e-302	-401.677
24200	1.16658e-302	-405.401
24300	1.16658e-302	-369.738
24400	1.16658e-302	-419.452
24500	1.16658e-302	-387.857
24600	1.16658e-302	-423.122
24700	1.16658e-302	-380.217
24800	1.16658e-302	-383.273
24900	1.16658e-302	-401.059
25000	1.16658e-302	-380.95
25100	1.16658e-302	-382.222
25200	1.16658e-302	-397.34
25300	1.16658e-302	-406.36
25400	1.16658e-302	-428.284
25500	1.16658e-302	-395.772
25600	1.16658e-302	-382.628
25700	1.16658e-302	-365.074
25800	1.16658e-302	-381.055
25900	1.16658e-302	-431.947
26000	1.16658e-302	-397.669
26100	1.16658e-302	-368.2
26200	1.16658e-302	-373.364
26300	1.16658e-302	-394.417
26400	1.16658e-302	-424.069
26500	1.16658e-302	-392.192
26600	1.16658e-302	-383.025
26700	1.16658e-302	-369.388
26800	1.16658e-302	-408.797
26900	1.16658e-302	-365.802
27000	1.16658e-302	-412.093
27100	1.16658e-302	-412.18
27200	1.16658e-302	-372.469
27300	1.16658e-302	-389.235
27400	1.16658e-302	-420.68
27500	1.16658e-302	-363.552
27600	1.16658e-302	-427.674
27700	1.16658e-302	-388.439
27800	1.16658e-302	-424.386
27900	1.16658e-302	-412.503
28000	1.16658e-302	-410.32
28100	1.16658e-302	-412.733
28200	1.16658e-302	-395.87
28300	1.16658e-302	-359.957
28400	1.16658e-302	-384.454
28500	1.16658e-302	-429.541
28600	1.16658e-302	-414.923
28700	1.16658e-302	-401.785
28800	1.16658e-302	-401.096
28900	1.16658e-302	-434.374
29000	1.16658e-302	-388.338
29100	1.16658e-302	-414.415
29200	1.16658e-302	-387.764
29300	1.16658e-302	-374.313
29400	1.16658e-302	-411.529
29500	1.16658e-302	-375.568
29600	1.16658e-302	-404.06
29700	1.16658e-302	-384.018
29800	1.16658e-302	-378.231
29900	1.16658e-302	-429.391
30000	1.16658e-302	-378.952
30100	1.16658e-302	-376.41
30200	1.16658e-302	-420.812
30300	1.16658e-302	-418.379
30400	1.16658e-302	-419.299
30500	1.16658e-302	-406.393
30600	1.16658e-302	-403.814
30700	1.16658e-302	-391.318
30800	1.16658e-302	-389.566
30900	1.16658e-302	-385.468
31000	1.16658e-302	-392.603
31100	1.16658e-302	-411.012
31200	1.16658e-302	-391.646
31300	1.16658e-302	-403.545
31400	1.16658e-302	-379.594
31500	1.16658e-302	-385.705
31600	1.16658e-302	-413.826
31700	1.16658e-302	-406.776
31800	1.16658e-302	-413.422
31900	1.16658e-302	-400.041
32000	1.16658e-302	-370.28
32100	1.16658e-302	-378.072
32200	1.16658e-302	-408.463
32300	1.16658e-302	-406.762
32400	1.16658e-302	-413.648
32500	1.16658e-302	-392.678
32600	1.16658e-302	-413.644
32700	1.16658e-302	-434.45
32800	1.16658e-302	-359.809
32900	1.16658e-302	-404.765
33000	1.16658e-302	-427.696
33100	1.16658e-302	-383.744
33200	1.16658e-302	-387.406
33300	1.16658e-302	-433.18
33400	1.16658e-302	-372.281
33500	1.16658e-302	-395.88
33600	1.16658e-302	-433.56
33700	1.16658e-302	-384.503
33800	1.16658e-302	-416.691
33900	1.16658e-302	-413.11
34000	1.16658e-302	-409.714
34100	1.16658e-302	-423.452
34200	1.16658e-302	-373.775
34300	1.16658e-302	-385.59
34400	1.16658e-302	-384.486
34500	1.16658e-302	-393.249
34600	1.16658e-302	-388.948
34700	1.16658e-302	-417.69
34800	1.16658e-302	-413.033
34900	1.16658e-302	-376.902
35000	1.16658e-302	-383.775
35100	1.16658e-302	-407.732
35200	1.16658e-302	-398.807
35300	1.16658e-302	-395.171
35400	1.16658e-302	-405.638
35500	1.16658e-302	-408.985
35600	1.16658e-302	-398.395
35700	1.16658e-302	-365.884
35800	1.16658e-302	-367.273
35900	1.16658e-302	-436.593
36000	1.16658e-302	-379.702
36100	1.16658e-302	-377.583
36200	1.16658e-302	-393.377
36300	1.16658e-302	-405.37
36400	1.16658e-302	-384.072
36500	1.16658e-302	-366.887
36600	1.16658e-302	-432.688
36700	1.16658e-302	-403.278
36800	1.16658e-302	-382.704
36900	1.16658e-302	-382.339
37000	1.16658e-302	-414.368
37100	1.16658e-302	-404.67
37200	1.16658e-302	-372.34
37300	1.16658e-302	-420.521
37400	1.16658e-302	-416.525
37500	1.16658e-302	-379.412
37600	1.16658e-302	-359.562
37700	1.16658e-302	-395.515
37800	1.16658e-302	-403.045
37900	1.16658e-302	-375.244
38000	1.16658e-302	-392.681
38100	1.16658e-302	-359.768
38200	1.16658e-302	-410.574
38300	1.16658e-302	-406.369
38400	1.16658e-302	-395.966
38500	1.16658e-302	-380.699
38600	1.16658e-302	-402.824
38700	1.16658e-302	-367.594
38800	1.16658e-302	-394.297
38900	1.16658e-302	-433.97
39000	1.16658e-302	-392.898
39100	1.16658e-302	-410.62
39200	1.16658e-302	-413.463
39300	1.16658e-302	-380.072
39400	1.16658e-302	-376.147
39500	1.16658e-302	-419.589
39600	1.16658e-302	-373.633
39700	1.16658e-302	-389.134
39800	1.16658e-302	-417.522
39900	1.16658e-302	-406.735
40000	1.16658e-302	-401.576
40100	1.16658e-302	-362.399
40200	1.16658e-302	-383.169
40300	1.16658e-302	-372.349
40400	1.16658e-302	-366.807
40500	1.16658e-302	-426.745
40600	1.16658e-302	-368.913
40700	1.16658e-302	-399.146
40800	1.16658e-302	-389.156
40900	1.16658e-302	-385.494
41000	1.16658e-302	-374.928
41100	1.16658e-302	-382.788
41200	1.16658e-302	-373.218
41300	1.16658e-302	-399.211
41400	1.16658e-302	-378.04
41500	1.16658e-302	-401.037
41600	1.16658e-302	-386.744
41700	1.16658e-302	-399.005
41800	1.16658e-302	-394.117
41900	1.16658e-302	-409.835
42000	1.16658e-302	-395.979
42100	1.16658e-302	-378.503
42200	1.16658e-302	-389.342
42300	1.16658e-302	-425.306
42400	1.16658e-302	-401.593
42500	1.16658e-302	-380.507
42600	1.16658e-302	-398.383
42700	1.16658e-302	-367.825
42800	1.16658e-302	-378.23
42900	1.16658e-302	-413.152
43000	1.16658e-302	-406.119
43100	1.16658e-302	-366.599
43200	1.16658e-302	-391.92
43300	1.16658e-302	-387.634
43400	1.16658e-302	-367.408
43500	1.16658e-302	-382.028
43600	1.16658e-302	-399.025
43700	1.16658e-302	-391.619
43800	1.16658e-302	-418.986
43900	1.16658e-302	-437.138
44000	1.16658e-302	-386.666
44100	1.16658e-302	-400.211
44200	1.16658e-302	-377.905
44300	1.16658e-302	-383.636
44400	1.16658e-302	-363.606
44500	1.16658e-302	-415.144
44600	1.16658e-302	-370.931
44700	1.16658e-302	-403.481
44800	1.16658e-302	-367.452
44900	1.16658e-302	-417.239
45000	1.16658e-302	-381.213
45100	1.16658e-302	-368.664
45200	1.16658e-302	-403.675
45300	1.16658e-302	-400.6
45400	1.16658e-302	-365.878
45500	1.16658e-302	-413.847
45600	1.16658e-302	-425.181
45700	1.16658e-302	-397.792
45800	1.16658e-302	-430.176
45900	1.16658e-302	-401.372
46000	1.16658e-302	-410.935
46100	1.16658e-302	-423.67
46200	1.16658e-302	-361.605
46300	1.16658e-302	-425.426
46400	1.16658e-302	-397.295
46500	1.16658e-302	-391.901
46600	1.16658e-302	-367.354
46700	1.16658e-302	-389.974
46800	1.16658e-302	-378.816
46900	1.16658e-302	-375.728
47000	1.16658e-302	-388.384
47100	1.16658e-302	-416.965
47200	1.16658e-302	-373.65
47300	1.16658e-302	-423.136
47400	1.16658e-302	-366.727
47500	1.16658e-302	-371.245
47600	1.16658e-302	-376.405
47700	1.16658e-302	-425.694
47800	1.16658e-302	-383.099
47900	1.16658e-302	-418.277
48000	1.16658e-302	-431.267
48100	1.16658e-302	-373.517
48200	1.16658e-302	-393.768
48300	1.16658e-302	-409.302
48400	1.16658e-302	-405.377
48500	1.16658e-302	-395.49
48600	1.16658e-302	-378.724
48700	1.16658e-302	-422.285
48800	1.16658e-302	-387.414
48900	1.16658e-302	-399.995
49000	1.16658e-302	-368.766
49100	1.16658e-302	-369
49200	1.16658e-302	-371.48
49300	1.16658e-302	-403.213
49400	1.16658e-302	-424.382
49500	1.16658e-302	-393.144
49600	1.16658e-302	-417
49700	1.16658e-302	-414.681
49800	1.16658e-302	-410.812
49900	1.16658e-302	-365.096
50000	1.16658e-302	-410.967
