state	power	likelihood
12600	0.01024	-465.523
12700	0.01024	-669.151
12800	0.01024	-407.953
12900	0.01024	-637.875
13000	0.01024	-478.022
13100	0.01024	-388.387
13200	0.01024	-689.938
13300	0.01024	-637.357
13400	0.01024	-660.875
13500	0.01024	-570.359
13600	0.01024	-540.262
13700	0.01024	-701.348
13800	0.01024	-339.526
13900	0.01024	-782.266
14000	0.01024	-605.39
14100	0.01024	-460.719
14200	0.01024	-486.52
14300	0.01024	-595.458
14400	0.01024	-506.45
14500	0.01024	-639.531
14600	0.01024	-794.038
14700	0.01024	-468.262
14800	0.01024	-603.052
14900	0.01024	-640.065
15000	0.01024	-628.214
15100	0.01024	-536.333
15200	0.01024	-708.319
15300	0.01024	-494.376
15400	0.01024	-650.423
15500	0.01024	-609.174
15600	0.01024	-617.673
15700	0.01024	-622.943
15800	0.01024	-586.753
15900	0.01024	-726.552
16000	0.01024	-498.69
16100	0.01024	-543.914
16200	0.01024	-766.611
16300	0.01024	-495.816
16400	0.01024	-600.318
16500	0.01024	-529.887
16600	0.01024	-782.149
16700	0.01024	-729.058
16800	0.01024	-773.446
16900	0.01024	-393.094
17000	0.01024	-448.296
17100	0.01024	-616.349
17200	0.01024	-786.607
17300	0.01024	-549.682
17400	0.01024	-865.664
17500	0.01024	-1025.08
17600	0.01024	-823.358
17700	0.01024	-461.999
17800	0.01024	-700.33
17900	0.01024	-591.961
18000	0.01024	-480.009
18100	0.01024	-546.041
18200	0.01024	-583.023
18300	0.01024	-535.507
18400	0.01024	-614.006
18500	0.01024	-553.793
18600	0.01024	-645.434
18700	0.01024	-482.003
18800	0.01024	-528.462
18900	0.01024	-617.538
19000	0.01024	-520.774
19100	0.01024	-616.019
19200	0.01024	-526.553
19300	0.01024	-465.623
19400	0.01024	-415.426
19500	0.01024	-495.545
19600	0.01024	-490.112
19700	0.01024	-536.735
19800	0.01024	-532.616
19900	0.01024	-371.867
20000	0.01024	-460.786
20100	0.01024	-644.433
20200	0.01024	-527.773
20300	0.01024	-635.443
20400	0.01024	-499.131
20500	0.01024	-393.863
20600	0.01024	-340.903
20700	0.01024	-285.629
20800	0.01024	-913.026
20900	0.01024	-534.411
21000	0.01024	-544.405
21100	0.01024	-605.801
21200	0.01024	-461.245
21300	0.01024	-661.415
21400	0.01024	-488.743
21500	0.01024	-426.581
21600	0.01024	-583.357
21700	0.01024	-918.846
21800	0.01024	-848.771
21900	0.01024	-726.731
22000	0.01024	-468.335
22100	0.01024	-549.685
22200	0.01024	-536.247
22300	0.01024	-714.991
22400	0.01024	-466.307
22500	0.01024	-546.664
22600	0.01024	-582.329
22700	0.01024	-521.661
22800	0.01024	-609.651
22900	0.01024	-534.68
23000	0.01024	-547.21
23100	0.01024	-452.714
23200	0.01024	-467.311
23300	0.01024	-526.735
23400	0.01024	-546.87
23500	0.01024	-704.774
23600	0.01024	-597.759
23700	0.01024	-534.377
23800	0.01024	-399.843
23900	0.01024	-486.764
24000	0.01024	-525.179
24100	0.01024	-448.376
24200	0.01024	-495.794
24300	0.01024	-471.404
24400	0.01024	-774.621
24500	0.01024	-437.396
24600	0.01024	-574.489
24700	0.01024	-854.046
24800	0.01024	-531.306
24900	0.01024	-523.999
25000	0.01024	-529.576
25100	0.01024	-574.921
25200	0.01024	-614.119
25300	0.01024	-471.126
25400	0.01024	-526.613
25500	0.01024	-422.694
25600	0.01024	-576.663
25700	0.01024	-897.407
25800	0.01024	-550.057
25900	0.01024	-489.419
26000	0.01024	-589.28
26100	0.01024	-831.597
26200	0.01024	-562.059
26300	0.01024	-455.846
26400	0.01024	-981.264
26500	0.01024	-540.181
26600	0.01024	-489.914
26700	0.01024	-548.755
26800	0.01024	-571.513
26900	0.01024	-800.18
27000	0.01024	-507.641
27100	0.01024	-451.181
27200	0.01024	-545.486
27300	0.01024	-489.77
27400	0.01024	-686.957
27500	0.01024	-625.141
27600	0.01024	-527.445
27700	0.01024	-349.343
27800	0.01024	-472.436
27900	0.01024	-382.982
28000	0.01024	-591.665
28100	0.01024	-845.558
28200	0.01024	-330.525
28300	0.01024	-484.02
28400	0.01024	-811.81
28500	0.01024	-642.808
28600	0.01024	-490.618
28700	0.01024	-535.947
28800	0.01024	-488.268
28900	0.01024	-707.765
29000	0.01024	-645.973
29100	0.01024	-434.182
29200	0.01024	-1175.68
29300	0.01024	-656.02
29400	0.01024	-721.75
29500	0.01024	-716.661
29600	0.01024	-749.436
29700	0.01024	-451.487
29800	0.01024	-542.617
29900	0.01024	-482.11
30000	0.01024	-530.086
30100	0.01024	-414.229
30200	0.01024	-540.396
30300	0.01024	-517.042
30400	0.01024	-746.141
30500	0.01024	-891.434
30600	0.01024	-674.568
30700	0.01024	-434.877
30800	0.01024	-483.589
30900	0.01024	-542.184
31000	0.01024	-481.297
31100	0.01024	-556.236
31200	0.01024	-583.53
31300	0.01024	-436.886
31400	0.01024	-485.178
31500	0.01024	-676.436
31600	0.01024	-650.883
31700	0.01024	-548.413
31800	0.01024	-427.704
31900	0.01024	-457.381
32000	0.01024	-488.278
32100	0.01024	-494.814
32200	0.01024	-474.655
32300	0.01024	-603.904
32400	0.01024	-472.667
32500	0.01024	-487.28
32600	0.01024	-362.461
32700	0.01024	-587.015
32800	0.01024	-657.747
32900	0.01024	-627.578
33000	0.01024	-357.162
33100	0.01024	-657.731
33200	0.01024	-483.268
33300	0.01024	-769.955
33400	0.01024	-425.534
33500	0.01024	-406.144
33600	0.01024	-602.224
33700	0.01024	-643.006
33800	0.01024	-436.766
33900	0.01024	-349.629
34000	0.01024	-1040.67
34100	0.01024	-631.82
34200	0.01024	-664.62
34300	0.01024	-590.035
34400	0.01024	-550.384
34500	0.01024	-537.325
34600	0.01024	-830.21
34700	0.01024	-433.076
34800	0.01024	-638.122
34900	0.01024	-760.077
35000	0.01024	-430.755
35100	0.01024	-536.506
35200	0.01024	-648.542
35300	0.01024	-402.788
35400	0.01024	-672.538
35500	0.01024	-501.708
35600	0.01024	-481.588
35700	0.01024	-572.151
35800	0.01024	-400.842
35900	0.01024	-681.596
36000	0.01024	-616.772
36100	0.01024	-775.986
36200	0.01024	-479.014
36300	0.01024	-479.67
36400	0.01024	-871.721
36500	0.01024	-597.776
36600	0.01024	-442.981
36700	0.01024	-420.263
36800	0.01024	-494.745
36900	0.01024	-591.342
37000	0.01024	-565.473
37100	0.01024	-518.55
37200	0.01024	-562.522
37300	0.01024	-469.314
37400	0.01024	-565.578
37500	0.01024	-458.186
37600	0.01024	-641.882
37700	0.01024	-499.321
37800	0.01024	-802.216
37900	0.01024	-714.547
38000	0.01024	-565.228
38100	0.01024	-664.69
38200	0.01024	-524.084
38300	0.01024	-660.323
38400	0.01024	-559.375
38500	0.01024	-475.694
38600	0.01024	-383.514
38700	0.01024	-377.027
38800	0.01024	-725.414
38900	0.01024	-505.882
39000	0.01024	-718.835
39100	0.01024	-537.237
39200	0.01024	-531.966
39300	0.01024	-521.236
39400	0.01024	-482.445
39500	0.01024	-562.984
39600	0.01024	-439.202
39700	0.01024	-549.588
39800	0.01024	-722.199
39900	0.01024	-450.963
40000	0.01024	-482.296
40100	0.01024	-534.653
40200	0.01024	-609.585
40300	0.01024	-889.023
40400	0.01024	-536.093
40500	0.01024	-678.731
40600	0.01024	-682.29
40700	0.01024	-454.552
40800	0.01024	-770.128
40900	0.01024	-487.879
41000	0.01024	-672.599
41100	0.01024	-626.534
41200	0.01024	-673.645
41300	0.01024	-733.321
41400	0.01024	-593.054
41500	0.01024	-629.977
41600	0.01024	-526.417
41700	0.01024	-423.509
41800	0.01024	-623.098
41900	0.01024	-667.849
42000	0.01024	-554.893
42100	0.01024	-880.558
42200	0.01024	-538.744
42300	0.01024	-706.67
42400	0.01024	-474.365
42500	0.01024	-674.651
42600	0.01024	-1043.67
42700	0.01024	-475.986
42800	0.01024	-605.229
42900	0.01024	-487.136
43000	0.01024	-850.378
43100	0.01024	-633.641
43200	0.01024	-399.204
43300	0.01024	-422.997
43400	0.01024	-394.019
43500	0.01024	-547.719
43600	0.01024	-614.352
43700	0.01024	-757.676
43800	0.01024	-615.904
43900	0.01024	-584.927
44000	0.01024	-503.685
44100	0.01024	-428.967
44200	0.01024	-606.367
44300	0.01024	-391.104
44400	0.01024	-661.79
44500	0.01024	-670.096
44600	0.01024	-553.385
44700	0.01024	-449.429
44800	0.01024	-512.196
44900	0.01024	-611.971
45000	0.01024	-406.72
45100	0.01024	-1054.98
45200	0.01024	-431.379
45300	0.01024	-644.763
45400	0.01024	-542.119
45500	0.01024	-702.619
45600	0.01024	-540.768
45700	0.01024	-576.448
45800	0.01024	-513.393
45900	0.01024	-546.095
46000	0.01024	-553.207
46100	0.01024	-721.733
46200	0.01024	-499.658
46300	0.01024	-478.315
46400	0.01024	-665.078
46500	0.01024	-627.787
46600	0.01024	-529.108
46700	0.01024	-382.851
46800	0.01024	-569.513
46900	0.01024	-461.476
47000	0.01024	-549.72
47100	0.01024	-710.938
47200	0.01024	-497.782
47300	0.01024	-488.772
47400	0.01024	-698.178
47500	0.01024	-536.818
47600	0.01024	-491.184
47700	0.01024	-848.734
47800	0.01024	-616.985
47900	0.01024	-445.984
48000	0.01024	-445.025
48100	0.01024	-545.675
48200	0.01024	-539.979
48300	0.01024	-633.182
48400	0.01024	-429.376
48500	0.01024	-523.046
48600	0.01024	-539.274
48700	0.01024	-468.546
48800	0.01024	-721.275
48900	0.01024	-585.885
49000	0.01024	-382.2
49100	0.01024	-581.07
49200	0.01024	-769.457
49300	0.01024	-412.656
49400	0.01024	-472.02
49500	0.01024	-383.915
49600	0.01024	-650.214
49700	0.01024	-661.795
49800	0.01024	-606.126
49900	0.01024	-754.258
50000	0.01024	-494.65
