state	power	likelihood
12600	2.48832e-05	-1025.8
12700	2.48832e-05	-839.843
12800	2.48832e-05	-2076.57
12900	2.48832e-05	-1562.25
13000	2.48832e-05	-1045.26
13100	2.48832e-05	-1625.51
13200	2.48832e-05	-1709.4
13300	2.48832e-05	-798.854
13400	2.48832e-05	-689.812
13500	2.48832e-05	-1790.78
13600	2.48832e-05	-491.454
13700	2.48832e-05	-712.423
13800	2.48832e-05	-1399.3
13900	2.48832e-05	-771.521
14000	2.48832e-05	-1246.93
14100	2.48832e-05	-714.599
14200	2.48832e-05	-1555.96
14300	2.48832e-05	-1758.47
14400	2.48832e-05	-767.511
14500	2.48832e-05	-606.499
14600	2.48832e-05	-943.252
14700	2.48832e-05	-680.287
14800	2.48832e-05	-1752.7
14900	2.48832e-05	-647.811
15000	2.48832e-05	-802.554
15100	2.48832e-05	-707.2
15200	2.48832e-05	-725.781
15300	2.48832e-05	-887.173
15400	2.48832e-05	-2337.8
15500	2.48832e-05	-870.696
15600	2.48832e-05	-2370.05
15700	2.48832e-05	-1709.69
15800	2.48832e-05	-814.683
15900	2.48832e-05	-3091.24
16000	2.48832e-05	-1341.31
16100	2.48832e-05	-1072.82
16200	2.48832e-05	-1124.54
16300	2.48832e-05	-935.435
16400	2.48832e-05	-1043.36
16500	2.48832e-05	-527.161
16600	2.48832e-05	-923.409
16700	2.48832e-05	-780.119
16800	2.48832e-05	-761.023
16900	2.48832e-05	-960.568
17000	2.48832e-05	-848.654
17100	2.48832e-05	-917.993
17200	2.48832e-05	-1894.84
17300	2.48832e-05	-1120.22
17400	2.48832e-05	-831.498
17500	2.48832e-05	-1383.1
17600	2.48832e-05	-1003.77
17700	2.48832e-05	-945.007
17800	2.48832e-05	-813.709
17900	2.48832e-05	-2456.4
18000	2.48832e-05	-1124.71
18100	2.48832e-05	-935.874
18200	2.48832e-05	-912.104
18300	2.48832e-05	-1068.75
18400	2.48832e-05	-1565.35
18500	2.48832e-05	-1687.46
18600	2.48832e-05	-1610.75
18700	2.48832e-05	-1506.15
18800	2.48832e-05	-1351.34
18900	2.48832e-05	-781.803
19000	2.48832e-05	-602.649
19100	2.48832e-05	-1625.05
19200	2.48832e-05	-972.369
19300	2.48832e-05	-1385.09
19400	2.48832e-05	-784.673
19500	2.48832e-05	-738.938
19600	2.48832e-05	-664.85
19700	2.48832e-05	-1180.57
19800	2.48832e-05	-1018.7
19900	2.48832e-05	-1071.96
20000	2.48832e-05	-2103.36
20100	2.48832e-05	-992.179
20200	2.48832e-05	-908.322
20300	2.48832e-05	-800.561
20400	2.48832e-05	-661.078
20500	2.48832e-05	-1440.14
20600	2.48832e-05	-905.231
20700	2.48832e-05	-1057.97
20800	2.48832e-05	-1468.62
20900	2.48832e-05	-1767.52
21000	2.48832e-05	-1550.02
21100	2.48832e-05	-776.604
21200	2.48832e-05	-2580.1
21300	2.48832e-05	-984.116
21400	2.48832e-05	-3407.36
21500	2.48832e-05	-1165.85
21600	2.48832e-05	-1217.18
21700	2.48832e-05	-1536.01
21800	2.48832e-05	-2428.2
21900	2.48832e-05	-1035.92
22000	2.48832e-05	-758.942
22100	2.48832e-05	-1091.66
22200	2.48832e-05	-1274.09
22300	2.48832e-05	-1071.81
22400	2.48832e-05	-1317.39
22500	2.48832e-05	-1635.29
22600	2.48832e-05	-1747.55
22700	2.48832e-05	-507.936
22800	2.48832e-05	-2156.66
22900	2.48832e-05	-812.742
23000	2.48832e-05	-1080.81
23100	2.48832e-05	-863.067
23200	2.48832e-05	-1078.02
23300	2.48832e-05	-650.734
23400	2.48832e-05	-1019.85
23500	2.48832e-05	-931.854
23600	2.48832e-05	-929.466
23700	2.48832e-05	-1077.89
23800	2.48832e-05	-1281.13
23900	2.48832e-05	-2175.98
24000	2.48832e-05	-1977.01
24100	2.48832e-05	-1646.64
24200	2.48832e-05	-2160.7
24300	2.48832e-05	-639.549
24400	2.48832e-05	-1221.69
24500	2.48832e-05	-918.853
24600	2.48832e-05	-954.122
24700	2.48832e-05	-1106.46
24800	2.48832e-05	-1475.24
24900	2.48832e-05	-935.622
25000	2.48832e-05	-965.478
25100	2.48832e-05	-675.641
25200	2.48832e-05	-780.861
25300	2.48832e-05	-541.547
25400	2.48832e-05	-1739.32
25500	2.48832e-05	-723.601
25600	2.48832e-05	-985.273
25700	2.48832e-05	-798.998
25800	2.48832e-05	-1848.77
25900	2.48832e-05	-877.607
26000	2.48832e-05	-939.827
26100	2.48832e-05	-527.487
26200	2.48832e-05	-736.472
26300	2.48832e-05	-1075.58
26400	2.48832e-05	-1919.65
26500	2.48832e-05	-866.247
26600	2.48832e-05	-828.047
26700	2.48832e-05	-1159.31
26800	2.48832e-05	-1146.88
26900	2.48832e-05	-2080.76
27000	2.48832e-05	-903.202
27100	2.48832e-05	-1495.9
27200	2.48832e-05	-1396.07
27300	2.48832e-05	-766.331
27400	2.48832e-05	-1329.22
27500	2.48832e-05	-834.088
27600	2.48832e-05	-734.209
27700	2.48832e-05	-503.32
27800	2.48832e-05	-779.733
27900	2.48832e-05	-1709.04
28000	2.48832e-05	-602.872
28100	2.48832e-05	-380.325
28200	2.48832e-05	-932.36
28300	2.48832e-05	-1449.74
28400	2.48832e-05	-785.403
28500	2.48832e-05	-1460.75
28600	2.48832e-05	-875.761
28700	2.48832e-05	-1796.24
28800	2.48832e-05	-551.291
28900	2.48832e-05	-1028.33
29000	2.48832e-05	-1373.39
29100	2.48832e-05	-713.624
29200	2.48832e-05	-762.651
29300	2.48832e-05	-1615.7
29400	2.48832e-05	-1237.32
29500	2.48832e-05	-806.59
29600	2.48832e-05	-1569.64
29700	2.48832e-05	-849.817
29800	2.48832e-05	-1311.72
29900	2.48832e-05	-2276.11
30000	2.48832e-05	-878.264
30100	2.48832e-05	-1113.76
30200	2.48832e-05	-1479.97
30300	2.48832e-05	-2021.14
30400	2.48832e-05	-877.819
30500	2.48832e-05	-1129.73
30600	2.48832e-05	-1139.1
30700	2.48832e-05	-1132.34
30800	2.48832e-05	-1463.8
30900	2.48832e-05	-738.262
31000	2.48832e-05	-706.321
31100	2.48832e-05	-1098.25
31200	2.48832e-05	-484.391
31300	2.48832e-05	-994.908
31400	2.48832e-05	-965.799
31500	2.48832e-05	-1443.45
31600	2.48832e-05	-730.037
31700	2.48832e-05	-1211.34
31800	2.48832e-05	-764.055
31900	2.48832e-05	-935.733
32000	2.48832e-05	-1000.97
32100	2.48832e-05	-1136.71
32200	2.48832e-05	-887.661
32300	2.48832e-05	-1308.41
32400	2.48832e-05	-977.978
32500	2.48832e-05	-1008.57
32600	2.48832e-05	-1151.82
32700	2.48832e-05	-1954.01
32800	2.48832e-05	-2197.66
32900	2.48832e-05	-896.327
33000	2.48832e-05	-914.353
33100	2.48832e-05	-1049.09
33200	2.48832e-05	-1434.66
33300	2.48832e-05	-1158.6
33400	2.48832e-05	-941.834
33500	2.48832e-05	-1020.55
33600	2.48832e-05	-736.655
33700	2.48832e-05	-899.611
33800	2.48832e-05	-1179.64
33900	2.48832e-05	-1144.82
34000	2.48832e-05	-1249.86
34100	2.48832e-05	-911.531
34200	2.48832e-05	-866.79
34300	2.48832e-05	-925.47
34400	2.48832e-05	-659.358
34500	2.48832e-05	-668.403
34600	2.48832e-05	-839.161
34700	2.48832e-05	-487.468
34800	2.48832e-05	-604.255
34900	2.48832e-05	-1017.9
35000	2.48832e-05	-1119.31
35100	2.48832e-05	-1430.23
35200	2.48832e-05	-734.825
35300	2.48832e-05	-802.102
35400	2.48832e-05	-846.011
35500	2.48832e-05	-590.166
35600	2.48832e-05	-1751.55
35700	2.48832e-05	-678.222
35800	2.48832e-05	-603.397
35900	2.48832e-05	-1404.08
36000	2.48832e-05	-523.557
36100	2.48832e-05	-989.278
36200	2.48832e-05	-1686.32
36300	2.48832e-05	-707.323
36400	2.48832e-05	-496.933
36500	2.48832e-05	-883.883
36600	2.48832e-05	-851.318
36700	2.48832e-05	-795.159
36800	2.48832e-05	-630.771
36900	2.48832e-05	-1283.43
37000	2.48832e-05	-1756.37
37100	2.48832e-05	-569.195
37200	2.48832e-05	-628.896
37300	2.48832e-05	-731.225
37400	2.48832e-05	-1064.71
37500	2.48832e-05	-2171.14
37600	2.48832e-05	-1010.1
37700	2.48832e-05	-1235.29
37800	2.48832e-05	-1096.95
37900	2.48832e-05	-1110.61
38000	2.48832e-05	-1822.56
38100	2.48832e-05	-1846.42
38200	2.48832e-05	-833.217
38300	2.48832e-05	-896.241
38400	2.48832e-05	-2465.74
38500	2.48832e-05	-853.151
38600	2.48832e-05	-1177.81
38700	2.48832e-05	-611.746
38800	2.48832e-05	-544.869
38900	2.48832e-05	-566.127
39000	2.48832e-05	-1085.74
39100	2.48832e-05	-1390.23
39200	2.48832e-05	-1112.77
39300	2.48832e-05	-2582.88
39400	2.48832e-05	-1262.3
39500	2.48832e-05	-741.626
39600	2.48832e-05	-661.776
39700	2.48832e-05	-584.593
39800	2.48832e-05	-1366.28
39900	2.48832e-05	-1298.6
40000	2.48832e-05	-1238.71
40100	2.48832e-05	-1053.11
40200	2.48832e-05	-1116.92
40300	2.48832e-05	-2479.7
40400	2.48832e-05	-656.601
40500	2.48832e-05	-1059.87
40600	2.48832e-05	-1332.51
40700	2.48832e-05	-808.261
40800	2.48832e-05	-1134.85
40900	2.48832e-05	-1741.44
41000	2.48832e-05	-1019.46
41100	2.48832e-05	-625.999
41200	2.48832e-05	-649.78
41300	2.48832e-05	-1228.32
41400	2.48832e-05	-837.769
41500	2.48832e-05	-1677.15
41600	2.48832e-05	-612.671
41700	2.48832e-05	-1317.98
41800	2.48832e-05	-1654.95
41900	2.48832e-05	-1108.23
42000	2.48832e-05	-471.144
42100	2.48832e-05	-1497.99
42200	2.48832e-05	-1263.41
42300	2.48832e-05	-1420.83
42400	2.48832e-05	-1149.45
42500	2.48832e-05	-1217.92
42600	2.48832e-05	-628.196
42700	2.48832e-05	-814.209
42800	2.48832e-05	-875.063
42900	2.48832e-05	-3270.26
43000	2.48832e-05	-755.313
43100	2.48832e-05	-1191.23
43200	2.48832e-05	-1472.14
43300	2.48832e-05	-1300.58
43400	2.48832e-05	-1416.39
43500	2.48832e-05	-625.105
43600	2.48832e-05	-1013.1
43700	2.48832e-05	-484.537
43800	2.48832e-05	-992.669
43900	2.48832e-05	-1849.48
44000	2.48832e-05	-1060.52
44100	2.48832e-05	-762.321
44200	2.48832e-05	-1962.38
44300	2.48832e-05	-852.125
44400	2.48832e-05	-1409.59
44500	2.48832e-05	-1810.44
44600	2.48832e-05	-1974.48
44700	2.48832e-05	-861.738
44800	2.48832e-05	-1401.04
44900	2.48832e-05	-864.026
45000	2.48832e-05	-760.717
45100	2.48832e-05	-1266.56
45200	2.48832e-05	-1911.88
45300	2.48832e-05	-768.293
45400	2.48832e-05	-978.036
45500	2.48832e-05	-1637.84
45600	2.48832e-05	-1011.92
45700	2.48832e-05	-1416.68
45800	2.48832e-05	-1092.6
45900	2.48832e-05	-915.395
46000	2.48832e-05	-1316.59
46100	2.48832e-05	-858.489
46200	2.48832e-05	-797.727
46300	2.48832e-05	-853.997
46400	2.48832e-05	-1293.52
46500	2.48832e-05	-710.546
46600	2.48832e-05	-586.702
46700	2.48832e-05	-1242.25
46800	2.48832e-05	-1519.2
46900	2.48832e-05	-1143.34
47000	2.48832e-05	-1543.82
47100	2.48832e-05	-781.591
47200	2.48832e-05	-647.751
47300	2.48832e-05	-793.513
47400	2.48832e-05	-1416.65
47500	2.48832e-05	-1047.7
47600	2.48832e-05	-730.821
47700	2.48832e-05	-972.886
47800	2.48832e-05	-1292.44
47900	2.48832e-05	-642.212
48000	2.48832e-05	-1036.67
48100	2.48832e-05	-1062.33
48200	2.48832e-05	-1511.98
48300	2.48832e-05	-785.844
48400	2.48832e-05	-988.128
48500	2.48832e-05	-1001.74
48600	2.48832e-05	-1845.18
48700	2.48832e-05	-1497.49
48800	2.48832e-05	-606.656
48900	2.48832e-05	-822.949
49000	2.48832e-05	-568.848
49100	2.48832e-05	-1193.39
49200	2.48832e-05	-716.017
49300	2.48832e-05	-595.638
49400	2.48832e-05	-998.396
49500	2.48832e-05	-1565.11
49600	2.48832e-05	-731.62
49700	2.48832e-05	-662.555
49800	2.48832e-05	-627.743
49900	2.48832e-05	-701.876
50000	2.48832e-05	-615.984
