state	power	likelihood
12600	0.815373	-243.342
12700	0.815373	-245.295
12800	0.815373	-241.962
12900	0.815373	-245.734
13000	0.815373	-241.431
13100	0.815373	-244.163
13200	0.815373	-247.597
13300	0.815373	-243.663
13400	0.815373	-246.062
13500	0.815373	-250.435
13600	0.815373	-248.232
13700	0.815373	-243.077
13800	0.815373	-244.459
13900	0.815373	-243.348
14000	0.815373	-244.788
14100	0.815373	-244.744
14200	0.815373	-250.162
14300	0.815373	-244.42
14400	0.815373	-241.513
14500	0.815373	-248.011
14600	0.815373	-242.364
14700	0.815373	-246.855
14800	0.815373	-245.965
14900	0.815373	-243.69
15000	0.815373	-245.214
15100	0.815373	-245.548
15200	0.815373	-247.556
15300	0.815373	-249.689
15400	0.815373	-244.064
15500	0.815373	-246.571
15600	0.815373	-241.457
15700	0.815373	-247.995
15800	0.815373	-245.13
15900	0.815373	-244.091
16000	0.815373	-245.458
16100	0.815373	-245.435
16200	0.815373	-246.784
16300	0.815373	-250.312
16400	0.815373	-240.896
16500	0.815373	-242.409
16600	0.815373	-249.219
16700	0.815373	-246.031
16800	0.815373	-244.292
16900	0.815373	-251.211
17000	0.815373	-243.463
17100	0.815373	-244.524
17200	0.815373	-244.293
17300	0.815373	-247.7
17400	0.815373	-246.777
17500	0.815373	-241.131
17600	0.815373	-245.946
17700	0.815373	-244.667
17800	0.815373	-245.527
17900	0.815373	-246.329
18000	0.815373	-245.823
18100	0.815373	-255.226
18200	0.815373	-245.175
18300	0.815373	-246.055
18400	0.815373	-245.871
18500	0.815373	-244.021
18600	0.815373	-244.069
18700	0.815373	-247.023
18800	0.815373	-243.601
18900	0.815373	-245.09
19000	0.815373	-244.253
19100	0.815373	-248.227
19200	0.815373	-246.487
19300	0.815373	-249.751
19400	0.815373	-246.992
19500	0.815373	-245.38
19600	0.815373	-247.011
19700	0.815373	-242.327
19800	0.815373	-243.102
19900	0.815373	-246.505
20000	0.815373	-245.604
20100	0.815373	-245.808
20200	0.815373	-244.875
20300	0.815373	-243.76
20400	0.815373	-244.15
20500	0.815373	-245.043
20600	0.815373	-241.709
20700	0.815373	-245.859
20800	0.815373	-247.466
20900	0.815373	-253.701
21000	0.815373	-244.06
21100	0.815373	-245.435
21200	0.815373	-246.954
21300	0.815373	-249.381
21400	0.815373	-249.164
21500	0.815373	-244.224
21600	0.815373	-244.543
21700	0.815373	-246.308
21800	0.815373	-244.366
21900	0.815373	-247.859
22000	0.815373	-242.485
22100	0.815373	-246.312
22200	0.815373	-245.731
22300	0.815373	-244.482
22400	0.815373	-241.509
22500	0.815373	-244.393
22600	0.815373	-246.01
22700	0.815373	-246.017
22800	0.815373	-247.687
22900	0.815373	-250.938
23000	0.815373	-246.511
23100	0.815373	-243.252
23200	0.815373	-243.04
23300	0.815373	-245.268
23400	0.815373	-246.202
23500	0.815373	-246.06
23600	0.815373	-245.533
23700	0.815373	-246.622
23800	0.815373	-245.481
23900	0.815373	-243.462
24000	0.815373	-244.565
24100	0.815373	-245.298
24200	0.815373	-242.908
24300	0.815373	-246.555
24400	0.815373	-247.771
24500	0.815373	-245.463
24600	0.815373	-244.477
24700	0.815373	-247.634
24800	0.815373	-245.322
24900	0.815373	-244.074
25000	0.815373	-240.267
25100	0.815373	-246.452
25200	0.815373	-247.864
25300	0.815373	-242.161
25400	0.815373	-249.815
25500	0.815373	-245.122
25600	0.815373	-247.26
25700	0.815373	-246.197
25800	0.815373	-246.997
25900	0.815373	-248.406
26000	0.815373	-246.728
26100	0.815373	-242.082
26200	0.815373	-244.304
26300	0.815373	-249.817
26400	0.815373	-244.079
26500	0.815373	-244.911
26600	0.815373	-243.109
26700	0.815373	-245.723
26800	0.815373	-243.44
26900	0.815373	-241.892
27000	0.815373	-241.838
27100	0.815373	-240.545
27200	0.815373	-246.996
27300	0.815373	-245.355
27400	0.815373	-244.814
27500	0.815373	-244.284
27600	0.815373	-250.941
27700	0.815373	-246.595
27800	0.815373	-245.557
27900	0.815373	-243.263
28000	0.815373	-242.777
28100	0.815373	-247.081
28200	0.815373	-243.305
28300	0.815373	-247.765
28400	0.815373	-242.686
28500	0.815373	-246.075
28600	0.815373	-243.746
28700	0.815373	-243.43
28800	0.815373	-245.112
28900	0.815373	-245.108
29000	0.815373	-244.889
29100	0.815373	-241.061
29200	0.815373	-246.328
29300	0.815373	-242.714
29400	0.815373	-247.035
29500	0.815373	-245.19
29600	0.815373	-246.418
29700	0.815373	-243.996
29800	0.815373	-244.883
29900	0.815373	-243.102
30000	0.815373	-244.601
30100	0.815373	-246.261
30200	0.815373	-248.529
30300	0.815373	-247.689
30400	0.815373	-245.427
30500	0.815373	-244.027
30600	0.815373	-244.518
30700	0.815373	-250.439
30800	0.815373	-247.417
30900	0.815373	-243.128
31000	0.815373	-248.049
31100	0.815373	-243.917
31200	0.815373	-247.318
31300	0.815373	-246.498
31400	0.815373	-246.489
31500	0.815373	-245.889
31600	0.815373	-245.468
31700	0.815373	-249.287
31800	0.815373	-243.503
31900	0.815373	-242.13
32000	0.815373	-245.796
32100	0.815373	-242.829
32200	0.815373	-248.023
32300	0.815373	-246.973
32400	0.815373	-247.756
32500	0.815373	-244.212
32600	0.815373	-246.637
32700	0.815373	-245.22
32800	0.815373	-246.737
32900	0.815373	-246.156
33000	0.815373	-245.581
33100	0.815373	-245.892
33200	0.815373	-244.548
33300	0.815373	-244.731
33400	0.815373	-240.798
33500	0.815373	-244.828
33600	0.815373	-243.344
33700	0.815373	-247.068
33800	0.815373	-246.904
33900	0.815373	-244.61
34000	0.815373	-242.452
34100	0.815373	-245.89
34200	0.815373	-250.429
34300	0.815373	-248.119
34400	0.815373	-242.516
34500	0.815373	-250.809
34600	0.815373	-244.478
34700	0.815373	-247.774
34800	0.815373	-245.319
34900	0.815373	-246.507
35000	0.815373	-246.448
35100	0.815373	-243.366
35200	0.815373	-245.921
35300	0.815373	-247.94
35400	0.815373	-244.873
35500	0.815373	-247.336
35600	0.815373	-246.287
35700	0.815373	-245.915
35800	0.815373	-244.416
35900	0.815373	-244.035
36000	0.815373	-243.618
36100	0.815373	-247.51
36200	0.815373	-252.399
36300	0.815373	-243.415
36400	0.815373	-245.317
36500	0.815373	-246.041
36600	0.815373	-246.199
36700	0.815373	-243.919
36800	0.815373	-244.126
36900	0.815373	-244.248
37000	0.815373	-242.36
37100	0.815373	-246.675
37200	0.815373	-249.655
37300	0.815373	-246.854
37400	0.815373	-246.416
37500	0.815373	-250.494
37600	0.815373	-246.341
37700	0.815373	-244.392
37800	0.815373	-244.988
37900	0.815373	-242.937
38000	0.815373	-244.566
38100	0.815373	-242.88
38200	0.815373	-250.412
38300	0.815373	-247.374
38400	0.815373	-240.01
38500	0.815373	-242.346
38600	0.815373	-248.492
38700	0.815373	-248.235
38800	0.815373	-247.936
38900	0.815373	-246.267
39000	0.815373	-244.686
39100	0.815373	-244.105
39200	0.815373	-240.245
39300	0.815373	-245.562
39400	0.815373	-245.015
39500	0.815373	-242.373
39600	0.815373	-243.876
39700	0.815373	-252.866
39800	0.815373	-242.469
39900	0.815373	-246.864
40000	0.815373	-249.248
40100	0.815373	-245.697
40200	0.815373	-241.679
40300	0.815373	-247.177
40400	0.815373	-245.247
40500	0.815373	-251.147
40600	0.815373	-242.575
40700	0.815373	-246.928
40800	0.815373	-243.442
40900	0.815373	-245.431
41000	0.815373	-248.23
41100	0.815373	-245.845
41200	0.815373	-244.029
41300	0.815373	-242.928
41400	0.815373	-245.148
41500	0.815373	-243.786
41600	0.815373	-243.544
41700	0.815373	-244.552
41800	0.815373	-246.212
41900	0.815373	-243.131
42000	0.815373	-246.471
42100	0.815373	-245.44
42200	0.815373	-247.548
42300	0.815373	-244.257
42400	0.815373	-241.849
42500	0.815373	-249.297
42600	0.815373	-249.554
42700	0.815373	-248.078
42800	0.815373	-243.121
42900	0.815373	-243.499
43000	0.815373	-245.396
43100	0.815373	-243.423
43200	0.815373	-249.669
43300	0.815373	-243.887
43400	0.815373	-248.259
43500	0.815373	-252.28
43600	0.815373	-244.929
43700	0.815373	-241.982
43800	0.815373	-246.46
43900	0.815373	-245.002
44000	0.815373	-242.128
44100	0.815373	-244.232
44200	0.815373	-242.523
44300	0.815373	-245.824
44400	0.815373	-245.643
44500	0.815373	-240.528
44600	0.815373	-243.79
44700	0.815373	-242.879
44800	0.815373	-242.574
44900	0.815373	-248.935
45000	0.815373	-243.643
45100	0.815373	-243.034
45200	0.815373	-244.737
45300	0.815373	-244.699
45400	0.815373	-239.654
45500	0.815373	-247.328
45600	0.815373	-245.607
45700	0.815373	-247.467
45800	0.815373	-245.914
45900	0.815373	-241.645
46000	0.815373	-241.282
46100	0.815373	-243.634
46200	0.815373	-247.259
46300	0.815373	-245.664
46400	0.815373	-248.1
46500	0.815373	-250.009
46600	0.815373	-248.616
46700	0.815373	-244.412
46800	0.815373	-243.598
46900	0.815373	-246.399
47000	0.815373	-246.042
47100	0.815373	-247.99
47200	0.815373	-251.213
47300	0.815373	-245.44
47400	0.815373	-244.643
47500	0.815373	-246.793
47600	0.815373	-249.064
47700	0.815373	-240.976
47800	0.815373	-249.395
47900	0.815373	-245.525
48000	0.815373	-246.055
48100	0.815373	-250.183
48200	0.815373	-241.564
48300	0.815373	-244.765
48400	0.815373	-245.41
48500	0.815373	-243.861
48600	0.815373	-244.856
48700	0.815373	-243.792
48800	0.815373	-246.985
48900	0.815373	-246.375
49000	0.815373	-242.884
49100	0.815373	-245.824
49200	0.815373	-245.391
49300	0.815373	-247.203
49400	0.815373	-245.456
49500	0.815373	-245.458
49600	0.815373	-247.63
49700	0.815373	-247.211
49800	0.815373	-247.277
49900	0.815373	-244.63
50000	0.815373	-247.994
