state	power	likelihood
12600	0.815373	-234.385
12700	0.815373	-237.83
12800	0.815373	-236.564
12900	0.815373	-239.182
13000	0.815373	-237.302
13100	0.815373	-236.115
13200	0.815373	-234.924
13300	0.815373	-235.993
13400	0.815373	-240.315
13500	0.815373	-235.817
13600	0.815373	-236.889
13700	0.815373	-238.452
13800	0.815373	-235.114
13900	0.815373	-237.882
14000	0.815373	-237.857
14100	0.815373	-235.009
14200	0.815373	-236.714
14300	0.815373	-236.198
14400	0.815373	-239.564
14500	0.815373	-236.402
14600	0.815373	-237.341
14700	0.815373	-235.445
14800	0.815373	-238.763
14900	0.815373	-238.18
15000	0.815373	-236.335
15100	0.815373	-234.759
15200	0.815373	-236.422
15300	0.815373	-238.806
15400	0.815373	-240.935
15500	0.815373	-237.256
15600	0.815373	-238.266
15700	0.815373	-234.47
15800	0.815373	-235.771
15900	0.815373	-237.014
16000	0.815373	-235.728
16100	0.815373	-238.712
16200	0.815373	-237.37
16300	0.815373	-236.213
16400	0.815373	-236.872
16500	0.815373	-235.095
16600	0.815373	-236.383
16700	0.815373	-236.826
16800	0.815373	-238.335
16900	0.815373	-236.273
17000	0.815373	-234.455
17100	0.815373	-236.751
17200	0.815373	-237.399
17300	0.815373	-237.328
17400	0.815373	-236.325
17500	0.815373	-235.098
17600	0.815373	-236.808
17700	0.815373	-237.693
17800	0.815373	-234.748
17900	0.815373	-238.702
18000	0.815373	-235.364
18100	0.815373	-237.188
18200	0.815373	-235.763
18300	0.815373	-239.052
18400	0.815373	-235.843
18500	0.815373	-237.351
18600	0.815373	-236.674
18700	0.815373	-238.333
18800	0.815373	-235.914
18900	0.815373	-234.6
19000	0.815373	-236.557
19100	0.815373	-239.361
19200	0.815373	-239.584
19300	0.815373	-236.123
19400	0.815373	-236.484
19500	0.815373	-235.632
19600	0.815373	-237.422
19700	0.815373	-237.628
19800	0.815373	-233.957
19900	0.815373	-238.271
20000	0.815373	-237.381
20100	0.815373	-235.304
20200	0.815373	-236.247
20300	0.815373	-233.528
20400	0.815373	-234.054
20500	0.815373	-240.392
20600	0.815373	-238.867
20700	0.815373	-236.568
20800	0.815373	-234.714
20900	0.815373	-236.981
21000	0.815373	-237.112
21100	0.815373	-237.616
21200	0.815373	-235.068
21300	0.815373	-237.468
21400	0.815373	-237.577
21500	0.815373	-237.032
21600	0.815373	-236.078
21700	0.815373	-237.15
21800	0.815373	-235.565
21900	0.815373	-234.721
22000	0.815373	-235.995
22100	0.815373	-240.139
22200	0.815373	-236.22
22300	0.815373	-240.765
22400	0.815373	-236.022
22500	0.815373	-240.071
22600	0.815373	-235.289
22700	0.815373	-236.948
22800	0.815373	-235.473
22900	0.815373	-234.488
23000	0.815373	-239.577
23100	0.815373	-238.534
23200	0.815373	-236.381
23300	0.815373	-232.828
23400	0.815373	-237.798
23500	0.815373	-234.721
23600	0.815373	-238.026
23700	0.815373	-239.575
23800	0.815373	-235.277
23900	0.815373	-237.717
24000	0.815373	-237.64
24100	0.815373	-236.386
24200	0.815373	-235.604
24300	0.815373	-240.681
24400	0.815373	-237.105
24500	0.815373	-236.931
24600	0.815373	-234.387
24700	0.815373	-236.189
24800	0.815373	-235.301
24900	0.815373	-235.416
25000	0.815373	-235.292
25100	0.815373	-237.988
25200	0.815373	-236.259
25300	0.815373	-234.915
25400	0.815373	-234.715
25500	0.815373	-237.664
25600	0.815373	-237.812
25700	0.815373	-235.626
25800	0.815373	-234.521
25900	0.815373	-235.539
26000	0.815373	-242.494
26100	0.815373	-242.394
26200	0.815373	-237.77
26300	0.815373	-236.978
26400	0.815373	-236.454
26500	0.815373	-237.912
26600	0.815373	-232.923
26700	0.815373	-236.08
26800	0.815373	-235.111
26900	0.815373	-239.803
27000	0.815373	-238.069
27100	0.815373	-235.525
27200	0.815373	-237.379
27300	0.815373	-236.511
27400	0.815373	-237.469
27500	0.815373	-234.226
27600	0.815373	-237.836
27700	0.815373	-237.467
27800	0.815373	-238.891
27900	0.815373	-236.385
28000	0.815373	-236.167
28100	0.815373	-238.18
28200	0.815373	-236.712
28300	0.815373	-234.504
28400	0.815373	-237.777
28500	0.815373	-236.861
28600	0.815373	-236.877
28700	0.815373	-237.99
28800	0.815373	-233.821
28900	0.815373	-237.354
29000	0.815373	-236.86
29100	0.815373	-237.136
29200	0.815373	-240.796
29300	0.815373	-237.204
29400	0.815373	-236.311
29500	0.815373	-237.097
29600	0.815373	-240.153
29700	0.815373	-237.361
29800	0.815373	-238.468
29900	0.815373	-234.8
30000	0.815373	-237.729
30100	0.815373	-236.913
30200	0.815373	-239.861
30300	0.815373	-234.724
30400	0.815373	-235.661
30500	0.815373	-236.323
30600	0.815373	-237.748
30700	0.815373	-236.568
30800	0.815373	-238.625
30900	0.815373	-238.612
31000	0.815373	-239.951
31100	0.815373	-234.623
31200	0.815373	-238.773
31300	0.815373	-236.59
31400	0.815373	-237.856
31500	0.815373	-239.664
31600	0.815373	-239.837
31700	0.815373	-236.288
31800	0.815373	-234.525
31900	0.815373	-238.524
32000	0.815373	-236.708
32100	0.815373	-234.615
32200	0.815373	-236.781
32300	0.815373	-236.762
32400	0.815373	-239.078
32500	0.815373	-235.692
32600	0.815373	-236.446
32700	0.815373	-235.921
32800	0.815373	-235.471
32900	0.815373	-236.677
33000	0.815373	-238.665
33100	0.815373	-237.12
33200	0.815373	-237.958
33300	0.815373	-239.544
33400	0.815373	-237.162
33500	0.815373	-235.91
33600	0.815373	-235.766
33700	0.815373	-236.323
33800	0.815373	-237.569
33900	0.815373	-240.752
34000	0.815373	-236.646
34100	0.815373	-237.249
34200	0.815373	-235.447
34300	0.815373	-235.192
34400	0.815373	-235.177
34500	0.815373	-238.568
34600	0.815373	-235.557
34700	0.815373	-238.989
34800	0.815373	-233.49
34900	0.815373	-237.773
35000	0.815373	-237.664
35100	0.815373	-237.984
35200	0.815373	-239.137
35300	0.815373	-237.151
35400	0.815373	-240.244
35500	0.815373	-241.644
35600	0.815373	-235.719
35700	0.815373	-233.835
35800	0.815373	-235.332
35900	0.815373	-238.688
36000	0.815373	-236.807
36100	0.815373	-235.66
36200	0.815373	-235.929
36300	0.815373	-238.759
36400	0.815373	-239.067
36500	0.815373	-239.485
36600	0.815373	-234.863
36700	0.815373	-239.678
36800	0.815373	-235.407
36900	0.815373	-236.889
37000	0.815373	-238.439
37100	0.815373	-240.123
37200	0.815373	-237.403
37300	0.815373	-234.238
37400	0.815373	-237.05
37500	0.815373	-237.117
37600	0.815373	-237.344
37700	0.815373	-237.217
37800	0.815373	-237.761
37900	0.815373	-237.851
38000	0.815373	-235.981
38100	0.815373	-240.303
38200	0.815373	-235.335
38300	0.815373	-236.875
38400	0.815373	-238.397
38500	0.815373	-234.383
38600	0.815373	-237.848
38700	0.815373	-241.533
38800	0.815373	-235.251
38900	0.815373	-239.33
39000	0.815373	-234.481
39100	0.815373	-238.438
39200	0.815373	-235.68
39300	0.815373	-238.846
39400	0.815373	-236.02
39500	0.815373	-234.334
39600	0.815373	-236.764
39700	0.815373	-234.532
39800	0.815373	-237.418
39900	0.815373	-235.77
40000	0.815373	-241.936
40100	0.815373	-237.347
40200	0.815373	-237.07
40300	0.815373	-236.839
40400	0.815373	-236.855
40500	0.815373	-235.37
40600	0.815373	-236.017
40700	0.815373	-237.525
40800	0.815373	-237.943
40900	0.815373	-236.162
41000	0.815373	-236.684
41100	0.815373	-235.825
41200	0.815373	-237.392
41300	0.815373	-235.691
41400	0.815373	-237.169
41500	0.815373	-241.077
41600	0.815373	-235.258
41700	0.815373	-237.313
41800	0.815373	-235.519
41900	0.815373	-236.978
42000	0.815373	-239.926
42100	0.815373	-238.611
42200	0.815373	-237.209
42300	0.815373	-238.655
42400	0.815373	-237.009
42500	0.815373	-240.019
42600	0.815373	-236.168
42700	0.815373	-238.51
42800	0.815373	-234.843
42900	0.815373	-237.857
43000	0.815373	-238.402
43100	0.815373	-235.73
43200	0.815373	-243.153
43300	0.815373	-237.01
43400	0.815373	-239.136
43500	0.815373	-237.296
43600	0.815373	-240.281
43700	0.815373	-237.053
43800	0.815373	-237.133
43900	0.815373	-239.614
44000	0.815373	-235.317
44100	0.815373	-239.153
44200	0.815373	-235.454
44300	0.815373	-238.278
44400	0.815373	-234.635
44500	0.815373	-237.014
44600	0.815373	-238.953
44700	0.815373	-237.335
44800	0.815373	-236.752
44900	0.815373	-236.592
45000	0.815373	-236.723
45100	0.815373	-240.606
45200	0.815373	-237.686
45300	0.815373	-236.331
45400	0.815373	-238.469
45500	0.815373	-236.672
45600	0.815373	-235.518
45700	0.815373	-236.953
45800	0.815373	-237.179
45900	0.815373	-241.208
46000	0.815373	-238.575
46100	0.815373	-238.495
46200	0.815373	-237.339
46300	0.815373	-236.971
46400	0.815373	-236.204
46500	0.815373	-237.864
46600	0.815373	-235.398
46700	0.815373	-238.912
46800	0.815373	-236.719
46900	0.815373	-235.619
47000	0.815373	-238.108
47100	0.815373	-238.472
47200	0.815373	-239.357
47300	0.815373	-237.329
47400	0.815373	-236.694
47500	0.815373	-241.177
47600	0.815373	-236.079
47700	0.815373	-235.297
47800	0.815373	-236.175
47900	0.815373	-237.28
48000	0.815373	-236.627
48100	0.815373	-234.775
48200	0.815373	-236.337
48300	0.815373	-235.804
48400	0.815373	-239.87
48500	0.815373	-235.168
48600	0.815373	-239.324
48700	0.815373	-237.684
48800	0.815373	-237.634
48900	0.815373	-237.595
49000	0.815373	-236.36
49100	0.815373	-238.071
49200	0.815373	-237.173
49300	0.815373	-239.218
49400	0.815373	-239.339
49500	0.815373	-236.504
49600	0.815373	-234.688
49700	0.815373	-238.522
49800	0.815373	-238.272
49900	0.815373	-235.679
50000	0.815373	-236.911
