state	power	likelihood
12600	1	-194.406
12700	1	-206.105
12800	1	-203.081
12900	1	-203.429
13000	1	-205.259
13100	1	-202.169
13200	1	-203.165
13300	1	-211.932
13400	1	-206.883
13500	1	-201.515
13600	1	-202.57
13700	1	-196.394
13800	1	-200.393
13900	1	-195.841
14000	1	-202.446
14100	1	-203.191
14200	1	-196.829
14300	1	-204.235
14400	1	-202.904
14500	1	-203.005
14600	1	-204.109
14700	1	-199.601
14800	1	-202.303
14900	1	-201.406
15000	1	-197.741
15100	1	-202.194
15200	1	-202.319
15300	1	-199.473
15400	1	-202.201
15500	1	-203.697
15600	1	-205.185
15700	1	-202.373
15800	1	-203.408
15900	1	-205.328
16000	1	-195.304
16100	1	-203.992
16200	1	-199.219
16300	1	-198.605
16400	1	-200.138
16500	1	-199.005
16600	1	-199.088
16700	1	-205.285
16800	1	-201.318
16900	1	-201.078
17000	1	-205.577
17100	1	-199.857
17200	1	-202.341
17300	1	-199.367
17400	1	-198.066
17500	1	-201.672
17600	1	-196.074
17700	1	-200.888
17800	1	-197.266
17900	1	-206.581
18000	1	-203.317
18100	1	-198.619
18200	1	-197.438
18300	1	-204.512
18400	1	-195.967
18500	1	-204.419
18600	1	-203.449
18700	1	-203.071
18800	1	-203.34
18900	1	-203.949
19000	1	-201.373
19100	1	-201.412
19200	1	-202.452
19300	1	-199.444
19400	1	-204.176
19500	1	-202.71
19600	1	-201.002
19700	1	-201.522
19800	1	-203.503
19900	1	-199.862
20000	1	-202.036
20100	1	-201.076
20200	1	-195.743
20300	1	-203.275
20400	1	-205.059
20500	1	-203.802
20600	1	-202.619
20700	1	-201.164
20800	1	-202.704
20900	1	-198.95
21000	1	-193.723
21100	1	-206.014
21200	1	-203.943
21300	1	-198.938
21400	1	-203.658
21500	1	-204.253
21600	1	-204.136
21700	1	-204.23
21800	1	-201.588
21900	1	-202.377
22000	1	-201.949
22100	1	-200.437
22200	1	-202.225
22300	1	-200.611
22400	1	-199.203
22500	1	-204.985
22600	1	-200.731
22700	1	-205.952
22800	1	-199.682
22900	1	-203.618
23000	1	-205.628
23100	1	-202.644
23200	1	-200.745
23300	1	-198.699
23400	1	-205.212
23500	1	-199.967
23600	1	-199.252
23700	1	-200.529
23800	1	-196.331
23900	1	-202.686
24000	1	-207.561
24100	1	-201.271
24200	1	-198.607
24300	1	-204.384
24400	1	-204.287
24500	1	-201.164
24600	1	-201.663
24700	1	-204.669
24800	1	-202.122
24900	1	-199.184
25000	1	-198.361
25100	1	-204.73
25200	1	-203.663
25300	1	-200.685
25400	1	-202.928
25500	1	-205.6
25600	1	-210.962
25700	1	-201.638
25800	1	-203.415
25900	1	-198.265
26000	1	-203.447
26100	1	-200.454
26200	1	-202.971
26300	1	-204.461
26400	1	-202.716
26500	1	-204.62
26600	1	-201.744
26700	1	-203.629
26800	1	-206.652
26900	1	-201.947
27000	1	-200.98
27100	1	-202.78
27200	1	-200.195
27300	1	-201.536
27400	1	-205.096
27500	1	-201.991
27600	1	-202.039
27700	1	-204.301
27800	1	-201.888
27900	1	-201.481
28000	1	-204.316
28100	1	-204.949
28200	1	-200.845
28300	1	-193.241
28400	1	-201.227
28500	1	-201.909
28600	1	-200.223
28700	1	-207.996
28800	1	-206.986
28900	1	-206.106
29000	1	-199.125
29100	1	-203.742
29200	1	-201.157
29300	1	-196.185
29400	1	-208.124
29500	1	-202.104
29600	1	-209.996
29700	1	-204.783
29800	1	-204.094
29900	1	-204.127
30000	1	-202.142
30100	1	-197.647
30200	1	-202.638
30300	1	-198.779
30400	1	-200.154
30500	1	-194.888
30600	1	-204.629
30700	1	-202.796
30800	1	-198.966
30900	1	-201.942
31000	1	-202.584
31100	1	-201.513
31200	1	-204.485
31300	1	-197.151
31400	1	-203.009
31500	1	-199.098
31600	1	-205.112
31700	1	-199.092
31800	1	-202.81
31900	1	-202.552
32000	1	-201.533
32100	1	-202.384
32200	1	-201.709
32300	1	-207.982
32400	1	-198.498
32500	1	-204.49
32600	1	-206.033
32700	1	-196.917
32800	1	-204.297
32900	1	-206.62
33000	1	-203.266
33100	1	-196.419
33200	1	-205.419
33300	1	-197.883
33400	1	-198.268
33500	1	-201.852
33600	1	-200.789
33700	1	-201.081
33800	1	-204.232
33900	1	-197.852
34000	1	-203.176
34100	1	-198.653
34200	1	-200.282
34300	1	-201.647
34400	1	-202.251
34500	1	-202.218
34600	1	-200.015
34700	1	-202.372
34800	1	-197.064
34900	1	-201.948
35000	1	-202.819
35100	1	-197.272
35200	1	-202.237
35300	1	-204.024
35400	1	-204.276
35500	1	-200.899
35600	1	-198.848
35700	1	-196.27
35800	1	-199.167
35900	1	-194.565
36000	1	-199.371
36100	1	-199.891
36200	1	-201.86
36300	1	-197.886
36400	1	-199.07
36500	1	-203.198
36600	1	-202.466
36700	1	-202.797
36800	1	-201.667
36900	1	-205.384
37000	1	-202.108
37100	1	-204.273
37200	1	-197.83
37300	1	-198.461
37400	1	-196.611
37500	1	-200.743
37600	1	-207.897
37700	1	-201.612
37800	1	-206.824
37900	1	-200.519
38000	1	-196.58
38100	1	-203.202
38200	1	-203.558
38300	1	-200.161
38400	1	-202.202
38500	1	-203.769
38600	1	-209.393
38700	1	-203.803
38800	1	-193.936
38900	1	-203.183
39000	1	-201.295
39100	1	-200.678
39200	1	-207.624
39300	1	-209.926
39400	1	-205.192
39500	1	-206.424
39600	1	-205.139
39700	1	-201.622
39800	1	-203.404
39900	1	-195.357
40000	1	-201.597
40100	1	-199.192
40200	1	-200.09
40300	1	-204.105
40400	1	-201.009
40500	1	-201.44
40600	1	-200.067
40700	1	-199.679
40800	1	-201.489
40900	1	-200.086
41000	1	-200.289
41100	1	-204.876
41200	1	-203.843
41300	1	-200.017
41400	1	-201.219
41500	1	-200.115
41600	1	-207.317
41700	1	-203.115
41800	1	-200.859
41900	1	-202.014
42000	1	-203.279
42100	1	-200.659
42200	1	-207.532
42300	1	-203.297
42400	1	-199.999
42500	1	-206.807
42600	1	-194.174
42700	1	-197.775
42800	1	-201.891
42900	1	-201.408
43000	1	-197.266
43100	1	-206.112
43200	1	-194.562
43300	1	-199.763
43400	1	-203.549
43500	1	-199.074
43600	1	-200.848
43700	1	-201.53
43800	1	-203.885
43900	1	-206.586
44000	1	-201.348
44100	1	-201.986
44200	1	-204.469
44300	1	-203.383
44400	1	-199.091
44500	1	-201.757
44600	1	-199.994
44700	1	-201.482
44800	1	-197.88
44900	1	-191.615
45000	1	-198.99
45100	1	-205.266
45200	1	-198.874
45300	1	-198.941
45400	1	-205.435
45500	1	-203.899
45600	1	-194.102
45700	1	-201.81
45800	1	-202.039
45900	1	-200.158
46000	1	-202.363
46100	1	-203.802
46200	1	-200.488
46300	1	-203.631
46400	1	-206.006
46500	1	-206.527
46600	1	-204.878
46700	1	-198.453
46800	1	-200.387
46900	1	-206.496
47000	1	-203.468
47100	1	-200.28
47200	1	-205.16
47300	1	-197.141
47400	1	-201.912
47500	1	-201.094
47600	1	-197.394
47700	1	-197.916
47800	1	-202.992
47900	1	-207.099
48000	1	-202.58
48100	1	-200.67
48200	1	-204.234
48300	1	-199.719
48400	1	-204.81
48500	1	-203.857
48600	1	-201.974
48700	1	-200.29
48800	1	-201.494
48900	1	-205.987
49000	1	-195.889
49100	1	-204.303
49200	1	-201.867
49300	1	-199.868
49400	1	-206.7
49500	1	-200.967
49600	1	-204.202
49700	1	-202.274
49800	1	-204.906
49900	1	-204.379
50000	1	-202.982
