state	power	likelihood
12600	0.000104858	-379.021
12700	0.000104858	-387.949
12800	0.000104858	-389.676
12900	0.000104858	-410.422
13000	0.000104858	-346.674
13100	0.000104858	-377.934
13200	0.000104858	-436.081
13300	0.000104858	-390.438
13400	0.000104858	-377.878
13500	0.000104858	-364.609
13600	0.000104858	-395.93
13700	0.000104858	-366.335
13800	0.000104858	-390.676
13900	0.000104858	-392.608
14000	0.000104858	-379.523
14100	0.000104858	-410.939
14200	0.000104858	-434.019
14300	0.000104858	-369.748
14400	0.000104858	-422.467
14500	0.000104858	-385.333
14600	0.000104858	-384.353
14700	0.000104858	-419.579
14800	0.000104858	-382.162
14900	0.000104858	-384.727
15000	0.000104858	-406.628
15100	0.000104858	-399.445
15200	0.000104858	-365.83
15300	0.000104858	-366.686
15400	0.000104858	-433.595
15500	0.000104858	-425.917
15600	0.000104858	-402.056
15700	0.000104858	-397.988
15800	0.000104858	-395.276
15900	0.000104858	-431.623
16000	0.000104858	-417.277
16100	0.000104858	-370.315
16200	0.000104858	-379.78
16300	0.000104858	-430.62
16400	0.000104858	-426.26
16500	0.000104858	-426.563
16600	0.000104858	-406.097
16700	0.000104858	-399.056
16800	0.000104858	-413.204
16900	0.000104858	-425.57
17000	0.000104858	-444.785
17100	0.000104858	-373.697
17200	0.000104858	-414.042
17300	0.000104858	-388.762
17400	0.000104858	-382.733
17500	0.000104858	-404.667
17600	0.000104858	-422.051
17700	0.000104858	-396.935
17800	0.000104858	-392.227
17900	0.000104858	-377.23
18000	0.000104858	-404.626
18100	0.000104858	-413.099
18200	0.000104858	-398.836
18300	0.000104858	-379.354
18400	0.000104858	-358.407
18500	0.000104858	-403.521
18600	0.000104858	-381.6
18700	0.000104858	-406.484
18800	0.000104858	-380.216
18900	0.000104858	-391.999
19000	0.000104858	-414.112
19100	0.000104858	-414.825
19200	0.000104858	-365.613
19300	0.000104858	-382.926
19400	0.000104858	-368.346
19500	0.000104858	-396.03
19600	0.000104858	-376.537
19700	0.000104858	-403.935
19800	0.000104858	-394.113
19900	0.000104858	-396.552
20000	0.000104858	-388.428
20100	0.000104858	-380.13
20200	0.000104858	-406.889
20300	0.000104858	-414.929
20400	0.000104858	-413.112
20500	0.000104858	-381.415
20600	0.000104858	-404.086
20700	0.000104858	-415.041
20800	0.000104858	-383.653
20900	0.000104858	-385.735
21000	0.000104858	-373.572
21100	0.000104858	-382.08
21200	0.000104858	-382.64
21300	0.000104858	-384.762
21400	0.000104858	-390.543
21500	0.000104858	-406.627
21600	0.000104858	-374.02
21700	0.000104858	-395.639
21800	0.000104858	-436.994
21900	0.000104858	-418.486
22000	0.000104858	-362.042
22100	0.000104858	-401.68
22200	0.000104858	-401.259
22300	0.000104858	-373.645
22400	0.000104858	-398.012
22500	0.000104858	-410.962
22600	0.000104858	-388.386
22700	0.000104858	-371.195
22800	0.000104858	-373.331
22900	0.000104858	-387.71
23000	0.000104858	-387.877
23100	0.000104858	-377.051
23200	0.000104858	-406.614
23300	0.000104858	-374.92
23400	0.000104858	-367.121
23500	0.000104858	-382.541
23600	0.000104858	-418.114
23700	0.000104858	-356.239
23800	0.000104858	-379.812
23900	0.000104858	-417.158
24000	0.000104858	-397.31
24100	0.000104858	-379.214
24200	0.000104858	-360.274
24300	0.000104858	-421.716
24400	0.000104858	-401.288
24500	0.000104858	-364.361
24600	0.000104858	-383.819
24700	0.000104858	-413.116
24800	0.000104858	-400.728
24900	0.000104858	-390.19
25000	0.000104858	-389.378
25100	0.000104858	-406.746
25200	0.000104858	-365.954
25300	0.000104858	-380.465
25400	0.000104858	-421.385
25500	0.000104858	-391.206
25600	0.000104858	-368.262
25700	0.000104858	-391.13
25800	0.000104858	-426.485
25900	0.000104858	-367.188
26000	0.000104858	-431.071
26100	0.000104858	-398.424
26200	0.000104858	-430.567
26300	0.000104858	-413.59
26400	0.000104858	-401.243
26500	0.000104858	-406.301
26600	0.000104858	-361.348
26700	0.000104858	-379.142
26800	0.000104858	-372.947
26900	0.000104858	-422.354
27000	0.000104858	-422.151
27100	0.000104858	-366.467
27200	0.000104858	-374.227
27300	0.000104858	-390.683
27400	0.000104858	-406.061
27500	0.000104858	-426.884
27600	0.000104858	-429.811
27700	0.000104858	-372.96
27800	0.000104858	-365.334
27900	0.000104858	-426.879
28000	0.000104858	-383.24
28100	0.000104858	-418.157
28200	0.000104858	-408.309
28300	0.000104858	-401.463
28400	0.000104858	-402.57
28500	0.000104858	-414.581
28600	0.000104858	-396.12
28700	0.000104858	-411.816
28800	0.000104858	-382.048
28900	0.000104858	-377.964
29000	0.000104858	-381.9
29100	0.000104858	-403.061
29200	0.000104858	-377.195
29300	0.000104858	-401.555
29400	0.000104858	-362.796
29500	0.000104858	-433.662
29600	0.000104858	-379.893
29700	0.000104858	-389.521
29800	0.000104858	-391.382
29900	0.000104858	-411.831
30000	0.000104858	-382.471
30100	0.000104858	-360.787
30200	0.000104858	-391.304
30300	0.000104858	-409.985
30400	0.000104858	-381.55
30500	0.000104858	-394.787
30600	0.000104858	-402.702
30700	0.000104858	-410.376
30800	0.000104858	-402.751
30900	0.000104858	-422.782
31000	0.000104858	-366.147
31100	0.000104858	-388.144
31200	0.000104858	-386.639
31300	0.000104858	-422.344
31400	0.000104858	-364.361
31500	0.000104858	-383.012
31600	0.000104858	-389.586
31700	0.000104858	-371.948
31800	0.000104858	-437.122
31900	0.000104858	-366.395
32000	0.000104858	-397.494
32100	0.000104858	-426.792
32200	0.000104858	-414.754
32300	0.000104858	-420.206
32400	0.000104858	-388.058
32500	0.000104858	-416.318
32600	0.000104858	-397.822
32700	0.000104858	-362.269
32800	0.000104858	-418.946
32900	0.000104858	-416.743
33000	0.000104858	-380.463
33100	0.000104858	-406.314
33200	0.000104858	-394.385
33300	0.000104858	-422.021
33400	0.000104858	-370.369
33500	0.000104858	-416.986
33600	0.000104858	-396.737
33700	0.000104858	-367.668
33800	0.000104858	-401.133
33900	0.000104858	-383.226
34000	0.000104858	-385.302
34100	0.000104858	-400.789
34200	0.000104858	-384.169
34300	0.000104858	-418.706
34400	0.000104858	-371.303
34500	0.000104858	-409.406
34600	0.000104858	-382.02
34700	0.000104858	-408.787
34800	0.000104858	-360.509
34900	0.000104858	-388.396
35000	0.000104858	-383.608
35100	0.000104858	-404.408
35200	0.000104858	-365.301
35300	0.000104858	-405.734
35400	0.000104858	-419.932
35500	0.000104858	-407.658
35600	0.000104858	-396.621
35700	0.000104858	-388.753
35800	0.000104858	-389.997
35900	0.000104858	-430.599
36000	0.000104858	-370.269
36100	0.000104858	-406.468
36200	0.000104858	-358.785
36300	0.000104858	-397.707
36400	0.000104858	-399.018
36500	0.000104858	-375.968
36600	0.000104858	-412.327
36700	0.000104858	-412.544
36800	0.000104858	-365.525
36900	0.000104858	-401.092
37000	0.000104858	-412.991
37100	0.000104858	-381.525
37200	0.000104858	-429.747
37300	0.000104858	-391.818
37400	0.000104858	-397.297
37500	0.000104858	-389.229
37600	0.000104858	-408.211
37700	0.000104858	-361.968
37800	0.000104858	-391.855
37900	0.000104858	-383.294
38000	0.000104858	-373.842
38100	0.000104858	-373.402
38200	0.000104858	-384.073
38300	0.000104858	-396.96
38400	0.000104858	-386.073
38500	0.000104858	-429.29
38600	0.000104858	-407.825
38700	0.000104858	-366.953
38800	0.000104858	-385.206
38900	0.000104858	-404.765
39000	0.000104858	-395.447
39100	0.000104858	-367.932
39200	0.000104858	-381.428
39300	0.000104858	-414.914
39400	0.000104858	-403.479
39500	0.000104858	-378.485
39600	0.000104858	-378.917
39700	0.000104858	-417.58
39800	0.000104858	-389.928
39900	0.000104858	-429.108
40000	0.000104858	-406.161
40100	0.000104858	-360.639
40200	0.000104858	-419.371
40300	0.000104858	-413.193
40400	0.000104858	-382.305
40500	0.000104858	-377.541
40600	0.000104858	-424.136
40700	0.000104858	-381.407
40800	0.000104858	-368.091
40900	0.000104858	-403.125
41000	0.000104858	-406.412
41100	0.000104858	-419.749
41200	0.000104858	-373.389
41300	0.000104858	-440.634
41400	0.000104858	-368.682
41500	0.000104858	-401.853
41600	0.000104858	-417.177
41700	0.000104858	-378.755
41800	0.000104858	-409.073
41900	0.000104858	-350.597
42000	0.000104858	-405.465
42100	0.000104858	-437.86
42200	0.000104858	-439.722
42300	0.000104858	-380.479
42400	0.000104858	-380.22
42500	0.000104858	-419.225
42600	0.000104858	-444.688
42700	0.000104858	-392.05
42800	0.000104858	-372.691
42900	0.000104858	-372.273
43000	0.000104858	-374.557
43100	0.000104858	-396.233
43200	0.000104858	-386.087
43300	0.000104858	-415.442
43400	0.000104858	-417.573
43500	0.000104858	-369.314
43600	0.000104858	-384.891
43700	0.000104858	-414.258
43800	0.000104858	-416.672
43900	0.000104858	-377.115
44000	0.000104858	-401.126
44100	0.000104858	-362.34
44200	0.000104858	-361.851
44300	0.000104858	-390.604
44400	0.000104858	-372.647
44500	0.000104858	-405.111
44600	0.000104858	-413.294
44700	0.000104858	-395.17
44800	0.000104858	-421.339
44900	0.000104858	-404.018
45000	0.000104858	-415.929
45100	0.000104858	-390.174
45200	0.000104858	-429.857
45300	0.000104858	-378.635
45400	0.000104858	-380.625
45500	0.000104858	-390.364
45600	0.000104858	-396.013
45700	0.000104858	-397.521
45800	0.000104858	-355.673
45900	0.000104858	-430.241
46000	0.000104858	-417.246
46100	0.000104858	-383.117
46200	0.000104858	-358.915
46300	0.000104858	-411.059
46400	0.000104858	-381.837
46500	0.000104858	-390.077
46600	0.000104858	-376.93
46700	0.000104858	-419.985
46800	0.000104858	-435.246
46900	0.000104858	-413.581
47000	0.000104858	-391.689
47100	0.000104858	-390.995
47200	0.000104858	-406.938
47300	0.000104858	-373.655
47400	0.000104858	-417.817
47500	0.000104858	-369.209
47600	0.000104858	-381.456
47700	0.000104858	-426.522
47800	0.000104858	-410.025
47900	0.000104858	-389.42
48000	0.000104858	-394.31
48100	0.000104858	-372.343
48200	0.000104858	-386.123
48300	0.000104858	-378.944
48400	0.000104858	-379.999
48500	0.000104858	-404.406
48600	0.000104858	-395.313
48700	0.000104858	-422.308
48800	0.000104858	-397.631
48900	0.000104858	-366.768
49000	0.000104858	-363.716
49100	0.000104858	-394.569
49200	0.000104858	-370.205
49300	0.000104858	-389.243
49400	0.000104858	-383.712
49500	0.000104858	-366.256
49600	0.000104858	-365.779
49700	0.000104858	-417.156
49800	0.000104858	-403.96
49900	0.000104858	-410.584
50000	0.000104858	-385.195
