state	power	likelihood
12600	1.024e-07	-975.213
12700	1.024e-07	-811.652
12800	1.024e-07	-963.471
12900	1.024e-07	-915.243
13000	1.024e-07	-1037.57
13100	1.024e-07	-1521.36
13200	1.024e-07	-1116.15
13300	1.024e-07	-2320.59
13400	1.024e-07	-1861.91
13500	1.024e-07	-1374.3
13600	1.024e-07	-643.764
13700	1.024e-07	-1159.68
13800	1.024e-07	-926.995
13900	1.024e-07	-891.286
14000	1.024e-07	-653.159
14100	1.024e-07	-944.293
14200	1.024e-07	-664.977
14300	1.024e-07	-1196.25
14400	1.024e-07	-801.929
14500	1.024e-07	-1017.17
14600	1.024e-07	-1124.53
14700	1.024e-07	-1264.26
14800	1.024e-07	-662.53
14900	1.024e-07	-641.174
15000	1.024e-07	-891.369
15100	1.024e-07	-1014.66
15200	1.024e-07	-662.399
15300	1.024e-07	-670.329
15400	1.024e-07	-1058.32
15500	1.024e-07	-921.333
15600	1.024e-07	-1141.21
15700	1.024e-07	-1303.91
15800	1.024e-07	-862.337
15900	1.024e-07	-680.996
16000	1.024e-07	-1359.05
16100	1.024e-07	-1012.05
16200	1.024e-07	-1266.54
16300	1.024e-07	-657.373
16400	1.024e-07	-2016.11
16500	1.024e-07	-1272.95
16600	1.024e-07	-980.383
16700	1.024e-07	-687.829
16800	1.024e-07	-1214.08
16900	1.024e-07	-1704.74
17000	1.024e-07	-1096.09
17100	1.024e-07	-1184.7
17200	1.024e-07	-1502.03
17300	1.024e-07	-796.224
17400	1.024e-07	-833.158
17500	1.024e-07	-1565.44
17600	1.024e-07	-1158.37
17700	1.024e-07	-1042.05
17800	1.024e-07	-1418.41
17900	1.024e-07	-1051.82
18000	1.024e-07	-1247.22
18100	1.024e-07	-1533.64
18200	1.024e-07	-434.024
18300	1.024e-07	-1081.57
18400	1.024e-07	-1127.42
18500	1.024e-07	-1793.95
18600	1.024e-07	-858.612
18700	1.024e-07	-1600.47
18800	1.024e-07	-938.454
18900	1.024e-07	-722.409
19000	1.024e-07	-2687.96
19100	1.024e-07	-1116.96
19200	1.024e-07	-894.596
19300	1.024e-07	-1371.33
19400	1.024e-07	-883.459
19500	1.024e-07	-1989.87
19600	1.024e-07	-836.557
19700	1.024e-07	-1779.34
19800	1.024e-07	-1430.06
19900	1.024e-07	-714.884
20000	1.024e-07	-887.539
20100	1.024e-07	-1220.92
20200	1.024e-07	-1163.56
20300	1.024e-07	-616.898
20400	1.024e-07	-1231.87
20500	1.024e-07	-1890.95
20600	1.024e-07	-457.073
20700	1.024e-07	-1177.22
20800	1.024e-07	-843.617
20900	1.024e-07	-1121.06
21000	1.024e-07	-834.128
21100	1.024e-07	-880.357
21200	1.024e-07	-1597.15
21300	1.024e-07	-1047.42
21400	1.024e-07	-1100.45
21500	1.024e-07	-693.259
21600	1.024e-07	-1007.69
21700	1.024e-07	-1474.15
21800	1.024e-07	-967.206
21900	1.024e-07	-1633.48
22000	1.024e-07	-1254.87
22100	1.024e-07	-982.969
22200	1.024e-07	-1903.59
22300	1.024e-07	-942.014
22400	1.024e-07	-1332.62
22500	1.024e-07	-713.142
22600	1.024e-07	-1643.03
22700	1.024e-07	-1549.2
22800	1.024e-07	-1105.44
22900	1.024e-07	-1121.43
23000	1.024e-07	-1710.81
23100	1.024e-07	-851.683
23200	1.024e-07	-763.885
23300	1.024e-07	-1312.45
23400	1.024e-07	-1230.8
23500	1.024e-07	-1685.73
23600	1.024e-07	-933.265
23700	1.024e-07	-1245.03
23800	1.024e-07	-605.743
23900	1.024e-07	-937.119
24000	1.024e-07	-537.627
24100	1.024e-07	-520.714
24200	1.024e-07	-877.694
24300	1.024e-07	-612.691
24400	1.024e-07	-761.493
24500	1.024e-07	-862.734
24600	1.024e-07	-1503.41
24700	1.024e-07	-685.361
24800	1.024e-07	-510.201
24900	1.024e-07	-950.157
25000	1.024e-07	-1764.74
25100	1.024e-07	-995.726
25200	1.024e-07	-1259.65
25300	1.024e-07	-1056.79
25400	1.024e-07	-1199.12
25500	1.024e-07	-1369.11
25600	1.024e-07	-1822.15
25700	1.024e-07	-1056.73
25800	1.024e-07	-1086.01
25900	1.024e-07	-1826.73
26000	1.024e-07	-938.959
26100	1.024e-07	-1120.33
26200	1.024e-07	-1284.65
26300	1.024e-07	-1491.59
26400	1.024e-07	-1029.51
26500	1.024e-07	-1070.98
26600	1.024e-07	-1149.49
26700	1.024e-07	-652.434
26800	1.024e-07	-2948.9
26900	1.024e-07	-1168.95
27000	1.024e-07	-1417.73
27100	1.024e-07	-1153.84
27200	1.024e-07	-806.039
27300	1.024e-07	-1308.9
27400	1.024e-07	-901.189
27500	1.024e-07	-1065.12
27600	1.024e-07	-1486.01
27700	1.024e-07	-1433.72
27800	1.024e-07	-1949.69
27900	1.024e-07	-783.087
28000	1.024e-07	-1531.79
28100	1.024e-07	-1267.07
28200	1.024e-07	-1170.86
28300	1.024e-07	-554.259
28400	1.024e-07	-1295.68
28500	1.024e-07	-2014.49
28600	1.024e-07	-818.731
28700	1.024e-07	-870.225
28800	1.024e-07	-921.427
28900	1.024e-07	-1131.03
29000	1.024e-07	-1163.16
29100	1.024e-07	-1174.25
29200	1.024e-07	-940.948
29300	1.024e-07	-844.974
29400	1.024e-07	-835.473
29500	1.024e-07	-515.795
29600	1.024e-07	-817.122
29700	1.024e-07	-753.975
29800	1.024e-07	-1047.12
29900	1.024e-07	-755.206
30000	1.024e-07	-1624.22
30100	1.024e-07	-936.67
30200	1.024e-07	-1973.45
30300	1.024e-07	-954.195
30400	1.024e-07	-803.903
30500	1.024e-07	-827.766
30600	1.024e-07	-870.178
30700	1.024e-07	-1107.41
30800	1.024e-07	-967.797
30900	1.024e-07	-1586.82
31000	1.024e-07	-824.06
31100	1.024e-07	-1112.86
31200	1.024e-07	-546.477
31300	1.024e-07	-514.552
31400	1.024e-07	-1125.03
31500	1.024e-07	-1396.89
31600	1.024e-07	-1177.49
31700	1.024e-07	-1162.45
31800	1.024e-07	-1181.37
31900	1.024e-07	-1517.49
32000	1.024e-07	-954.179
32100	1.024e-07	-583.47
32200	1.024e-07	-1048.19
32300	1.024e-07	-1435.53
32400	1.024e-07	-1659.71
32500	1.024e-07	-680.836
32600	1.024e-07	-1372.51
32700	1.024e-07	-1325.28
32800	1.024e-07	-608.787
32900	1.024e-07	-1051.68
33000	1.024e-07	-763.78
33100	1.024e-07	-986.608
33200	1.024e-07	-1055.3
33300	1.024e-07	-1288.41
33400	1.024e-07	-1384.58
33500	1.024e-07	-737.099
33600	1.024e-07	-1440.86
33700	1.024e-07	-1112.17
33800	1.024e-07	-1717.89
33900	1.024e-07	-1148.93
34000	1.024e-07	-730.642
34100	1.024e-07	-1291.01
34200	1.024e-07	-1411.15
34300	1.024e-07	-805.005
34400	1.024e-07	-967.749
34500	1.024e-07	-1085.6
34600	1.024e-07	-707.79
34700	1.024e-07	-2145.38
34800	1.024e-07	-491.176
34900	1.024e-07	-918.936
35000	1.024e-07	-1523.09
35100	1.024e-07	-1383
35200	1.024e-07	-1259.3
35300	1.024e-07	-1305.86
35400	1.024e-07	-1301.97
35500	1.024e-07	-480.975
35600	1.024e-07	-739.355
35700	1.024e-07	-637.053
35800	1.024e-07	-666.946
35900	1.024e-07	-1586.24
36000	1.024e-07	-1404.43
36100	1.024e-07	-802.699
36200	1.024e-07	-1038.88
36300	1.024e-07	-2041.92
36400	1.024e-07	-694.32
36500	1.024e-07	-1065.94
36600	1.024e-07	-2613.2
36700	1.024e-07	-978.504
36800	1.024e-07	-1664.74
36900	1.024e-07	-1672.77
37000	1.024e-07	-715.451
37100	1.024e-07	-1112.17
37200	1.024e-07	-1764.78
37300	1.024e-07	-1103.5
37400	1.024e-07	-573.874
37500	1.024e-07	-1947.95
37600	1.024e-07	-1613.97
37700	1.024e-07	-1030.76
37800	1.024e-07	-1582.98
37900	1.024e-07	-1064.31
38000	1.024e-07	-632.916
38100	1.024e-07	-1385.45
38200	1.024e-07	-897.663
38300	1.024e-07	-934.604
38400	1.024e-07	-1192.55
38500	1.024e-07	-1209.51
38600	1.024e-07	-686.446
38700	1.024e-07	-823.347
38800	1.024e-07	-905.274
38900	1.024e-07	-1222.17
39000	1.024e-07	-673.407
39100	1.024e-07	-1272.58
39200	1.024e-07	-640.593
39300	1.024e-07	-714.741
39400	1.024e-07	-1701.39
39500	1.024e-07	-455.661
39600	1.024e-07	-1286.16
39700	1.024e-07	-1245.26
39800	1.024e-07	-718.479
39900	1.024e-07	-990.696
40000	1.024e-07	-929.986
40100	1.024e-07	-791.73
40200	1.024e-07	-1275.78
40300	1.024e-07	-863.416
40400	1.024e-07	-1510.62
40500	1.024e-07	-845.091
40600	1.024e-07	-1764.63
40700	1.024e-07	-1157.07
40800	1.024e-07	-896.459
40900	1.024e-07	-2004.12
41000	1.024e-07	-1363.99
41100	1.024e-07	-1702.32
41200	1.024e-07	-914.112
41300	1.024e-07	-813.488
41400	1.024e-07	-778.543
41500	1.024e-07	-1945.32
41600	1.024e-07	-1148.84
41700	1.024e-07	-1565.03
41800	1.024e-07	-799.583
41900	1.024e-07	-878.108
42000	1.024e-07	-1103.73
42100	1.024e-07	-1545.42
42200	1.024e-07	-597.153
42300	1.024e-07	-768.151
42400	1.024e-07	-1905.04
42500	1.024e-07	-1213.6
42600	1.024e-07	-1246.12
42700	1.024e-07	-935.962
42800	1.024e-07	-767.116
42900	1.024e-07	-729.492
43000	1.024e-07	-1356.98
43100	1.024e-07	-1651.9
43200	1.024e-07	-782.461
43300	1.024e-07	-694.109
43400	1.024e-07	-1487.78
43500	1.024e-07	-785.681
43600	1.024e-07	-677.567
43700	1.024e-07	-1149.27
43800	1.024e-07	-730.52
43900	1.024e-07	-2182.12
44000	1.024e-07	-958.319
44100	1.024e-07	-1324.06
44200	1.024e-07	-1042.63
44300	1.024e-07	-1380.3
44400	1.024e-07	-750.786
44500	1.024e-07	-3520.29
44600	1.024e-07	-934.526
44700	1.024e-07	-989.643
44800	1.024e-07	-836.975
44900	1.024e-07	-1760.92
45000	1.024e-07	-1056.93
45100	1.024e-07	-920.083
45200	1.024e-07	-722.004
45300	1.024e-07	-1021.32
45400	1.024e-07	-1303.6
45500	1.024e-07	-1089.24
45600	1.024e-07	-1264.19
45700	1.024e-07	-749.947
45800	1.024e-07	-552.724
45900	1.024e-07	-834.024
46000	1.024e-07	-1545.82
46100	1.024e-07	-762.433
46200	1.024e-07	-807.943
46300	1.024e-07	-905.593
46400	1.024e-07	-1182.24
46500	1.024e-07	-1009.25
46600	1.024e-07	-870.046
46700	1.024e-07	-1012.52
46800	1.024e-07	-1077.96
46900	1.024e-07	-1201.45
47000	1.024e-07	-1148.86
47100	1.024e-07	-994.508
47200	1.024e-07	-874.17
47300	1.024e-07	-1242.59
47400	1.024e-07	-520.123
47500	1.024e-07	-1961.37
47600	1.024e-07	-799.349
47700	1.024e-07	-1189.24
47800	1.024e-07	-1011.14
47900	1.024e-07	-1932.22
48000	1.024e-07	-1124.69
48100	1.024e-07	-551.537
48200	1.024e-07	-850.714
48300	1.024e-07	-1577
48400	1.024e-07	-581.905
48500	1.024e-07	-1147.36
48600	1.024e-07	-1212.43
48700	1.024e-07	-1184.67
48800	1.024e-07	-735.696
48900	1.024e-07	-1076.22
49000	1.024e-07	-1416.44
49100	1.024e-07	-1496.77
49200	1.024e-07	-1578.35
49300	1.024e-07	-1228.52
49400	1.024e-07	-1111.55
49500	1.024e-07	-1171.07
49600	1.024e-07	-1884.9
49700	1.024e-07	-1111.95
49800	1.024e-07	-1078.87
49900	1.024e-07	-950.72
50000	1.024e-07	-898.288
