state	power	likelihood
12600	0.659082	-237.766
12700	0.659082	-232.488
12800	0.659082	-229.817
12900	0.659082	-240.49
13000	0.659082	-232.966
13100	0.659082	-241.326
13200	0.659082	-222.669
13300	0.659082	-230.561
13400	0.659082	-228.519
13500	0.659082	-231.735
13600	0.659082	-239.254
13700	0.659082	-233.132
13800	0.659082	-233.866
13900	0.659082	-229.149
14000	0.659082	-230.933
14100	0.659082	-248.406
14200	0.659082	-230.894
14300	0.659082	-230.878
14400	0.659082	-231.037
14500	0.659082	-240.821
14600	0.659082	-233.573
14700	0.659082	-236.311
14800	0.659082	-229.443
14900	0.659082	-234.361
15000	0.659082	-236.488
15100	0.659082	-238.577
15200	0.659082	-227.827
15300	0.659082	-239.392
15400	0.659082	-235.693
15500	0.659082	-233.719
15600	0.659082	-236.524
15700	0.659082	-234.358
15800	0.659082	-240.548
15900	0.659082	-237.464
16000	0.659082	-239.977
16100	0.659082	-228.983
16200	0.659082	-233.681
16300	0.659082	-241.989
16400	0.659082	-230.804
16500	0.659082	-242.668
16600	0.659082	-225.897
16700	0.659082	-230.145
16800	0.659082	-228
16900	0.659082	-222.595
17000	0.659082	-226.467
17100	0.659082	-228.287
17200	0.659082	-225.021
17300	0.659082	-233.537
17400	0.659082	-232.817
17500	0.659082	-235.641
17600	0.659082	-243.447
17700	0.659082	-231.024
17800	0.659082	-243.763
17900	0.659082	-237.73
18000	0.659082	-236.051
18100	0.659082	-228.126
18200	0.659082	-230.046
18300	0.659082	-242.256
18400	0.659082	-247.107
18500	0.659082	-231.82
18600	0.659082	-232.728
18700	0.659082	-227.078
18800	0.659082	-239.776
18900	0.659082	-226.715
19000	0.659082	-234.093
19100	0.659082	-237.378
19200	0.659082	-231.83
19300	0.659082	-242.414
19400	0.659082	-231.215
19500	0.659082	-232.872
19600	0.659082	-230.331
19700	0.659082	-238.613
19800	0.659082	-232.945
19900	0.659082	-234.469
20000	0.659082	-236.361
20100	0.659082	-232.78
20200	0.659082	-232.342
20300	0.659082	-255.734
20400	0.659082	-231.027
20500	0.659082	-231.34
20600	0.659082	-228.435
20700	0.659082	-230.146
20800	0.659082	-237.611
20900	0.659082	-237.052
21000	0.659082	-241.628
21100	0.659082	-231.21
21200	0.659082	-237.485
21300	0.659082	-234.417
21400	0.659082	-236.177
21500	0.659082	-239.356
21600	0.659082	-233.433
21700	0.659082	-228.086
21800	0.659082	-231.897
21900	0.659082	-244.794
22000	0.659082	-226.795
22100	0.659082	-237.246
22200	0.659082	-225.14
22300	0.659082	-234.287
22400	0.659082	-231.997
22500	0.659082	-231.221
22600	0.659082	-227.5
22700	0.659082	-243.454
22800	0.659082	-230.858
22900	0.659082	-230.19
23000	0.659082	-240.965
23100	0.659082	-231.968
23200	0.659082	-238.065
23300	0.659082	-235.451
23400	0.659082	-247.768
23500	0.659082	-232.371
23600	0.659082	-231.763
23700	0.659082	-235.107
23800	0.659082	-242.4
23900	0.659082	-243.921
24000	0.659082	-231.838
24100	0.659082	-230.323
24200	0.659082	-243.899
24300	0.659082	-239.282
24400	0.659082	-231.189
24500	0.659082	-241.773
24600	0.659082	-237.427
24700	0.659082	-234.669
24800	0.659082	-240.875
24900	0.659082	-238.951
25000	0.659082	-234.957
25100	0.659082	-234.399
25200	0.659082	-241.607
25300	0.659082	-243.504
25400	0.659082	-232.064
25500	0.659082	-234.919
25600	0.659082	-243.797
25700	0.659082	-229.838
25800	0.659082	-244.995
25900	0.659082	-233.379
26000	0.659082	-239.721
26100	0.659082	-236.91
26200	0.659082	-239.301
26300	0.659082	-227.319
26400	0.659082	-223.489
26500	0.659082	-234.28
26600	0.659082	-223.8
26700	0.659082	-234.153
26800	0.659082	-235.016
26900	0.659082	-226.288
27000	0.659082	-230.622
27100	0.659082	-229.637
27200	0.659082	-235.393
27300	0.659082	-232.288
27400	0.659082	-229.177
27500	0.659082	-229.499
27600	0.659082	-237.857
27700	0.659082	-244.825
27800	0.659082	-237.913
27900	0.659082	-229.299
28000	0.659082	-234.657
28100	0.659082	-235.719
28200	0.659082	-235.098
28300	0.659082	-231.439
28400	0.659082	-234.064
28500	0.659082	-238.791
28600	0.659082	-233.876
28700	0.659082	-233.992
28800	0.659082	-232.031
28900	0.659082	-229.933
29000	0.659082	-237.015
29100	0.659082	-246.673
29200	0.659082	-238.104
29300	0.659082	-234.446
29400	0.659082	-225.885
29500	0.659082	-227.889
29600	0.659082	-235.268
29700	0.659082	-234.149
29800	0.659082	-225.281
29900	0.659082	-237.743
30000	0.659082	-228.993
30100	0.659082	-232.327
30200	0.659082	-222.436
30300	0.659082	-236.734
30400	0.659082	-244.245
30500	0.659082	-227.87
30600	0.659082	-240.996
30700	0.659082	-234.731
30800	0.659082	-233.026
30900	0.659082	-235.91
31000	0.659082	-238.842
31100	0.659082	-228.666
31200	0.659082	-231.04
31300	0.659082	-243.199
31400	0.659082	-250.762
31500	0.659082	-240.461
31600	0.659082	-229.031
31700	0.659082	-236.844
31800	0.659082	-231.365
31900	0.659082	-232.983
32000	0.659082	-236.712
32100	0.659082	-246.679
32200	0.659082	-246.278
32300	0.659082	-236.062
32400	0.659082	-242.379
32500	0.659082	-229.763
32600	0.659082	-232.611
32700	0.659082	-236.61
32800	0.659082	-233.034
32900	0.659082	-228.867
33000	0.659082	-234.438
33100	0.659082	-231.951
33200	0.659082	-236.136
33300	0.659082	-229.037
33400	0.659082	-227.146
33500	0.659082	-237.366
33600	0.659082	-227.922
33700	0.659082	-235.972
33800	0.659082	-230.348
33900	0.659082	-237.316
34000	0.659082	-232.753
34100	0.659082	-227.766
34200	0.659082	-248.15
34300	0.659082	-236.413
34400	0.659082	-229.806
34500	0.659082	-240.831
34600	0.659082	-224.636
34700	0.659082	-229.685
34800	0.659082	-236.487
34900	0.659082	-229.043
35000	0.659082	-232.276
35100	0.659082	-236.892
35200	0.659082	-230.693
35300	0.659082	-227.853
35400	0.659082	-240.504
35500	0.659082	-234.568
35600	0.659082	-238.351
35700	0.659082	-224.07
35800	0.659082	-232.189
35900	0.659082	-238.371
36000	0.659082	-233.314
36100	0.659082	-227.861
36200	0.659082	-233.142
36300	0.659082	-237.749
36400	0.659082	-234.082
36500	0.659082	-236.546
36600	0.659082	-243.544
36700	0.659082	-238.397
36800	0.659082	-242.528
36900	0.659082	-239.551
37000	0.659082	-230.115
37100	0.659082	-227.91
37200	0.659082	-229.655
37300	0.659082	-226.325
37400	0.659082	-243.978
37500	0.659082	-228.436
37600	0.659082	-239.167
37700	0.659082	-230.295
37800	0.659082	-230.731
37900	0.659082	-245.262
38000	0.659082	-229.23
38100	0.659082	-239.959
38200	0.659082	-236.202
38300	0.659082	-245.649
38400	0.659082	-238.313
38500	0.659082	-244.106
38600	0.659082	-245.171
38700	0.659082	-227.766
38800	0.659082	-233.036
38900	0.659082	-226.45
39000	0.659082	-232.919
39100	0.659082	-246.35
39200	0.659082	-248.935
39300	0.659082	-231.733
39400	0.659082	-231.423
39500	0.659082	-239.04
39600	0.659082	-241.882
39700	0.659082	-229.478
39800	0.659082	-245.621
39900	0.659082	-237.441
40000	0.659082	-240.953
40100	0.659082	-244.03
40200	0.659082	-241.617
40300	0.659082	-238.025
40400	0.659082	-239.159
40500	0.659082	-227.463
40600	0.659082	-228.288
40700	0.659082	-235.753
40800	0.659082	-230.622
40900	0.659082	-237.976
41000	0.659082	-228.116
41100	0.659082	-226.316
41200	0.659082	-238.812
41300	0.659082	-237.494
41400	0.659082	-236.808
41500	0.659082	-236.396
41600	0.659082	-235.172
41700	0.659082	-234.589
41800	0.659082	-230.732
41900	0.659082	-236.647
42000	0.659082	-229.103
42100	0.659082	-231.504
42200	0.659082	-227.588
42300	0.659082	-231.705
42400	0.659082	-227.95
42500	0.659082	-231.871
42600	0.659082	-234.745
42700	0.659082	-232.322
42800	0.659082	-230.251
42900	0.659082	-227.222
43000	0.659082	-243.935
43100	0.659082	-234.143
43200	0.659082	-240.353
43300	0.659082	-238.763
43400	0.659082	-238.884
43500	0.659082	-229.458
43600	0.659082	-242.166
43700	0.659082	-238.395
43800	0.659082	-229.943
43900	0.659082	-228.836
44000	0.659082	-226.561
44100	0.659082	-233.279
44200	0.659082	-232.63
44300	0.659082	-241.778
44400	0.659082	-239.29
44500	0.659082	-229.108
44600	0.659082	-235.821
44700	0.659082	-226.544
44800	0.659082	-237.411
44900	0.659082	-243.125
45000	0.659082	-233.835
45100	0.659082	-239.348
45200	0.659082	-229.73
45300	0.659082	-246.906
45400	0.659082	-230.771
45500	0.659082	-236.69
45600	0.659082	-233.075
45700	0.659082	-231.67
45800	0.659082	-240.182
45900	0.659082	-224.496
46000	0.659082	-233.869
46100	0.659082	-240.353
46200	0.659082	-240.298
46300	0.659082	-235.306
46400	0.659082	-237.075
46500	0.659082	-238.754
46600	0.659082	-232.151
46700	0.659082	-241.466
46800	0.659082	-227.238
46900	0.659082	-234.292
47000	0.659082	-237.765
47100	0.659082	-227.465
47200	0.659082	-222.882
47300	0.659082	-242.391
47400	0.659082	-225.445
47500	0.659082	-231.159
47600	0.659082	-229.243
47700	0.659082	-226.178
47800	0.659082	-231.772
47900	0.659082	-233.876
48000	0.659082	-230.513
48100	0.659082	-234.565
48200	0.659082	-238.816
48300	0.659082	-227.1
48400	0.659082	-244.344
48500	0.659082	-225.69
48600	0.659082	-225.155
48700	0.659082	-227.693
48800	0.659082	-229.74
48900	0.659082	-231.924
49000	0.659082	-239.608
49100	0.659082	-227.594
49200	0.659082	-228.927
49300	0.659082	-230.485
49400	0.659082	-242.44
49500	0.659082	-228.328
49600	0.659082	-232.669
49700	0.659082	-236.241
49800	0.659082	-234.06
49900	0.659082	-237.181
50000	0.659082	-227.57
