state	power	likelihood
12600	0.527732	-236.375
12700	0.527732	-243.433
12800	0.527732	-238.854
12900	0.527732	-237.395
13000	0.527732	-240.157
13100	0.527732	-256.136
13200	0.527732	-237.774
13300	0.527732	-243.742
13400	0.527732	-235.985
13500	0.527732	-236.322
13600	0.527732	-242.016
13700	0.527732	-235.538
13800	0.527732	-244.629
13900	0.527732	-235.853
14000	0.527732	-230.423
14100	0.527732	-240.727
14200	0.527732	-236.751
14300	0.527732	-238.886
14400	0.527732	-246.046
14500	0.527732	-226.479
14600	0.527732	-242.778
14700	0.527732	-241.954
14800	0.527732	-245.314
14900	0.527732	-233.548
15000	0.527732	-240.491
15100	0.527732	-237.681
15200	0.527732	-238.906
15300	0.527732	-244.411
15400	0.527732	-233.673
15500	0.527732	-232.219
15600	0.527732	-233.264
15700	0.527732	-243.921
15800	0.527732	-241.476
15900	0.527732	-248.361
16000	0.527732	-226.688
16100	0.527732	-240.62
16200	0.527732	-229.401
16300	0.527732	-241.655
16400	0.527732	-229.203
16500	0.527732	-242.285
16600	0.527732	-241.718
16700	0.527732	-243.084
16800	0.527732	-244.625
16900	0.527732	-232.956
17000	0.527732	-236.769
17100	0.527732	-234.002
17200	0.527732	-242.922
17300	0.527732	-233.029
17400	0.527732	-234.478
17500	0.527732	-241.728
17600	0.527732	-237.307
17700	0.527732	-230.844
17800	0.527732	-243.603
17900	0.527732	-245.796
18000	0.527732	-238.736
18100	0.527732	-238.144
18200	0.527732	-238.386
18300	0.527732	-231.032
18400	0.527732	-234.149
18500	0.527732	-225.697
18600	0.527732	-237.65
18700	0.527732	-245.824
18800	0.527732	-235.387
18900	0.527732	-228.67
19000	0.527732	-245.399
19100	0.527732	-232.48
19200	0.527732	-237.474
19300	0.527732	-238.746
19400	0.527732	-237.774
19500	0.527732	-234.268
19600	0.527732	-241.071
19700	0.527732	-237.676
19800	0.527732	-233.908
19900	0.527732	-247.914
20000	0.527732	-243.726
20100	0.527732	-240.662
20200	0.527732	-233.279
20300	0.527732	-228.471
20400	0.527732	-230.74
20500	0.527732	-227.319
20600	0.527732	-233.882
20700	0.527732	-241.81
20800	0.527732	-233.299
20900	0.527732	-234.346
21000	0.527732	-241.504
21100	0.527732	-225.694
21200	0.527732	-243.561
21300	0.527732	-240.991
21400	0.527732	-253.371
21500	0.527732	-245.14
21600	0.527732	-227.92
21700	0.527732	-238.13
21800	0.527732	-230.389
21900	0.527732	-240.782
22000	0.527732	-241.148
22100	0.527732	-242.357
22200	0.527732	-238.423
22300	0.527732	-231.089
22400	0.527732	-232.783
22500	0.527732	-233.016
22600	0.527732	-233.965
22700	0.527732	-230.784
22800	0.527732	-238.505
22900	0.527732	-236.083
23000	0.527732	-236.475
23100	0.527732	-235.858
23200	0.527732	-228.837
23300	0.527732	-240.25
23400	0.527732	-226.235
23500	0.527732	-236.866
23600	0.527732	-238.027
23700	0.527732	-232.075
23800	0.527732	-233.85
23900	0.527732	-229.918
24000	0.527732	-239.673
24100	0.527732	-250.272
24200	0.527732	-245.668
24300	0.527732	-245.351
24400	0.527732	-236.016
24500	0.527732	-238.427
24600	0.527732	-238.244
24700	0.527732	-241.467
24800	0.527732	-231.78
24900	0.527732	-229.926
25000	0.527732	-242.698
25100	0.527732	-231.057
25200	0.527732	-231.958
25300	0.527732	-233.847
25400	0.527732	-229.859
25500	0.527732	-229.307
25600	0.527732	-237.936
25700	0.527732	-235.822
25800	0.527732	-219.473
25900	0.527732	-220.357
26000	0.527732	-219.495
26100	0.527732	-234.359
26200	0.527732	-218.858
26300	0.527732	-218.532
26400	0.527732	-222.023
26500	0.527732	-235.495
26600	0.527732	-230.028
26700	0.527732	-221.373
26800	0.527732	-231.096
26900	0.527732	-244.294
27000	0.527732	-230.021
27100	0.527732	-225.876
27200	0.527732	-232.891
27300	0.527732	-233.825
27400	0.527732	-236.719
27500	0.527732	-248.088
27600	0.527732	-242.611
27700	0.527732	-232.855
27800	0.527732	-237.877
27900	0.527732	-231.512
28000	0.527732	-235.306
28100	0.527732	-236.598
28200	0.527732	-228.339
28300	0.527732	-240.768
28400	0.527732	-235.005
28500	0.527732	-243.989
28600	0.527732	-239.523
28700	0.527732	-253.065
28800	0.527732	-229.781
28900	0.527732	-228.284
29000	0.527732	-241.169
29100	0.527732	-252.062
29200	0.527732	-242.51
29300	0.527732	-243.435
29400	0.527732	-226.796
29500	0.527732	-237.441
29600	0.527732	-246.377
29700	0.527732	-227.736
29800	0.527732	-250.337
29900	0.527732	-229.289
30000	0.527732	-244.243
30100	0.527732	-237.236
30200	0.527732	-242.662
30300	0.527732	-257.344
30400	0.527732	-247.032
30500	0.527732	-230.493
30600	0.527732	-251.652
30700	0.527732	-230.12
30800	0.527732	-237.499
30900	0.527732	-236.124
31000	0.527732	-229.97
31100	0.527732	-232.426
31200	0.527732	-240.148
31300	0.527732	-237.683
31400	0.527732	-250.442
31500	0.527732	-228.034
31600	0.527732	-235.241
31700	0.527732	-227.46
31800	0.527732	-240.283
31900	0.527732	-233.241
32000	0.527732	-247.938
32100	0.527732	-228.291
32200	0.527732	-254.954
32300	0.527732	-244.405
32400	0.527732	-225.749
32500	0.527732	-233.991
32600	0.527732	-251.521
32700	0.527732	-223.456
32800	0.527732	-240.681
32900	0.527732	-234.69
33000	0.527732	-234.565
33100	0.527732	-241.739
33200	0.527732	-236.515
33300	0.527732	-244.201
33400	0.527732	-234.732
33500	0.527732	-230.028
33600	0.527732	-235.771
33700	0.527732	-238.049
33800	0.527732	-238.064
33900	0.527732	-235.372
34000	0.527732	-231.163
34100	0.527732	-235.364
34200	0.527732	-228.902
34300	0.527732	-235.296
34400	0.527732	-231.113
34500	0.527732	-239.13
34600	0.527732	-237.447
34700	0.527732	-241.805
34800	0.527732	-230.573
34900	0.527732	-247.769
35000	0.527732	-244.208
35100	0.527732	-234.125
35200	0.527732	-228.273
35300	0.527732	-241.12
35400	0.527732	-243.755
35500	0.527732	-233.858
35600	0.527732	-227.598
35700	0.527732	-226.65
35800	0.527732	-251.399
35900	0.527732	-230.625
36000	0.527732	-249.027
36100	0.527732	-244.647
36200	0.527732	-227.171
36300	0.527732	-230.333
36400	0.527732	-239.949
36500	0.527732	-239.093
36600	0.527732	-244.306
36700	0.527732	-241.527
36800	0.527732	-227.085
36900	0.527732	-240.943
37000	0.527732	-236.337
37100	0.527732	-238.035
37200	0.527732	-232.317
37300	0.527732	-238.314
37400	0.527732	-239.376
37500	0.527732	-244.257
37600	0.527732	-237.905
37700	0.527732	-238.282
37800	0.527732	-240.171
37900	0.527732	-228.906
38000	0.527732	-238.667
38100	0.527732	-220.065
38200	0.527732	-231.268
38300	0.527732	-243.252
38400	0.527732	-243.78
38500	0.527732	-226.955
38600	0.527732	-236.07
38700	0.527732	-242.947
38800	0.527732	-243.766
38900	0.527732	-234.476
39000	0.527732	-238.141
39100	0.527732	-238.641
39200	0.527732	-241.042
39300	0.527732	-236.175
39400	0.527732	-242.095
39500	0.527732	-236.721
39600	0.527732	-233.359
39700	0.527732	-234.683
39800	0.527732	-245.056
39900	0.527732	-243.073
40000	0.527732	-246.962
40100	0.527732	-243.398
40200	0.527732	-242.339
40300	0.527732	-239.9
40400	0.527732	-232.851
40500	0.527732	-227.065
40600	0.527732	-237.698
40700	0.527732	-234.668
40800	0.527732	-241.111
40900	0.527732	-245.154
41000	0.527732	-248.102
41100	0.527732	-219.582
41200	0.527732	-233.406
41300	0.527732	-227.823
41400	0.527732	-227.592
41500	0.527732	-228.828
41600	0.527732	-223.417
41700	0.527732	-229.472
41800	0.527732	-234.24
41900	0.527732	-236.551
42000	0.527732	-221.973
42100	0.527732	-237.824
42200	0.527732	-234.12
42300	0.527732	-225.175
42400	0.527732	-224.978
42500	0.527732	-224.688
42600	0.527732	-218.593
42700	0.527732	-233.545
42800	0.527732	-237.095
42900	0.527732	-230.798
43000	0.527732	-235.383
43100	0.527732	-242.615
43200	0.527732	-239.73
43300	0.527732	-241.868
43400	0.527732	-232.561
43500	0.527732	-241.667
43600	0.527732	-234.846
43700	0.527732	-239.438
43800	0.527732	-239.122
43900	0.527732	-223.238
44000	0.527732	-239.685
44100	0.527732	-245.085
44200	0.527732	-228.998
44300	0.527732	-229.665
44400	0.527732	-236.1
44500	0.527732	-239.705
44600	0.527732	-231.01
44700	0.527732	-226.169
44800	0.527732	-241.973
44900	0.527732	-222.092
45000	0.527732	-245.6
45100	0.527732	-231.817
45200	0.527732	-230.172
45300	0.527732	-225.82
45400	0.527732	-239.356
45500	0.527732	-234.167
45600	0.527732	-236.226
45700	0.527732	-235.162
45800	0.527732	-237.444
45900	0.527732	-235.539
46000	0.527732	-236.773
46100	0.527732	-239.724
46200	0.527732	-228.254
46300	0.527732	-238.665
46400	0.527732	-233.304
46500	0.527732	-239.599
46600	0.527732	-248.9
46700	0.527732	-242.383
46800	0.527732	-232.506
46900	0.527732	-233.263
47000	0.527732	-241.582
47100	0.527732	-230.831
47200	0.527732	-236.038
47300	0.527732	-232.074
47400	0.527732	-243.614
47500	0.527732	-227.096
47600	0.527732	-250.318
47700	0.527732	-234.791
47800	0.527732	-238.417
47900	0.527732	-238.535
48000	0.527732	-248.036
48100	0.527732	-233.234
48200	0.527732	-238.6
48300	0.527732	-238.323
48400	0.527732	-230.279
48500	0.527732	-231.876
48600	0.527732	-233.79
48700	0.527732	-237.962
48800	0.527732	-231.217
48900	0.527732	-226.778
49000	0.527732	-248.23
49100	0.527732	-240.33
49200	0.527732	-231.988
49300	0.527732	-230.89
49400	0.527732	-230.068
49500	0.527732	-246.578
49600	0.527732	-241.438
49700	0.527732	-235.799
49800	0.527732	-231.419
49900	0.527732	-234.48
50000	0.527732	-230.21
