state	power	likelihood
12600	0.107374	-236.048
12700	0.107374	-238.229
12800	0.107374	-244.847
12900	0.107374	-235.417
13000	0.107374	-266.681
13100	0.107374	-237.124
13200	0.107374	-250.487
13300	0.107374	-251.238
13400	0.107374	-239.933
13500	0.107374	-236.778
13600	0.107374	-276.485
13700	0.107374	-238.042
13800	0.107374	-235.671
13900	0.107374	-239.461
14000	0.107374	-237.746
14100	0.107374	-246.3
14200	0.107374	-237.517
14300	0.107374	-235.228
14400	0.107374	-235.344
14500	0.107374	-263.735
14600	0.107374	-237.1
14700	0.107374	-239.58
14800	0.107374	-244.762
14900	0.107374	-235.948
15000	0.107374	-246.653
15100	0.107374	-235.188
15200	0.107374	-245.542
15300	0.107374	-252.619
15400	0.107374	-241.388
15500	0.107374	-236.502
15600	0.107374	-259.604
15700	0.107374	-234.962
15800	0.107374	-235.193
15900	0.107374	-239.444
16000	0.107374	-240.868
16100	0.107374	-234.959
16200	0.107374	-238.538
16300	0.107374	-234.545
16400	0.107374	-245.179
16500	0.107374	-236.391
16600	0.107374	-236.64
16700	0.107374	-247.517
16800	0.107374	-241.244
16900	0.107374	-235.452
17000	0.107374	-243.168
17100	0.107374	-237.035
17200	0.107374	-237.9
17300	0.107374	-235.203
17400	0.107374	-283.206
17500	0.107374	-233.966
17600	0.107374	-238.841
17700	0.107374	-241.818
17800	0.107374	-261.49
17900	0.107374	-234.922
18000	0.107374	-236.307
18100	0.107374	-238.715
18200	0.107374	-237.999
18300	0.107374	-248.365
18400	0.107374	-233.263
18500	0.107374	-249.859
18600	0.107374	-258.442
18700	0.107374	-241.149
18800	0.107374	-248.823
18900	0.107374	-243.733
19000	0.107374	-235.875
19100	0.107374	-248.544
19200	0.107374	-244.098
19300	0.107374	-235.993
19400	0.107374	-249.136
19500	0.107374	-244.272
19600	0.107374	-247.95
19700	0.107374	-236.178
19800	0.107374	-242.196
19900	0.107374	-234.567
20000	0.107374	-239.043
20100	0.107374	-237.284
20200	0.107374	-235.339
20300	0.107374	-234.921
20400	0.107374	-234.874
20500	0.107374	-239.229
20600	0.107374	-248.808
20700	0.107374	-235.873
20800	0.107374	-238.079
20900	0.107374	-237.194
21000	0.107374	-236.642
21100	0.107374	-236.169
21200	0.107374	-245.818
21300	0.107374	-234.246
21400	0.107374	-253.014
21500	0.107374	-236.387
21600	0.107374	-248.447
21700	0.107374	-245.719
21800	0.107374	-234.802
21900	0.107374	-240.806
22000	0.107374	-243.94
22100	0.107374	-233.237
22200	0.107374	-236.588
22300	0.107374	-235.894
22400	0.107374	-243.554
22500	0.107374	-233.781
22600	0.107374	-241.198
22700	0.107374	-246.125
22800	0.107374	-236.008
22900	0.107374	-234.079
23000	0.107374	-235.541
23100	0.107374	-235.415
23200	0.107374	-235.329
23300	0.107374	-257.404
23400	0.107374	-245.984
23500	0.107374	-236.311
23600	0.107374	-237.378
23700	0.107374	-235.145
23800	0.107374	-240.335
23900	0.107374	-253.152
24000	0.107374	-238.411
24100	0.107374	-237.214
24200	0.107374	-238.71
24300	0.107374	-237.846
24400	0.107374	-249.429
24500	0.107374	-236.14
24600	0.107374	-260.92
24700	0.107374	-236.343
24800	0.107374	-236.117
24900	0.107374	-256.845
25000	0.107374	-248.561
25100	0.107374	-240.141
25200	0.107374	-238.461
25300	0.107374	-238.397
25400	0.107374	-236.748
25500	0.107374	-245.122
25600	0.107374	-241.675
25700	0.107374	-251.975
25800	0.107374	-242.193
25900	0.107374	-239.11
26000	0.107374	-237.749
26100	0.107374	-241.519
26200	0.107374	-244.06
26300	0.107374	-253.257
26400	0.107374	-236.991
26500	0.107374	-235.728
26600	0.107374	-239.846
26700	0.107374	-238.447
26800	0.107374	-241.961
26900	0.107374	-238.596
27000	0.107374	-236.693
27100	0.107374	-243.301
27200	0.107374	-238.687
27300	0.107374	-239.107
27400	0.107374	-242.805
27500	0.107374	-241.799
27600	0.107374	-253.229
27700	0.107374	-235.31
27800	0.107374	-234.932
27900	0.107374	-236.177
28000	0.107374	-245.271
28100	0.107374	-237.742
28200	0.107374	-248.479
28300	0.107374	-247.611
28400	0.107374	-248.069
28500	0.107374	-247.029
28600	0.107374	-243.567
28700	0.107374	-245.781
28800	0.107374	-236.34
28900	0.107374	-236.236
29000	0.107374	-237.575
29100	0.107374	-237.728
29200	0.107374	-242.773
29300	0.107374	-261.866
29400	0.107374	-247.14
29500	0.107374	-234.244
29600	0.107374	-235.855
29700	0.107374	-236.015
29800	0.107374	-238.659
29900	0.107374	-235.056
30000	0.107374	-233.621
30100	0.107374	-242.898
30200	0.107374	-239.84
30300	0.107374	-236.415
30400	0.107374	-250.518
30500	0.107374	-238.114
30600	0.107374	-248.928
30700	0.107374	-266.717
30800	0.107374	-234.778
30900	0.107374	-235.78
31000	0.107374	-235.768
31100	0.107374	-257.567
31200	0.107374	-243.494
31300	0.107374	-238.764
31400	0.107374	-256.817
31500	0.107374	-250.869
31600	0.107374	-242.14
31700	0.107374	-242.898
31800	0.107374	-234.609
31900	0.107374	-257.65
32000	0.107374	-237.264
32100	0.107374	-257.828
32200	0.107374	-243.696
32300	0.107374	-235.728
32400	0.107374	-237.158
32500	0.107374	-237.734
32600	0.107374	-267.259
32700	0.107374	-234.574
32800	0.107374	-235.648
32900	0.107374	-237.415
33000	0.107374	-249.5
33100	0.107374	-238.225
33200	0.107374	-234.603
33300	0.107374	-236.581
33400	0.107374	-237.736
33500	0.107374	-261.002
33600	0.107374	-235.143
33700	0.107374	-238.678
33800	0.107374	-236.081
33900	0.107374	-261.578
34000	0.107374	-245.442
34100	0.107374	-235.43
34200	0.107374	-241.183
34300	0.107374	-238.356
34400	0.107374	-235.67
34500	0.107374	-236.636
34600	0.107374	-250.132
34700	0.107374	-241.208
34800	0.107374	-237.116
34900	0.107374	-234.86
35000	0.107374	-236.831
35100	0.107374	-236.39
35200	0.107374	-240.058
35300	0.107374	-245.755
35400	0.107374	-268.988
35500	0.107374	-250.204
35600	0.107374	-238.131
35700	0.107374	-237.958
35800	0.107374	-249.882
35900	0.107374	-245.711
36000	0.107374	-238.04
36100	0.107374	-233.945
36200	0.107374	-236.548
36300	0.107374	-237.538
36400	0.107374	-239.434
36500	0.107374	-238.752
36600	0.107374	-240.909
36700	0.107374	-233.695
36800	0.107374	-239.002
36900	0.107374	-240.617
37000	0.107374	-236.558
37100	0.107374	-244.445
37200	0.107374	-238.798
37300	0.107374	-237.509
37400	0.107374	-311.271
37500	0.107374	-233.584
37600	0.107374	-241.321
37700	0.107374	-254.97
37800	0.107374	-235.047
37900	0.107374	-237.002
38000	0.107374	-235.202
38100	0.107374	-235.704
38200	0.107374	-235.776
38300	0.107374	-234.373
38400	0.107374	-235.216
38500	0.107374	-236.132
38600	0.107374	-241.868
38700	0.107374	-234.355
38800	0.107374	-235.491
38900	0.107374	-235.174
39000	0.107374	-243.353
39100	0.107374	-239.513
39200	0.107374	-234.084
39300	0.107374	-237.276
39400	0.107374	-239.257
39500	0.107374	-234.627
39600	0.107374	-248.738
39700	0.107374	-242.114
39800	0.107374	-237.075
39900	0.107374	-262.086
40000	0.107374	-242.135
40100	0.107374	-237.134
40200	0.107374	-238.018
40300	0.107374	-242.004
40400	0.107374	-235.333
40500	0.107374	-245.109
40600	0.107374	-245.605
40700	0.107374	-247.243
40800	0.107374	-235.499
40900	0.107374	-241.391
41000	0.107374	-244.933
41100	0.107374	-236.856
41200	0.107374	-239.283
41300	0.107374	-235.739
41400	0.107374	-234.955
41500	0.107374	-236.501
41600	0.107374	-236.243
41700	0.107374	-238.558
41800	0.107374	-237.382
41900	0.107374	-237.259
42000	0.107374	-240.039
42100	0.107374	-240.066
42200	0.107374	-262.137
42300	0.107374	-256.028
42400	0.107374	-235.76
42500	0.107374	-235.958
42600	0.107374	-243.368
42700	0.107374	-239.913
42800	0.107374	-272.634
42900	0.107374	-235.957
43000	0.107374	-235.011
43100	0.107374	-248.439
43200	0.107374	-238.168
43300	0.107374	-237.246
43400	0.107374	-237.271
43500	0.107374	-243.459
43600	0.107374	-250.408
43700	0.107374	-233.796
43800	0.107374	-248.292
43900	0.107374	-246.526
44000	0.107374	-245.548
44100	0.107374	-241.939
44200	0.107374	-239.751
44300	0.107374	-235.784
44400	0.107374	-247.946
44500	0.107374	-233.7
44600	0.107374	-251.111
44700	0.107374	-236.525
44800	0.107374	-240.451
44900	0.107374	-241.93
45000	0.107374	-240.773
45100	0.107374	-233.772
45200	0.107374	-242.962
45300	0.107374	-240.173
45400	0.107374	-253.385
45500	0.107374	-242.203
45600	0.107374	-238.204
45700	0.107374	-235.768
45800	0.107374	-236.205
45900	0.107374	-235.437
46000	0.107374	-235.632
46100	0.107374	-236.836
46200	0.107374	-239.9
46300	0.107374	-238.469
46400	0.107374	-241.241
46500	0.107374	-236.945
46600	0.107374	-241.889
46700	0.107374	-236.362
46800	0.107374	-241.481
46900	0.107374	-249.806
47000	0.107374	-246.06
47100	0.107374	-237.241
47200	0.107374	-238.588
47300	0.107374	-236.218
47400	0.107374	-240.909
47500	0.107374	-254.055
47600	0.107374	-236.848
47700	0.107374	-237.337
47800	0.107374	-242.659
47900	0.107374	-236.68
48000	0.107374	-256.166
48100	0.107374	-237.251
48200	0.107374	-232.893
48300	0.107374	-238.794
48400	0.107374	-277.788
48500	0.107374	-235.974
48600	0.107374	-234.009
48700	0.107374	-238.48
48800	0.107374	-234.316
48900	0.107374	-235.514
49000	0.107374	-271.297
49100	0.107374	-237.145
49200	0.107374	-249.62
49300	0.107374	-256.921
49400	0.107374	-238.223
49500	0.107374	-264.223
49600	0.107374	-256.495
49700	0.107374	-236.365
49800	0.107374	-236.143
49900	0.107374	-249.953
50000	0.107374	-259.163
