state	power	likelihood
12600	3.2768e-06	-1606.7
12700	3.2768e-06	-817.488
12800	3.2768e-06	-918.01
12900	3.2768e-06	-1086.17
13000	3.2768e-06	-1490.4
13100	3.2768e-06	-708.761
13200	3.2768e-06	-996.533
13300	3.2768e-06	-484.716
13400	3.2768e-06	-596.747
13500	3.2768e-06	-875.94
13600	3.2768e-06	-733.29
13700	3.2768e-06	-957.666
13800	3.2768e-06	-629.825
13900	3.2768e-06	-878.607
14000	3.2768e-06	-939.896
14100	3.2768e-06	-1112.77
14200	3.2768e-06	-695.062
14300	3.2768e-06	-1107.83
14400	3.2768e-06	-845.307
14500	3.2768e-06	-1061.17
14600	3.2768e-06	-839.559
14700	3.2768e-06	-1287.19
14800	3.2768e-06	-704.243
14900	3.2768e-06	-664.455
15000	3.2768e-06	-1539.6
15100	3.2768e-06	-1274.45
15200	3.2768e-06	-653.964
15300	3.2768e-06	-1035.84
15400	3.2768e-06	-885.67
15500	3.2768e-06	-914.254
15600	3.2768e-06	-1098.85
15700	3.2768e-06	-783.684
15800	3.2768e-06	-634.305
15900	3.2768e-06	-2066.62
16000	3.2768e-06	-482.187
16100	3.2768e-06	-764.5
16200	3.2768e-06	-845.672
16300	3.2768e-06	-1263.91
16400	3.2768e-06	-1042.27
16500	3.2768e-06	-1787.46
16600	3.2768e-06	-1000.87
16700	3.2768e-06	-1207.02
16800	3.2768e-06	-732.529
16900	3.2768e-06	-999.996
17000	3.2768e-06	-647.701
17100	3.2768e-06	-1370.01
17200	3.2768e-06	-754.343
17300	3.2768e-06	-592.856
17400	3.2768e-06	-696.407
17500	3.2768e-06	-1953.59
17600	3.2768e-06	-1156.12
17700	3.2768e-06	-1670.04
17800	3.2768e-06	-1585.01
17900	3.2768e-06	-614.439
18000	3.2768e-06	-1076.3
18100	3.2768e-06	-1133.89
18200	3.2768e-06	-733.648
18300	3.2768e-06	-1012.68
18400	3.2768e-06	-1621.47
18500	3.2768e-06	-1708.24
18600	3.2768e-06	-982.627
18700	3.2768e-06	-799.183
18800	3.2768e-06	-1184.48
18900	3.2768e-06	-674.096
19000	3.2768e-06	-1332.2
19100	3.2768e-06	-1564.31
19200	3.2768e-06	-1844.25
19300	3.2768e-06	-859.475
19400	3.2768e-06	-1002.08
19500	3.2768e-06	-632.207
19600	3.2768e-06	-2303.39
19700	3.2768e-06	-1453.42
19800	3.2768e-06	-2392.2
19900	3.2768e-06	-1229.82
20000	3.2768e-06	-778.358
20100	3.2768e-06	-1724.6
20200	3.2768e-06	-721.837
20300	3.2768e-06	-2539.29
20400	3.2768e-06	-1353.78
20500	3.2768e-06	-1244.3
20600	3.2768e-06	-1378.12
20700	3.2768e-06	-1214.78
20800	3.2768e-06	-986.515
20900	3.2768e-06	-1200.99
21000	3.2768e-06	-1093.8
21100	3.2768e-06	-1003.48
21200	3.2768e-06	-1101.69
21300	3.2768e-06	-645.261
21400	3.2768e-06	-1453.48
21500	3.2768e-06	-1577.25
21600	3.2768e-06	-707.082
21700	3.2768e-06	-1150.82
21800	3.2768e-06	-949.724
21900	3.2768e-06	-2044.11
22000	3.2768e-06	-771.026
22100	3.2768e-06	-931.583
22200	3.2768e-06	-903.793
22300	3.2768e-06	-901.998
22400	3.2768e-06	-923.149
22500	3.2768e-06	-1186.54
22600	3.2768e-06	-1421.89
22700	3.2768e-06	-530.24
22800	3.2768e-06	-823.414
22900	3.2768e-06	-528.32
23000	3.2768e-06	-717.076
23100	3.2768e-06	-1176.15
23200	3.2768e-06	-917.395
23300	3.2768e-06	-682.261
23400	3.2768e-06	-1428.22
23500	3.2768e-06	-1526.25
23600	3.2768e-06	-709.098
23700	3.2768e-06	-990.999
23800	3.2768e-06	-988.886
23900	3.2768e-06	-1919.12
24000	3.2768e-06	-1408.67
24100	3.2768e-06	-647.28
24200	3.2768e-06	-1199.3
24300	3.2768e-06	-1300.47
24400	3.2768e-06	-2040.29
24500	3.2768e-06	-875.933
24600	3.2768e-06	-2495.7
24700	3.2768e-06	-919.482
24800	3.2768e-06	-641.673
24900	3.2768e-06	-938.51
25000	3.2768e-06	-1073.9
25100	3.2768e-06	-1196
25200	3.2768e-06	-2544.36
25300	3.2768e-06	-1132.09
25400	3.2768e-06	-862.921
25500	3.2768e-06	-817.013
25600	3.2768e-06	-1979.67
25700	3.2768e-06	-504.552
25800	3.2768e-06	-895.885
25900	3.2768e-06	-1138.81
26000	3.2768e-06	-729.205
26100	3.2768e-06	-984.866
26200	3.2768e-06	-1781.76
26300	3.2768e-06	-463.765
26400	3.2768e-06	-982.708
26500	3.2768e-06	-1217.26
26600	3.2768e-06	-1807.72
26700	3.2768e-06	-1616.61
26800	3.2768e-06	-872.297
26900	3.2768e-06	-998.658
27000	3.2768e-06	-1154.38
27100	3.2768e-06	-844.84
27200	3.2768e-06	-771.978
27300	3.2768e-06	-1104.67
27400	3.2768e-06	-854.711
27500	3.2768e-06	-1024.58
27600	3.2768e-06	-499.41
27700	3.2768e-06	-865.792
27800	3.2768e-06	-1405.52
27900	3.2768e-06	-1196.98
28000	3.2768e-06	-547.369
28100	3.2768e-06	-757.556
28200	3.2768e-06	-899.498
28300	3.2768e-06	-805.317
28400	3.2768e-06	-949.93
28500	3.2768e-06	-1432.41
28600	3.2768e-06	-661.575
28700	3.2768e-06	-975.506
28800	3.2768e-06	-1115.98
28900	3.2768e-06	-731.71
29000	3.2768e-06	-1028.3
29100	3.2768e-06	-1269.83
29200	3.2768e-06	-441.65
29300	3.2768e-06	-659.634
29400	3.2768e-06	-1984.43
29500	3.2768e-06	-767.429
29600	3.2768e-06	-1493.41
29700	3.2768e-06	-1412.09
29800	3.2768e-06	-527.973
29900	3.2768e-06	-1954.9
30000	3.2768e-06	-748.623
30100	3.2768e-06	-1762.77
30200	3.2768e-06	-1272.41
30300	3.2768e-06	-1064.33
30400	3.2768e-06	-850.299
30500	3.2768e-06	-636.396
30600	3.2768e-06	-1730.62
30700	3.2768e-06	-859.952
30800	3.2768e-06	-1834.13
30900	3.2768e-06	-1156.71
31000	3.2768e-06	-1075.58
31100	3.2768e-06	-933.995
31200	3.2768e-06	-449.4
31300	3.2768e-06	-1178.69
31400	3.2768e-06	-763.736
31500	3.2768e-06	-1203.7
31600	3.2768e-06	-745.009
31700	3.2768e-06	-973.758
31800	3.2768e-06	-1529.02
31900	3.2768e-06	-602.517
32000	3.2768e-06	-786.395
32100	3.2768e-06	-757.962
32200	3.2768e-06	-2220.72
32300	3.2768e-06	-1133.52
32400	3.2768e-06	-1835.55
32500	3.2768e-06	-841.078
32600	3.2768e-06	-1193.71
32700	3.2768e-06	-604.268
32800	3.2768e-06	-1109.79
32900	3.2768e-06	-1316.82
33000	3.2768e-06	-1190.9
33100	3.2768e-06	-1949.01
33200	3.2768e-06	-1448.98
33300	3.2768e-06	-421.347
33400	3.2768e-06	-1207.55
33500	3.2768e-06	-861.446
33600	3.2768e-06	-822.2
33700	3.2768e-06	-1571.76
33800	3.2768e-06	-1226.15
33900	3.2768e-06	-987.942
34000	3.2768e-06	-1603.65
34100	3.2768e-06	-1148.06
34200	3.2768e-06	-539.272
34300	3.2768e-06	-739.767
34400	3.2768e-06	-846.167
34500	3.2768e-06	-1263.96
34600	3.2768e-06	-1092.87
34700	3.2768e-06	-1765.81
34800	3.2768e-06	-1554.17
34900	3.2768e-06	-442.105
35000	3.2768e-06	-461.828
35100	3.2768e-06	-1610.04
35200	3.2768e-06	-1579.93
35300	3.2768e-06	-1359.39
35400	3.2768e-06	-826.816
35500	3.2768e-06	-1181.52
35600	3.2768e-06	-1916.21
35700	3.2768e-06	-660.908
35800	3.2768e-06	-856.259
35900	3.2768e-06	-768.509
36000	3.2768e-06	-467.05
36100	3.2768e-06	-1421.36
36200	3.2768e-06	-1359.6
36300	3.2768e-06	-1736.74
36400	3.2768e-06	-1609.22
36500	3.2768e-06	-533.479
36600	3.2768e-06	-839.179
36700	3.2768e-06	-669.548
36800	3.2768e-06	-1415.52
36900	3.2768e-06	-799.136
37000	3.2768e-06	-1417.71
37100	3.2768e-06	-692.349
37200	3.2768e-06	-2412.4
37300	3.2768e-06	-1048.22
37400	3.2768e-06	-1769.62
37500	3.2768e-06	-1584.88
37600	3.2768e-06	-1218.73
37700	3.2768e-06	-1299.7
37800	3.2768e-06	-612.136
37900	3.2768e-06	-1217.15
38000	3.2768e-06	-1387.24
38100	3.2768e-06	-859.702
38200	3.2768e-06	-1149.79
38300	3.2768e-06	-1518.36
38400	3.2768e-06	-2731.37
38500	3.2768e-06	-621.642
38600	3.2768e-06	-2348.16
38700	3.2768e-06	-666.243
38800	3.2768e-06	-1587.15
38900	3.2768e-06	-449.519
39000	3.2768e-06	-656.055
39100	3.2768e-06	-842.953
39200	3.2768e-06	-912.185
39300	3.2768e-06	-777.026
39400	3.2768e-06	-1094.77
39500	3.2768e-06	-925.819
39600	3.2768e-06	-639.05
39700	3.2768e-06	-921.449
39800	3.2768e-06	-1274.38
39900	3.2768e-06	-2024.08
40000	3.2768e-06	-1806.19
40100	3.2768e-06	-1345.87
40200	3.2768e-06	-533.952
40300	3.2768e-06	-1181.78
40400	3.2768e-06	-1585.36
40500	3.2768e-06	-709.625
40600	3.2768e-06	-1435.94
40700	3.2768e-06	-1491.47
40800	3.2768e-06	-1407.64
40900	3.2768e-06	-1366.16
41000	3.2768e-06	-635.128
41100	3.2768e-06	-745.219
41200	3.2768e-06	-994.083
41300	3.2768e-06	-1262.82
41400	3.2768e-06	-949.917
41500	3.2768e-06	-1225.21
41600	3.2768e-06	-1344.77
41700	3.2768e-06	-870.542
41800	3.2768e-06	-845.508
41900	3.2768e-06	-1566.88
42000	3.2768e-06	-972.475
42100	3.2768e-06	-1154.37
42200	3.2768e-06	-948.804
42300	3.2768e-06	-1474.78
42400	3.2768e-06	-548.672
42500	3.2768e-06	-647.028
42600	3.2768e-06	-1863.12
42700	3.2768e-06	-1431.22
42800	3.2768e-06	-1178.95
42900	3.2768e-06	-1014.65
43000	3.2768e-06	-1498.8
43100	3.2768e-06	-782.838
43200	3.2768e-06	-734.123
43300	3.2768e-06	-565.541
43400	3.2768e-06	-1155.67
43500	3.2768e-06	-1074.25
43600	3.2768e-06	-1253.96
43700	3.2768e-06	-838.519
43800	3.2768e-06	-1146.36
43900	3.2768e-06	-996.789
44000	3.2768e-06	-983.801
44100	3.2768e-06	-1079.62
44200	3.2768e-06	-1118.9
44300	3.2768e-06	-1072.17
44400	3.2768e-06	-588.173
44500	3.2768e-06	-840.11
44600	3.2768e-06	-1252.11
44700	3.2768e-06	-1199.87
44800	3.2768e-06	-995.925
44900	3.2768e-06	-1141.8
45000	3.2768e-06	-671.665
45100	3.2768e-06	-646.472
45200	3.2768e-06	-945.766
45300	3.2768e-06	-871.171
45400	3.2768e-06	-2153.78
45500	3.2768e-06	-1445.92
45600	3.2768e-06	-1297.97
45700	3.2768e-06	-714.677
45800	3.2768e-06	-1762.52
45900	3.2768e-06	-991.932
46000	3.2768e-06	-548.222
46100	3.2768e-06	-973.528
46200	3.2768e-06	-807.4
46300	3.2768e-06	-1447.49
46400	3.2768e-06	-578.712
46500	3.2768e-06	-853.538
46600	3.2768e-06	-1376.35
46700	3.2768e-06	-464.273
46800	3.2768e-06	-1731.91
46900	3.2768e-06	-1220.32
47000	3.2768e-06	-812.356
47100	3.2768e-06	-635.529
47200	3.2768e-06	-1104.56
47300	3.2768e-06	-1002.28
47400	3.2768e-06	-1161.65
47500	3.2768e-06	-695.799
47600	3.2768e-06	-857.32
47700	3.2768e-06	-1606.65
47800	3.2768e-06	-777.603
47900	3.2768e-06	-1570.2
48000	3.2768e-06	-880.045
48100	3.2768e-06	-1432.15
48200	3.2768e-06	-1445.18
48300	3.2768e-06	-844.033
48400	3.2768e-06	-1018.26
48500	3.2768e-06	-1516.95
48600	3.2768e-06	-1928.8
48700	3.2768e-06	-1366.91
48800	3.2768e-06	-884.446
48900	3.2768e-06	-2824.64
49000	3.2768e-06	-1399.21
49100	3.2768e-06	-801.139
49200	3.2768e-06	-2494.18
49300	3.2768e-06	-841.425
49400	3.2768e-06	-2281.74
49500	3.2768e-06	-1264.51
49600	3.2768e-06	-2413.17
49700	3.2768e-06	-1586.4
49800	3.2768e-06	-749.687
49900	3.2768e-06	-1657.33
50000	3.2768e-06	-1838.34
