state	power	likelihood
12600	0.00335544	-419.096
12700	0.00335544	-404.424
12800	0.00335544	-366.25
12900	0.00335544	-387.733
13000	0.00335544	-400.245
13100	0.00335544	-411.442
13200	0.00335544	-425.398
13300	0.00335544	-385.048
13400	0.00335544	-432.99
13500	0.00335544	-399.169
13600	0.00335544	-396.256
13700	0.00335544	-391.911
13800	0.00335544	-361.499
13900	0.00335544	-414.894
14000	0.00335544	-418.752
14100	0.00335544	-413.734
14200	0.00335544	-418.841
14300	0.00335544	-373.982
14400	0.00335544	-430.23
14500	0.00335544	-394.033
14600	0.00335544	-400.453
14700	0.00335544	-384.988
14800	0.00335544	-404.922
14900	0.00335544	-382.76
15000	0.00335544	-377.436
15100	0.00335544	-425.539
15200	0.00335544	-398.058
15300	0.00335544	-404.828
15400	0.00335544	-405.225
15500	0.00335544	-424.352
15600	0.00335544	-376.757
15700	0.00335544	-384.419
15800	0.00335544	-392.492
15900	0.00335544	-375.268
16000	0.00335544	-413.442
16100	0.00335544	-377.866
16200	0.00335544	-379.284
16300	0.00335544	-401.345
16400	0.00335544	-382.356
16500	0.00335544	-383.755
16600	0.00335544	-365.578
16700	0.00335544	-380.756
16800	0.00335544	-418.313
16900	0.00335544	-394.79
17000	0.00335544	-408.896
17100	0.00335544	-372.254
17200	0.00335544	-373.711
17300	0.00335544	-417.464
17400	0.00335544	-395.277
17500	0.00335544	-384.723
17600	0.00335544	-365.795
17700	0.00335544	-398.522
17800	0.00335544	-399.515
17900	0.00335544	-389.302
18000	0.00335544	-404.418
18100	0.00335544	-370.248
18200	0.00335544	-394.537
18300	0.00335544	-401.524
18400	0.00335544	-398.374
18500	0.00335544	-376.875
18600	0.00335544	-418.599
18700	0.00335544	-423.209
18800	0.00335544	-367.051
18900	0.00335544	-396.602
19000	0.00335544	-423.559
19100	0.00335544	-388.698
19200	0.00335544	-374.178
19300	0.00335544	-431.547
19400	0.00335544	-436.479
19500	0.00335544	-372.176
19600	0.00335544	-387.492
19700	0.00335544	-368.194
19800	0.00335544	-420.719
19900	0.00335544	-380.932
20000	0.00335544	-398.185
20100	0.00335544	-417.043
20200	0.00335544	-361.016
20300	0.00335544	-389.387
20400	0.00335544	-374.279
20500	0.00335544	-361.659
20600	0.00335544	-391.631
20700	0.00335544	-368.019
20800	0.00335544	-422.862
20900	0.00335544	-404.132
21000	0.00335544	-379.797
21100	0.00335544	-384.849
21200	0.00335544	-404.757
21300	0.00335544	-425.538
21400	0.00335544	-389.147
21500	0.00335544	-411.875
21600	0.00335544	-414.895
21700	0.00335544	-371.148
21800	0.00335544	-431.776
21900	0.00335544	-390.557
22000	0.00335544	-381.608
22100	0.00335544	-400.669
22200	0.00335544	-390.598
22300	0.00335544	-376.38
22400	0.00335544	-368.692
22500	0.00335544	-366.347
22600	0.00335544	-397.209
22700	0.00335544	-388.778
22800	0.00335544	-381.609
22900	0.00335544	-420.034
23000	0.00335544	-405.948
23100	0.00335544	-389.608
23200	0.00335544	-374.924
23300	0.00335544	-365.35
23400	0.00335544	-387.231
23500	0.00335544	-395.026
23600	0.00335544	-403.188
23700	0.00335544	-392.511
23800	0.00335544	-373.21
23900	0.00335544	-375.533
24000	0.00335544	-388.331
24100	0.00335544	-384.559
24200	0.00335544	-361.444
24300	0.00335544	-404.778
24400	0.00335544	-392.137
24500	0.00335544	-369.18
24600	0.00335544	-373.368
24700	0.00335544	-410.374
24800	0.00335544	-369.597
24900	0.00335544	-368.878
25000	0.00335544	-399.898
25100	0.00335544	-394.413
25200	0.00335544	-418.001
25300	0.00335544	-361.607
25400	0.00335544	-420.186
25500	0.00335544	-394.653
25600	0.00335544	-414.346
25700	0.00335544	-436.826
25800	0.00335544	-437.849
25900	0.00335544	-411.354
26000	0.00335544	-418.282
26100	0.00335544	-385.565
26200	0.00335544	-379.987
26300	0.00335544	-396.775
26400	0.00335544	-369.47
26500	0.00335544	-393.124
26600	0.00335544	-425.433
26700	0.00335544	-383.371
26800	0.00335544	-385.505
26900	0.00335544	-401.094
27000	0.00335544	-398.103
27100	0.00335544	-440.459
27200	0.00335544	-411.687
27300	0.00335544	-441.69
27400	0.00335544	-373.833
27500	0.00335544	-366.71
27600	0.00335544	-398.084
27700	0.00335544	-395.828
27800	0.00335544	-369.513
27900	0.00335544	-418.254
28000	0.00335544	-394.894
28100	0.00335544	-387.929
28200	0.00335544	-400.944
28300	0.00335544	-382.22
28400	0.00335544	-407.112
28500	0.00335544	-425.031
28600	0.00335544	-367.86
28700	0.00335544	-373.6
28800	0.00335544	-397.211
28900	0.00335544	-404.232
29000	0.00335544	-386.476
29100	0.00335544	-363.976
29200	0.00335544	-388.764
29300	0.00335544	-424.426
29400	0.00335544	-390.927
29500	0.00335544	-400.937
29600	0.00335544	-366.765
29700	0.00335544	-384.951
29800	0.00335544	-382.564
29900	0.00335544	-421.389
30000	0.00335544	-369.267
30100	0.00335544	-398.308
30200	0.00335544	-384.848
30300	0.00335544	-395.691
30400	0.00335544	-444.934
30500	0.00335544	-423.328
30600	0.00335544	-387.72
30700	0.00335544	-439.36
30800	0.00335544	-410.08
30900	0.00335544	-414.23
31000	0.00335544	-398.775
31100	0.00335544	-399.733
31200	0.00335544	-381.545
31300	0.00335544	-423.412
31400	0.00335544	-376.745
31500	0.00335544	-434.106
31600	0.00335544	-429.866
31700	0.00335544	-419.901
31800	0.00335544	-411.455
31900	0.00335544	-414.4
32000	0.00335544	-379.188
32100	0.00335544	-389.733
32200	0.00335544	-392.822
32300	0.00335544	-386.853
32400	0.00335544	-369.71
32500	0.00335544	-413.04
32600	0.00335544	-389.43
32700	0.00335544	-362.183
32800	0.00335544	-420.821
32900	0.00335544	-431.004
33000	0.00335544	-380.482
33100	0.00335544	-399.388
33200	0.00335544	-384.431
33300	0.00335544	-376.262
33400	0.00335544	-417.984
33500	0.00335544	-396.642
33600	0.00335544	-393.525
33700	0.00335544	-390.759
33800	0.00335544	-406.633
33900	0.00335544	-374.619
34000	0.00335544	-417.99
34100	0.00335544	-428.298
34200	0.00335544	-384.708
34300	0.00335544	-410.442
34400	0.00335544	-407.015
34500	0.00335544	-366.159
34600	0.00335544	-386.747
34700	0.00335544	-365.222
34800	0.00335544	-418.217
34900	0.00335544	-384.737
35000	0.00335544	-413.897
35100	0.00335544	-427.13
35200	0.00335544	-372.024
35300	0.00335544	-414.47
35400	0.00335544	-426.369
35500	0.00335544	-412.476
35600	0.00335544	-430.295
35700	0.00335544	-380.013
35800	0.00335544	-419.571
35900	0.00335544	-381.962
36000	0.00335544	-379.151
36100	0.00335544	-417.988
36200	0.00335544	-390.122
36300	0.00335544	-373.093
36400	0.00335544	-365.349
36500	0.00335544	-398.131
36600	0.00335544	-360.475
36700	0.00335544	-373.899
36800	0.00335544	-403.909
36900	0.00335544	-409.948
37000	0.00335544	-406.806
37100	0.00335544	-409.345
37200	0.00335544	-386.99
37300	0.00335544	-389.829
37400	0.00335544	-403.048
37500	0.00335544	-406.363
37600	0.00335544	-422.21
37700	0.00335544	-381.924
37800	0.00335544	-392.581
37900	0.00335544	-411.078
38000	0.00335544	-410.332
38100	0.00335544	-431.361
38200	0.00335544	-392.056
38300	0.00335544	-391.743
38400	0.00335544	-374.9
38500	0.00335544	-379.011
38600	0.00335544	-428.679
38700	0.00335544	-385.801
38800	0.00335544	-411.534
38900	0.00335544	-400.905
39000	0.00335544	-386.336
39100	0.00335544	-374.753
39200	0.00335544	-409.771
39300	0.00335544	-396.209
39400	0.00335544	-373.017
39500	0.00335544	-377.54
39600	0.00335544	-392.525
39700	0.00335544	-360.709
39800	0.00335544	-378.589
39900	0.00335544	-388.09
40000	0.00335544	-372.401
40100	0.00335544	-391.231
40200	0.00335544	-418.668
40300	0.00335544	-423.53
40400	0.00335544	-422.626
40500	0.00335544	-392.669
40600	0.00335544	-373.731
40700	0.00335544	-395.472
40800	0.00335544	-432.874
40900	0.00335544	-394.775
41000	0.00335544	-436.856
41100	0.00335544	-408.171
41200	0.00335544	-398.001
41300	0.00335544	-407.984
41400	0.00335544	-411.075
41500	0.00335544	-372.602
41600	0.00335544	-408.455
41700	0.00335544	-441.322
41800	0.00335544	-402.451
41900	0.00335544	-416.536
42000	0.00335544	-434.829
42100	0.00335544	-368.698
42200	0.00335544	-427.61
42300	0.00335544	-391.837
42400	0.00335544	-385.835
42500	0.00335544	-388.536
42600	0.00335544	-393.609
42700	0.00335544	-405.439
42800	0.00335544	-359.209
42900	0.00335544	-383.18
43000	0.00335544	-369.517
43100	0.00335544	-395.361
43200	0.00335544	-387.328
43300	0.00335544	-369.974
43400	0.00335544	-379.983
43500	0.00335544	-417.245
43600	0.00335544	-401.393
43700	0.00335544	-434.799
43800	0.00335544	-374.398
43900	0.00335544	-377.159
44000	0.00335544	-400.918
44100	0.00335544	-404.229
44200	0.00335544	-401.967
44300	0.00335544	-375.263
44400	0.00335544	-394.979
44500	0.00335544	-392.255
44600	0.00335544	-412.651
44700	0.00335544	-375.388
44800	0.00335544	-435.21
44900	0.00335544	-397.19
45000	0.00335544	-434.498
45100	0.00335544	-404.756
45200	0.00335544	-420.521
45300	0.00335544	-408.601
45400	0.00335544	-382.981
45500	0.00335544	-389.425
45600	0.00335544	-381.797
45700	0.00335544	-417.097
45800	0.00335544	-363.313
45900	0.00335544	-368.794
46000	0.00335544	-400.346
46100	0.00335544	-400.993
46200	0.00335544	-411.112
46300	0.00335544	-368.13
46400	0.00335544	-379.25
46500	0.00335544	-438.398
46600	0.00335544	-383.506
46700	0.00335544	-385.481
46800	0.00335544	-371.847
46900	0.00335544	-363.07
47000	0.00335544	-390.523
47100	0.00335544	-388.951
47200	0.00335544	-367.965
47300	0.00335544	-400.045
47400	0.00335544	-365.129
47500	0.00335544	-375.944
47600	0.00335544	-430.314
47700	0.00335544	-390.419
47800	0.00335544	-414.44
47900	0.00335544	-378.891
48000	0.00335544	-372.281
48100	0.00335544	-361.97
48200	0.00335544	-409.757
48300	0.00335544	-382.06
48400	0.00335544	-380.527
48500	0.00335544	-385.598
48600	0.00335544	-437.466
48700	0.00335544	-426.31
48800	0.00335544	-393.934
48900	0.00335544	-374.409
49000	0.00335544	-429.546
49100	0.00335544	-403.781
49200	0.00335544	-394.248
49300	0.00335544	-390.776
49400	0.00335544	-391.023
49500	0.00335544	-429.779
49600	0.00335544	-389.336
49700	0.00335544	-407.158
49800	0.00335544	-381.376
49900	0.00335544	-419.138
50000	0.00335544	-381.69
