state	power	likelihood
12600	0.418212	-217.073
12700	0.418212	-210.525
12800	0.418212	-224.727
12900	0.418212	-210.431
13000	0.418212	-214.167
13100	0.418212	-222.594
13200	0.418212	-223.547
13300	0.418212	-221.086
13400	0.418212	-222.546
13500	0.418212	-224.373
13600	0.418212	-223.67
13700	0.418212	-223.777
13800	0.418212	-220.831
13900	0.418212	-206.984
14000	0.418212	-212.874
14100	0.418212	-225.019
14200	0.418212	-214.521
14300	0.418212	-224.939
14400	0.418212	-204.873
14500	0.418212	-211.396
14600	0.418212	-224.138
14700	0.418212	-223.598
14800	0.418212	-215.959
14900	0.418212	-216.779
15000	0.418212	-204.983
15100	0.418212	-213.529
15200	0.418212	-210.836
15300	0.418212	-227.334
15400	0.418212	-219.096
15500	0.418212	-212.787
15600	0.418212	-212.945
15700	0.418212	-209.061
15800	0.418212	-207.8
15900	0.418212	-229.396
16000	0.418212	-220.398
16100	0.418212	-224.851
16200	0.418212	-211.756
16300	0.418212	-221.984
16400	0.418212	-233.511
16500	0.418212	-232.219
16600	0.418212	-209.951
16700	0.418212	-212.055
16800	0.418212	-213.576
16900	0.418212	-231.136
17000	0.418212	-212.408
17100	0.418212	-209.525
17200	0.418212	-219.114
17300	0.418212	-215.277
17400	0.418212	-214.081
17500	0.418212	-214.237
17600	0.418212	-221.915
17700	0.418212	-226.695
17800	0.418212	-226.179
17900	0.418212	-210.702
18000	0.418212	-208.73
18100	0.418212	-227.416
18200	0.418212	-217.598
18300	0.418212	-225.073
18400	0.418212	-221.109
18500	0.418212	-220.151
18600	0.418212	-225.331
18700	0.418212	-217.229
18800	0.418212	-213.821
18900	0.418212	-207.839
19000	0.418212	-220.999
19100	0.418212	-213.232
19200	0.418212	-216.634
19300	0.418212	-211.849
19400	0.418212	-215.411
19500	0.418212	-219.977
19600	0.418212	-213.097
19700	0.418212	-207.252
19800	0.418212	-209.391
19900	0.418212	-225.393
20000	0.418212	-225.216
20100	0.418212	-226.662
20200	0.418212	-225.06
20300	0.418212	-223.983
20400	0.418212	-214.643
20500	0.418212	-210.535
20600	0.418212	-231.337
20700	0.418212	-210.024
20800	0.418212	-219.496
20900	0.418212	-209.615
21000	0.418212	-229.336
21100	0.418212	-218.756
21200	0.418212	-221.21
21300	0.418212	-224.843
21400	0.418212	-226.119
21500	0.418212	-224.084
21600	0.418212	-207.515
21700	0.418212	-219.131
21800	0.418212	-220.307
21900	0.418212	-220.814
22000	0.418212	-218.285
22100	0.418212	-220.452
22200	0.418212	-214
22300	0.418212	-222.068
22400	0.418212	-206.944
22500	0.418212	-217.285
22600	0.418212	-225.111
22700	0.418212	-208.119
22800	0.418212	-224.534
22900	0.418212	-214.997
23000	0.418212	-208.312
23100	0.418212	-225.636
23200	0.418212	-212.719
23300	0.418212	-212.641
23400	0.418212	-204.21
23500	0.418212	-215.99
23600	0.418212	-219.843
23700	0.418212	-217.669
23800	0.418212	-211.72
23900	0.418212	-211.18
24000	0.418212	-214.825
24100	0.418212	-220.63
24200	0.418212	-223.912
24300	0.418212	-224.577
24400	0.418212	-217.198
24500	0.418212	-212.857
24600	0.418212	-208.29
24700	0.418212	-217.792
24800	0.418212	-225.071
24900	0.418212	-229.497
25000	0.418212	-224.343
25100	0.418212	-218.194
25200	0.418212	-225.684
25300	0.418212	-230.2
25400	0.418212	-215.145
25500	0.418212	-220.599
25600	0.418212	-210.483
25700	0.418212	-210.113
25800	0.418212	-230.456
25900	0.418212	-222.967
26000	0.418212	-215.136
26100	0.418212	-224.794
26200	0.418212	-223.382
26300	0.418212	-209.13
26400	0.418212	-214.757
26500	0.418212	-220.684
26600	0.418212	-227.295
26700	0.418212	-213.958
26800	0.418212	-207.871
26900	0.418212	-207.554
27000	0.418212	-210.9
27100	0.418212	-210.53
27200	0.418212	-212.298
27300	0.418212	-222.679
27400	0.418212	-213.71
27500	0.418212	-224.259
27600	0.418212	-228.128
27700	0.418212	-214.92
27800	0.418212	-213.364
27900	0.418212	-211.509
28000	0.418212	-220.879
28100	0.418212	-234.636
28200	0.418212	-209.231
28300	0.418212	-227.749
28400	0.418212	-208.67
28500	0.418212	-212.153
28600	0.418212	-212.481
28700	0.418212	-223.287
28800	0.418212	-219.905
28900	0.418212	-223.21
29000	0.418212	-226.886
29100	0.418212	-203.847
29200	0.418212	-218.585
29300	0.418212	-208.63
29400	0.418212	-208.599
29500	0.418212	-225.655
29600	0.418212	-217.901
29700	0.418212	-223.592
29800	0.418212	-210.735
29900	0.418212	-224.888
30000	0.418212	-225.262
30100	0.418212	-213.787
30200	0.418212	-217.205
30300	0.418212	-206.395
30400	0.418212	-210.577
30500	0.418212	-211.826
30600	0.418212	-224.157
30700	0.418212	-217.763
30800	0.418212	-225.82
30900	0.418212	-227.504
31000	0.418212	-219.689
31100	0.418212	-206.181
31200	0.418212	-218.952
31300	0.418212	-226.828
31400	0.418212	-222.394
31500	0.418212	-211.572
31600	0.418212	-225.969
31700	0.418212	-213.398
31800	0.418212	-219.793
31900	0.418212	-213.443
32000	0.418212	-227.701
32100	0.418212	-229.686
32200	0.418212	-214.727
32300	0.418212	-224.494
32400	0.418212	-210.605
32500	0.418212	-224.607
32600	0.418212	-221.799
32700	0.418212	-221.99
32800	0.418212	-225.721
32900	0.418212	-209.138
33000	0.418212	-218.027
33100	0.418212	-229.056
33200	0.418212	-217.814
33300	0.418212	-225.425
33400	0.418212	-226.157
33500	0.418212	-214.702
33600	0.418212	-214.28
33700	0.418212	-221.494
33800	0.418212	-208.949
33900	0.418212	-222.708
34000	0.418212	-221.884
34100	0.418212	-210.855
34200	0.418212	-226.066
34300	0.418212	-215.471
34400	0.418212	-217.183
34500	0.418212	-207.826
34600	0.418212	-219.761
34700	0.418212	-213.792
34800	0.418212	-213.549
34900	0.418212	-206.497
35000	0.418212	-223.267
35100	0.418212	-220.071
35200	0.418212	-206.543
35300	0.418212	-228.279
35400	0.418212	-224.681
35500	0.418212	-215.569
35600	0.418212	-209.258
35700	0.418212	-223.104
35800	0.418212	-222.378
35900	0.418212	-224.623
36000	0.418212	-214.447
36100	0.418212	-218.7
36200	0.418212	-208.605
36300	0.418212	-214.002
36400	0.418212	-214.398
36500	0.418212	-208.45
36600	0.418212	-212.64
36700	0.418212	-218.795
36800	0.418212	-212.572
36900	0.418212	-215.002
37000	0.418212	-223.728
37100	0.418212	-209.612
37200	0.418212	-211.411
37300	0.418212	-220.156
37400	0.418212	-218.716
37500	0.418212	-225.761
37600	0.418212	-222.369
37700	0.418212	-214.311
37800	0.418212	-227.948
37900	0.418212	-216.785
38000	0.418212	-206.89
38100	0.418212	-216.664
38200	0.418212	-207.509
38300	0.418212	-206.01
38400	0.418212	-211.613
38500	0.418212	-221.237
38600	0.418212	-235.211
38700	0.418212	-212.284
38800	0.418212	-213.535
38900	0.418212	-209.32
39000	0.418212	-212.602
39100	0.418212	-218.722
39200	0.418212	-211.766
39300	0.418212	-213.897
39400	0.418212	-213.112
39500	0.418212	-220.673
39600	0.418212	-215.953
39700	0.418212	-205.874
39800	0.418212	-216.744
39900	0.418212	-207.889
40000	0.418212	-221.463
40100	0.418212	-219.626
40200	0.418212	-219.112
40300	0.418212	-221.042
40400	0.418212	-209.647
40500	0.418212	-210.931
40600	0.418212	-208.919
40700	0.418212	-218.499
40800	0.418212	-210.929
40900	0.418212	-218.541
41000	0.418212	-232.453
41100	0.418212	-216.055
41200	0.418212	-211.418
41300	0.418212	-209.384
41400	0.418212	-229.153
41500	0.418212	-210.439
41600	0.418212	-214.692
41700	0.418212	-226.531
41800	0.418212	-208.313
41900	0.418212	-209.155
42000	0.418212	-205.861
42100	0.418212	-206.131
42200	0.418212	-210.356
42300	0.418212	-226.344
42400	0.418212	-219.199
42500	0.418212	-232.619
42600	0.418212	-227.605
42700	0.418212	-223.547
42800	0.418212	-223.67
42900	0.418212	-229.932
43000	0.418212	-213.68
43100	0.418212	-221.382
43200	0.418212	-216.189
43300	0.418212	-222.167
43400	0.418212	-226.88
43500	0.418212	-208.353
43600	0.418212	-216.121
43700	0.418212	-225.891
43800	0.418212	-223.521
43900	0.418212	-226.418
44000	0.418212	-229.26
44100	0.418212	-219.487
44200	0.418212	-205.675
44300	0.418212	-210.57
44400	0.418212	-207.478
44500	0.418212	-229.652
44600	0.418212	-220.472
44700	0.418212	-221.935
44800	0.418212	-225.504
44900	0.418212	-210.887
45000	0.418212	-222.083
45100	0.418212	-224.635
45200	0.418212	-214.917
45300	0.418212	-207.759
45400	0.418212	-216.198
45500	0.418212	-229.963
45600	0.418212	-204.357
45700	0.418212	-222.272
45800	0.418212	-210.431
45900	0.418212	-216.202
46000	0.418212	-229.368
46100	0.418212	-221.249
46200	0.418212	-215.138
46300	0.418212	-225.382
46400	0.418212	-215.302
46500	0.418212	-213.445
46600	0.418212	-205.621
46700	0.418212	-221.505
46800	0.418212	-227.196
46900	0.418212	-203.447
47000	0.418212	-208.156
47100	0.418212	-222.115
47200	0.418212	-225.341
47300	0.418212	-219.028
47400	0.418212	-212.87
47500	0.418212	-216.432
47600	0.418212	-225.607
47700	0.418212	-211.265
47800	0.418212	-220.264
47900	0.418212	-222.035
48000	0.418212	-209.08
48100	0.418212	-216.193
48200	0.418212	-214.904
48300	0.418212	-227.776
48400	0.418212	-229.674
48500	0.418212	-228.635
48600	0.418212	-212.151
48700	0.418212	-213.329
48800	0.418212	-216.043
48900	0.418212	-208.871
49000	0.418212	-220.508
49100	0.418212	-219.897
49200	0.418212	-221.651
49300	0.418212	-228.527
49400	0.418212	-218.233
49500	0.418212	-206.947
49600	0.418212	-222.114
49700	0.418212	-214.839
49800	0.418212	-210.482
49900	0.418212	-227.162
50000	0.418212	-222.074
