state	power	likelihood
12600	0.418212	-231.693
12700	0.418212	-231.742
12800	0.418212	-232.003
12900	0.418212	-238.254
13000	0.418212	-233.933
13100	0.418212	-234.83
13200	0.418212	-231.379
13300	0.418212	-234.071
13400	0.418212	-234.382
13500	0.418212	-232.42
13600	0.418212	-231.339
13700	0.418212	-233.096
13800	0.418212	-233.408
13900	0.418212	-232.037
14000	0.418212	-233.007
14100	0.418212	-237.062
14200	0.418212	-237.405
14300	0.418212	-234.064
14400	0.418212	-234.655
14500	0.418212	-232.285
14600	0.418212	-233.207
14700	0.418212	-238.882
14800	0.418212	-232.365
14900	0.418212	-233.869
15000	0.418212	-232.731
15100	0.418212	-234.499
15200	0.418212	-231.088
15300	0.418212	-236.068
15400	0.418212	-233.052
15500	0.418212	-235.382
15600	0.418212	-231.488
15700	0.418212	-240.697
15800	0.418212	-233.177
15900	0.418212	-236.744
16000	0.418212	-235.096
16100	0.418212	-233.352
16200	0.418212	-238.297
16300	0.418212	-235.75
16400	0.418212	-242.51
16500	0.418212	-231.847
16600	0.418212	-233.308
16700	0.418212	-233.275
16800	0.418212	-233.142
16900	0.418212	-233.234
17000	0.418212	-232.378
17100	0.418212	-231.887
17200	0.418212	-232.824
17300	0.418212	-232.591
17400	0.418212	-232.859
17500	0.418212	-233.111
17600	0.418212	-232.19
17700	0.418212	-231.849
17800	0.418212	-231.345
17900	0.418212	-232.384
18000	0.418212	-230.939
18100	0.418212	-237.292
18200	0.418212	-232.013
18300	0.418212	-235.791
18400	0.418212	-234.957
18500	0.418212	-231.268
18600	0.418212	-231.713
18700	0.418212	-240.676
18800	0.418212	-231.778
18900	0.418212	-232.137
19000	0.418212	-237.136
19100	0.418212	-237.906
19200	0.418212	-233.933
19300	0.418212	-231.719
19400	0.418212	-237.646
19500	0.418212	-232.684
19600	0.418212	-230.899
19700	0.418212	-238.728
19800	0.418212	-231.711
19900	0.418212	-232.215
20000	0.418212	-235.115
20100	0.418212	-237.106
20200	0.418212	-231.762
20300	0.418212	-231.466
20400	0.418212	-232.545
20500	0.418212	-232.724
20600	0.418212	-233.501
20700	0.418212	-231.476
20800	0.418212	-231.596
20900	0.418212	-233.403
21000	0.418212	-233.555
21100	0.418212	-232.406
21200	0.418212	-232.524
21300	0.418212	-233.549
21400	0.418212	-234.065
21500	0.418212	-233.733
21600	0.418212	-235.156
21700	0.418212	-232.15
21800	0.418212	-231.769
21900	0.418212	-233.792
22000	0.418212	-232.357
22100	0.418212	-238.204
22200	0.418212	-236.07
22300	0.418212	-235.153
22400	0.418212	-231.611
22500	0.418212	-231.868
22600	0.418212	-232.486
22700	0.418212	-231.388
22800	0.418212	-234.308
22900	0.418212	-232.927
23000	0.418212	-235.176
23100	0.418212	-241.674
23200	0.418212	-233.114
23300	0.418212	-231.506
23400	0.418212	-233.865
23500	0.418212	-233.487
23600	0.418212	-232.322
23700	0.418212	-233.387
23800	0.418212	-241.417
23900	0.418212	-236.505
24000	0.418212	-234.436
24100	0.418212	-232.953
24200	0.418212	-232.54
24300	0.418212	-231.181
24400	0.418212	-237.534
24500	0.418212	-233.51
24600	0.418212	-239.877
24700	0.418212	-240.834
24800	0.418212	-234.177
24900	0.418212	-232.883
25000	0.418212	-232.325
25100	0.418212	-237.151
25200	0.418212	-231.782
25300	0.418212	-236.936
25400	0.418212	-234.169
25500	0.418212	-232.144
25600	0.418212	-233.425
25700	0.418212	-234.894
25800	0.418212	-234.23
25900	0.418212	-236.689
26000	0.418212	-231.534
26100	0.418212	-239.208
26200	0.418212	-232.677
26300	0.418212	-234.012
26400	0.418212	-234.757
26500	0.418212	-238.819
26600	0.418212	-233.309
26700	0.418212	-232.595
26800	0.418212	-233.581
26900	0.418212	-232.847
27000	0.418212	-235.013
27100	0.418212	-240.577
27200	0.418212	-232.652
27300	0.418212	-234.55
27400	0.418212	-249.194
27500	0.418212	-234.995
27600	0.418212	-232.565
27700	0.418212	-231.25
27800	0.418212	-232.081
27900	0.418212	-246.241
28000	0.418212	-233.382
28100	0.418212	-232.242
28200	0.418212	-236.096
28300	0.418212	-237.997
28400	0.418212	-232.831
28500	0.418212	-239.194
28600	0.418212	-234.177
28700	0.418212	-232.411
28800	0.418212	-233.424
28900	0.418212	-232.708
29000	0.418212	-232.319
29100	0.418212	-231.082
29200	0.418212	-234.102
29300	0.418212	-236.131
29400	0.418212	-246.901
29500	0.418212	-234.445
29600	0.418212	-233.556
29700	0.418212	-234.023
29800	0.418212	-231.854
29900	0.418212	-232.918
30000	0.418212	-236.489
30100	0.418212	-240.713
30200	0.418212	-232.56
30300	0.418212	-233.246
30400	0.418212	-232.627
30500	0.418212	-237.292
30600	0.418212	-232.567
30700	0.418212	-231.487
30800	0.418212	-234.842
30900	0.418212	-232.419
31000	0.418212	-234.235
31100	0.418212	-231.378
31200	0.418212	-231.621
31300	0.418212	-237.256
31400	0.418212	-233.667
31500	0.418212	-231.908
31600	0.418212	-242.799
31700	0.418212	-231.092
31800	0.418212	-236.05
31900	0.418212	-233.255
32000	0.418212	-232.336
32100	0.418212	-236.56
32200	0.418212	-238.316
32300	0.418212	-233.367
32400	0.418212	-234.55
32500	0.418212	-235.341
32600	0.418212	-236.793
32700	0.418212	-233.045
32800	0.418212	-235.274
32900	0.418212	-234.517
33000	0.418212	-235.653
33100	0.418212	-233.697
33200	0.418212	-231.363
33300	0.418212	-233.206
33400	0.418212	-231.398
33500	0.418212	-237.296
33600	0.418212	-232.518
33700	0.418212	-236.797
33800	0.418212	-233.727
33900	0.418212	-232.558
34000	0.418212	-231.021
34100	0.418212	-232.271
34200	0.418212	-243.541
34300	0.418212	-236.946
34400	0.418212	-236.503
34500	0.418212	-231.414
34600	0.418212	-236.194
34700	0.418212	-233.931
34800	0.418212	-234.525
34900	0.418212	-232.181
35000	0.418212	-234.894
35100	0.418212	-232.084
35200	0.418212	-232.783
35300	0.418212	-232.148
35400	0.418212	-234.912
35500	0.418212	-231.843
35600	0.418212	-232.212
35700	0.418212	-236.406
35800	0.418212	-233.147
35900	0.418212	-231.963
36000	0.418212	-234.553
36100	0.418212	-239.153
36200	0.418212	-236.5
36300	0.418212	-233.605
36400	0.418212	-232.555
36500	0.418212	-233.072
36600	0.418212	-239.185
36700	0.418212	-231.49
36800	0.418212	-231.368
36900	0.418212	-232.76
37000	0.418212	-232.842
37100	0.418212	-235.337
37200	0.418212	-232.19
37300	0.418212	-233.702
37400	0.418212	-231.258
37500	0.418212	-243.249
37600	0.418212	-231.207
37700	0.418212	-233.577
37800	0.418212	-232.264
37900	0.418212	-235.051
38000	0.418212	-236.866
38100	0.418212	-238.793
38200	0.418212	-235.368
38300	0.418212	-231.78
38400	0.418212	-231.611
38500	0.418212	-234.209
38600	0.418212	-232.651
38700	0.418212	-233.696
38800	0.418212	-236.086
38900	0.418212	-233.28
39000	0.418212	-236.058
39100	0.418212	-233.757
39200	0.418212	-231.288
39300	0.418212	-233.76
39400	0.418212	-231.952
39500	0.418212	-231.608
39600	0.418212	-234.965
39700	0.418212	-238.354
39800	0.418212	-244.876
39900	0.418212	-231.188
40000	0.418212	-231.522
40100	0.418212	-236.496
40200	0.418212	-236.164
40300	0.418212	-236
40400	0.418212	-231.942
40500	0.418212	-236.112
40600	0.418212	-231.445
40700	0.418212	-232.794
40800	0.418212	-236.226
40900	0.418212	-233.567
41000	0.418212	-231.381
41100	0.418212	-233.572
41200	0.418212	-234.459
41300	0.418212	-233.772
41400	0.418212	-231.426
41500	0.418212	-233.082
41600	0.418212	-240.566
41700	0.418212	-231.587
41800	0.418212	-243.493
41900	0.418212	-231.457
42000	0.418212	-235.408
42100	0.418212	-240.686
42200	0.418212	-232.761
42300	0.418212	-237.028
42400	0.418212	-235.805
42500	0.418212	-232.923
42600	0.418212	-232.666
42700	0.418212	-233.207
42800	0.418212	-231.168
42900	0.418212	-235.809
43000	0.418212	-238.138
43100	0.418212	-231.164
43200	0.418212	-233.951
43300	0.418212	-232.357
43400	0.418212	-234.318
43500	0.418212	-238.695
43600	0.418212	-234.734
43700	0.418212	-237.309
43800	0.418212	-233.9
43900	0.418212	-231.404
44000	0.418212	-232.003
44100	0.418212	-232.075
44200	0.418212	-234.938
44300	0.418212	-233.132
44400	0.418212	-233.343
44500	0.418212	-236.614
44600	0.418212	-233.664
44700	0.418212	-231.044
44800	0.418212	-233.082
44900	0.418212	-233.895
45000	0.418212	-232.665
45100	0.418212	-232.5
45200	0.418212	-232.489
45300	0.418212	-234.267
45400	0.418212	-237.109
45500	0.418212	-232.643
45600	0.418212	-234.594
45700	0.418212	-233.355
45800	0.418212	-233.269
45900	0.418212	-232.646
46000	0.418212	-235.236
46100	0.418212	-233.347
46200	0.418212	-233.586
46300	0.418212	-234.687
46400	0.418212	-231.054
46500	0.418212	-232.734
46600	0.418212	-235.398
46700	0.418212	-233.221
46800	0.418212	-235.603
46900	0.418212	-232.064
47000	0.418212	-231.348
47100	0.418212	-240.401
47200	0.418212	-232.305
47300	0.418212	-232.45
47400	0.418212	-236.438
47500	0.418212	-231.301
47600	0.418212	-232.983
47700	0.418212	-234.733
47800	0.418212	-234.258
47900	0.418212	-235.789
48000	0.418212	-234.561
48100	0.418212	-235.19
48200	0.418212	-234.146
48300	0.418212	-238.049
48400	0.418212	-231.85
48500	0.418212	-232.71
48600	0.418212	-240.442
48700	0.418212	-234.256
48800	0.418212	-245.903
48900	0.418212	-233.84
49000	0.418212	-231.773
49100	0.418212	-231.981
49200	0.418212	-234.282
49300	0.418212	-233.265
49400	0.418212	-240.571
49500	0.418212	-243.325
49600	0.418212	-235.908
49700	0.418212	-231.859
49800	0.418212	-236.996
49900	0.418212	-232.639
50000	0.418212	-236.204
