state	power	likelihood
12600	0.000796262	-784.283
12700	0.000796262	-962.268
12800	0.000796262	-858.289
12900	0.000796262	-993.118
13000	0.000796262	-477.624
13100	0.000796262	-914.803
13200	0.000796262	-1253.11
13300	0.000796262	-863.108
13400	0.000796262	-1253.01
13500	0.000796262	-554.812
13600	0.000796262	-944.636
13700	0.000796262	-1077.43
13800	0.000796262	-1784.59
13900	0.000796262	-548.682
14000	0.000796262	-776.085
14100	0.000796262	-860.496
14200	0.000796262	-777.135
14300	0.000796262	-611.508
14400	0.000796262	-1080.92
14500	0.000796262	-865.686
14600	0.000796262	-602.207
14700	0.000796262	-625.637
14800	0.000796262	-690.107
14900	0.000796262	-734.012
15000	0.000796262	-737.805
15100	0.000796262	-947.249
15200	0.000796262	-497.025
15300	0.000796262	-699.6
15400	0.000796262	-874.684
15500	0.000796262	-786.738
15600	0.000796262	-986.814
15700	0.000796262	-1022.67
15800	0.000796262	-922.932
15900	0.000796262	-650.095
16000	0.000796262	-923.576
16100	0.000796262	-882.952
16200	0.000796262	-1154.81
16300	0.000796262	-1419.14
16400	0.000796262	-1179.11
16500	0.000796262	-769.501
16600	0.000796262	-747.833
16700	0.000796262	-691.3
16800	0.000796262	-1373.45
16900	0.000796262	-951.108
17000	0.000796262	-1654.45
17100	0.000796262	-718.562
17200	0.000796262	-1036.38
17300	0.000796262	-1049.92
17400	0.000796262	-686.702
17500	0.000796262	-945.116
17600	0.000796262	-733.02
17700	0.000796262	-611.343
17800	0.000796262	-769.629
17900	0.000796262	-467.664
18000	0.000796262	-629.405
18100	0.000796262	-1554.33
18200	0.000796262	-1099.22
18300	0.000796262	-910.689
18400	0.000796262	-1465.61
18500	0.000796262	-659.771
18600	0.000796262	-961.752
18700	0.000796262	-780.574
18800	0.000796262	-775.555
18900	0.000796262	-1383.41
19000	0.000796262	-528.567
19100	0.000796262	-1462.29
19200	0.000796262	-823.74
19300	0.000796262	-849.325
19400	0.000796262	-1141.34
19500	0.000796262	-692.966
19600	0.000796262	-607.442
19700	0.000796262	-772.844
19800	0.000796262	-1275.5
19900	0.000796262	-1703.91
20000	0.000796262	-662.339
20100	0.000796262	-680.449
20200	0.000796262	-848.153
20300	0.000796262	-1020.86
20400	0.000796262	-915.383
20500	0.000796262	-989.163
20600	0.000796262	-1034.47
20700	0.000796262	-646.263
20800	0.000796262	-952.334
20900	0.000796262	-859.538
21000	0.000796262	-1226.02
21100	0.000796262	-894.143
21200	0.000796262	-630.116
21300	0.000796262	-1121.33
21400	0.000796262	-976.065
21500	0.000796262	-1545.9
21600	0.000796262	-612.159
21700	0.000796262	-581.087
21800	0.000796262	-735.928
21900	0.000796262	-1496.75
22000	0.000796262	-956.002
22100	0.000796262	-897.095
22200	0.000796262	-835.565
22300	0.000796262	-1269.26
22400	0.000796262	-1129.08
22500	0.000796262	-767.232
22600	0.000796262	-1044.15
22700	0.000796262	-1086.02
22800	0.000796262	-895.939
22900	0.000796262	-975.137
23000	0.000796262	-973.218
23100	0.000796262	-1118.21
23200	0.000796262	-764.933
23300	0.000796262	-1001.28
23400	0.000796262	-589.316
23500	0.000796262	-1374.64
23600	0.000796262	-1327.93
23700	0.000796262	-745.689
23800	0.000796262	-466.36
23900	0.000796262	-1018.69
24000	0.000796262	-1858.61
24100	0.000796262	-1038.54
24200	0.000796262	-1751.29
24300	0.000796262	-936.382
24400	0.000796262	-729.846
24500	0.000796262	-756.295
24600	0.000796262	-1344.34
24700	0.000796262	-1335.78
24800	0.000796262	-1204.01
24900	0.000796262	-731.233
25000	0.000796262	-682.044
25100	0.000796262	-994.977
25200	0.000796262	-815.271
25300	0.000796262	-1079.16
25400	0.000796262	-1092.3
25500	0.000796262	-829.963
25600	0.000796262	-838.975
25700	0.000796262	-619.346
25800	0.000796262	-953.841
25900	0.000796262	-937.786
26000	0.000796262	-1090.43
26100	0.000796262	-887.911
26200	0.000796262	-652.309
26300	0.000796262	-848.778
26400	0.000796262	-479.449
26500	0.000796262	-522.237
26600	0.000796262	-823.505
26700	0.000796262	-634.35
26800	0.000796262	-522.946
26900	0.000796262	-793.892
27000	0.000796262	-822.261
27100	0.000796262	-641.625
27200	0.000796262	-958.626
27300	0.000796262	-803.754
27400	0.000796262	-654.764
27500	0.000796262	-1257.37
27600	0.000796262	-1277.21
27700	0.000796262	-1043.98
27800	0.000796262	-1329.67
27900	0.000796262	-727.313
28000	0.000796262	-705.059
28100	0.000796262	-834.921
28200	0.000796262	-933.094
28300	0.000796262	-1517.77
28400	0.000796262	-892.104
28500	0.000796262	-1291.49
28600	0.000796262	-540.275
28700	0.000796262	-694.951
28800	0.000796262	-953.528
28900	0.000796262	-574.628
29000	0.000796262	-819.223
29100	0.000796262	-919.927
29200	0.000796262	-1070.15
29300	0.000796262	-1296.74
29400	0.000796262	-875.304
29500	0.000796262	-887.123
29600	0.000796262	-1418.82
29700	0.000796262	-738.249
29800	0.000796262	-797.521
29900	0.000796262	-1119.26
30000	0.000796262	-568.263
30100	0.000796262	-1325.17
30200	0.000796262	-898.536
30300	0.000796262	-1176.4
30400	0.000796262	-823.113
30500	0.000796262	-1240.29
30600	0.000796262	-544.437
30700	0.000796262	-770.279
30800	0.000796262	-1430.05
30900	0.000796262	-527.228
31000	0.000796262	-758.316
31100	0.000796262	-813.169
31200	0.000796262	-826.79
31300	0.000796262	-733.602
31400	0.000796262	-824.156
31500	0.000796262	-1874.8
31600	0.000796262	-981.716
31700	0.000796262	-978.351
31800	0.000796262	-1020.44
31900	0.000796262	-618.466
32000	0.000796262	-845.421
32100	0.000796262	-520.164
32200	0.000796262	-574.152
32300	0.000796262	-812.657
32400	0.000796262	-895.197
32500	0.000796262	-606.063
32600	0.000796262	-1243.37
32700	0.000796262	-564.236
32800	0.000796262	-830.429
32900	0.000796262	-634.351
33000	0.000796262	-903.349
33100	0.000796262	-744.263
33200	0.000796262	-908.013
33300	0.000796262	-587.17
33400	0.000796262	-898.492
33500	0.000796262	-2029.15
33600	0.000796262	-1473.92
33700	0.000796262	-930.049
33800	0.000796262	-1254.44
33900	0.000796262	-1107.78
34000	0.000796262	-978.798
34100	0.000796262	-1053.21
34200	0.000796262	-1178.08
34300	0.000796262	-677.704
34400	0.000796262	-988.364
34500	0.000796262	-910.848
34600	0.000796262	-1226.77
34700	0.000796262	-812.287
34800	0.000796262	-911.472
34900	0.000796262	-759.298
35000	0.000796262	-973.83
35100	0.000796262	-1143.91
35200	0.000796262	-670.871
35300	0.000796262	-1649.35
35400	0.000796262	-721.369
35500	0.000796262	-1068.65
35600	0.000796262	-727.525
35700	0.000796262	-894.238
35800	0.000796262	-1923.45
35900	0.000796262	-718.815
36000	0.000796262	-640.831
36100	0.000796262	-1342.27
36200	0.000796262	-1063.97
36300	0.000796262	-701.177
36400	0.000796262	-915.701
36500	0.000796262	-866.351
36600	0.000796262	-1131.26
36700	0.000796262	-857.793
36800	0.000796262	-1482.47
36900	0.000796262	-759.774
37000	0.000796262	-754.334
37100	0.000796262	-1333.6
37200	0.000796262	-672.413
37300	0.000796262	-526.051
37400	0.000796262	-453.378
37500	0.000796262	-1371.85
37600	0.000796262	-1068.48
37700	0.000796262	-563.991
37800	0.000796262	-737.683
37900	0.000796262	-710.573
38000	0.000796262	-1054.11
38100	0.000796262	-618.305
38200	0.000796262	-1312.67
38300	0.000796262	-1087.95
38400	0.000796262	-1153.43
38500	0.000796262	-572.709
38600	0.000796262	-1112.78
38700	0.000796262	-652.274
38800	0.000796262	-1006.03
38900	0.000796262	-744.438
39000	0.000796262	-649.465
39100	0.000796262	-1039.84
39200	0.000796262	-1006.17
39300	0.000796262	-977.879
39400	0.000796262	-2111.77
39500	0.000796262	-545.522
39600	0.000796262	-591.224
39700	0.000796262	-861.27
39800	0.000796262	-1140.62
39900	0.000796262	-1194.26
40000	0.000796262	-1124.27
40100	0.000796262	-1183.94
40200	0.000796262	-1109.93
40300	0.000796262	-1627.88
40400	0.000796262	-790.963
40500	0.000796262	-942.434
40600	0.000796262	-701.373
40700	0.000796262	-1036.51
40800	0.000796262	-600.263
40900	0.000796262	-1393.37
41000	0.000796262	-611.804
41100	0.000796262	-884.333
41200	0.000796262	-1101.53
41300	0.000796262	-1421.28
41400	0.000796262	-859.278
41500	0.000796262	-547.685
41600	0.000796262	-545.096
41700	0.000796262	-800.892
41800	0.000796262	-826.039
41900	0.000796262	-1126.41
42000	0.000796262	-952.655
42100	0.000796262	-949.256
42200	0.000796262	-1567.02
42300	0.000796262	-1092.43
42400	0.000796262	-904.354
42500	0.000796262	-949.416
42600	0.000796262	-673.728
42700	0.000796262	-1091.25
42800	0.000796262	-1613.92
42900	0.000796262	-548.755
43000	0.000796262	-1000.69
43100	0.000796262	-1291.05
43200	0.000796262	-819.522
43300	0.000796262	-1024.45
43400	0.000796262	-1077.28
43500	0.000796262	-1488.17
43600	0.000796262	-739.803
43700	0.000796262	-603.834
43800	0.000796262	-410.328
43900	0.000796262	-1386.74
44000	0.000796262	-675.97
44100	0.000796262	-566.438
44200	0.000796262	-788.821
44300	0.000796262	-636.274
44400	0.000796262	-828.321
44500	0.000796262	-637.165
44600	0.000796262	-581.847
44700	0.000796262	-1452.1
44800	0.000796262	-788.592
44900	0.000796262	-696.006
45000	0.000796262	-738.435
45100	0.000796262	-1063.19
45200	0.000796262	-854.921
45300	0.000796262	-1022.72
45400	0.000796262	-1090.26
45500	0.000796262	-567.489
45600	0.000796262	-1511.42
45700	0.000796262	-951.844
45800	0.000796262	-873.836
45900	0.000796262	-1510.96
46000	0.000796262	-858.72
46100	0.000796262	-618.564
46200	0.000796262	-510.914
46300	0.000796262	-608.207
46400	0.000796262	-742.613
46500	0.000796262	-641.187
46600	0.000796262	-1313.55
46700	0.000796262	-884.901
46800	0.000796262	-1005.7
46900	0.000796262	-1045.17
47000	0.000796262	-1201.23
47100	0.000796262	-816.721
47200	0.000796262	-1422.98
47300	0.000796262	-799.093
47400	0.000796262	-704.729
47500	0.000796262	-1403.48
47600	0.000796262	-1215.68
47700	0.000796262	-845.832
47800	0.000796262	-1206.63
47900	0.000796262	-1172.94
48000	0.000796262	-1088.93
48100	0.000796262	-1336.34
48200	0.000796262	-870.739
48300	0.000796262	-497.584
48400	0.000796262	-1583.91
48500	0.000796262	-816.646
48600	0.000796262	-511.507
48700	0.000796262	-2020.46
48800	0.000796262	-694.322
48900	0.000796262	-1160.78
49000	0.000796262	-1200.94
49100	0.000796262	-1181.84
49200	0.000796262	-1021.51
49300	0.000796262	-600.265
49400	0.000796262	-1089.83
49500	0.000796262	-1161.69
49600	0.000796262	-1432.12
49700	0.000796262	-1037.25
49800	0.000796262	-360.034
49900	0.000796262	-700.869
50000	0.000796262	-1533.9
