state	power	likelihood
12600	2.48832e-05	-1245.89
12700	2.48832e-05	-880.678
12800	2.48832e-05	-1014.32
12900	2.48832e-05	-1286.43
13000	2.48832e-05	-745.033
13100	2.48832e-05	-1718.28
13200	2.48832e-05	-1566.06
13300	2.48832e-05	-1118.42
13400	2.48832e-05	-1007.48
13500	2.48832e-05	-1164.92
13600	2.48832e-05	-974.309
13700	2.48832e-05	-865.459
13800	2.48832e-05	-1680.81
13900	2.48832e-05	-876.676
14000	2.48832e-05	-685.88
14100	2.48832e-05	-1432.2
14200	2.48832e-05	-1082.5
14300	2.48832e-05	-704.3
14400	2.48832e-05	-922.534
14500	2.48832e-05	-1445.91
14600	2.48832e-05	-1739.76
14700	2.48832e-05	-509.031
14800	2.48832e-05	-1353.46
14900	2.48832e-05	-604.401
15000	2.48832e-05	-843.882
15100	2.48832e-05	-1576.37
15200	2.48832e-05	-1337.51
15300	2.48832e-05	-749.098
15400	2.48832e-05	-932.39
15500	2.48832e-05	-857.547
15600	2.48832e-05	-611.724
15700	2.48832e-05	-862.257
15800	2.48832e-05	-2026.98
15900	2.48832e-05	-1521.49
16000	2.48832e-05	-633.272
16100	2.48832e-05	-943.981
16200	2.48832e-05	-873.993
16300	2.48832e-05	-1093.1
16400	2.48832e-05	-1086.95
16500	2.48832e-05	-788.986
16600	2.48832e-05	-1112.2
16700	2.48832e-05	-1053.19
16800	2.48832e-05	-1828.71
16900	2.48832e-05	-678.131
17000	2.48832e-05	-736.118
17100	2.48832e-05	-1932.92
17200	2.48832e-05	-571.399
17300	2.48832e-05	-957.996
17400	2.48832e-05	-653.101
17500	2.48832e-05	-649.933
17600	2.48832e-05	-1276.77
17700	2.48832e-05	-2553.88
17800	2.48832e-05	-1933.26
17900	2.48832e-05	-421.314
18000	2.48832e-05	-1235.92
18100	2.48832e-05	-1159.62
18200	2.48832e-05	-1321.91
18300	2.48832e-05	-1325.51
18400	2.48832e-05	-1105.91
18500	2.48832e-05	-992.202
18600	2.48832e-05	-690.716
18700	2.48832e-05	-780.816
18800	2.48832e-05	-853.572
18900	2.48832e-05	-1185.62
19000	2.48832e-05	-522.176
19100	2.48832e-05	-2429.15
19200	2.48832e-05	-1627.59
19300	2.48832e-05	-909.712
19400	2.48832e-05	-1102.7
19500	2.48832e-05	-782.701
19600	2.48832e-05	-1288.16
19700	2.48832e-05	-1123.89
19800	2.48832e-05	-1433.65
19900	2.48832e-05	-2367.09
20000	2.48832e-05	-647.111
20100	2.48832e-05	-1983.87
20200	2.48832e-05	-1144.99
20300	2.48832e-05	-1161.24
20400	2.48832e-05	-878.202
20500	2.48832e-05	-1376.83
20600	2.48832e-05	-1399.01
20700	2.48832e-05	-2050.69
20800	2.48832e-05	-938.001
20900	2.48832e-05	-856.993
21000	2.48832e-05	-615.823
21100	2.48832e-05	-1388.3
21200	2.48832e-05	-646.666
21300	2.48832e-05	-1160.26
21400	2.48832e-05	-967.385
21500	2.48832e-05	-1342.07
21600	2.48832e-05	-542.877
21700	2.48832e-05	-1196.56
21800	2.48832e-05	-854.992
21900	2.48832e-05	-851.704
22000	2.48832e-05	-799.367
22100	2.48832e-05	-791.24
22200	2.48832e-05	-1440.46
22300	2.48832e-05	-688
22400	2.48832e-05	-707.443
22500	2.48832e-05	-1920.73
22600	2.48832e-05	-724.574
22700	2.48832e-05	-2258.34
22800	2.48832e-05	-569.817
22900	2.48832e-05	-594.354
23000	2.48832e-05	-1260.26
23100	2.48832e-05	-643.863
23200	2.48832e-05	-1504.83
23300	2.48832e-05	-757.304
23400	2.48832e-05	-744.947
23500	2.48832e-05	-697.153
23600	2.48832e-05	-821.647
23700	2.48832e-05	-756.077
23800	2.48832e-05	-1012.83
23900	2.48832e-05	-1597.34
24000	2.48832e-05	-1653.31
24100	2.48832e-05	-1109.69
24200	2.48832e-05	-855.677
24300	2.48832e-05	-1030.99
24400	2.48832e-05	-863.489
24500	2.48832e-05	-1006.65
24600	2.48832e-05	-1111.21
24700	2.48832e-05	-1533.34
24800	2.48832e-05	-549.498
24900	2.48832e-05	-2292.55
25000	2.48832e-05	-1073.61
25100	2.48832e-05	-983.751
25200	2.48832e-05	-1640.39
25300	2.48832e-05	-1503.8
25400	2.48832e-05	-700.755
25500	2.48832e-05	-1240.83
25600	2.48832e-05	-1185.33
25700	2.48832e-05	-1524.09
25800	2.48832e-05	-822.518
25900	2.48832e-05	-1467.55
26000	2.48832e-05	-1121.81
26100	2.48832e-05	-975.675
26200	2.48832e-05	-1028.11
26300	2.48832e-05	-635.166
26400	2.48832e-05	-932.317
26500	2.48832e-05	-1467.07
26600	2.48832e-05	-921.425
26700	2.48832e-05	-795.104
26800	2.48832e-05	-2591.67
26900	2.48832e-05	-1024.77
27000	2.48832e-05	-1124.87
27100	2.48832e-05	-1546.5
27200	2.48832e-05	-1319.72
27300	2.48832e-05	-1578.89
27400	2.48832e-05	-560.546
27500	2.48832e-05	-431.948
27600	2.48832e-05	-671.201
27700	2.48832e-05	-628.927
27800	2.48832e-05	-1288.74
27900	2.48832e-05	-1014.82
28000	2.48832e-05	-940.822
28100	2.48832e-05	-1363.09
28200	2.48832e-05	-1207.7
28300	2.48832e-05	-1029.53
28400	2.48832e-05	-798.912
28500	2.48832e-05	-1267.61
28600	2.48832e-05	-1191.38
28700	2.48832e-05	-1041.45
28800	2.48832e-05	-659.369
28900	2.48832e-05	-1475.69
29000	2.48832e-05	-833.829
29100	2.48832e-05	-1752.54
29200	2.48832e-05	-724.085
29300	2.48832e-05	-807.035
29400	2.48832e-05	-937.984
29500	2.48832e-05	-1253.29
29600	2.48832e-05	-1475
29700	2.48832e-05	-980.051
29800	2.48832e-05	-904.265
29900	2.48832e-05	-742.954
30000	2.48832e-05	-485.276
30100	2.48832e-05	-695.934
30200	2.48832e-05	-1465.59
30300	2.48832e-05	-1991.26
30400	2.48832e-05	-634.12
30500	2.48832e-05	-1212.39
30600	2.48832e-05	-959.639
30700	2.48832e-05	-1049.64
30800	2.48832e-05	-938.602
30900	2.48832e-05	-1333.88
31000	2.48832e-05	-2333.97
31100	2.48832e-05	-1281.04
31200	2.48832e-05	-744.642
31300	2.48832e-05	-1552.11
31400	2.48832e-05	-697.998
31500	2.48832e-05	-1048.84
31600	2.48832e-05	-590.551
31700	2.48832e-05	-741.113
31800	2.48832e-05	-519.071
31900	2.48832e-05	-1531.82
32000	2.48832e-05	-1006.46
32100	2.48832e-05	-872.436
32200	2.48832e-05	-2021.25
32300	2.48832e-05	-887.154
32400	2.48832e-05	-2910.89
32500	2.48832e-05	-1122.16
32600	2.48832e-05	-829.997
32700	2.48832e-05	-1205.11
32800	2.48832e-05	-886.597
32900	2.48832e-05	-660.011
33000	2.48832e-05	-1018.14
33100	2.48832e-05	-988.539
33200	2.48832e-05	-928.693
33300	2.48832e-05	-1040.3
33400	2.48832e-05	-1135.26
33500	2.48832e-05	-1032.06
33600	2.48832e-05	-1050.55
33700	2.48832e-05	-960.391
33800	2.48832e-05	-1220.31
33900	2.48832e-05	-1041.93
34000	2.48832e-05	-1064.48
34100	2.48832e-05	-1153.09
34200	2.48832e-05	-839.182
34300	2.48832e-05	-622.77
34400	2.48832e-05	-1346.04
34500	2.48832e-05	-1402.3
34600	2.48832e-05	-916.297
34700	2.48832e-05	-751.654
34800	2.48832e-05	-1167.94
34900	2.48832e-05	-1429.64
35000	2.48832e-05	-1429.02
35100	2.48832e-05	-1846.58
35200	2.48832e-05	-871.117
35300	2.48832e-05	-828.009
35400	2.48832e-05	-513.651
35500	2.48832e-05	-1397.83
35600	2.48832e-05	-616.625
35700	2.48832e-05	-1513.4
35800	2.48832e-05	-913.07
35900	2.48832e-05	-2039.71
36000	2.48832e-05	-1206.32
36100	2.48832e-05	-718.584
36200	2.48832e-05	-1054.45
36300	2.48832e-05	-1317.68
36400	2.48832e-05	-1016.82
36500	2.48832e-05	-962.585
36600	2.48832e-05	-1620.4
36700	2.48832e-05	-1085.09
36800	2.48832e-05	-905.493
36900	2.48832e-05	-1254.56
37000	2.48832e-05	-992.526
37100	2.48832e-05	-982.582
37200	2.48832e-05	-1558.12
37300	2.48832e-05	-1294.44
37400	2.48832e-05	-581.174
37500	2.48832e-05	-800.563
37600	2.48832e-05	-1004.82
37700	2.48832e-05	-876.466
37800	2.48832e-05	-1362.3
37900	2.48832e-05	-867.14
38000	2.48832e-05	-1361.6
38100	2.48832e-05	-1265.36
38200	2.48832e-05	-920.368
38300	2.48832e-05	-648.302
38400	2.48832e-05	-735.436
38500	2.48832e-05	-1090
38600	2.48832e-05	-1412.23
38700	2.48832e-05	-1136.86
38800	2.48832e-05	-1334.37
38900	2.48832e-05	-2003.41
39000	2.48832e-05	-1242.87
39100	2.48832e-05	-1160.07
39200	2.48832e-05	-2053.4
39300	2.48832e-05	-1244.21
39400	2.48832e-05	-800.49
39500	2.48832e-05	-997.916
39600	2.48832e-05	-1114.84
39700	2.48832e-05	-1555.18
39800	2.48832e-05	-1465.17
39900	2.48832e-05	-1082.61
40000	2.48832e-05	-1110.84
40100	2.48832e-05	-735.193
40200	2.48832e-05	-830.619
40300	2.48832e-05	-1677.93
40400	2.48832e-05	-664.903
40500	2.48832e-05	-1000.84
40600	2.48832e-05	-725.236
40700	2.48832e-05	-835.742
40800	2.48832e-05	-1976.08
40900	2.48832e-05	-1536.65
41000	2.48832e-05	-1609.61
41100	2.48832e-05	-1340.48
41200	2.48832e-05	-1334.69
41300	2.48832e-05	-1280.35
41400	2.48832e-05	-770.691
41500	2.48832e-05	-795.42
41600	2.48832e-05	-871.702
41700	2.48832e-05	-883.764
41800	2.48832e-05	-1302.6
41900	2.48832e-05	-873.351
42000	2.48832e-05	-693.695
42100	2.48832e-05	-1041.59
42200	2.48832e-05	-870.708
42300	2.48832e-05	-1458.17
42400	2.48832e-05	-1144.65
42500	2.48832e-05	-1165.83
42600	2.48832e-05	-743.813
42700	2.48832e-05	-1214.24
42800	2.48832e-05	-1168.59
42900	2.48832e-05	-1401.33
43000	2.48832e-05	-1429.42
43100	2.48832e-05	-1532.03
43200	2.48832e-05	-1142.55
43300	2.48832e-05	-762.76
43400	2.48832e-05	-894.946
43500	2.48832e-05	-752.836
43600	2.48832e-05	-642.019
43700	2.48832e-05	-956.189
43800	2.48832e-05	-1064.88
43900	2.48832e-05	-692.317
44000	2.48832e-05	-720.776
44100	2.48832e-05	-881.354
44200	2.48832e-05	-908.74
44300	2.48832e-05	-792.849
44400	2.48832e-05	-850.738
44500	2.48832e-05	-1416.01
44600	2.48832e-05	-658.613
44700	2.48832e-05	-1014.94
44800	2.48832e-05	-866.496
44900	2.48832e-05	-709.286
45000	2.48832e-05	-1104.02
45100	2.48832e-05	-642.55
45200	2.48832e-05	-990.876
45300	2.48832e-05	-955.287
45400	2.48832e-05	-1215.76
45500	2.48832e-05	-1597.33
45600	2.48832e-05	-2043.67
45700	2.48832e-05	-764.752
45800	2.48832e-05	-628.513
45900	2.48832e-05	-2030.85
46000	2.48832e-05	-1100.94
46100	2.48832e-05	-898.079
46200	2.48832e-05	-1070.86
46300	2.48832e-05	-1096.07
46400	2.48832e-05	-887.022
46500	2.48832e-05	-1607.94
46600	2.48832e-05	-710.278
46700	2.48832e-05	-543.088
46800	2.48832e-05	-1128.75
46900	2.48832e-05	-645.112
47000	2.48832e-05	-1502.85
47100	2.48832e-05	-1529.09
47200	2.48832e-05	-848.811
47300	2.48832e-05	-854.958
47400	2.48832e-05	-715.915
47500	2.48832e-05	-739.692
47600	2.48832e-05	-733.294
47700	2.48832e-05	-1222.1
47800	2.48832e-05	-567.571
47900	2.48832e-05	-1330.49
48000	2.48832e-05	-1004.24
48100	2.48832e-05	-564.888
48200	2.48832e-05	-796.15
48300	2.48832e-05	-798.73
48400	2.48832e-05	-3675.59
48500	2.48832e-05	-1529.48
48600	2.48832e-05	-887.6
48700	2.48832e-05	-717.542
48800	2.48832e-05	-1807.98
48900	2.48832e-05	-1261.9
49000	2.48832e-05	-1507.37
49100	2.48832e-05	-1287.35
49200	2.48832e-05	-1131.76
49300	2.48832e-05	-1437.08
49400	2.48832e-05	-1066.6
49500	2.48832e-05	-1189.71
49600	2.48832e-05	-1424.38
49700	2.48832e-05	-1828.23
49800	2.48832e-05	-1366.36
49900	2.48832e-05	-1771.46
50000	2.48832e-05	-765.075
