state	power	likelihood
12600	0.00032	-376.507
12700	0.00032	-421.058
12800	0.00032	-426.483
12900	0.00032	-392.831
13000	0.00032	-367.056
13100	0.00032	-398.98
13200	0.00032	-381.696
13300	0.00032	-400.9
13400	0.00032	-372.968
13500	0.00032	-410.161
13600	0.00032	-383.731
13700	0.00032	-392.967
13800	0.00032	-373.429
13900	0.00032	-372.858
14000	0.00032	-437.851
14100	0.00032	-363.244
14200	0.00032	-405.928
14300	0.00032	-420.42
14400	0.00032	-401.625
14500	0.00032	-394.046
14600	0.00032	-366.019
14700	0.00032	-413.76
14800	0.00032	-376.395
14900	0.00032	-364.457
15000	0.00032	-405.702
15100	0.00032	-417.727
15200	0.00032	-399.345
15300	0.00032	-395.704
15400	0.00032	-359.86
15500	0.00032	-375.178
15600	0.00032	-391.618
15700	0.00032	-394.754
15800	0.00032	-389.578
15900	0.00032	-416.57
16000	0.00032	-439.934
16100	0.00032	-385.139
16200	0.00032	-417.67
16300	0.00032	-421.261
16400	0.00032	-382.025
16500	0.00032	-416.221
16600	0.00032	-382.68
16700	0.00032	-384.655
16800	0.00032	-372.533
16900	0.00032	-400.121
17000	0.00032	-385.804
17100	0.00032	-418.487
17200	0.00032	-391.701
17300	0.00032	-388.473
17400	0.00032	-427.255
17500	0.00032	-368.115
17600	0.00032	-387.033
17700	0.00032	-403.634
17800	0.00032	-419.617
17900	0.00032	-432.346
18000	0.00032	-380.155
18100	0.00032	-394.401
18200	0.00032	-421.151
18300	0.00032	-384.8
18400	0.00032	-406.387
18500	0.00032	-370.867
18600	0.00032	-400.677
18700	0.00032	-399.013
18800	0.00032	-364.744
18900	0.00032	-406.01
19000	0.00032	-379.21
19100	0.00032	-383.58
19200	0.00032	-384.382
19300	0.00032	-431.012
19400	0.00032	-407.507
19500	0.00032	-403.377
19600	0.00032	-414.73
19700	0.00032	-403.442
19800	0.00032	-402.58
19900	0.00032	-364.737
20000	0.00032	-396.735
20100	0.00032	-406.032
20200	0.00032	-394.609
20300	0.00032	-424.026
20400	0.00032	-398.717
20500	0.00032	-391.946
20600	0.00032	-412.491
20700	0.00032	-371.249
20800	0.00032	-381.07
20900	0.00032	-362.944
21000	0.00032	-420.687
21100	0.00032	-402.972
21200	0.00032	-400.286
21300	0.00032	-370.759
21400	0.00032	-390.04
21500	0.00032	-409.377
21600	0.00032	-381.917
21700	0.00032	-362.796
21800	0.00032	-398.907
21900	0.00032	-396.813
22000	0.00032	-387.042
22100	0.00032	-396.254
22200	0.00032	-393.583
22300	0.00032	-392.537
22400	0.00032	-369.811
22500	0.00032	-383.692
22600	0.00032	-384.483
22700	0.00032	-396.691
22800	0.00032	-394.952
22900	0.00032	-413.44
23000	0.00032	-424.294
23100	0.00032	-386.404
23200	0.00032	-399.752
23300	0.00032	-403.359
23400	0.00032	-362.508
23500	0.00032	-369.393
23600	0.00032	-387.353
23700	0.00032	-394.832
23800	0.00032	-434.739
23900	0.00032	-433.77
24000	0.00032	-406.343
24100	0.00032	-369.916
24200	0.00032	-378.325
24300	0.00032	-389.837
24400	0.00032	-387.449
24500	0.00032	-411.48
24600	0.00032	-385.52
24700	0.00032	-395.301
24800	0.00032	-397.564
24900	0.00032	-393.638
25000	0.00032	-375.662
25100	0.00032	-420.218
25200	0.00032	-404.541
25300	0.00032	-440.207
25400	0.00032	-391.413
25500	0.00032	-396.61
25600	0.00032	-379.709
25700	0.00032	-403.168
25800	0.00032	-404.064
25900	0.00032	-371.316
26000	0.00032	-379.042
26100	0.00032	-385.127
26200	0.00032	-429.638
26300	0.00032	-383.143
26400	0.00032	-426.89
26500	0.00032	-433.105
26600	0.00032	-382.274
26700	0.00032	-404.239
26800	0.00032	-413.979
26900	0.00032	-401.083
27000	0.00032	-404.548
27100	0.00032	-397.533
27200	0.00032	-413.817
27300	0.00032	-359.671
27400	0.00032	-370.867
27500	0.00032	-414.787
27600	0.00032	-417.504
27700	0.00032	-402.982
27800	0.00032	-387.931
27900	0.00032	-437.809
28000	0.00032	-415.146
28100	0.00032	-408.792
28200	0.00032	-381.795
28300	0.00032	-381.976
28400	0.00032	-383.907
28500	0.00032	-390.217
28600	0.00032	-364.501
28700	0.00032	-383.867
28800	0.00032	-392.977
28900	0.00032	-414.529
29000	0.00032	-366.141
29100	0.00032	-380.038
29200	0.00032	-427.094
29300	0.00032	-391.78
29400	0.00032	-413.775
29500	0.00032	-388.71
29600	0.00032	-385.999
29700	0.00032	-405.673
29800	0.00032	-415.408
29900	0.00032	-412.406
30000	0.00032	-395.208
30100	0.00032	-414.48
30200	0.00032	-384.349
30300	0.00032	-404.767
30400	0.00032	-413.071
30500	0.00032	-393.652
30600	0.00032	-400.441
30700	0.00032	-377.977
30800	0.00032	-392.487
30900	0.00032	-432.52
31000	0.00032	-385.87
31100	0.00032	-362.881
31200	0.00032	-416.061
31300	0.00032	-372.061
31400	0.00032	-408.964
31500	0.00032	-378.101
31600	0.00032	-395.441
31700	0.00032	-381.962
31800	0.00032	-418.269
31900	0.00032	-396.824
32000	0.00032	-407.816
32100	0.00032	-385.725
32200	0.00032	-380.636
32300	0.00032	-411.421
32400	0.00032	-368.827
32500	0.00032	-424.664
32600	0.00032	-387.746
32700	0.00032	-428.864
32800	0.00032	-382.197
32900	0.00032	-367.997
33000	0.00032	-386.033
33100	0.00032	-370.955
33200	0.00032	-410.177
33300	0.00032	-359.06
33400	0.00032	-412.392
33500	0.00032	-384.208
33600	0.00032	-371.81
33700	0.00032	-435.858
33800	0.00032	-387.958
33900	0.00032	-418.014
34000	0.00032	-419.223
34100	0.00032	-397.664
34200	0.00032	-424.284
34300	0.00032	-368.844
34400	0.00032	-390.65
34500	0.00032	-419.389
34600	0.00032	-391.56
34700	0.00032	-402.146
34800	0.00032	-367.787
34900	0.00032	-376.033
35000	0.00032	-413.211
35100	0.00032	-394.085
35200	0.00032	-423.838
35300	0.00032	-408.192
35400	0.00032	-420.967
35500	0.00032	-370.83
35600	0.00032	-411.466
35700	0.00032	-377.672
35800	0.00032	-415.421
35900	0.00032	-383.627
36000	0.00032	-395.74
36100	0.00032	-402.497
36200	0.00032	-400.464
36300	0.00032	-401.139
36400	0.00032	-414.615
36500	0.00032	-412.974
36600	0.00032	-411.082
36700	0.00032	-394.434
36800	0.00032	-421.063
36900	0.00032	-397.086
37000	0.00032	-425.336
37100	0.00032	-399.96
37200	0.00032	-417.661
37300	0.00032	-428.281
37400	0.00032	-396.877
37500	0.00032	-400.013
37600	0.00032	-410.648
37700	0.00032	-386.437
37800	0.00032	-383.616
37900	0.00032	-390.307
38000	0.00032	-383.382
38100	0.00032	-428.598
38200	0.00032	-396.971
38300	0.00032	-367.728
38400	0.00032	-378.969
38500	0.00032	-380.18
38600	0.00032	-397.321
38700	0.00032	-367.889
38800	0.00032	-402.282
38900	0.00032	-370.249
39000	0.00032	-384.533
39100	0.00032	-386.551
39200	0.00032	-393.888
39300	0.00032	-403.94
39400	0.00032	-418.691
39500	0.00032	-392.767
39600	0.00032	-419.376
39700	0.00032	-413.19
39800	0.00032	-369.58
39900	0.00032	-391.054
40000	0.00032	-431.406
40100	0.00032	-389.74
40200	0.00032	-415.032
40300	0.00032	-402.031
40400	0.00032	-400.548
40500	0.00032	-376.312
40600	0.00032	-390.279
40700	0.00032	-412.178
40800	0.00032	-385.74
40900	0.00032	-373.528
41000	0.00032	-383.766
41100	0.00032	-373.902
41200	0.00032	-384.543
41300	0.00032	-367.222
41400	0.00032	-402.37
41500	0.00032	-368.004
41600	0.00032	-391.886
41700	0.00032	-385.142
41800	0.00032	-401.86
41900	0.00032	-446.293
42000	0.00032	-387.954
42100	0.00032	-423.156
42200	0.00032	-374.713
42300	0.00032	-429.388
42400	0.00032	-388.523
42500	0.00032	-373.147
42600	0.00032	-414.147
42700	0.00032	-383.465
42800	0.00032	-369.311
42900	0.00032	-421.529
43000	0.00032	-406.144
43100	0.00032	-416.163
43200	0.00032	-440.028
43300	0.00032	-371.599
43400	0.00032	-373.546
43500	0.00032	-408.205
43600	0.00032	-372.901
43700	0.00032	-361.875
43800	0.00032	-429.929
43900	0.00032	-423.305
44000	0.00032	-408.348
44100	0.00032	-415.947
44200	0.00032	-391.362
44300	0.00032	-383.11
44400	0.00032	-393.754
44500	0.00032	-373.163
44600	0.00032	-398.911
44700	0.00032	-395.49
44800	0.00032	-394.931
44900	0.00032	-383.563
45000	0.00032	-398.364
45100	0.00032	-393.017
45200	0.00032	-388.862
45300	0.00032	-371.797
45400	0.00032	-374.753
45500	0.00032	-397.569
45600	0.00032	-412.968
45700	0.00032	-403.456
45800	0.00032	-413.063
45900	0.00032	-373.686
46000	0.00032	-429.773
46100	0.00032	-389.714
46200	0.00032	-364.46
46300	0.00032	-362.604
46400	0.00032	-374.344
46500	0.00032	-374.808
46600	0.00032	-386.03
46700	0.00032	-395.783
46800	0.00032	-390.74
46900	0.00032	-397.32
47000	0.00032	-398.303
47100	0.00032	-369.53
47200	0.00032	-387.104
47300	0.00032	-388.997
47400	0.00032	-371.886
47500	0.00032	-431.287
47600	0.00032	-420.974
47700	0.00032	-376.101
47800	0.00032	-424.607
47900	0.00032	-366.447
48000	0.00032	-419.31
48100	0.00032	-416.4
48200	0.00032	-402.034
48300	0.00032	-382.623
48400	0.00032	-409.772
48500	0.00032	-393.833
48600	0.00032	-394.339
48700	0.00032	-407.339
48800	0.00032	-399.607
48900	0.00032	-387.351
49000	0.00032	-367.068
49100	0.00032	-419.058
49200	0.00032	-371.009
49300	0.00032	-434.657
49400	0.00032	-424.628
49500	0.00032	-396.695
49600	0.00032	-371.604
49700	0.00032	-390.002
49800	0.00032	-395.57
49900	0.00032	-382.28
50000	0.00032	-433.529
