state	power	likelihood
12600	0.00335544	-415.524
12700	0.00335544	-370.331
12800	0.00335544	-363.459
12900	0.00335544	-415.473
13000	0.00335544	-385.775
13100	0.00335544	-388.999
13200	0.00335544	-416.76
13300	0.00335544	-372.566
13400	0.00335544	-394.415
13500	0.00335544	-368.54
13600	0.00335544	-333.513
13700	0.00335544	-383.713
13800	0.00335544	-400.154
13900	0.00335544	-389.068
14000	0.00335544	-395.313
14100	0.00335544	-386.432
14200	0.00335544	-396.807
14300	0.00335544	-401.654
14400	0.00335544	-369.687
14500	0.00335544	-385.733
14600	0.00335544	-381.981
14700	0.00335544	-379.149
14800	0.00335544	-389.728
14900	0.00335544	-425.109
15000	0.00335544	-419.277
15100	0.00335544	-395.091
15200	0.00335544	-363.656
15300	0.00335544	-388.899
15400	0.00335544	-401.605
15500	0.00335544	-324.729
15600	0.00335544	-379.246
15700	0.00335544	-385.824
15800	0.00335544	-386.838
15900	0.00335544	-411.412
16000	0.00335544	-381.955
16100	0.00335544	-391.033
16200	0.00335544	-416.98
16300	0.00335544	-378.52
16400	0.00335544	-371.42
16500	0.00335544	-420.052
16600	0.00335544	-411.132
16700	0.00335544	-410.403
16800	0.00335544	-430.714
16900	0.00335544	-357.252
17000	0.00335544	-423.768
17100	0.00335544	-403.503
17200	0.00335544	-366.115
17300	0.00335544	-400.906
17400	0.00335544	-389.789
17500	0.00335544	-393.253
17600	0.00335544	-429.22
17700	0.00335544	-399.354
17800	0.00335544	-370.827
17900	0.00335544	-387.86
18000	0.00335544	-386.609
18100	0.00335544	-395.612
18200	0.00335544	-376.479
18300	0.00335544	-369.875
18400	0.00335544	-365.387
18500	0.00335544	-402.072
18600	0.00335544	-391.188
18700	0.00335544	-385.729
18800	0.00335544	-431.346
18900	0.00335544	-393.001
19000	0.00335544	-396.363
19100	0.00335544	-423.264
19200	0.00335544	-414.957
19300	0.00335544	-421.484
19400	0.00335544	-407.938
19500	0.00335544	-411.743
19600	0.00335544	-412.278
19700	0.00335544	-366.307
19800	0.00335544	-365.56
19900	0.00335544	-405.81
20000	0.00335544	-379.901
20100	0.00335544	-404.361
20200	0.00335544	-364.27
20300	0.00335544	-380.419
20400	0.00335544	-374.541
20500	0.00335544	-395.372
20600	0.00335544	-383.055
20700	0.00335544	-435.869
20800	0.00335544	-367.741
20900	0.00335544	-380.335
21000	0.00335544	-369.417
21100	0.00335544	-441.711
21200	0.00335544	-432.06
21300	0.00335544	-424.752
21400	0.00335544	-391.371
21500	0.00335544	-387.542
21600	0.00335544	-373.562
21700	0.00335544	-432.503
21800	0.00335544	-413.522
21900	0.00335544	-367.575
22000	0.00335544	-357.933
22100	0.00335544	-365.365
22200	0.00335544	-423.115
22300	0.00335544	-388.941
22400	0.00335544	-425.608
22500	0.00335544	-383.663
22600	0.00335544	-401.848
22700	0.00335544	-382.298
22800	0.00335544	-387.87
22900	0.00335544	-387.254
23000	0.00335544	-404.192
23100	0.00335544	-360.889
23200	0.00335544	-424.25
23300	0.00335544	-378.85
23400	0.00335544	-394.35
23500	0.00335544	-380.488
23600	0.00335544	-402.146
23700	0.00335544	-417.495
23800	0.00335544	-388.157
23900	0.00335544	-383.093
24000	0.00335544	-387.397
24100	0.00335544	-416.925
24200	0.00335544	-406.157
24300	0.00335544	-374.426
24400	0.00335544	-428.431
24500	0.00335544	-391.022
24600	0.00335544	-411.418
24700	0.00335544	-389.379
24800	0.00335544	-387.461
24900	0.00335544	-422.036
25000	0.00335544	-393.833
25100	0.00335544	-391.115
25200	0.00335544	-385.247
25300	0.00335544	-351.566
25400	0.00335544	-397.517
25500	0.00335544	-432.848
25600	0.00335544	-379.181
25700	0.00335544	-418.799
25800	0.00335544	-401.261
25900	0.00335544	-405.062
26000	0.00335544	-411.241
26100	0.00335544	-381.967
26200	0.00335544	-397.382
26300	0.00335544	-393.046
26400	0.00335544	-369.957
26500	0.00335544	-363.551
26600	0.00335544	-415.204
26700	0.00335544	-390.646
26800	0.00335544	-381.881
26900	0.00335544	-409.017
27000	0.00335544	-409.152
27100	0.00335544	-386.584
27200	0.00335544	-386.256
27300	0.00335544	-375.934
27400	0.00335544	-416.641
27500	0.00335544	-385.355
27600	0.00335544	-369.525
27700	0.00335544	-388.633
27800	0.00335544	-428.538
27900	0.00335544	-421.735
28000	0.00335544	-413.964
28100	0.00335544	-389.963
28200	0.00335544	-417.571
28300	0.00335544	-384.212
28400	0.00335544	-391.04
28500	0.00335544	-369.405
28600	0.00335544	-383.448
28700	0.00335544	-410.489
28800	0.00335544	-420.331
28900	0.00335544	-372.393
29000	0.00335544	-378.117
29100	0.00335544	-398.569
29200	0.00335544	-388.638
29300	0.00335544	-378.538
29400	0.00335544	-392.898
29500	0.00335544	-415.9
29600	0.00335544	-415.448
29700	0.00335544	-385.728
29800	0.00335544	-388.846
29900	0.00335544	-413.868
30000	0.00335544	-394.811
30100	0.00335544	-395.822
30200	0.00335544	-396.995
30300	0.00335544	-384.371
30400	0.00335544	-391.72
30500	0.00335544	-365.863
30600	0.00335544	-411.084
30700	0.00335544	-400.598
30800	0.00335544	-411.109
30900	0.00335544	-419.466
31000	0.00335544	-364.678
31100	0.00335544	-371.619
31200	0.00335544	-395.056
31300	0.00335544	-417.166
31400	0.00335544	-400.19
31500	0.00335544	-384.309
31600	0.00335544	-392.703
31700	0.00335544	-391.714
31800	0.00335544	-402.413
31900	0.00335544	-380.89
32000	0.00335544	-404.883
32100	0.00335544	-367.146
32200	0.00335544	-403.138
32300	0.00335544	-376.776
32400	0.00335544	-387.096
32500	0.00335544	-416.294
32600	0.00335544	-400.588
32700	0.00335544	-377.846
32800	0.00335544	-377.658
32900	0.00335544	-397.461
33000	0.00335544	-401.987
33100	0.00335544	-380.945
33200	0.00335544	-407.25
33300	0.00335544	-414.877
33400	0.00335544	-411.513
33500	0.00335544	-382.934
33600	0.00335544	-373.374
33700	0.00335544	-387.097
33800	0.00335544	-424.818
33900	0.00335544	-406.143
34000	0.00335544	-379.362
34100	0.00335544	-373.5
34200	0.00335544	-362.875
34300	0.00335544	-392.258
34400	0.00335544	-426.752
34500	0.00335544	-372.536
34600	0.00335544	-398.846
34700	0.00335544	-406.954
34800	0.00335544	-410.731
34900	0.00335544	-384.081
35000	0.00335544	-403.373
35100	0.00335544	-398.137
35200	0.00335544	-386.762
35300	0.00335544	-366.527
35400	0.00335544	-420.09
35500	0.00335544	-371.735
35600	0.00335544	-381.153
35700	0.00335544	-372.49
35800	0.00335544	-377.706
35900	0.00335544	-368.727
36000	0.00335544	-382.963
36100	0.00335544	-371.56
36200	0.00335544	-395.377
36300	0.00335544	-379.605
36400	0.00335544	-362.86
36500	0.00335544	-417.84
36600	0.00335544	-423.104
36700	0.00335544	-381.149
36800	0.00335544	-378.907
36900	0.00335544	-392.193
37000	0.00335544	-419.13
37100	0.00335544	-412.904
37200	0.00335544	-396.314
37300	0.00335544	-398.063
37400	0.00335544	-408.237
37500	0.00335544	-381.861
37600	0.00335544	-418.354
37700	0.00335544	-369.521
37800	0.00335544	-338.798
37900	0.00335544	-412.588
38000	0.00335544	-396.136
38100	0.00335544	-376.68
38200	0.00335544	-409.151
38300	0.00335544	-395.008
38400	0.00335544	-408.541
38500	0.00335544	-403.948
38600	0.00335544	-407.652
38700	0.00335544	-395.148
38800	0.00335544	-363.447
38900	0.00335544	-367.157
39000	0.00335544	-375.33
39100	0.00335544	-375.22
39200	0.00335544	-385.259
39300	0.00335544	-414.695
39400	0.00335544	-391.867
39500	0.00335544	-375.568
39600	0.00335544	-412.408
39700	0.00335544	-409.323
39800	0.00335544	-415.889
39900	0.00335544	-411.179
40000	0.00335544	-372.848
40100	0.00335544	-408.575
40200	0.00335544	-437.983
40300	0.00335544	-367.883
40400	0.00335544	-373.994
40500	0.00335544	-397.267
40600	0.00335544	-413.231
40700	0.00335544	-384.312
40800	0.00335544	-374.626
40900	0.00335544	-410.284
41000	0.00335544	-374.642
41100	0.00335544	-404.68
41200	0.00335544	-395.632
41300	0.00335544	-394.248
41400	0.00335544	-351.834
41500	0.00335544	-399.297
41600	0.00335544	-405.034
41700	0.00335544	-395.259
41800	0.00335544	-412.304
41900	0.00335544	-386.479
42000	0.00335544	-382.232
42100	0.00335544	-413.701
42200	0.00335544	-388.057
42300	0.00335544	-381.542
42400	0.00335544	-417.664
42500	0.00335544	-384.856
42600	0.00335544	-388.87
42700	0.00335544	-368.244
42800	0.00335544	-399.098
42900	0.00335544	-376.781
43000	0.00335544	-397.656
43100	0.00335544	-429.968
43200	0.00335544	-388.381
43300	0.00335544	-366.587
43400	0.00335544	-388.625
43500	0.00335544	-393.421
43600	0.00335544	-419.734
43700	0.00335544	-348.392
43800	0.00335544	-393.459
43900	0.00335544	-403.213
44000	0.00335544	-363.73
44100	0.00335544	-388.343
44200	0.00335544	-379.85
44300	0.00335544	-413.03
44400	0.00335544	-417.797
44500	0.00335544	-370.217
44600	0.00335544	-417.035
44700	0.00335544	-400.214
44800	0.00335544	-379.546
44900	0.00335544	-364.714
45000	0.00335544	-380.797
45100	0.00335544	-370.416
45200	0.00335544	-390.243
45300	0.00335544	-418.63
45400	0.00335544	-424.394
45500	0.00335544	-376.88
45600	0.00335544	-444.529
45700	0.00335544	-403.563
45800	0.00335544	-380.965
45900	0.00335544	-404.041
46000	0.00335544	-364.698
46100	0.00335544	-429.887
46200	0.00335544	-421.94
46300	0.00335544	-394.722
46400	0.00335544	-381.329
46500	0.00335544	-408.148
46600	0.00335544	-388.123
46700	0.00335544	-402.868
46800	0.00335544	-375.347
46900	0.00335544	-338.403
47000	0.00335544	-391.478
47100	0.00335544	-406.545
47200	0.00335544	-383.515
47300	0.00335544	-436.074
47400	0.00335544	-403.781
47500	0.00335544	-414.312
47600	0.00335544	-429.985
47700	0.00335544	-385.491
47800	0.00335544	-413.517
47900	0.00335544	-414.83
48000	0.00335544	-386.821
48100	0.00335544	-359.208
48200	0.00335544	-421.738
48300	0.00335544	-398.106
48400	0.00335544	-394.092
48500	0.00335544	-406.954
48600	0.00335544	-413.712
48700	0.00335544	-394.46
48800	0.00335544	-388.895
48900	0.00335544	-431.464
49000	0.00335544	-373.025
49100	0.00335544	-409.927
49200	0.00335544	-427.455
49300	0.00335544	-407.457
49400	0.00335544	-372.009
49500	0.00335544	-416.395
49600	0.00335544	-393.342
49700	0.00335544	-409.927
49800	0.00335544	-392.767
49900	0.00335544	-406.764
50000	0.00335544	-393.958
