state	power	likelihood
12600	0.32768	-237.601
12700	0.32768	-236.585
12800	0.32768	-236.712
12900	0.32768	-235.902
13000	0.32768	-237.768
13100	0.32768	-234.969
13200	0.32768	-234.193
13300	0.32768	-236.998
13400	0.32768	-241.218
13500	0.32768	-236.579
13600	0.32768	-236.333
13700	0.32768	-240.134
13800	0.32768	-239.499
13900	0.32768	-237.704
14000	0.32768	-241.169
14100	0.32768	-234.848
14200	0.32768	-239.286
14300	0.32768	-240.988
14400	0.32768	-237.314
14500	0.32768	-241.19
14600	0.32768	-236.419
14700	0.32768	-239.145
14800	0.32768	-238.051
14900	0.32768	-238.797
15000	0.32768	-234.935
15100	0.32768	-234.946
15200	0.32768	-251.981
15300	0.32768	-237.555
15400	0.32768	-234.284
15500	0.32768	-242.989
15600	0.32768	-236.879
15700	0.32768	-241.243
15800	0.32768	-236.221
15900	0.32768	-238.981
16000	0.32768	-235.704
16100	0.32768	-241.471
16200	0.32768	-241.039
16300	0.32768	-234.821
16400	0.32768	-237.856
16500	0.32768	-231.471
16600	0.32768	-236.966
16700	0.32768	-239.095
16800	0.32768	-239.55
16900	0.32768	-236.319
17000	0.32768	-236.76
17100	0.32768	-241.649
17200	0.32768	-238.614
17300	0.32768	-248.154
17400	0.32768	-239.004
17500	0.32768	-245.117
17600	0.32768	-235.613
17700	0.32768	-235.045
17800	0.32768	-236.442
17900	0.32768	-234.247
18000	0.32768	-242.986
18100	0.32768	-234.406
18200	0.32768	-245.528
18300	0.32768	-236.577
18400	0.32768	-243.146
18500	0.32768	-238.174
18600	0.32768	-236.442
18700	0.32768	-235.897
18800	0.32768	-239.609
18900	0.32768	-243.839
19000	0.32768	-239.069
19100	0.32768	-237.482
19200	0.32768	-244.356
19300	0.32768	-247.383
19400	0.32768	-239.119
19500	0.32768	-239.671
19600	0.32768	-241.603
19700	0.32768	-236.019
19800	0.32768	-236.661
19900	0.32768	-234.404
20000	0.32768	-237.848
20100	0.32768	-234.899
20200	0.32768	-238.405
20300	0.32768	-239.725
20400	0.32768	-237.671
20500	0.32768	-238.632
20600	0.32768	-247.39
20700	0.32768	-241.5
20800	0.32768	-239.713
20900	0.32768	-239.672
21000	0.32768	-235.405
21100	0.32768	-241.814
21200	0.32768	-236.199
21300	0.32768	-240.836
21400	0.32768	-237.951
21500	0.32768	-243.474
21600	0.32768	-235.204
21700	0.32768	-238.542
21800	0.32768	-234.738
21900	0.32768	-236.911
22000	0.32768	-238.257
22100	0.32768	-238.665
22200	0.32768	-239.838
22300	0.32768	-243.876
22400	0.32768	-235.44
22500	0.32768	-241.228
22600	0.32768	-237.831
22700	0.32768	-245.152
22800	0.32768	-240.067
22900	0.32768	-235.262
23000	0.32768	-237.968
23100	0.32768	-236.929
23200	0.32768	-238.629
23300	0.32768	-238.12
23400	0.32768	-237.188
23500	0.32768	-241.937
23600	0.32768	-239.004
23700	0.32768	-239.874
23800	0.32768	-238.968
23900	0.32768	-241.924
24000	0.32768	-242.792
24100	0.32768	-241.824
24200	0.32768	-239.639
24300	0.32768	-237.108
24400	0.32768	-239.729
24500	0.32768	-236.709
24600	0.32768	-238.556
24700	0.32768	-238.899
24800	0.32768	-237.108
24900	0.32768	-237.41
25000	0.32768	-237.633
25100	0.32768	-240.899
25200	0.32768	-234.151
25300	0.32768	-234.801
25400	0.32768	-237.271
25500	0.32768	-239.36
25600	0.32768	-236.249
25700	0.32768	-238.601
25800	0.32768	-237.987
25900	0.32768	-242.927
26000	0.32768	-238.837
26100	0.32768	-237.48
26200	0.32768	-242.4
26300	0.32768	-240.234
26400	0.32768	-234.866
26500	0.32768	-242.496
26600	0.32768	-238.306
26700	0.32768	-238.631
26800	0.32768	-238.528
26900	0.32768	-238.461
27000	0.32768	-239.19
27100	0.32768	-237.333
27200	0.32768	-238.696
27300	0.32768	-238.786
27400	0.32768	-240.424
27500	0.32768	-240.256
27600	0.32768	-237.848
27700	0.32768	-238.159
27800	0.32768	-232.922
27900	0.32768	-235.525
28000	0.32768	-240.713
28100	0.32768	-237.5
28200	0.32768	-238.187
28300	0.32768	-237.413
28400	0.32768	-237.208
28500	0.32768	-239.762
28600	0.32768	-237.023
28700	0.32768	-238.911
28800	0.32768	-238.279
28900	0.32768	-235.871
29000	0.32768	-235.681
29100	0.32768	-236.513
29200	0.32768	-244.043
29300	0.32768	-238.634
29400	0.32768	-239.681
29500	0.32768	-236.053
29600	0.32768	-239.978
29700	0.32768	-237.389
29800	0.32768	-237.608
29900	0.32768	-238.802
30000	0.32768	-239.16
30100	0.32768	-239.041
30200	0.32768	-236.84
30300	0.32768	-238.941
30400	0.32768	-236.614
30500	0.32768	-239.683
30600	0.32768	-237.505
30700	0.32768	-240.978
30800	0.32768	-234.955
30900	0.32768	-240.174
31000	0.32768	-235.602
31100	0.32768	-241.471
31200	0.32768	-236.098
31300	0.32768	-237.935
31400	0.32768	-237.177
31500	0.32768	-240.612
31600	0.32768	-238.464
31700	0.32768	-237.676
31800	0.32768	-238.514
31900	0.32768	-235.871
32000	0.32768	-236.081
32100	0.32768	-242.783
32200	0.32768	-246.678
32300	0.32768	-243.737
32400	0.32768	-242.664
32500	0.32768	-235.475
32600	0.32768	-238.749
32700	0.32768	-237.118
32800	0.32768	-233.86
32900	0.32768	-235.027
33000	0.32768	-238.332
33100	0.32768	-237.597
33200	0.32768	-242.276
33300	0.32768	-234.851
33400	0.32768	-240.556
33500	0.32768	-234.928
33600	0.32768	-241.799
33700	0.32768	-236.705
33800	0.32768	-246.467
33900	0.32768	-247.658
34000	0.32768	-242.472
34100	0.32768	-236.734
34200	0.32768	-242.611
34300	0.32768	-238.291
34400	0.32768	-235.496
34500	0.32768	-242.652
34600	0.32768	-236.956
34700	0.32768	-240.71
34800	0.32768	-237.117
34900	0.32768	-236.061
35000	0.32768	-239.202
35100	0.32768	-235.524
35200	0.32768	-240.275
35300	0.32768	-236.881
35400	0.32768	-235.63
35500	0.32768	-236.54
35600	0.32768	-242.27
35700	0.32768	-238.698
35800	0.32768	-237.242
35900	0.32768	-242.674
36000	0.32768	-236.472
36100	0.32768	-240.283
36200	0.32768	-238.817
36300	0.32768	-239.647
36400	0.32768	-234.037
36500	0.32768	-240.778
36600	0.32768	-238.466
36700	0.32768	-235.85
36800	0.32768	-234.107
36900	0.32768	-237.803
37000	0.32768	-250.676
37100	0.32768	-239.117
37200	0.32768	-251.361
37300	0.32768	-234.57
37400	0.32768	-238.648
37500	0.32768	-235.305
37600	0.32768	-239.413
37700	0.32768	-237.481
37800	0.32768	-236.117
37900	0.32768	-235.938
38000	0.32768	-243.264
38100	0.32768	-244.608
38200	0.32768	-239.325
38300	0.32768	-237.197
38400	0.32768	-239.127
38500	0.32768	-241.419
38600	0.32768	-240.329
38700	0.32768	-237.486
38800	0.32768	-235.835
38900	0.32768	-241.287
39000	0.32768	-246.411
39100	0.32768	-239.075
39200	0.32768	-233.83
39300	0.32768	-234.797
39400	0.32768	-238.764
39500	0.32768	-237.736
39600	0.32768	-236.956
39700	0.32768	-236.408
39800	0.32768	-238.805
39900	0.32768	-247.679
40000	0.32768	-237.303
40100	0.32768	-238.627
40200	0.32768	-234.773
40300	0.32768	-239.251
40400	0.32768	-237.505
40500	0.32768	-243.816
40600	0.32768	-243.874
40700	0.32768	-241.281
40800	0.32768	-236.939
40900	0.32768	-239.432
41000	0.32768	-240.035
41100	0.32768	-236.818
41200	0.32768	-239.685
41300	0.32768	-236.629
41400	0.32768	-237.089
41500	0.32768	-237.913
41600	0.32768	-232.475
41700	0.32768	-237.997
41800	0.32768	-236.647
41900	0.32768	-241.093
42000	0.32768	-236.656
42100	0.32768	-235.061
42200	0.32768	-238.175
42300	0.32768	-236.698
42400	0.32768	-235.063
42500	0.32768	-239.753
42600	0.32768	-237.1
42700	0.32768	-234.285
42800	0.32768	-236.951
42900	0.32768	-237.764
43000	0.32768	-237.102
43100	0.32768	-239.656
43200	0.32768	-238.852
43300	0.32768	-237.536
43400	0.32768	-236.319
43500	0.32768	-235.529
43600	0.32768	-241.452
43700	0.32768	-235.023
43800	0.32768	-238.673
43900	0.32768	-237.731
44000	0.32768	-236.57
44100	0.32768	-236.043
44200	0.32768	-235.618
44300	0.32768	-238.193
44400	0.32768	-238.728
44500	0.32768	-237.12
44600	0.32768	-236.952
44700	0.32768	-237.121
44800	0.32768	-243.272
44900	0.32768	-240.447
45000	0.32768	-237.607
45100	0.32768	-241.67
45200	0.32768	-234.597
45300	0.32768	-240.446
45400	0.32768	-234.696
45500	0.32768	-236.352
45600	0.32768	-237.415
45700	0.32768	-237.454
45800	0.32768	-243.465
45900	0.32768	-237.271
46000	0.32768	-243.278
46100	0.32768	-239.726
46200	0.32768	-246.07
46300	0.32768	-235.56
46400	0.32768	-249.362
46500	0.32768	-240.95
46600	0.32768	-239.181
46700	0.32768	-241.88
46800	0.32768	-237.807
46900	0.32768	-238.395
47000	0.32768	-239.821
47100	0.32768	-240.184
47200	0.32768	-238.929
47300	0.32768	-242.691
47400	0.32768	-240.016
47500	0.32768	-236.259
47600	0.32768	-239.823
47700	0.32768	-241.621
47800	0.32768	-242.33
47900	0.32768	-237.675
48000	0.32768	-232.619
48100	0.32768	-242.087
48200	0.32768	-237.475
48300	0.32768	-238.299
48400	0.32768	-237.76
48500	0.32768	-237.785
48600	0.32768	-239.343
48700	0.32768	-240.342
48800	0.32768	-239.562
48900	0.32768	-238.172
49000	0.32768	-236.587
49100	0.32768	-236.294
49200	0.32768	-239.143
49300	0.32768	-240.585
49400	0.32768	-236.366
49500	0.32768	-237.243
49600	0.32768	-235.534
49700	0.32768	-241.34
49800	0.32768	-235.542
49900	0.32768	-238.466
50000	0.32768	-235.671
