state	power	likelihood
12600	0.01024	-411.206
12700	0.01024	-417.074
12800	0.01024	-394.776
12900	0.01024	-364.689
13000	0.01024	-380.078
13100	0.01024	-395.694
13200	0.01024	-410.581
13300	0.01024	-411.6
13400	0.01024	-392.47
13500	0.01024	-416.749
13600	0.01024	-377.971
13700	0.01024	-381.879
13800	0.01024	-414.594
13900	0.01024	-376.324
14000	0.01024	-389.988
14100	0.01024	-414.876
14200	0.01024	-391.4
14300	0.01024	-429.774
14400	0.01024	-402.322
14500	0.01024	-398.063
14600	0.01024	-360.104
14700	0.01024	-367.204
14800	0.01024	-406.482
14900	0.01024	-414.236
15000	0.01024	-396.074
15100	0.01024	-370.869
15200	0.01024	-365.743
15300	0.01024	-394.266
15400	0.01024	-398.397
15500	0.01024	-405.522
15600	0.01024	-411.391
15700	0.01024	-428.94
15800	0.01024	-397.805
15900	0.01024	-400.35
16000	0.01024	-385.066
16100	0.01024	-380.101
16200	0.01024	-390.629
16300	0.01024	-417.279
16400	0.01024	-402.017
16500	0.01024	-384.984
16600	0.01024	-359.609
16700	0.01024	-423.426
16800	0.01024	-376.281
16900	0.01024	-426.642
17000	0.01024	-396.654
17100	0.01024	-437.311
17200	0.01024	-397.692
17300	0.01024	-413.61
17400	0.01024	-394.378
17500	0.01024	-415.726
17600	0.01024	-364.113
17700	0.01024	-371.744
17800	0.01024	-391.357
17900	0.01024	-364.422
18000	0.01024	-367.703
18100	0.01024	-361.806
18200	0.01024	-402.638
18300	0.01024	-382.151
18400	0.01024	-433.334
18500	0.01024	-388.785
18600	0.01024	-407.381
18700	0.01024	-395.131
18800	0.01024	-418.39
18900	0.01024	-380.551
19000	0.01024	-389.531
19100	0.01024	-425.416
19200	0.01024	-375.108
19300	0.01024	-389.971
19400	0.01024	-396.479
19500	0.01024	-370.116
19600	0.01024	-408.342
19700	0.01024	-391.771
19800	0.01024	-364.793
19900	0.01024	-420.133
20000	0.01024	-379.379
20100	0.01024	-389.335
20200	0.01024	-420.625
20300	0.01024	-380.878
20400	0.01024	-398.851
20500	0.01024	-388.347
20600	0.01024	-363.255
20700	0.01024	-386.055
20800	0.01024	-389.866
20900	0.01024	-379.094
21000	0.01024	-377.78
21100	0.01024	-382.528
21200	0.01024	-438.763
21300	0.01024	-452.232
21400	0.01024	-399.942
21500	0.01024	-399.355
21600	0.01024	-395.214
21700	0.01024	-364.424
21800	0.01024	-405.77
21900	0.01024	-371.701
22000	0.01024	-401.097
22100	0.01024	-382.756
22200	0.01024	-381.595
22300	0.01024	-434.933
22400	0.01024	-359.396
22500	0.01024	-396.476
22600	0.01024	-414.596
22700	0.01024	-394.857
22800	0.01024	-401.429
22900	0.01024	-380.053
23000	0.01024	-419.073
23100	0.01024	-441.113
23200	0.01024	-377.666
23300	0.01024	-402.635
23400	0.01024	-408.161
23500	0.01024	-405.063
23600	0.01024	-391.973
23700	0.01024	-361.818
23800	0.01024	-377.368
23900	0.01024	-412.619
24000	0.01024	-400.544
24100	0.01024	-371.051
24200	0.01024	-371.456
24300	0.01024	-391.534
24400	0.01024	-380.061
24500	0.01024	-401.619
24600	0.01024	-363.627
24700	0.01024	-368.642
24800	0.01024	-370.165
24900	0.01024	-372.319
25000	0.01024	-401.403
25100	0.01024	-366.48
25200	0.01024	-367.678
25300	0.01024	-408.943
25400	0.01024	-370.872
25500	0.01024	-413.22
25600	0.01024	-401.189
25700	0.01024	-364.309
25800	0.01024	-393.2
25900	0.01024	-403.409
26000	0.01024	-362.104
26100	0.01024	-365.549
26200	0.01024	-417.234
26300	0.01024	-409.09
26400	0.01024	-376.43
26500	0.01024	-391.295
26600	0.01024	-397.701
26700	0.01024	-421.492
26800	0.01024	-378.698
26900	0.01024	-403.457
27000	0.01024	-389.199
27100	0.01024	-380.401
27200	0.01024	-366.338
27300	0.01024	-428.184
27400	0.01024	-371.962
27500	0.01024	-390.24
27600	0.01024	-380.731
27700	0.01024	-406.972
27800	0.01024	-404.777
27900	0.01024	-368.588
28000	0.01024	-371.045
28100	0.01024	-404.624
28200	0.01024	-403.335
28300	0.01024	-365.806
28400	0.01024	-389.193
28500	0.01024	-364.637
28600	0.01024	-402.431
28700	0.01024	-434.301
28800	0.01024	-386.302
28900	0.01024	-427.304
29000	0.01024	-409.675
29100	0.01024	-388.005
29200	0.01024	-367.432
29300	0.01024	-403.865
29400	0.01024	-372.457
29500	0.01024	-384.016
29600	0.01024	-390.662
29700	0.01024	-396.536
29800	0.01024	-404.11
29900	0.01024	-423.179
30000	0.01024	-393.108
30100	0.01024	-386.449
30200	0.01024	-365.985
30300	0.01024	-400.84
30400	0.01024	-368.723
30500	0.01024	-400.812
30600	0.01024	-399.086
30700	0.01024	-365.616
30800	0.01024	-393.479
30900	0.01024	-371.952
31000	0.01024	-410.602
31100	0.01024	-391.261
31200	0.01024	-396.468
31300	0.01024	-411.093
31400	0.01024	-366.576
31500	0.01024	-366.653
31600	0.01024	-413.271
31700	0.01024	-413.426
31800	0.01024	-375.747
31900	0.01024	-384.831
32000	0.01024	-397.484
32100	0.01024	-375.127
32200	0.01024	-407.067
32300	0.01024	-366.882
32400	0.01024	-374.457
32500	0.01024	-404.655
32600	0.01024	-398.952
32700	0.01024	-373.779
32800	0.01024	-426.662
32900	0.01024	-385.787
33000	0.01024	-406.114
33100	0.01024	-421.821
33200	0.01024	-392.726
33300	0.01024	-405.256
33400	0.01024	-393.239
33500	0.01024	-415.558
33600	0.01024	-395.985
33700	0.01024	-379.167
33800	0.01024	-375.694
33900	0.01024	-377.669
34000	0.01024	-386.592
34100	0.01024	-400.952
34200	0.01024	-424.471
34300	0.01024	-397.692
34400	0.01024	-369.5
34500	0.01024	-365.796
34600	0.01024	-382.128
34700	0.01024	-386.931
34800	0.01024	-363.896
34900	0.01024	-363.49
35000	0.01024	-425.035
35100	0.01024	-381.291
35200	0.01024	-370.657
35300	0.01024	-432.205
35400	0.01024	-395.267
35500	0.01024	-402.471
35600	0.01024	-384.952
35700	0.01024	-397.599
35800	0.01024	-426.142
35900	0.01024	-410.203
36000	0.01024	-404.532
36100	0.01024	-405.834
36200	0.01024	-368.445
36300	0.01024	-368.423
36400	0.01024	-423.646
36500	0.01024	-379.636
36600	0.01024	-377.785
36700	0.01024	-376.637
36800	0.01024	-400.364
36900	0.01024	-407.824
37000	0.01024	-420.264
37100	0.01024	-389.082
37200	0.01024	-401.124
37300	0.01024	-413.45
37400	0.01024	-382.932
37500	0.01024	-383.541
37600	0.01024	-379.871
37700	0.01024	-391.349
37800	0.01024	-382.451
37900	0.01024	-408.612
38000	0.01024	-436.767
38100	0.01024	-428.508
38200	0.01024	-435.748
38300	0.01024	-393.321
38400	0.01024	-387.007
38500	0.01024	-418.794
38600	0.01024	-436.79
38700	0.01024	-373.224
38800	0.01024	-372.738
38900	0.01024	-378.308
39000	0.01024	-400.945
39100	0.01024	-388.037
39200	0.01024	-369.477
39300	0.01024	-365.033
39400	0.01024	-403.634
39500	0.01024	-390.829
39600	0.01024	-412.337
39700	0.01024	-405.085
39800	0.01024	-376.725
39900	0.01024	-382.461
40000	0.01024	-408.459
40100	0.01024	-369.224
40200	0.01024	-387.739
40300	0.01024	-398.552
40400	0.01024	-381.315
40500	0.01024	-435.498
40600	0.01024	-400.816
40700	0.01024	-412.051
40800	0.01024	-358.634
40900	0.01024	-404.458
41000	0.01024	-408.361
41100	0.01024	-394.459
41200	0.01024	-368.072
41300	0.01024	-407.923
41400	0.01024	-369.127
41500	0.01024	-400.153
41600	0.01024	-385.98
41700	0.01024	-413.088
41800	0.01024	-435.555
41900	0.01024	-410.55
42000	0.01024	-378.206
42100	0.01024	-377.691
42200	0.01024	-367.72
42300	0.01024	-385.633
42400	0.01024	-393.743
42500	0.01024	-422.246
42600	0.01024	-387.21
42700	0.01024	-404.078
42800	0.01024	-420.513
42900	0.01024	-390.759
43000	0.01024	-369.592
43100	0.01024	-365.864
43200	0.01024	-420.075
43300	0.01024	-376.266
43400	0.01024	-424.831
43500	0.01024	-420.464
43600	0.01024	-391.485
43700	0.01024	-424.633
43800	0.01024	-393.689
43900	0.01024	-362.498
44000	0.01024	-384.692
44100	0.01024	-391.884
44200	0.01024	-379.726
44300	0.01024	-396.108
44400	0.01024	-370.195
44500	0.01024	-398.92
44600	0.01024	-394.811
44700	0.01024	-376.797
44800	0.01024	-401.738
44900	0.01024	-391.171
45000	0.01024	-373.581
45100	0.01024	-369.127
45200	0.01024	-425.776
45300	0.01024	-368.509
45400	0.01024	-377.117
45500	0.01024	-423.724
45600	0.01024	-385.016
45700	0.01024	-406.986
45800	0.01024	-365.605
45900	0.01024	-397.579
46000	0.01024	-400.024
46100	0.01024	-381.969
46200	0.01024	-407.798
46300	0.01024	-423.323
46400	0.01024	-402.726
46500	0.01024	-389.976
46600	0.01024	-404.1
46700	0.01024	-399.24
46800	0.01024	-380.604
46900	0.01024	-383.663
47000	0.01024	-405.358
47100	0.01024	-408.353
47200	0.01024	-394.486
47300	0.01024	-387.501
47400	0.01024	-399.914
47500	0.01024	-382.439
47600	0.01024	-369.43
47700	0.01024	-365.347
47800	0.01024	-367.649
47900	0.01024	-397.595
48000	0.01024	-362.631
48100	0.01024	-384.925
48200	0.01024	-412.668
48300	0.01024	-417.664
48400	0.01024	-367.624
48500	0.01024	-421.907
48600	0.01024	-362.854
48700	0.01024	-373.297
48800	0.01024	-403.586
48900	0.01024	-397.988
49000	0.01024	-408.009
49100	0.01024	-392.523
49200	0.01024	-377.149
49300	0.01024	-363.629
49400	0.01024	-380.728
49500	0.01024	-378.767
49600	0.01024	-423.658
49700	0.01024	-376.971
49800	0.01024	-383.189
49900	0.01024	-367.018
50000	0.01024	-357.386
