state	power	likelihood
12600	0.32768	-232.225
12700	0.32768	-232.424
12800	0.32768	-235.147
12900	0.32768	-233.061
13000	0.32768	-233.947
13100	0.32768	-234.905
13200	0.32768	-235.089
13300	0.32768	-238.469
13400	0.32768	-236.077
13500	0.32768	-231.718
13600	0.32768	-236.85
13700	0.32768	-236.033
13800	0.32768	-236.25
13900	0.32768	-239.245
14000	0.32768	-238.945
14100	0.32768	-234.162
14200	0.32768	-243.182
14300	0.32768	-233.66
14400	0.32768	-238.213
14500	0.32768	-231.961
14600	0.32768	-236.036
14700	0.32768	-235.244
14800	0.32768	-234.3
14900	0.32768	-233.028
15000	0.32768	-234.54
15100	0.32768	-233.767
15200	0.32768	-232.005
15300	0.32768	-239.83
15400	0.32768	-238.816
15500	0.32768	-235.265
15600	0.32768	-232.761
15700	0.32768	-235.594
15800	0.32768	-233.46
15900	0.32768	-236.473
16000	0.32768	-236.79
16100	0.32768	-231.296
16200	0.32768	-236.957
16300	0.32768	-233.913
16400	0.32768	-235.62
16500	0.32768	-237.102
16600	0.32768	-239.417
16700	0.32768	-233.971
16800	0.32768	-233.377
16900	0.32768	-232.682
17000	0.32768	-236.781
17100	0.32768	-233.393
17200	0.32768	-244.205
17300	0.32768	-247.879
17400	0.32768	-234.353
17500	0.32768	-233.775
17600	0.32768	-231.097
17700	0.32768	-232.881
17800	0.32768	-232.001
17900	0.32768	-232.351
18000	0.32768	-232.518
18100	0.32768	-233.519
18200	0.32768	-231.138
18300	0.32768	-233.849
18400	0.32768	-231.325
18500	0.32768	-232.775
18600	0.32768	-232.224
18700	0.32768	-233.369
18800	0.32768	-232.316
18900	0.32768	-231.208
19000	0.32768	-235.241
19100	0.32768	-231.784
19200	0.32768	-235.328
19300	0.32768	-243.19
19400	0.32768	-233.89
19500	0.32768	-240.98
19600	0.32768	-236.064
19700	0.32768	-235.342
19800	0.32768	-231.574
19900	0.32768	-232.151
20000	0.32768	-235.42
20100	0.32768	-257.318
20200	0.32768	-232.933
20300	0.32768	-232.715
20400	0.32768	-231.244
20500	0.32768	-235.719
20600	0.32768	-232.006
20700	0.32768	-232.716
20800	0.32768	-231.843
20900	0.32768	-236.175
21000	0.32768	-238.499
21100	0.32768	-231.444
21200	0.32768	-234.375
21300	0.32768	-241.881
21400	0.32768	-246.951
21500	0.32768	-239.906
21600	0.32768	-235.216
21700	0.32768	-233.152
21800	0.32768	-233.572
21900	0.32768	-242.916
22000	0.32768	-233.254
22100	0.32768	-233.785
22200	0.32768	-232.253
22300	0.32768	-236.301
22400	0.32768	-233.558
22500	0.32768	-232.746
22600	0.32768	-233.096
22700	0.32768	-231.066
22800	0.32768	-236.259
22900	0.32768	-242.686
23000	0.32768	-233.035
23100	0.32768	-233.558
23200	0.32768	-242.663
23300	0.32768	-239.072
23400	0.32768	-242.908
23500	0.32768	-237.692
23600	0.32768	-229.597
23700	0.32768	-229.528
23800	0.32768	-238.882
23900	0.32768	-232.122
24000	0.32768	-234.712
24100	0.32768	-242.878
24200	0.32768	-237.348
24300	0.32768	-243.099
24400	0.32768	-231.933
24500	0.32768	-233.996
24600	0.32768	-234.907
24700	0.32768	-233.811
24800	0.32768	-240.407
24900	0.32768	-233.22
25000	0.32768	-232.959
25100	0.32768	-232.724
25200	0.32768	-235.391
25300	0.32768	-234.558
25400	0.32768	-242.947
25500	0.32768	-235.993
25600	0.32768	-238.28
25700	0.32768	-233.184
25800	0.32768	-231.452
25900	0.32768	-237.32
26000	0.32768	-239.266
26100	0.32768	-233.542
26200	0.32768	-234.339
26300	0.32768	-239.113
26400	0.32768	-232.846
26500	0.32768	-236.206
26600	0.32768	-237.884
26700	0.32768	-237.473
26800	0.32768	-231.163
26900	0.32768	-244.81
27000	0.32768	-238.804
27100	0.32768	-231.534
27200	0.32768	-237.718
27300	0.32768	-231.565
27400	0.32768	-240.551
27500	0.32768	-232.874
27600	0.32768	-232.487
27700	0.32768	-235.763
27800	0.32768	-236.403
27900	0.32768	-234.455
28000	0.32768	-240.75
28100	0.32768	-231.651
28200	0.32768	-237.86
28300	0.32768	-231.738
28400	0.32768	-231.928
28500	0.32768	-232.533
28600	0.32768	-232.689
28700	0.32768	-232.559
28800	0.32768	-235.796
28900	0.32768	-230.949
29000	0.32768	-234.624
29100	0.32768	-236.399
29200	0.32768	-238.979
29300	0.32768	-232.385
29400	0.32768	-231.619
29500	0.32768	-235.191
29600	0.32768	-231.878
29700	0.32768	-231.007
29800	0.32768	-235.058
29900	0.32768	-236.148
30000	0.32768	-232.657
30100	0.32768	-236.228
30200	0.32768	-239.561
30300	0.32768	-232.708
30400	0.32768	-232.09
30500	0.32768	-243.723
30600	0.32768	-234.024
30700	0.32768	-235.379
30800	0.32768	-244.46
30900	0.32768	-234.147
31000	0.32768	-233.893
31100	0.32768	-233.222
31200	0.32768	-240.292
31300	0.32768	-240.774
31400	0.32768	-232.546
31500	0.32768	-234.142
31600	0.32768	-232.639
31700	0.32768	-237.867
31800	0.32768	-233.638
31900	0.32768	-235.773
32000	0.32768	-239.631
32100	0.32768	-232.911
32200	0.32768	-233.55
32300	0.32768	-232.578
32400	0.32768	-231.514
32500	0.32768	-232.703
32600	0.32768	-236.619
32700	0.32768	-231.344
32800	0.32768	-233.35
32900	0.32768	-239.198
33000	0.32768	-231.533
33100	0.32768	-235.911
33200	0.32768	-232.736
33300	0.32768	-233.348
33400	0.32768	-234.138
33500	0.32768	-231.814
33600	0.32768	-232.185
33700	0.32768	-233.4
33800	0.32768	-231.375
33900	0.32768	-232.357
34000	0.32768	-239.576
34100	0.32768	-232.489
34200	0.32768	-234.132
34300	0.32768	-235.983
34400	0.32768	-237.273
34500	0.32768	-231.982
34600	0.32768	-232.462
34700	0.32768	-234.001
34800	0.32768	-231.972
34900	0.32768	-237.376
35000	0.32768	-241.342
35100	0.32768	-234.463
35200	0.32768	-235.725
35300	0.32768	-235.391
35400	0.32768	-233.083
35500	0.32768	-233.163
35600	0.32768	-234.451
35700	0.32768	-233.449
35800	0.32768	-231.276
35900	0.32768	-236.054
36000	0.32768	-233.307
36100	0.32768	-238.625
36200	0.32768	-235.642
36300	0.32768	-236.942
36400	0.32768	-234.435
36500	0.32768	-234.298
36600	0.32768	-233.132
36700	0.32768	-231.147
36800	0.32768	-235.5
36900	0.32768	-232.044
37000	0.32768	-233.604
37100	0.32768	-233.329
37200	0.32768	-232.658
37300	0.32768	-235.475
37400	0.32768	-245.158
37500	0.32768	-236.655
37600	0.32768	-232.885
37700	0.32768	-231.498
37800	0.32768	-231.487
37900	0.32768	-237.844
38000	0.32768	-236.599
38100	0.32768	-234.452
38200	0.32768	-236.052
38300	0.32768	-233.177
38400	0.32768	-234.491
38500	0.32768	-233.41
38600	0.32768	-236.428
38700	0.32768	-237.471
38800	0.32768	-231.029
38900	0.32768	-231.515
39000	0.32768	-231.853
39100	0.32768	-232.169
39200	0.32768	-233.182
39300	0.32768	-232.207
39400	0.32768	-232.512
39500	0.32768	-233.636
39600	0.32768	-232.196
39700	0.32768	-231.197
39800	0.32768	-231.567
39900	0.32768	-241.666
40000	0.32768	-243.108
40100	0.32768	-235.102
40200	0.32768	-242.518
40300	0.32768	-236.437
40400	0.32768	-241.191
40500	0.32768	-234.277
40600	0.32768	-234.855
40700	0.32768	-234.129
40800	0.32768	-232.773
40900	0.32768	-232.842
41000	0.32768	-238.574
41100	0.32768	-232.595
41200	0.32768	-244.868
41300	0.32768	-233.59
41400	0.32768	-254.927
41500	0.32768	-232.766
41600	0.32768	-232.003
41700	0.32768	-233.601
41800	0.32768	-232.187
41900	0.32768	-234.248
42000	0.32768	-234.643
42100	0.32768	-233.018
42200	0.32768	-241.898
42300	0.32768	-238.258
42400	0.32768	-232.794
42500	0.32768	-233.609
42600	0.32768	-238.692
42700	0.32768	-231.374
42800	0.32768	-231.362
42900	0.32768	-237.284
43000	0.32768	-244.706
43100	0.32768	-234.257
43200	0.32768	-237.561
43300	0.32768	-235.361
43400	0.32768	-235.221
43500	0.32768	-231.481
43600	0.32768	-233.327
43700	0.32768	-233.432
43800	0.32768	-237.659
43900	0.32768	-232.182
44000	0.32768	-231.428
44100	0.32768	-231.499
44200	0.32768	-231.64
44300	0.32768	-237.407
44400	0.32768	-235.633
44500	0.32768	-236.227
44600	0.32768	-234.248
44700	0.32768	-233.101
44800	0.32768	-235.061
44900	0.32768	-240.284
45000	0.32768	-232.278
45100	0.32768	-235.474
45200	0.32768	-237.958
45300	0.32768	-233.251
45400	0.32768	-234.071
45500	0.32768	-233.274
45600	0.32768	-233.328
45700	0.32768	-248.331
45800	0.32768	-236.706
45900	0.32768	-235.674
46000	0.32768	-233.792
46100	0.32768	-234.781
46200	0.32768	-232.59
46300	0.32768	-232.144
46400	0.32768	-238.105
46500	0.32768	-241.595
46600	0.32768	-234.223
46700	0.32768	-236.312
46800	0.32768	-231.36
46900	0.32768	-237.307
47000	0.32768	-238.99
47100	0.32768	-234.686
47200	0.32768	-235.259
47300	0.32768	-235.359
47400	0.32768	-236.921
47500	0.32768	-234.419
47600	0.32768	-234.124
47700	0.32768	-232.646
47800	0.32768	-231.127
47900	0.32768	-234.19
48000	0.32768	-236.512
48100	0.32768	-237.417
48200	0.32768	-234.055
48300	0.32768	-237.669
48400	0.32768	-232.754
48500	0.32768	-231.07
48600	0.32768	-235.548
48700	0.32768	-234.355
48800	0.32768	-231.579
48900	0.32768	-237.61
49000	0.32768	-232.448
49100	0.32768	-242.955
49200	0.32768	-235.339
49300	0.32768	-236.513
49400	0.32768	-233.141
49500	0.32768	-240.15
49600	0.32768	-232.249
49700	0.32768	-237.6
49800	0.32768	-233.115
49900	0.32768	-244.44
50000	0.32768	-231.349
