state	power	likelihood
12600	0.07776	-383.061
12700	0.07776	-381.072
12800	0.07776	-390.04
12900	0.07776	-361.451
13000	0.07776	-381.027
13100	0.07776	-366.966
13200	0.07776	-388.815
13300	0.07776	-380.882
13400	0.07776	-369.606
13500	0.07776	-372.319
13600	0.07776	-364.18
13700	0.07776	-363.659
13800	0.07776	-381.291
13900	0.07776	-371.415
14000	0.07776	-367.557
14100	0.07776	-379.963
14200	0.07776	-369.205
14300	0.07776	-386.985
14400	0.07776	-370.233
14500	0.07776	-357.632
14600	0.07776	-332.628
14700	0.07776	-370.855
14800	0.07776	-367.746
14900	0.07776	-370.432
15000	0.07776	-364.102
15100	0.07776	-394.681
15200	0.07776	-387.796
15300	0.07776	-369.029
15400	0.07776	-382.774
15500	0.07776	-359.449
15600	0.07776	-373.363
15700	0.07776	-373.857
15800	0.07776	-383.836
15900	0.07776	-362.326
16000	0.07776	-416.887
16100	0.07776	-372.284
16200	0.07776	-362.098
16300	0.07776	-361.971
16400	0.07776	-368.876
16500	0.07776	-364.469
16600	0.07776	-368.476
16700	0.07776	-361.839
16800	0.07776	-399.006
16900	0.07776	-376.221
17000	0.07776	-360.352
17100	0.07776	-376.354
17200	0.07776	-371.748
17300	0.07776	-373.911
17400	0.07776	-362.901
17500	0.07776	-374.387
17600	0.07776	-371.549
17700	0.07776	-378.062
17800	0.07776	-389.187
17900	0.07776	-386.634
18000	0.07776	-376.508
18100	0.07776	-366.727
18200	0.07776	-404.359
18300	0.07776	-367.827
18400	0.07776	-381.649
18500	0.07776	-362.954
18600	0.07776	-367.462
18700	0.07776	-408.459
18800	0.07776	-391.882
18900	0.07776	-362.887
19000	0.07776	-372.056
19100	0.07776	-390.058
19200	0.07776	-358.094
19300	0.07776	-393.451
19400	0.07776	-361.616
19500	0.07776	-366.136
19600	0.07776	-368.306
19700	0.07776	-380.258
19800	0.07776	-369.921
19900	0.07776	-367.309
20000	0.07776	-379.419
20100	0.07776	-374.143
20200	0.07776	-386.352
20300	0.07776	-380.656
20400	0.07776	-366.44
20500	0.07776	-365.647
20600	0.07776	-373.189
20700	0.07776	-369.253
20800	0.07776	-368.191
20900	0.07776	-377.334
21000	0.07776	-372.191
21100	0.07776	-377.689
21200	0.07776	-383.31
21300	0.07776	-362.897
21400	0.07776	-363.438
21500	0.07776	-369.114
21600	0.07776	-404.112
21700	0.07776	-361.73
21800	0.07776	-364.978
21900	0.07776	-373.882
22000	0.07776	-366.048
22100	0.07776	-370.516
22200	0.07776	-393.882
22300	0.07776	-375.436
22400	0.07776	-381.501
22500	0.07776	-368.813
22600	0.07776	-367.437
22700	0.07776	-361.067
22800	0.07776	-381.477
22900	0.07776	-368.951
23000	0.07776	-366.601
23100	0.07776	-370.446
23200	0.07776	-369.84
23300	0.07776	-361.409
23400	0.07776	-386.659
23500	0.07776	-375.235
23600	0.07776	-365.275
23700	0.07776	-364.195
23800	0.07776	-370.803
23900	0.07776	-375.838
24000	0.07776	-368.256
24100	0.07776	-394.177
24200	0.07776	-376.914
24300	0.07776	-380.784
24400	0.07776	-377.213
24500	0.07776	-377.672
24600	0.07776	-373.293
24700	0.07776	-368.171
24800	0.07776	-362.89
24900	0.07776	-388.258
25000	0.07776	-386.969
25100	0.07776	-377.541
25200	0.07776	-368.307
25300	0.07776	-364.131
25400	0.07776	-373.127
25500	0.07776	-358.824
25600	0.07776	-362.919
25700	0.07776	-414.812
25800	0.07776	-370.211
25900	0.07776	-373.464
26000	0.07776	-374.867
26100	0.07776	-369.03
26200	0.07776	-378.016
26300	0.07776	-378.675
26400	0.07776	-371.92
26500	0.07776	-363.501
26600	0.07776	-370.793
26700	0.07776	-371.444
26800	0.07776	-392.859
26900	0.07776	-363.352
27000	0.07776	-368.157
27100	0.07776	-365.048
27200	0.07776	-361.69
27300	0.07776	-403.98
27400	0.07776	-382.237
27500	0.07776	-390.41
27600	0.07776	-364.706
27700	0.07776	-360.367
27800	0.07776	-368.339
27900	0.07776	-372.126
28000	0.07776	-359.289
28100	0.07776	-367.838
28200	0.07776	-408.206
28300	0.07776	-371.19
28400	0.07776	-358.333
28500	0.07776	-382.896
28600	0.07776	-374.918
28700	0.07776	-369.063
28800	0.07776	-380.554
28900	0.07776	-360.695
29000	0.07776	-379.654
29100	0.07776	-389.283
29200	0.07776	-388.242
29300	0.07776	-361.374
29400	0.07776	-404.459
29500	0.07776	-381.66
29600	0.07776	-371.961
29700	0.07776	-385.839
29800	0.07776	-379.951
29900	0.07776	-362.574
30000	0.07776	-384.227
30100	0.07776	-362.368
30200	0.07776	-399.796
30300	0.07776	-410.321
30400	0.07776	-371.212
30500	0.07776	-361.873
30600	0.07776	-373.798
30700	0.07776	-375.946
30800	0.07776	-372.905
30900	0.07776	-379.324
31000	0.07776	-379.488
31100	0.07776	-371.992
31200	0.07776	-375.184
31300	0.07776	-375.436
31400	0.07776	-375.19
31500	0.07776	-358.315
31600	0.07776	-372.323
31700	0.07776	-361.548
31800	0.07776	-369.122
31900	0.07776	-381.288
32000	0.07776	-365.807
32100	0.07776	-365.536
32200	0.07776	-366.089
32300	0.07776	-368.083
32400	0.07776	-365.071
32500	0.07776	-372.226
32600	0.07776	-388.099
32700	0.07776	-387.368
32800	0.07776	-376.514
32900	0.07776	-385.214
33000	0.07776	-368.697
33100	0.07776	-365.065
33200	0.07776	-380.894
33300	0.07776	-367.798
33400	0.07776	-360.48
33500	0.07776	-360.657
33600	0.07776	-365.717
33700	0.07776	-371.089
33800	0.07776	-367.955
33900	0.07776	-366.803
34000	0.07776	-384.042
34100	0.07776	-404.358
34200	0.07776	-364.924
34300	0.07776	-367.109
34400	0.07776	-385.901
34500	0.07776	-371.147
34600	0.07776	-375.431
34700	0.07776	-365.003
34800	0.07776	-388.044
34900	0.07776	-364.449
35000	0.07776	-371.109
35100	0.07776	-367.437
35200	0.07776	-370.719
35300	0.07776	-382.579
35400	0.07776	-378.903
35500	0.07776	-368.746
35600	0.07776	-371.049
35700	0.07776	-376.555
35800	0.07776	-357.399
35900	0.07776	-373.059
36000	0.07776	-368.579
36100	0.07776	-363.596
36200	0.07776	-393.738
36300	0.07776	-359.119
36400	0.07776	-365.259
36500	0.07776	-372.407
36600	0.07776	-359.662
36700	0.07776	-373.444
36800	0.07776	-383.034
36900	0.07776	-361.081
37000	0.07776	-391.981
37100	0.07776	-373.002
37200	0.07776	-362.51
37300	0.07776	-358.96
37400	0.07776	-363.966
37500	0.07776	-378.498
37600	0.07776	-368.397
37700	0.07776	-379.096
37800	0.07776	-406.888
37900	0.07776	-378.553
38000	0.07776	-391.73
38100	0.07776	-377.993
38200	0.07776	-396.56
38300	0.07776	-377.738
38400	0.07776	-362.874
38500	0.07776	-371.519
38600	0.07776	-357.546
38700	0.07776	-417.188
38800	0.07776	-362.396
38900	0.07776	-368.226
39000	0.07776	-360.622
39100	0.07776	-374.729
39200	0.07776	-371.376
39300	0.07776	-382.215
39400	0.07776	-385.721
39500	0.07776	-384.882
39600	0.07776	-371.461
39700	0.07776	-369.302
39800	0.07776	-369.725
39900	0.07776	-370.674
40000	0.07776	-361.505
40100	0.07776	-376.087
40200	0.07776	-383.234
40300	0.07776	-375.584
40400	0.07776	-374.416
40500	0.07776	-374.88
40600	0.07776	-378.007
40700	0.07776	-367.461
40800	0.07776	-362.413
40900	0.07776	-377.863
41000	0.07776	-369.667
41100	0.07776	-368.648
41200	0.07776	-365.864
41300	0.07776	-387.027
41400	0.07776	-379.868
41500	0.07776	-366.603
41600	0.07776	-384.734
41700	0.07776	-371.403
41800	0.07776	-386.499
41900	0.07776	-361.292
42000	0.07776	-383.189
42100	0.07776	-382.101
42200	0.07776	-361.304
42300	0.07776	-372.112
42400	0.07776	-363.308
42500	0.07776	-391.878
42600	0.07776	-380.073
42700	0.07776	-388.028
42800	0.07776	-393.99
42900	0.07776	-376.961
43000	0.07776	-381.452
43100	0.07776	-369.639
43200	0.07776	-361.349
43300	0.07776	-361.784
43400	0.07776	-372.61
43500	0.07776	-366.887
43600	0.07776	-398.348
43700	0.07776	-368.391
43800	0.07776	-375.315
43900	0.07776	-372.033
44000	0.07776	-366.226
44100	0.07776	-387.583
44200	0.07776	-365.574
44300	0.07776	-380.173
44400	0.07776	-380.746
44500	0.07776	-366.632
44600	0.07776	-367.912
44700	0.07776	-363.141
44800	0.07776	-368.915
44900	0.07776	-378.851
45000	0.07776	-384.875
45100	0.07776	-373.302
45200	0.07776	-373.445
45300	0.07776	-368.923
45400	0.07776	-380.268
45500	0.07776	-388.151
45600	0.07776	-365.79
45700	0.07776	-360.358
45800	0.07776	-367.936
45900	0.07776	-356.408
46000	0.07776	-371.089
46100	0.07776	-389.197
46200	0.07776	-366.301
46300	0.07776	-363.371
46400	0.07776	-376.683
46500	0.07776	-384.789
46600	0.07776	-369.861
46700	0.07776	-379.428
46800	0.07776	-384.368
46900	0.07776	-381.71
47000	0.07776	-370.701
47100	0.07776	-401.742
47200	0.07776	-387.063
47300	0.07776	-386.752
47400	0.07776	-371.218
47500	0.07776	-366.784
47600	0.07776	-385.006
47700	0.07776	-369.141
47800	0.07776	-370.998
47900	0.07776	-369.881
48000	0.07776	-375.408
48100	0.07776	-373.348
48200	0.07776	-377.033
48300	0.07776	-386.685
48400	0.07776	-412.506
48500	0.07776	-361.57
48600	0.07776	-363.315
48700	0.07776	-396.311
48800	0.07776	-387.581
48900	0.07776	-385.789
49000	0.07776	-359.609
49100	0.07776	-378.225
49200	0.07776	-411.129
49300	0.07776	-358.401
49400	0.07776	-368.638
49500	0.07776	-368.139
49600	0.07776	-367.863
49700	0.07776	-393.783
49800	0.07776	-361.611
49900	0.07776	-366.827
50000	0.07776	-365.376
