state	power	likelihood
12600	0.07776	-358.713
12700	0.07776	-392.347
12800	0.07776	-367.257
12900	0.07776	-394.501
13000	0.07776	-381.422
13100	0.07776	-374.114
13200	0.07776	-366
13300	0.07776	-360.764
13400	0.07776	-364.281
13500	0.07776	-392.603
13600	0.07776	-410.399
13700	0.07776	-369.744
13800	0.07776	-378.749
13900	0.07776	-376.986
14000	0.07776	-366.323
14100	0.07776	-360.742
14200	0.07776	-375.743
14300	0.07776	-378.928
14400	0.07776	-361.455
14500	0.07776	-375.767
14600	0.07776	-369.589
14700	0.07776	-378.693
14800	0.07776	-357.675
14900	0.07776	-367.167
15000	0.07776	-362.578
15100	0.07776	-365.389
15200	0.07776	-382.338
15300	0.07776	-378.371
15400	0.07776	-379.692
15500	0.07776	-374.687
15600	0.07776	-377.291
15700	0.07776	-370.929
15800	0.07776	-387.298
15900	0.07776	-374.723
16000	0.07776	-377.691
16100	0.07776	-368.266
16200	0.07776	-358.511
16300	0.07776	-380.434
16400	0.07776	-381.79
16500	0.07776	-388.066
16600	0.07776	-370.791
16700	0.07776	-392.135
16800	0.07776	-365.153
16900	0.07776	-371.913
17000	0.07776	-360.425
17100	0.07776	-369.138
17200	0.07776	-390.899
17300	0.07776	-379.295
17400	0.07776	-376.706
17500	0.07776	-373.036
17600	0.07776	-396.453
17700	0.07776	-376.733
17800	0.07776	-364.867
17900	0.07776	-387.883
18000	0.07776	-387.162
18100	0.07776	-372.338
18200	0.07776	-383.524
18300	0.07776	-372.552
18400	0.07776	-376.347
18500	0.07776	-391.352
18600	0.07776	-369.302
18700	0.07776	-359.893
18800	0.07776	-378.798
18900	0.07776	-367.078
19000	0.07776	-399.833
19100	0.07776	-384.688
19200	0.07776	-398.714
19300	0.07776	-364.302
19400	0.07776	-369.104
19500	0.07776	-386.734
19600	0.07776	-391.691
19700	0.07776	-238.39
19800	0.07776	-244.49
19900	0.07776	-243.189
20000	0.07776	-360.541
20100	0.07776	-366.194
20200	0.07776	-375.821
20300	0.07776	-370.022
20400	0.07776	-366.927
20500	0.07776	-378.969
20600	0.07776	-372.873
20700	0.07776	-361.922
20800	0.07776	-362.376
20900	0.07776	-360.907
21000	0.07776	-380.528
21100	0.07776	-382.539
21200	0.07776	-358.915
21300	0.07776	-364.087
21400	0.07776	-375.804
21500	0.07776	-368.375
21600	0.07776	-367.205
21700	0.07776	-368.769
21800	0.07776	-372.066
21900	0.07776	-371.376
22000	0.07776	-392.327
22100	0.07776	-367.545
22200	0.07776	-378.035
22300	0.07776	-396.058
22400	0.07776	-363.707
22500	0.07776	-370.613
22600	0.07776	-362.875
22700	0.07776	-371.657
22800	0.07776	-387.246
22900	0.07776	-367.284
23000	0.07776	-359.403
23100	0.07776	-376.44
23200	0.07776	-384.279
23300	0.07776	-402.871
23400	0.07776	-382.901
23500	0.07776	-373.903
23600	0.07776	-382.895
23700	0.07776	-373.747
23800	0.07776	-384.945
23900	0.07776	-371.347
24000	0.07776	-381.679
24100	0.07776	-358.141
24200	0.07776	-373.199
24300	0.07776	-370.659
24400	0.07776	-363.392
24500	0.07776	-365.004
24600	0.07776	-365.455
24700	0.07776	-392.268
24800	0.07776	-370.33
24900	0.07776	-391.164
25000	0.07776	-368.961
25100	0.07776	-362.82
25200	0.07776	-383.595
25300	0.07776	-408.218
25400	0.07776	-366.817
25500	0.07776	-383.274
25600	0.07776	-395.751
25700	0.07776	-362.64
25800	0.07776	-375.285
25900	0.07776	-365.557
26000	0.07776	-392.929
26100	0.07776	-356.924
26200	0.07776	-379.561
26300	0.07776	-364.174
26400	0.07776	-362.52
26500	0.07776	-381.613
26600	0.07776	-370.245
26700	0.07776	-381.383
26800	0.07776	-363.686
26900	0.07776	-374.525
27000	0.07776	-390.994
27100	0.07776	-379.877
27200	0.07776	-369.681
27300	0.07776	-385.659
27400	0.07776	-376.464
27500	0.07776	-389.815
27600	0.07776	-371.805
27700	0.07776	-359.168
27800	0.07776	-390.482
27900	0.07776	-374.752
28000	0.07776	-387.119
28100	0.07776	-370.975
28200	0.07776	-372.531
28300	0.07776	-392.503
28400	0.07776	-370.698
28500	0.07776	-375.752
28600	0.07776	-373.29
28700	0.07776	-391.786
28800	0.07776	-365.852
28900	0.07776	-408.787
29000	0.07776	-410.123
29100	0.07776	-370.829
29200	0.07776	-375.2
29300	0.07776	-404.137
29400	0.07776	-382.22
29500	0.07776	-362.334
29600	0.07776	-363.61
29700	0.07776	-381.159
29800	0.07776	-372.378
29900	0.07776	-374.223
30000	0.07776	-364.295
30100	0.07776	-388.685
30200	0.07776	-383.011
30300	0.07776	-367.528
30400	0.07776	-365.969
30500	0.07776	-386.189
30600	0.07776	-363.476
30700	0.07776	-379.327
30800	0.07776	-385.13
30900	0.07776	-375.654
31000	0.07776	-381.519
31100	0.07776	-366.325
31200	0.07776	-363.416
31300	0.07776	-416.215
31400	0.07776	-369.436
31500	0.07776	-389.238
31600	0.07776	-374.117
31700	0.07776	-370.958
31800	0.07776	-369.044
31900	0.07776	-400.359
32000	0.07776	-384.049
32100	0.07776	-369.504
32200	0.07776	-395.641
32300	0.07776	-369.033
32400	0.07776	-361.639
32500	0.07776	-385.722
32600	0.07776	-365.696
32700	0.07776	-386.196
32800	0.07776	-363.861
32900	0.07776	-379.948
33000	0.07776	-372.515
33100	0.07776	-369.289
33200	0.07776	-363.342
33300	0.07776	-364.672
33400	0.07776	-377.631
33500	0.07776	-368.495
33600	0.07776	-388.395
33700	0.07776	-385.137
33800	0.07776	-404.478
33900	0.07776	-395.827
34000	0.07776	-370.209
34100	0.07776	-376.534
34200	0.07776	-392.558
34300	0.07776	-370.543
34400	0.07776	-396.415
34500	0.07776	-367.313
34600	0.07776	-383.311
34700	0.07776	-371.731
34800	0.07776	-364.708
34900	0.07776	-367.611
35000	0.07776	-403.038
35100	0.07776	-369.862
35200	0.07776	-368.816
35300	0.07776	-363.197
35400	0.07776	-367.164
35500	0.07776	-369.47
35600	0.07776	-374.37
35700	0.07776	-369.082
35800	0.07776	-363.12
35900	0.07776	-382.47
36000	0.07776	-374.844
36100	0.07776	-360.498
36200	0.07776	-366.553
36300	0.07776	-377.661
36400	0.07776	-375.636
36500	0.07776	-378.497
36600	0.07776	-365.816
36700	0.07776	-374.05
36800	0.07776	-377.632
36900	0.07776	-368.506
37000	0.07776	-368.288
37100	0.07776	-376.383
37200	0.07776	-360.572
37300	0.07776	-370.032
37400	0.07776	-374.293
37500	0.07776	-417.692
37600	0.07776	-363.804
37700	0.07776	-388.712
37800	0.07776	-364.228
37900	0.07776	-362.969
38000	0.07776	-375.836
38100	0.07776	-366.505
38200	0.07776	-373.438
38300	0.07776	-372.571
38400	0.07776	-369.049
38500	0.07776	-379.733
38600	0.07776	-369.754
38700	0.07776	-387.755
38800	0.07776	-366.742
38900	0.07776	-372.042
39000	0.07776	-371.909
39100	0.07776	-377.293
39200	0.07776	-374.206
39300	0.07776	-387.839
39400	0.07776	-364.772
39500	0.07776	-371.229
39600	0.07776	-363.895
39700	0.07776	-391.335
39800	0.07776	-388.592
39900	0.07776	-370.875
40000	0.07776	-379.452
40100	0.07776	-381.318
40200	0.07776	-362.208
40300	0.07776	-363.783
40400	0.07776	-385.834
40500	0.07776	-378.582
40600	0.07776	-394.506
40700	0.07776	-369.867
40800	0.07776	-365.615
40900	0.07776	-362.104
41000	0.07776	-359.903
41100	0.07776	-359.896
41200	0.07776	-362.971
41300	0.07776	-372.064
41400	0.07776	-390.626
41500	0.07776	-372.951
41600	0.07776	-392.039
41700	0.07776	-386.284
41800	0.07776	-378.549
41900	0.07776	-385.725
42000	0.07776	-364.572
42100	0.07776	-378.641
42200	0.07776	-375.145
42300	0.07776	-391.484
42400	0.07776	-377.446
42500	0.07776	-369.305
42600	0.07776	-391.746
42700	0.07776	-365.188
42800	0.07776	-393.088
42900	0.07776	-368.674
43000	0.07776	-369.868
43100	0.07776	-424.36
43200	0.07776	-375.666
43300	0.07776	-363.695
43400	0.07776	-393.454
43500	0.07776	-378.082
43600	0.07776	-384.675
43700	0.07776	-377.761
43800	0.07776	-368.377
43900	0.07776	-360.703
44000	0.07776	-358.362
44100	0.07776	-377.143
44200	0.07776	-379.686
44300	0.07776	-364.128
44400	0.07776	-367.088
44500	0.07776	-386.94
44600	0.07776	-381.687
44700	0.07776	-359.006
44800	0.07776	-373.657
44900	0.07776	-363.549
45000	0.07776	-374.848
45100	0.07776	-365.977
45200	0.07776	-360.457
45300	0.07776	-364.916
45400	0.07776	-404.571
45500	0.07776	-360.25
45600	0.07776	-395.936
45700	0.07776	-383.957
45800	0.07776	-363.436
45900	0.07776	-369.438
46000	0.07776	-378.958
46100	0.07776	-373.96
46200	0.07776	-380.39
46300	0.07776	-360.124
46400	0.07776	-375.454
46500	0.07776	-373.118
46600	0.07776	-406.415
46700	0.07776	-364.982
46800	0.07776	-363.431
46900	0.07776	-380.261
47000	0.07776	-376.307
47100	0.07776	-362.887
47200	0.07776	-362.634
47300	0.07776	-377.432
47400	0.07776	-367.26
47500	0.07776	-378.184
47600	0.07776	-366.849
47700	0.07776	-365.132
47800	0.07776	-381.558
47900	0.07776	-356.598
48000	0.07776	-384.559
48100	0.07776	-385.993
48200	0.07776	-407.281
48300	0.07776	-368.968
48400	0.07776	-368.413
48500	0.07776	-392.339
48600	0.07776	-366.394
48700	0.07776	-359.394
48800	0.07776	-374.206
48900	0.07776	-358.225
49000	0.07776	-387.978
49100	0.07776	-358.648
49200	0.07776	-392.089
49300	0.07776	-375.666
49400	0.07776	-369.282
49500	0.07776	-390.649
49600	0.07776	-361.279
49700	0.07776	-392.986
49800	0.07776	-361.754
49900	0.07776	-386.479
50000	0.07776	-367.942
