state	power	likelihood
12600	0.193492	-262.847
12700	0.193492	-261.164
12800	0.193492	-254.427
12900	0.193492	-270.557
13000	0.193492	-275.819
13100	0.193492	-265.478
13200	0.193492	-245.671
13300	0.193492	-246.992
13400	0.193492	-260.583
13500	0.193492	-267.697
13600	0.193492	-277.57
13700	0.193492	-255.975
13800	0.193492	-261.337
13900	0.193492	-260.987
14000	0.193492	-269.3
14100	0.193492	-254.559
14200	0.193492	-241.298
14300	0.193492	-259.52
14400	0.193492	-251.788
14500	0.193492	-251.461
14600	0.193492	-249.271
14700	0.193492	-260.514
14800	0.193492	-250.27
14900	0.193492	-269.332
15000	0.193492	-256.944
15100	0.193492	-262.226
15200	0.193492	-257.953
15300	0.193492	-258.925
15400	0.193492	-258.581
15500	0.193492	-252.614
15600	0.193492	-285.253
15700	0.193492	-272.997
15800	0.193492	-252.538
15900	0.193492	-280.506
16000	0.193492	-241.725
16100	0.193492	-260.913
16200	0.193492	-254.251
16300	0.193492	-236.954
16400	0.193492	-271.601
16500	0.193492	-251.457
16600	0.193492	-259.503
16700	0.193492	-238.584
16800	0.193492	-255.202
16900	0.193492	-256.191
17000	0.193492	-256.774
17100	0.193492	-259.193
17200	0.193492	-251.8
17300	0.193492	-250.071
17400	0.193492	-251.005
17500	0.193492	-261.082
17600	0.193492	-268.423
17700	0.193492	-240.58
17800	0.193492	-245.196
17900	0.193492	-280.088
18000	0.193492	-228.751
18100	0.193492	-256.146
18200	0.193492	-252.799
18300	0.193492	-247.591
18400	0.193492	-246.546
18500	0.193492	-242.492
18600	0.193492	-282.303
18700	0.193492	-250.111
18800	0.193492	-267.461
18900	0.193492	-268.311
19000	0.193492	-266.979
19100	0.193492	-263.314
19200	0.193492	-252.426
19300	0.193492	-257.894
19400	0.193492	-254.414
19500	0.193492	-255.285
19600	0.193492	-254.447
19700	0.193492	-286.793
19800	0.193492	-274.453
19900	0.193492	-239.902
20000	0.193492	-257.211
20100	0.193492	-248.529
20200	0.193492	-268.171
20300	0.193492	-263.068
20400	0.193492	-251.66
20500	0.193492	-239.77
20600	0.193492	-243.874
20700	0.193492	-245.33
20800	0.193492	-251.996
20900	0.193492	-264.108
21000	0.193492	-257.975
21100	0.193492	-268.218
21200	0.193492	-276.138
21300	0.193492	-281.942
21400	0.193492	-257.044
21500	0.193492	-245.347
21600	0.193492	-259.5
21700	0.193492	-268.652
21800	0.193492	-266.846
21900	0.193492	-275.739
22000	0.193492	-248.443
22100	0.193492	-263.617
22200	0.193492	-251.777
22300	0.193492	-274.856
22400	0.193492	-253.62
22500	0.193492	-264.824
22600	0.193492	-250.175
22700	0.193492	-260.943
22800	0.193492	-262.683
22900	0.193492	-251.954
23000	0.193492	-265.132
23100	0.193492	-254.708
23200	0.193492	-243.748
23300	0.193492	-255.017
23400	0.193492	-248.987
23500	0.193492	-242.094
23600	0.193492	-268.001
23700	0.193492	-263.828
23800	0.193492	-273.532
23900	0.193492	-275.818
24000	0.193492	-254.923
24100	0.193492	-251.791
24200	0.193492	-283.913
24300	0.193492	-268.012
24400	0.193492	-254.382
24500	0.193492	-259.588
24600	0.193492	-243.567
24700	0.193492	-270.352
24800	0.193492	-251.58
24900	0.193492	-247.505
25000	0.193492	-262.199
25100	0.193492	-293.494
25200	0.193492	-265.36
25300	0.193492	-257.81
25400	0.193492	-249.827
25500	0.193492	-249.753
25600	0.193492	-245.643
25700	0.193492	-247.366
25800	0.193492	-251.807
25900	0.193492	-253.029
26000	0.193492	-258.824
26100	0.193492	-280.9
26200	0.193492	-273.517
26300	0.193492	-262.649
26400	0.193492	-232.473
26500	0.193492	-252.156
26600	0.193492	-261.256
26700	0.193492	-263.441
26800	0.193492	-272.957
26900	0.193492	-268.175
27000	0.193492	-258.913
27100	0.193492	-245.533
27200	0.193492	-260.113
27300	0.193492	-242.619
27400	0.193492	-250.434
27500	0.193492	-245.014
27600	0.193492	-277.394
27700	0.193492	-246.294
27800	0.193492	-256.872
27900	0.193492	-241.834
28000	0.193492	-264.677
28100	0.193492	-239.469
28200	0.193492	-246.844
28300	0.193492	-248.64
28400	0.193492	-260.282
28500	0.193492	-265.002
28600	0.193492	-256.288
28700	0.193492	-232.777
28800	0.193492	-252.418
28900	0.193492	-249.65
29000	0.193492	-234.538
29100	0.193492	-271.168
29200	0.193492	-247.818
29300	0.193492	-263.915
29400	0.193492	-234.554
29500	0.193492	-259.688
29600	0.193492	-255.129
29700	0.193492	-254.194
29800	0.193492	-255.035
29900	0.193492	-259.409
30000	0.193492	-254.668
30100	0.193492	-252.664
30200	0.193492	-278.509
30300	0.193492	-266.075
30400	0.193492	-249.283
30500	0.193492	-271.963
30600	0.193492	-249.354
30700	0.193492	-252.993
30800	0.193492	-291.605
30900	0.193492	-239.691
31000	0.193492	-296.572
31100	0.193492	-261.727
31200	0.193492	-250.23
31300	0.193492	-256.892
31400	0.193492	-275.833
31500	0.193492	-257.665
31600	0.193492	-260.873
31700	0.193492	-277.419
31800	0.193492	-263.219
31900	0.193492	-254.923
32000	0.193492	-247.713
32100	0.193492	-259.163
32200	0.193492	-257.204
32300	0.193492	-245.941
32400	0.193492	-253.859
32500	0.193492	-247.88
32600	0.193492	-259.387
32700	0.193492	-264.959
32800	0.193492	-254.754
32900	0.193492	-257.657
33000	0.193492	-239.683
33100	0.193492	-258.96
33200	0.193492	-245.727
33300	0.193492	-242.147
33400	0.193492	-241.485
33500	0.193492	-244.397
33600	0.193492	-273.249
33700	0.193492	-250.617
33800	0.193492	-273.284
33900	0.193492	-265.401
34000	0.193492	-247.335
34100	0.193492	-265.583
34200	0.193492	-275.906
34300	0.193492	-246.08
34400	0.193492	-265.364
34500	0.193492	-250.849
34600	0.193492	-257.512
34700	0.193492	-281.663
34800	0.193492	-256.584
34900	0.193492	-259.438
35000	0.193492	-264.929
35100	0.193492	-265.03
35200	0.193492	-239.671
35300	0.193492	-261.777
35400	0.193492	-244.345
35500	0.193492	-256.128
35600	0.193492	-282.72
35700	0.193492	-257.174
35800	0.193492	-255.636
35900	0.193492	-261.393
36000	0.193492	-238.705
36100	0.193492	-246.556
36200	0.193492	-279.989
36300	0.193492	-257.286
36400	0.193492	-255.668
36500	0.193492	-235.549
36600	0.193492	-267.529
36700	0.193492	-234.861
36800	0.193492	-263.345
36900	0.193492	-252.414
37000	0.193492	-251.257
37100	0.193492	-251.385
37200	0.193492	-243.047
37300	0.193492	-256.87
37400	0.193492	-251.232
37500	0.193492	-275.024
37600	0.193492	-252.597
37700	0.193492	-286.714
37800	0.193492	-256.606
37900	0.193492	-249.123
38000	0.193492	-248.009
38100	0.193492	-269.735
38200	0.193492	-248.745
38300	0.193492	-260.088
38400	0.193492	-245.905
38500	0.193492	-260.149
38600	0.193492	-249.629
38700	0.193492	-269.429
38800	0.193492	-253.501
38900	0.193492	-272.976
39000	0.193492	-256.109
39100	0.193492	-263.124
39200	0.193492	-278.91
39300	0.193492	-276.47
39400	0.193492	-253.948
39500	0.193492	-259.453
39600	0.193492	-264.107
39700	0.193492	-262.172
39800	0.193492	-273.383
39900	0.193492	-253.553
40000	0.193492	-251.869
40100	0.193492	-236.468
40200	0.193492	-244.721
40300	0.193492	-277.196
40400	0.193492	-273.186
40500	0.193492	-234.818
40600	0.193492	-256.871
40700	0.193492	-253.107
40800	0.193492	-257.224
40900	0.193492	-251.737
41000	0.193492	-264.584
41100	0.193492	-268.626
41200	0.193492	-252.28
41300	0.193492	-260.306
41400	0.193492	-279.683
41500	0.193492	-244.675
41600	0.193492	-264.999
41700	0.193492	-267.296
41800	0.193492	-253.239
41900	0.193492	-249.658
42000	0.193492	-249.838
42100	0.193492	-258.52
42200	0.193492	-245.162
42300	0.193492	-251.704
42400	0.193492	-254.305
42500	0.193492	-265.496
42600	0.193492	-249.054
42700	0.193492	-254.892
42800	0.193492	-270.031
42900	0.193492	-261.619
43000	0.193492	-273.332
43100	0.193492	-249.552
43200	0.193492	-268.411
43300	0.193492	-255.977
43400	0.193492	-248.153
43500	0.193492	-263.988
43600	0.193492	-271.715
43700	0.193492	-271.986
43800	0.193492	-271.464
43900	0.193492	-253.965
44000	0.193492	-242.895
44100	0.193492	-271.895
44200	0.193492	-254.279
44300	0.193492	-246.675
44400	0.193492	-238.822
44500	0.193492	-239.59
44600	0.193492	-257.83
44700	0.193492	-252.937
44800	0.193492	-261.798
44900	0.193492	-253.581
45000	0.193492	-253.48
45100	0.193492	-239.392
45200	0.193492	-236.003
45300	0.193492	-242.318
45400	0.193492	-269.178
45500	0.193492	-246.243
45600	0.193492	-277.657
45700	0.193492	-256.987
45800	0.193492	-274.392
45900	0.193492	-261.753
46000	0.193492	-244.385
46100	0.193492	-257.065
46200	0.193492	-251.289
46300	0.193492	-274.614
46400	0.193492	-291.087
46500	0.193492	-252.515
46600	0.193492	-259.484
46700	0.193492	-247.405
46800	0.193492	-252.034
46900	0.193492	-253.289
47000	0.193492	-253.338
47100	0.193492	-277.779
47200	0.193492	-250.035
47300	0.193492	-288.894
47400	0.193492	-263.271
47500	0.193492	-269.527
47600	0.193492	-258.565
47700	0.193492	-264.078
47800	0.193492	-259.153
47900	0.193492	-267.235
48000	0.193492	-259.971
48100	0.193492	-262.393
48200	0.193492	-247.472
48300	0.193492	-246.308
48400	0.193492	-249.685
48500	0.193492	-265.124
48600	0.193492	-262.444
48700	0.193492	-290.527
48800	0.193492	-249.516
48900	0.193492	-278.927
49000	0.193492	-242.037
49100	0.193492	-272.707
49200	0.193492	-271.15
49300	0.193492	-265.785
49400	0.193492	-259.098
49500	0.193492	-277.638
49600	0.193492	-240.805
49700	0.193492	-254.569
49800	0.193492	-261.668
49900	0.193492	-255.239
50000	0.193492	-280.143
