state	power	likelihood
12600	0.193492	-245.142
12700	0.193492	-255.36
12800	0.193492	-246.142
12900	0.193492	-245.586
13000	0.193492	-245.332
13100	0.193492	-251.244
13200	0.193492	-242.139
13300	0.193492	-240.309
13400	0.193492	-251.717
13500	0.193492	-240.968
13600	0.193492	-238.145
13700	0.193492	-251.518
13800	0.193492	-238.345
13900	0.193492	-258.596
14000	0.193492	-247.064
14100	0.193492	-246.033
14200	0.193492	-257.004
14300	0.193492	-249.506
14400	0.193492	-241.81
14500	0.193492	-242.35
14600	0.193492	-246.848
14700	0.193492	-245.831
14800	0.193492	-249.829
14900	0.193492	-249.107
15000	0.193492	-244.279
15100	0.193492	-241.778
15200	0.193492	-251.641
15300	0.193492	-247.368
15400	0.193492	-244.004
15500	0.193492	-251.547
15600	0.193492	-251.407
15700	0.193492	-252.547
15800	0.193492	-244.373
15900	0.193492	-251.666
16000	0.193492	-253.907
16100	0.193492	-249.224
16200	0.193492	-261.919
16300	0.193492	-242.119
16400	0.193492	-251.904
16500	0.193492	-243.464
16600	0.193492	-249.422
16700	0.193492	-250.753
16800	0.193492	-259.22
16900	0.193492	-246.1
17000	0.193492	-249.462
17100	0.193492	-242.708
17200	0.193492	-246.129
17300	0.193492	-246.468
17400	0.193492	-243.313
17500	0.193492	-240.549
17600	0.193492	-243.065
17700	0.193492	-243.839
17800	0.193492	-254.325
17900	0.193492	-242.702
18000	0.193492	-245.448
18100	0.193492	-250.197
18200	0.193492	-242.016
18300	0.193492	-247.434
18400	0.193492	-240.603
18500	0.193492	-239.848
18600	0.193492	-247.766
18700	0.193492	-249.076
18800	0.193492	-248.75
18900	0.193492	-239.889
19000	0.193492	-242.079
19100	0.193492	-239.698
19200	0.193492	-243.727
19300	0.193492	-249.195
19400	0.193492	-242.206
19500	0.193492	-244.772
19600	0.193492	-248.804
19700	0.193492	-246.834
19800	0.193492	-243.545
19900	0.193492	-244.154
20000	0.193492	-244.034
20100	0.193492	-245.774
20200	0.193492	-246.278
20300	0.193492	-237.069
20400	0.193492	-244.796
20500	0.193492	-251.275
20600	0.193492	-242.747
20700	0.193492	-241.909
20800	0.193492	-250.75
20900	0.193492	-245.679
21000	0.193492	-244.663
21100	0.193492	-236.392
21200	0.193492	-250.024
21300	0.193492	-240.878
21400	0.193492	-268.334
21500	0.193492	-238.978
21600	0.193492	-242.745
21700	0.193492	-255.527
21800	0.193492	-248.208
21900	0.193492	-245.592
22000	0.193492	-250.452
22100	0.193492	-238.885
22200	0.193492	-256.564
22300	0.193492	-255.646
22400	0.193492	-238.838
22500	0.193492	-238.129
22600	0.193492	-251.374
22700	0.193492	-244.82
22800	0.193492	-251.515
22900	0.193492	-240.528
23000	0.193492	-237.883
23100	0.193492	-249.157
23200	0.193492	-243.57
23300	0.193492	-247.551
23400	0.193492	-241.184
23500	0.193492	-249.075
23600	0.193492	-264.547
23700	0.193492	-246.157
23800	0.193492	-248.436
23900	0.193492	-244.074
24000	0.193492	-253.558
24100	0.193492	-251.179
24200	0.193492	-244.899
24300	0.193492	-253.101
24400	0.193492	-248.195
24500	0.193492	-241.471
24600	0.193492	-262.392
24700	0.193492	-242.699
24800	0.193492	-241.035
24900	0.193492	-249.741
25000	0.193492	-254.466
25100	0.193492	-252.234
25200	0.193492	-251.122
25300	0.193492	-252.357
25400	0.193492	-242.055
25500	0.193492	-252.103
25600	0.193492	-243.184
25700	0.193492	-239.781
25800	0.193492	-240.556
25900	0.193492	-244.65
26000	0.193492	-242.939
26100	0.193492	-238.77
26200	0.193492	-245.423
26300	0.193492	-245.328
26400	0.193492	-241.044
26500	0.193492	-246.69
26600	0.193492	-266.723
26700	0.193492	-244.172
26800	0.193492	-253.677
26900	0.193492	-239.705
27000	0.193492	-248.62
27100	0.193492	-246.783
27200	0.193492	-238.675
27300	0.193492	-257.845
27400	0.193492	-251.365
27500	0.193492	-245.536
27600	0.193492	-256.716
27700	0.193492	-249.85
27800	0.193492	-248.186
27900	0.193492	-248.593
28000	0.193492	-243.663
28100	0.193492	-243.246
28200	0.193492	-246.297
28300	0.193492	-243.725
28400	0.193492	-246.464
28500	0.193492	-251.158
28600	0.193492	-247.742
28700	0.193492	-249.659
28800	0.193492	-250.028
28900	0.193492	-248.511
29000	0.193492	-251.009
29100	0.193492	-239.5
29200	0.193492	-243.543
29300	0.193492	-246.651
29400	0.193492	-242.134
29500	0.193492	-253.893
29600	0.193492	-241.622
29700	0.193492	-240.166
29800	0.193492	-256.605
29900	0.193492	-241.529
30000	0.193492	-245.659
30100	0.193492	-240.714
30200	0.193492	-254.674
30300	0.193492	-249.516
30400	0.193492	-252.161
30500	0.193492	-246.996
30600	0.193492	-240.836
30700	0.193492	-246.03
30800	0.193492	-245.373
30900	0.193492	-247.628
31000	0.193492	-254.071
31100	0.193492	-243.522
31200	0.193492	-247.813
31300	0.193492	-250.629
31400	0.193492	-241.624
31500	0.193492	-247.968
31600	0.193492	-239.582
31700	0.193492	-252.987
31800	0.193492	-254.973
31900	0.193492	-238.962
32000	0.193492	-237.623
32100	0.193492	-241.121
32200	0.193492	-256.886
32300	0.193492	-248.816
32400	0.193492	-243.363
32500	0.193492	-243.664
32600	0.193492	-247.46
32700	0.193492	-252.61
32800	0.193492	-248.408
32900	0.193492	-243.458
33000	0.193492	-247.582
33100	0.193492	-245.802
33200	0.193492	-240.691
33300	0.193492	-250.447
33400	0.193492	-245.1
33500	0.193492	-241.723
33600	0.193492	-255.17
33700	0.193492	-241.844
33800	0.193492	-254.341
33900	0.193492	-250.265
34000	0.193492	-240.688
34100	0.193492	-254.758
34200	0.193492	-249.262
34300	0.193492	-245.394
34400	0.193492	-258.15
34500	0.193492	-240.562
34600	0.193492	-239.273
34700	0.193492	-248.572
34800	0.193492	-243.221
34900	0.193492	-262.745
35000	0.193492	-252.09
35100	0.193492	-242.203
35200	0.193492	-241.08
35300	0.193492	-246.639
35400	0.193492	-253.404
35500	0.193492	-242.596
35600	0.193492	-245.053
35700	0.193492	-248.199
35800	0.193492	-246.214
35900	0.193492	-252.627
36000	0.193492	-252.564
36100	0.193492	-246.705
36200	0.193492	-245.95
36300	0.193492	-262.355
36400	0.193492	-259.563
36500	0.193492	-245.431
36600	0.193492	-245.578
36700	0.193492	-241.515
36800	0.193492	-254.598
36900	0.193492	-238.387
37000	0.193492	-242.111
37100	0.193492	-246.909
37200	0.193492	-253.676
37300	0.193492	-250.718
37400	0.193492	-246.818
37500	0.193492	-242.471
37600	0.193492	-250.685
37700	0.193492	-241.996
37800	0.193492	-249.385
37900	0.193492	-240.228
38000	0.193492	-240.911
38100	0.193492	-240.475
38200	0.193492	-239.921
38300	0.193492	-246.857
38400	0.193492	-248.989
38500	0.193492	-242.79
38600	0.193492	-244.339
38700	0.193492	-254.02
38800	0.193492	-247.715
38900	0.193492	-260.123
39000	0.193492	-249.054
39100	0.193492	-247.428
39200	0.193492	-241.863
39300	0.193492	-245.466
39400	0.193492	-255.889
39500	0.193492	-239.355
39600	0.193492	-243.631
39700	0.193492	-242.25
39800	0.193492	-243.944
39900	0.193492	-250.86
40000	0.193492	-245.582
40100	0.193492	-243.068
40200	0.193492	-263.52
40300	0.193492	-249.326
40400	0.193492	-239.558
40500	0.193492	-243.947
40600	0.193492	-253.399
40700	0.193492	-243.866
40800	0.193492	-249.858
40900	0.193492	-239.418
41000	0.193492	-240.205
41100	0.193492	-252.21
41200	0.193492	-247.966
41300	0.193492	-257.589
41400	0.193492	-256.988
41500	0.193492	-247.587
41600	0.193492	-242.705
41700	0.193492	-251.23
41800	0.193492	-239.305
41900	0.193492	-249.046
42000	0.193492	-245.482
42100	0.193492	-245.198
42200	0.193492	-243.725
42300	0.193492	-243.491
42400	0.193492	-250.33
42500	0.193492	-243.81
42600	0.193492	-249.606
42700	0.193492	-247.126
42800	0.193492	-262.047
42900	0.193492	-237.566
43000	0.193492	-251.153
43100	0.193492	-242.9
43200	0.193492	-247.472
43300	0.193492	-241.922
43400	0.193492	-242.622
43500	0.193492	-241.236
43600	0.193492	-245.777
43700	0.193492	-244.608
43800	0.193492	-246.382
43900	0.193492	-253.05
44000	0.193492	-243.974
44100	0.193492	-240.017
44200	0.193492	-253.25
44300	0.193492	-245.493
44400	0.193492	-243.421
44500	0.193492	-241.469
44600	0.193492	-250.334
44700	0.193492	-270.171
44800	0.193492	-252.073
44900	0.193492	-247.159
45000	0.193492	-244.995
45100	0.193492	-243.971
45200	0.193492	-243.321
45300	0.193492	-242.194
45400	0.193492	-248.592
45500	0.193492	-244.316
45600	0.193492	-246.385
45700	0.193492	-260.396
45800	0.193492	-246.691
45900	0.193492	-254.317
46000	0.193492	-240.94
46100	0.193492	-244.89
46200	0.193492	-256.06
46300	0.193492	-244.519
46400	0.193492	-245.236
46500	0.193492	-246.787
46600	0.193492	-247.457
46700	0.193492	-254.084
46800	0.193492	-249.724
46900	0.193492	-256.532
47000	0.193492	-240.31
47100	0.193492	-270.805
47200	0.193492	-248.45
47300	0.193492	-251.77
47400	0.193492	-244.137
47500	0.193492	-241.491
47600	0.193492	-246.595
47700	0.193492	-248.211
47800	0.193492	-242.03
47900	0.193492	-244.418
48000	0.193492	-240.396
48100	0.193492	-250.354
48200	0.193492	-241.215
48300	0.193492	-252.837
48400	0.193492	-257.194
48500	0.193492	-248.397
48600	0.193492	-241.576
48700	0.193492	-247.061
48800	0.193492	-244.028
48900	0.193492	-247.178
49000	0.193492	-244.53
49100	0.193492	-247.949
49200	0.193492	-236.529
49300	0.193492	-245.677
49400	0.193492	-258.179
49500	0.193492	-247.863
49600	0.193492	-249.747
49700	0.193492	-247.941
49800	0.193492	-245.15
49900	0.193492	-252.48
50000	0.193492	-252.347
