state	power	likelihood
12600	0.32768	-231.975
12700	0.32768	-242.709
12800	0.32768	-255.285
12900	0.32768	-240.527
13000	0.32768	-249.037
13100	0.32768	-251.663
13200	0.32768	-245.363
13300	0.32768	-250.941
13400	0.32768	-252.054
13500	0.32768	-239.788
13600	0.32768	-258.039
13700	0.32768	-252.96
13800	0.32768	-246.176
13900	0.32768	-243.74
14000	0.32768	-248.15
14100	0.32768	-248.978
14200	0.32768	-235.905
14300	0.32768	-254.704
14400	0.32768	-244.909
14500	0.32768	-251.099
14600	0.32768	-239.743
14700	0.32768	-249.099
14800	0.32768	-240.809
14900	0.32768	-256.535
15000	0.32768	-243.277
15100	0.32768	-244.576
15200	0.32768	-241.481
15300	0.32768	-232.064
15400	0.32768	-249.89
15500	0.32768	-231.075
15600	0.32768	-243.171
15700	0.32768	-257.019
15800	0.32768	-242.28
15900	0.32768	-240.007
16000	0.32768	-242.83
16100	0.32768	-249.532
16200	0.32768	-254.615
16300	0.32768	-250.101
16400	0.32768	-238.291
16500	0.32768	-263.992
16600	0.32768	-245.998
16700	0.32768	-247.297
16800	0.32768	-241.135
16900	0.32768	-255.089
17000	0.32768	-249.969
17100	0.32768	-243.813
17200	0.32768	-237.965
17300	0.32768	-248.973
17400	0.32768	-260.818
17500	0.32768	-244.995
17600	0.32768	-245.41
17700	0.32768	-238.691
17800	0.32768	-253.367
17900	0.32768	-242.002
18000	0.32768	-250.451
18100	0.32768	-239.968
18200	0.32768	-238.5
18300	0.32768	-242.439
18400	0.32768	-255.745
18500	0.32768	-251.54
18600	0.32768	-232.5
18700	0.32768	-239.348
18800	0.32768	-243.649
18900	0.32768	-253.925
19000	0.32768	-255.384
19100	0.32768	-245.935
19200	0.32768	-248.059
19300	0.32768	-243.69
19400	0.32768	-246.172
19500	0.32768	-233.217
19600	0.32768	-253.333
19700	0.32768	-258.645
19800	0.32768	-245.167
19900	0.32768	-243.593
20000	0.32768	-266.874
20100	0.32768	-260.104
20200	0.32768	-254.916
20300	0.32768	-247.792
20400	0.32768	-251.648
20500	0.32768	-254.981
20600	0.32768	-238.241
20700	0.32768	-245.543
20800	0.32768	-252.915
20900	0.32768	-246.338
21000	0.32768	-246.166
21100	0.32768	-268.881
21200	0.32768	-240.049
21300	0.32768	-248.637
21400	0.32768	-247.009
21500	0.32768	-237.243
21600	0.32768	-252.709
21700	0.32768	-250.396
21800	0.32768	-256.423
21900	0.32768	-248.555
22000	0.32768	-245.541
22100	0.32768	-233.485
22200	0.32768	-239.403
22300	0.32768	-239.727
22400	0.32768	-254.146
22500	0.32768	-266.363
22600	0.32768	-245.032
22700	0.32768	-255.552
22800	0.32768	-244.006
22900	0.32768	-234.453
23000	0.32768	-252.378
23100	0.32768	-240.247
23200	0.32768	-234.933
23300	0.32768	-263.534
23400	0.32768	-250.825
23500	0.32768	-243.54
23600	0.32768	-252.084
23700	0.32768	-247.252
23800	0.32768	-241.879
23900	0.32768	-251.754
24000	0.32768	-256.627
24100	0.32768	-247.678
24200	0.32768	-243.252
24300	0.32768	-247.876
24400	0.32768	-246.747
24500	0.32768	-249.556
24600	0.32768	-263.507
24700	0.32768	-247.642
24800	0.32768	-240.262
24900	0.32768	-244.645
25000	0.32768	-235.931
25100	0.32768	-243.118
25200	0.32768	-246.353
25300	0.32768	-238.034
25400	0.32768	-249.98
25500	0.32768	-252.401
25600	0.32768	-249.815
25700	0.32768	-238.434
25800	0.32768	-248.123
25900	0.32768	-240.046
26000	0.32768	-250.082
26100	0.32768	-251.927
26200	0.32768	-245.838
26300	0.32768	-247.823
26400	0.32768	-240.455
26500	0.32768	-245.698
26600	0.32768	-253.313
26700	0.32768	-255.77
26800	0.32768	-230.581
26900	0.32768	-239.76
27000	0.32768	-261.115
27100	0.32768	-249.992
27200	0.32768	-242.67
27300	0.32768	-250.34
27400	0.32768	-242.923
27500	0.32768	-247.094
27600	0.32768	-251.947
27700	0.32768	-246.794
27800	0.32768	-240.751
27900	0.32768	-247.885
28000	0.32768	-244.315
28100	0.32768	-254.433
28200	0.32768	-251.633
28300	0.32768	-259.136
28400	0.32768	-255.603
28500	0.32768	-248.163
28600	0.32768	-248.469
28700	0.32768	-245.691
28800	0.32768	-244.22
28900	0.32768	-229.824
29000	0.32768	-222.243
29100	0.32768	-250.567
29200	0.32768	-241.042
29300	0.32768	-247.34
29400	0.32768	-247.88
29500	0.32768	-249.936
29600	0.32768	-249.185
29700	0.32768	-257.747
29800	0.32768	-251.756
29900	0.32768	-229.751
30000	0.32768	-241.029
30100	0.32768	-241.809
30200	0.32768	-241.412
30300	0.32768	-244.01
30400	0.32768	-249.194
30500	0.32768	-244.503
30600	0.32768	-244.771
30700	0.32768	-243.345
30800	0.32768	-251.44
30900	0.32768	-242.019
31000	0.32768	-268.71
31100	0.32768	-244.982
31200	0.32768	-245.15
31300	0.32768	-273.534
31400	0.32768	-246.121
31500	0.32768	-245.349
31600	0.32768	-253.089
31700	0.32768	-248.063
31800	0.32768	-231.23
31900	0.32768	-240.17
32000	0.32768	-240.729
32100	0.32768	-248.428
32200	0.32768	-254.471
32300	0.32768	-236.575
32400	0.32768	-234.192
32500	0.32768	-240.175
32600	0.32768	-248.709
32700	0.32768	-238.086
32800	0.32768	-242.997
32900	0.32768	-253.507
33000	0.32768	-246.888
33100	0.32768	-241.436
33200	0.32768	-253.389
33300	0.32768	-255.022
33400	0.32768	-268.733
33500	0.32768	-261.933
33600	0.32768	-246.688
33700	0.32768	-244.319
33800	0.32768	-252.93
33900	0.32768	-247.098
34000	0.32768	-251.305
34100	0.32768	-241.698
34200	0.32768	-250.369
34300	0.32768	-234.217
34400	0.32768	-238.157
34500	0.32768	-234.763
34600	0.32768	-249.001
34700	0.32768	-237.196
34800	0.32768	-244.772
34900	0.32768	-237.735
35000	0.32768	-248.801
35100	0.32768	-246.709
35200	0.32768	-257.814
35300	0.32768	-244.731
35400	0.32768	-243.126
35500	0.32768	-249.191
35600	0.32768	-249.145
35700	0.32768	-245.367
35800	0.32768	-250.374
35900	0.32768	-252.424
36000	0.32768	-258.747
36100	0.32768	-241.792
36200	0.32768	-236.658
36300	0.32768	-236.503
36400	0.32768	-248.825
36500	0.32768	-241.683
36600	0.32768	-249.218
36700	0.32768	-251.91
36800	0.32768	-236.011
36900	0.32768	-246.2
37000	0.32768	-252.442
37100	0.32768	-243.453
37200	0.32768	-265.121
37300	0.32768	-238.131
37400	0.32768	-241.333
37500	0.32768	-251.485
37600	0.32768	-241.61
37700	0.32768	-244.933
37800	0.32768	-252.582
37900	0.32768	-253.541
38000	0.32768	-240.832
38100	0.32768	-251.958
38200	0.32768	-245.694
38300	0.32768	-243.56
38400	0.32768	-241.576
38500	0.32768	-249.891
38600	0.32768	-267.164
38700	0.32768	-234.861
38800	0.32768	-236.825
38900	0.32768	-254.389
39000	0.32768	-242.194
39100	0.32768	-252.308
39200	0.32768	-248.037
39300	0.32768	-243.203
39400	0.32768	-237.193
39500	0.32768	-265.481
39600	0.32768	-252.025
39700	0.32768	-238.899
39800	0.32768	-230.562
39900	0.32768	-247.977
40000	0.32768	-236.87
40100	0.32768	-238.05
40200	0.32768	-256.699
40300	0.32768	-251.321
40400	0.32768	-252.071
40500	0.32768	-241.368
40600	0.32768	-251.195
40700	0.32768	-240.576
40800	0.32768	-242.132
40900	0.32768	-241.63
41000	0.32768	-245.58
41100	0.32768	-243.655
41200	0.32768	-252.536
41300	0.32768	-247.326
41400	0.32768	-251.66
41500	0.32768	-246.686
41600	0.32768	-262.513
41700	0.32768	-262.136
41800	0.32768	-243.15
41900	0.32768	-245.466
42000	0.32768	-233.675
42100	0.32768	-259.592
42200	0.32768	-228.832
42300	0.32768	-231.909
42400	0.32768	-241.329
42500	0.32768	-239.182
42600	0.32768	-240.752
42700	0.32768	-248.664
42800	0.32768	-229.684
42900	0.32768	-243.356
43000	0.32768	-241.169
43100	0.32768	-243.575
43200	0.32768	-251.343
43300	0.32768	-260.644
43400	0.32768	-247.457
43500	0.32768	-241.176
43600	0.32768	-249.397
43700	0.32768	-251.465
43800	0.32768	-254.591
43900	0.32768	-261.272
44000	0.32768	-256.487
44100	0.32768	-237.083
44200	0.32768	-257.417
44300	0.32768	-238.933
44400	0.32768	-247.172
44500	0.32768	-244.04
44600	0.32768	-253.189
44700	0.32768	-247.754
44800	0.32768	-237.331
44900	0.32768	-250.624
45000	0.32768	-249.668
45100	0.32768	-249.991
45200	0.32768	-254.541
45300	0.32768	-237.086
45400	0.32768	-249.802
45500	0.32768	-231.683
45600	0.32768	-241.152
45700	0.32768	-252.152
45800	0.32768	-239.513
45900	0.32768	-253.981
46000	0.32768	-242.172
46100	0.32768	-252.198
46200	0.32768	-238.001
46300	0.32768	-246.624
46400	0.32768	-245.945
46500	0.32768	-238.387
46600	0.32768	-244.337
46700	0.32768	-248.303
46800	0.32768	-253.727
46900	0.32768	-242.68
47000	0.32768	-238.598
47100	0.32768	-234.392
47200	0.32768	-252.365
47300	0.32768	-243.067
47400	0.32768	-240.432
47500	0.32768	-251.248
47600	0.32768	-251.683
47700	0.32768	-227.695
47800	0.32768	-242.03
47900	0.32768	-237.57
48000	0.32768	-249.999
48100	0.32768	-256.49
48200	0.32768	-246.067
48300	0.32768	-243.841
48400	0.32768	-246.309
48500	0.32768	-241.573
48600	0.32768	-248.356
48700	0.32768	-250.783
48800	0.32768	-246.028
48900	0.32768	-256.685
49000	0.32768	-231.231
49100	0.32768	-243.464
49200	0.32768	-239.363
49300	0.32768	-246.404
49400	0.32768	-238.196
49500	0.32768	-253.33
49600	0.32768	-231.911
49700	0.32768	-241.052
49800	0.32768	-235.762
49900	0.32768	-249.475
50000	0.32768	-239.291
