state	power	likelihood
12600	1.16658e-302	-438.763
12700	1.16658e-302	-388.611
12800	1.16658e-302	-411.883
12900	1.16658e-302	-406.059
13000	1.16658e-302	-417.81
13100	1.16658e-302	-433.925
13200	1.16658e-302	-364.272
13300	1.16658e-302	-376.185
13400	1.16658e-302	-402.231
13500	1.16658e-302	-373.918
13600	1.16658e-302	-412.624
13700	1.16658e-302	-424.92
13800	1.16658e-302	-371.534
13900	1.16658e-302	-381.355
14000	1.16658e-302	-359.996
14100	1.16658e-302	-380.478
14200	1.16658e-302	-364.81
14300	1.16658e-302	-431.407
14400	1.16658e-302	-411.741
14500	1.16658e-302	-406.859
14600	1.16658e-302	-408.096
14700	1.16658e-302	-421.348
14800	1.16658e-302	-360.491
14900	1.16658e-302	-378.352
15000	1.16658e-302	-392.068
15100	1.16658e-302	-427.963
15200	1.16658e-302	-370.943
15300	1.16658e-302	-368.953
15400	1.16658e-302	-376.674
15500	1.16658e-302	-387.301
15600	1.16658e-302	-410.588
15700	1.16658e-302	-385.123
15800	1.16658e-302	-370.773
15900	1.16658e-302	-425.982
16000	1.16658e-302	-394.069
16100	1.16658e-302	-391.426
16200	1.16658e-302	-368.038
16300	1.16658e-302	-435.621
16400	1.16658e-302	-380.012
16500	1.16658e-302	-415.31
16600	1.16658e-302	-369.909
16700	1.16658e-302	-424.03
16800	1.16658e-302	-427.033
16900	1.16658e-302	-431.904
17000	1.16658e-302	-374.118
17100	1.16658e-302	-402.33
17200	1.16658e-302	-393.147
17300	1.16658e-302	-375.438
17400	1.16658e-302	-377.15
17500	1.16658e-302	-370.373
17600	1.16658e-302	-375.066
17700	1.16658e-302	-422.364
17800	1.16658e-302	-374.233
17900	1.16658e-302	-396.684
18000	1.16658e-302	-406.423
18100	1.16658e-302	-380.321
18200	1.16658e-302	-438.018
18300	1.16658e-302	-427.474
18400	1.16658e-302	-385.72
18500	1.16658e-302	-377.517
18600	1.16658e-302	-434.104
18700	1.16658e-302	-412.492
18800	1.16658e-302	-422.129
18900	1.16658e-302	-387.458
19000	1.16658e-302	-424.036
19100	1.16658e-302	-381.799
19200	1.16658e-302	-377.24
19300	1.16658e-302	-406.836
19400	1.16658e-302	-419.673
19500	1.16658e-302	-377.821
19600	1.16658e-302	-368.492
19700	1.16658e-302	-381.439
19800	1.16658e-302	-388.594
19900	1.16658e-302	-398.298
20000	1.16658e-302	-409.846
20100	1.16658e-302	-380.484
20200	1.16658e-302	-383.111
20300	1.16658e-302	-430.968
20400	1.16658e-302	-413.079
20500	1.16658e-302	-438.884
20600	1.16658e-302	-417.006
20700	1.16658e-302	-440.664
20800	1.16658e-302	-401.453
20900	1.16658e-302	-381.563
21000	1.16658e-302	-376.504
21100	1.16658e-302	-383.195
21200	1.16658e-302	-366.609
21300	1.16658e-302	-403.287
21400	1.16658e-302	-386.561
21500	1.16658e-302	-398.885
21600	1.16658e-302	-364.635
21700	1.16658e-302	-383.4
21800	1.16658e-302	-417.595
21900	1.16658e-302	-368.391
22000	1.16658e-302	-370.349
22100	1.16658e-302	-371.204
22200	1.16658e-302	-405.315
22300	1.16658e-302	-370.857
22400	1.16658e-302	-372.177
22500	1.16658e-302	-378.554
22600	1.16658e-302	-374.787
22700	1.16658e-302	-391.713
22800	1.16658e-302	-394.307
22900	1.16658e-302	-400.363
23000	1.16658e-302	-408.799
23100	1.16658e-302	-406.647
23200	1.16658e-302	-376.497
23300	1.16658e-302	-388.43
23400	1.16658e-302	-370.148
23500	1.16658e-302	-380.982
23600	1.16658e-302	-398.941
23700	1.16658e-302	-404.616
23800	1.16658e-302	-374.541
23900	1.16658e-302	-363.931
24000	1.16658e-302	-394.674
24100	1.16658e-302	-387.556
24200	1.16658e-302	-415.496
24300	1.16658e-302	-386.925
24400	1.16658e-302	-403.367
24500	1.16658e-302	-370.408
24600	1.16658e-302	-405.295
24700	1.16658e-302	-414.628
24800	1.16658e-302	-389.835
24900	1.16658e-302	-388.338
25000	1.16658e-302	-409.854
25100	1.16658e-302	-404.477
25200	1.16658e-302	-392.394
25300	1.16658e-302	-371.657
25400	1.16658e-302	-370.418
25500	1.16658e-302	-402.989
25600	1.16658e-302	-407.701
25700	1.16658e-302	-407.524
25800	1.16658e-302	-357.932
25900	1.16658e-302	-366.512
26000	1.16658e-302	-401.577
26100	1.16658e-302	-430.348
26200	1.16658e-302	-403.687
26300	1.16658e-302	-397.751
26400	1.16658e-302	-376.671
26500	1.16658e-302	-439.335
26600	1.16658e-302	-394.565
26700	1.16658e-302	-360.143
26800	1.16658e-302	-414.637
26900	1.16658e-302	-426.247
27000	1.16658e-302	-362.949
27100	1.16658e-302	-362.445
27200	1.16658e-302	-385.117
27300	1.16658e-302	-431.871
27400	1.16658e-302	-408.397
27500	1.16658e-302	-423.72
27600	1.16658e-302	-375.367
27700	1.16658e-302	-380.256
27800	1.16658e-302	-432.27
27900	1.16658e-302	-364.202
28000	1.16658e-302	-383.065
28100	1.16658e-302	-421.922
28200	1.16658e-302	-379.983
28300	1.16658e-302	-386.322
28400	1.16658e-302	-369.382
28500	1.16658e-302	-399.738
28600	1.16658e-302	-413.255
28700	1.16658e-302	-383.077
28800	1.16658e-302	-413.192
28900	1.16658e-302	-403.657
29000	1.16658e-302	-367.342
29100	1.16658e-302	-442.484
29200	1.16658e-302	-415.33
29300	1.16658e-302	-434.631
29400	1.16658e-302	-362.978
29500	1.16658e-302	-375.564
29600	1.16658e-302	-414.961
29700	1.16658e-302	-384.703
29800	1.16658e-302	-415.331
29900	1.16658e-302	-405.803
30000	1.16658e-302	-385.532
30100	1.16658e-302	-421.363
30200	1.16658e-302	-367.888
30300	1.16658e-302	-376.031
30400	1.16658e-302	-426.26
30500	1.16658e-302	-383.233
30600	1.16658e-302	-409.74
30700	1.16658e-302	-374.189
30800	1.16658e-302	-420.89
30900	1.16658e-302	-413.311
31000	1.16658e-302	-368.971
31100	1.16658e-302	-402.505
31200	1.16658e-302	-379.622
31300	1.16658e-302	-397.615
31400	1.16658e-302	-417.906
31500	1.16658e-302	-392.51
31600	1.16658e-302	-369.268
31700	1.16658e-302	-421.391
31800	1.16658e-302	-374.853
31900	1.16658e-302	-393.625
32000	1.16658e-302	-369.194
32100	1.16658e-302	-361.309
32200	1.16658e-302	-433.295
32300	1.16658e-302	-376.967
32400	1.16658e-302	-412.739
32500	1.16658e-302	-361.947
32600	1.16658e-302	-391.111
32700	1.16658e-302	-445.541
32800	1.16658e-302	-397.91
32900	1.16658e-302	-385.72
33000	1.16658e-302	-377.182
33100	1.16658e-302	-428.751
33200	1.16658e-302	-365.641
33300	1.16658e-302	-390.903
33400	1.16658e-302	-372.358
33500	1.16658e-302	-382.274
33600	1.16658e-302	-366.159
33700	1.16658e-302	-377.086
33800	1.16658e-302	-380.165
33900	1.16658e-302	-399.075
34000	1.16658e-302	-368.029
34100	1.16658e-302	-395.842
34200	1.16658e-302	-410.805
34300	1.16658e-302	-417.518
34400	1.16658e-302	-403.723
34500	1.16658e-302	-360.237
34600	1.16658e-302	-408.247
34700	1.16658e-302	-370.709
34800	1.16658e-302	-373.431
34900	1.16658e-302	-432.799
35000	1.16658e-302	-390.871
35100	1.16658e-302	-373.382
35200	1.16658e-302	-398.764
35300	1.16658e-302	-385.477
35400	1.16658e-302	-385.101
35500	1.16658e-302	-441.222
35600	1.16658e-302	-383.887
35700	1.16658e-302	-372.386
35800	1.16658e-302	-371.74
35900	1.16658e-302	-424.21
36000	1.16658e-302	-370.786
36100	1.16658e-302	-398.093
36200	1.16658e-302	-402.096
36300	1.16658e-302	-368.324
36400	1.16658e-302	-395.088
36500	1.16658e-302	-372.566
36600	1.16658e-302	-396.541
36700	1.16658e-302	-395.561
36800	1.16658e-302	-408.765
36900	1.16658e-302	-367.621
37000	1.16658e-302	-389.17
37100	1.16658e-302	-395.253
37200	1.16658e-302	-393.777
37300	1.16658e-302	-381.505
37400	1.16658e-302	-379.621
37500	1.16658e-302	-399.24
37600	1.16658e-302	-386.805
37700	1.16658e-302	-366.151
37800	1.16658e-302	-400
37900	1.16658e-302	-403.074
38000	1.16658e-302	-392.573
38100	1.16658e-302	-373.64
38200	1.16658e-302	-417.965
38300	1.16658e-302	-409.033
38400	1.16658e-302	-414.78
38500	1.16658e-302	-448.926
38600	1.16658e-302	-370.636
38700	1.16658e-302	-400.599
38800	1.16658e-302	-375.484
38900	1.16658e-302	-390.241
39000	1.16658e-302	-445.375
39100	1.16658e-302	-393.946
39200	1.16658e-302	-388.223
39300	1.16658e-302	-416.325
39400	1.16658e-302	-394.23
39500	1.16658e-302	-399.325
39600	1.16658e-302	-443.089
39700	1.16658e-302	-377.189
39800	1.16658e-302	-367.095
39900	1.16658e-302	-363.792
40000	1.16658e-302	-413.596
40100	1.16658e-302	-417.372
40200	1.16658e-302	-406.496
40300	1.16658e-302	-373.426
40400	1.16658e-302	-426.452
40500	1.16658e-302	-409.423
40600	1.16658e-302	-380.688
40700	1.16658e-302	-383.639
40800	1.16658e-302	-378.784
40900	1.16658e-302	-395.742
41000	1.16658e-302	-412.846
41100	1.16658e-302	-430.446
41200	1.16658e-302	-397.051
41300	1.16658e-302	-423.424
41400	1.16658e-302	-400.908
41500	1.16658e-302	-366.296
41600	1.16658e-302	-415.321
41700	1.16658e-302	-397.388
41800	1.16658e-302	-377.399
41900	1.16658e-302	-380.315
42000	1.16658e-302	-391.095
42100	1.16658e-302	-382.701
42200	1.16658e-302	-439.97
42300	1.16658e-302	-406.431
42400	1.16658e-302	-429.282
42500	1.16658e-302	-432.102
42600	1.16658e-302	-361.618
42700	1.16658e-302	-408.955
42800	1.16658e-302	-390.346
42900	1.16658e-302	-404.985
43000	1.16658e-302	-410.537
43100	1.16658e-302	-379.605
43200	1.16658e-302	-397.693
43300	1.16658e-302	-368.503
43400	1.16658e-302	-400.931
43500	1.16658e-302	-399.922
43600	1.16658e-302	-405.888
43700	1.16658e-302	-402.045
43800	1.16658e-302	-405.489
43900	1.16658e-302	-382.186
44000	1.16658e-302	-392.087
44100	1.16658e-302	-435.75
44200	1.16658e-302	-399.681
44300	1.16658e-302	-443.115
44400	1.16658e-302	-389.394
44500	1.16658e-302	-370.044
44600	1.16658e-302	-414.098
44700	1.16658e-302	-408.616
44800	1.16658e-302	-410.046
44900	1.16658e-302	-379.79
45000	1.16658e-302	-381.129
45100	1.16658e-302	-379.648
45200	1.16658e-302	-380.617
45300	1.16658e-302	-444.331
45400	1.16658e-302	-394.917
45500	1.16658e-302	-389.752
45600	1.16658e-302	-425.806
45700	1.16658e-302	-375.662
45800	1.16658e-302	-402.469
45900	1.16658e-302	-407.807
46000	1.16658e-302	-359.902
46100	1.16658e-302	-386.555
46200	1.16658e-302	-388.763
46300	1.16658e-302	-392.17
46400	1.16658e-302	-360.45
46500	1.16658e-302	-383.367
46600	1.16658e-302	-401.649
46700	1.16658e-302	-419.761
46800	1.16658e-302	-382.746
46900	1.16658e-302	-426.65
47000	1.16658e-302	-389.906
47100	1.16658e-302	-387.765
47200	1.16658e-302	-358.433
47300	1.16658e-302	-362.152
47400	1.16658e-302	-408.961
47500	1.16658e-302	-395.246
47600	1.16658e-302	-410.519
47700	1.16658e-302	-363.767
47800	1.16658e-302	-376.692
47900	1.16658e-302	-380.678
48000	1.16658e-302	-446.187
48100	1.16658e-302	-406.448
48200	1.16658e-302	-392.465
48300	1.16658e-302	-388.762
48400	1.16658e-302	-420.055
48500	1.16658e-302	-383.404
48600	1.16658e-302	-433.467
48700	1.16658e-302	-417.001
48800	1.16658e-302	-382.058
48900	1.16658e-302	-384.527
49000	1.16658e-302	-436.297
49100	1.16658e-302	-411.001
49200	1.16658e-302	-411.229
49300	1.16658e-302	-389.677
49400	1.16658e-302	-399.976
49500	1.16658e-302	-372.999
49600	1.16658e-302	-375.766
49700	1.16658e-302	-379.833
49800	1.16658e-302	-364.102
49900	1.16658e-302	-365.897
50000	1.16658e-302	-382.348
