state	power	likelihood
12600	0.253553	-258.584
12700	0.253553	-281.243
12800	0.253553	-272.8
12900	0.253553	-257.48
13000	0.253553	-274.153
13100	0.253553	-246.552
13200	0.253553	-252.477
13300	0.253553	-259.725
13400	0.253553	-244.32
13500	0.253553	-248.737
13600	0.253553	-258.763
13700	0.253553	-241.353
13800	0.253553	-247.132
13900	0.253553	-244.675
14000	0.253553	-251.571
14100	0.253553	-247.105
14200	0.253553	-256.5
14300	0.253553	-281.072
14400	0.253553	-252.94
14500	0.253553	-262.316
14600	0.253553	-247.295
14700	0.253553	-259.603
14800	0.253553	-262.086
14900	0.253553	-270.408
15000	0.253553	-263.73
15100	0.253553	-258.731
15200	0.253553	-238.9
15300	0.253553	-251.525
15400	0.253553	-261.705
15500	0.253553	-252.83
15600	0.253553	-246.749
15700	0.253553	-257.051
15800	0.253553	-261.461
15900	0.253553	-245.367
16000	0.253553	-259.479
16100	0.253553	-258.86
16200	0.253553	-251.055
16300	0.253553	-257.481
16400	0.253553	-250.046
16500	0.253553	-240.94
16600	0.253553	-259.378
16700	0.253553	-276.694
16800	0.253553	-257.158
16900	0.253553	-245.167
17000	0.253553	-247.293
17100	0.253553	-259.226
17200	0.253553	-244.947
17300	0.253553	-256.925
17400	0.253553	-266.762
17500	0.253553	-267.428
17600	0.253553	-246.317
17700	0.253553	-263.739
17800	0.253553	-259.083
17900	0.253553	-266.507
18000	0.253553	-262.943
18100	0.253553	-274.573
18200	0.253553	-246.333
18300	0.253553	-272.318
18400	0.253553	-258
18500	0.253553	-257.644
18600	0.253553	-253.519
18700	0.253553	-263.446
18800	0.253553	-283.381
18900	0.253553	-257.646
19000	0.253553	-253.686
19100	0.253553	-258.89
19200	0.253553	-243.017
19300	0.253553	-276.913
19400	0.253553	-249.621
19500	0.253553	-265.956
19600	0.253553	-259.659
19700	0.253553	-246.152
19800	0.253553	-246.653
19900	0.253553	-259.692
20000	0.253553	-278.227
20100	0.253553	-239.43
20200	0.253553	-261.553
20300	0.253553	-256.421
20400	0.253553	-254.875
20500	0.253553	-246.149
20600	0.253553	-259.201
20700	0.253553	-261.002
20800	0.253553	-264.951
20900	0.253553	-257.523
21000	0.253553	-253.981
21100	0.253553	-257.827
21200	0.253553	-268.485
21300	0.253553	-253.517
21400	0.253553	-258.16
21500	0.253553	-251.318
21600	0.253553	-257.079
21700	0.253553	-251.037
21800	0.253553	-266.185
21900	0.253553	-263.593
22000	0.253553	-257.53
22100	0.253553	-274.392
22200	0.253553	-251.236
22300	0.253553	-260.763
22400	0.253553	-267.194
22500	0.253553	-254.26
22600	0.253553	-260.166
22700	0.253553	-257.741
22800	0.253553	-243.766
22900	0.253553	-251.731
23000	0.253553	-258.673
23100	0.253553	-263.264
23200	0.253553	-256.997
23300	0.253553	-273.588
23400	0.253553	-244.672
23500	0.253553	-262.964
23600	0.253553	-245
23700	0.253553	-261.793
23800	0.253553	-260.831
23900	0.253553	-259.74
24000	0.253553	-252.468
24100	0.253553	-251.302
24200	0.253553	-257.155
24300	0.253553	-237.673
24400	0.253553	-237.263
24500	0.253553	-256.857
24600	0.253553	-271.795
24700	0.253553	-250.743
24800	0.253553	-244.463
24900	0.253553	-259.022
25000	0.253553	-281.651
25100	0.253553	-273.002
25200	0.253553	-252.031
25300	0.253553	-267.602
25400	0.253553	-254.959
25500	0.253553	-258.532
25600	0.253553	-256.937
25700	0.253553	-263.908
25800	0.253553	-248.999
25900	0.253553	-260.447
26000	0.253553	-262.951
26100	0.253553	-236.228
26200	0.253553	-260.404
26300	0.253553	-257.791
26400	0.253553	-274.51
26500	0.253553	-250.876
26600	0.253553	-265.002
26700	0.253553	-256.405
26800	0.253553	-259.268
26900	0.253553	-260.674
27000	0.253553	-262.503
27100	0.253553	-249.034
27200	0.253553	-248.381
27300	0.253553	-249.658
27400	0.253553	-249.876
27500	0.253553	-255.3
27600	0.253553	-256.33
27700	0.253553	-261.141
27800	0.253553	-255.019
27900	0.253553	-253.106
28000	0.253553	-258.404
28100	0.253553	-254.244
28200	0.253553	-274.118
28300	0.253553	-272.19
28400	0.253553	-251.373
28500	0.253553	-251.351
28600	0.253553	-243.475
28700	0.253553	-261.679
28800	0.253553	-249.46
28900	0.253553	-261.181
29000	0.253553	-255.713
29100	0.253553	-261.72
29200	0.253553	-254.545
29300	0.253553	-248.985
29400	0.253553	-259.024
29500	0.253553	-264.349
29600	0.253553	-254.478
29700	0.253553	-243.125
29800	0.253553	-252.684
29900	0.253553	-262.119
30000	0.253553	-253.267
30100	0.253553	-260.444
30200	0.253553	-259.796
30300	0.253553	-250.997
30400	0.253553	-247.508
30500	0.253553	-277.6
30600	0.253553	-256.268
30700	0.253553	-238.458
30800	0.253553	-249.349
30900	0.253553	-244.104
31000	0.253553	-245.75
31100	0.253553	-241.524
31200	0.253553	-281.458
31300	0.253553	-263.732
31400	0.253553	-262.248
31500	0.253553	-254.825
31600	0.253553	-262.148
31700	0.253553	-249.506
31800	0.253553	-267.184
31900	0.253553	-264.584
32000	0.253553	-269.482
32100	0.253553	-255.018
32200	0.253553	-249.214
32300	0.253553	-276.784
32400	0.253553	-274.218
32500	0.253553	-277.264
32600	0.253553	-255.368
32700	0.253553	-242.121
32800	0.253553	-285.964
32900	0.253553	-259.63
33000	0.253553	-246.266
33100	0.253553	-251.678
33200	0.253553	-277.607
33300	0.253553	-251.162
33400	0.253553	-273.597
33500	0.253553	-250.376
33600	0.253553	-251.673
33700	0.253553	-242.678
33800	0.253553	-244.352
33900	0.253553	-268.61
34000	0.253553	-251.772
34100	0.253553	-247.589
34200	0.253553	-254.689
34300	0.253553	-254.938
34400	0.253553	-251.086
34500	0.253553	-260.871
34600	0.253553	-256.878
34700	0.253553	-237.877
34800	0.253553	-253.876
34900	0.253553	-265.07
35000	0.253553	-276.421
35100	0.253553	-261.791
35200	0.253553	-243.923
35300	0.253553	-256.962
35400	0.253553	-262.546
35500	0.253553	-246.68
35600	0.253553	-250.467
35700	0.253553	-277.16
35800	0.253553	-249.038
35900	0.253553	-257.624
36000	0.253553	-269.109
36100	0.253553	-268.539
36200	0.253553	-250.026
36300	0.253553	-287.403
36400	0.253553	-250.201
36500	0.253553	-272.346
36600	0.253553	-251.806
36700	0.253553	-264.889
36800	0.253553	-246.37
36900	0.253553	-267.433
37000	0.253553	-258.01
37100	0.253553	-257.346
37200	0.253553	-257.332
37300	0.253553	-256.028
37400	0.253553	-258.981
37500	0.253553	-256.576
37600	0.253553	-274.501
37700	0.253553	-252.071
37800	0.253553	-247.511
37900	0.253553	-265.927
38000	0.253553	-238.507
38100	0.253553	-251.486
38200	0.253553	-269.773
38300	0.253553	-256.496
38400	0.253553	-270.551
38500	0.253553	-252.933
38600	0.253553	-266.355
38700	0.253553	-246.56
38800	0.253553	-266.572
38900	0.253553	-254.09
39000	0.253553	-254.154
39100	0.253553	-262.704
39200	0.253553	-259.207
39300	0.253553	-238.164
39400	0.253553	-259.079
39500	0.253553	-258.946
39600	0.253553	-250.87
39700	0.253553	-247.564
39800	0.253553	-234.537
39900	0.253553	-260.073
40000	0.253553	-266.184
40100	0.253553	-269.822
40200	0.253553	-265.443
40300	0.253553	-273.457
40400	0.253553	-262.37
40500	0.253553	-246.123
40600	0.253553	-253.136
40700	0.253553	-257.003
40800	0.253553	-245.391
40900	0.253553	-261.208
41000	0.253553	-248.933
41100	0.253553	-259.384
41200	0.253553	-266.81
41300	0.253553	-261.591
41400	0.253553	-256.875
41500	0.253553	-251.405
41600	0.253553	-252.488
41700	0.253553	-266.731
41800	0.253553	-257.423
41900	0.253553	-255.718
42000	0.253553	-255.21
42100	0.253553	-256.981
42200	0.253553	-247.563
42300	0.253553	-251.308
42400	0.253553	-259.079
42500	0.253553	-253.448
42600	0.253553	-261.097
42700	0.253553	-263.04
42800	0.253553	-260.207
42900	0.253553	-272.08
43000	0.253553	-247.903
43100	0.253553	-242.826
43200	0.253553	-251.235
43300	0.253553	-253.738
43400	0.253553	-252.981
43500	0.253553	-257.578
43600	0.253553	-267.176
43700	0.253553	-240.789
43800	0.253553	-251.677
43900	0.253553	-249.73
44000	0.253553	-256.101
44100	0.253553	-260.311
44200	0.253553	-265.234
44300	0.253553	-262.735
44400	0.253553	-257.59
44500	0.253553	-257.556
44600	0.253553	-245.118
44700	0.253553	-263.383
44800	0.253553	-250.676
44900	0.253553	-257.656
45000	0.253553	-243.595
45100	0.253553	-248.2
45200	0.253553	-261.365
45300	0.253553	-255.564
45400	0.253553	-263.484
45500	0.253553	-254.875
45600	0.253553	-240.888
45700	0.253553	-256.414
45800	0.253553	-254.503
45900	0.253553	-268.875
46000	0.253553	-246.953
46100	0.253553	-267.34
46200	0.253553	-273.564
46300	0.253553	-256.799
46400	0.253553	-253.518
46500	0.253553	-254.594
46600	0.253553	-255.714
46700	0.253553	-261.129
46800	0.253553	-252.535
46900	0.253553	-266.018
47000	0.253553	-250.678
47100	0.253553	-255.409
47200	0.253553	-247.92
47300	0.253553	-252.485
47400	0.253553	-247.892
47500	0.253553	-246.175
47600	0.253553	-253.564
47700	0.253553	-247.534
47800	0.253553	-255.404
47900	0.253553	-244.465
48000	0.253553	-267.029
48100	0.253553	-255.912
48200	0.253553	-253.545
48300	0.253553	-254.939
48400	0.253553	-246.545
48500	0.253553	-244.966
48600	0.253553	-267.204
48700	0.253553	-249.012
48800	0.253553	-285.093
48900	0.253553	-254.904
49000	0.253553	-254.899
49100	0.253553	-261.591
49200	0.253553	-251.621
49300	0.253553	-253.682
49400	0.253553	-258.073
49500	0.253553	-250.731
49600	0.253553	-267.452
49700	0.253553	-254.593
49800	0.253553	-267.432
49900	0.253553	-277.1
50000	0.253553	-246.407
