state	power	likelihood
12600	0.253553	-254.067
12700	0.253553	-251.96
12800	0.253553	-253.283
12900	0.253553	-246.994
13000	0.253553	-237.266
13100	0.253553	-252.495
13200	0.253553	-236.287
13300	0.253553	-250.735
13400	0.253553	-237.956
13500	0.253553	-250.733
13600	0.253553	-234.479
13700	0.253553	-237.813
13800	0.253553	-256.334
13900	0.253553	-234.296
14000	0.253553	-238.413
14100	0.253553	-239.26
14200	0.253553	-246.846
14300	0.253553	-248.438
14400	0.253553	-276.675
14500	0.253553	-244.009
14600	0.253553	-241.366
14700	0.253553	-246.212
14800	0.253553	-242.85
14900	0.253553	-241.702
15000	0.253553	-240.682
15100	0.253553	-241.343
15200	0.253553	-231.847
15300	0.253553	-251.32
15400	0.253553	-231.422
15500	0.253553	-241.586
15600	0.253553	-253.352
15700	0.253553	-267.464
15800	0.253553	-237.022
15900	0.253553	-256.691
16000	0.253553	-255.326
16100	0.253553	-254.046
16200	0.253553	-247.107
16300	0.253553	-241.381
16400	0.253553	-255.131
16500	0.253553	-259.336
16600	0.253553	-244.165
16700	0.253553	-258.902
16800	0.253553	-249.182
16900	0.253553	-251.237
17000	0.253553	-246.763
17100	0.253553	-248.061
17200	0.253553	-259.865
17300	0.253553	-250.668
17400	0.253553	-248.423
17500	0.253553	-238.601
17600	0.253553	-237.034
17700	0.253553	-235.881
17800	0.253553	-240.209
17900	0.253553	-242.22
18000	0.253553	-242.312
18100	0.253553	-230.778
18200	0.253553	-243.672
18300	0.253553	-243.155
18400	0.253553	-236.03
18500	0.253553	-231.31
18600	0.253553	-241.992
18700	0.253553	-232.493
18800	0.253553	-243.808
18900	0.253553	-245.204
19000	0.253553	-268.143
19100	0.253553	-238.489
19200	0.253553	-243.515
19300	0.253553	-235.943
19400	0.253553	-258.04
19500	0.253553	-245.117
19600	0.253553	-229.741
19700	0.253553	-269.938
19800	0.253553	-236.677
19900	0.253553	-253.813
20000	0.253553	-240.256
20100	0.253553	-231.154
20200	0.253553	-244.829
20300	0.253553	-250.032
20400	0.253553	-241.95
20500	0.253553	-251.716
20600	0.253553	-230.207
20700	0.253553	-251.264
20800	0.253553	-243.514
20900	0.253553	-268.872
21000	0.253553	-238.196
21100	0.253553	-236.31
21200	0.253553	-246.061
21300	0.253553	-246.661
21400	0.253553	-249.03
21500	0.253553	-260.418
21600	0.253553	-255.299
21700	0.253553	-251.457
21800	0.253553	-256.745
21900	0.253553	-236.526
22000	0.253553	-250.861
22100	0.253553	-250.983
22200	0.253553	-258.645
22300	0.253553	-250.111
22400	0.253553	-248.06
22500	0.253553	-250.686
22600	0.253553	-256.275
22700	0.253553	-266.836
22800	0.253553	-245.57
22900	0.253553	-241.919
23000	0.253553	-243.878
23100	0.253553	-245.736
23200	0.253553	-254.026
23300	0.253553	-254.749
23400	0.253553	-238.639
23500	0.253553	-243.256
23600	0.253553	-255.543
23700	0.253553	-246.425
23800	0.253553	-245.698
23900	0.253553	-258.361
24000	0.253553	-247.601
24100	0.253553	-243.664
24200	0.253553	-257.682
24300	0.253553	-256.304
24400	0.253553	-247.876
24500	0.253553	-248.988
24600	0.253553	-249.166
24700	0.253553	-232.562
24800	0.253553	-254.622
24900	0.253553	-250.741
25000	0.253553	-240.18
25100	0.253553	-244.39
25200	0.253553	-245.145
25300	0.253553	-232.56
25400	0.253553	-226.494
25500	0.253553	-245.058
25600	0.253553	-269.828
25700	0.253553	-249.384
25800	0.253553	-265.418
25900	0.253553	-234.618
26000	0.253553	-252.646
26100	0.253553	-246.75
26200	0.253553	-252.578
26300	0.253553	-248.877
26400	0.253553	-260.592
26500	0.253553	-239.506
26600	0.253553	-251.433
26700	0.253553	-252.287
26800	0.253553	-234.857
26900	0.253553	-251.029
27000	0.253553	-238.937
27100	0.253553	-248.566
27200	0.253553	-241.906
27300	0.253553	-247.013
27400	0.253553	-238.112
27500	0.253553	-252.806
27600	0.253553	-234.84
27700	0.253553	-245.765
27800	0.253553	-249.839
27900	0.253553	-247.74
28000	0.253553	-247.751
28100	0.253553	-239.456
28200	0.253553	-262.851
28300	0.253553	-242.492
28400	0.253553	-234.669
28500	0.253553	-240.523
28600	0.253553	-243.993
28700	0.253553	-247.258
28800	0.253553	-241.996
28900	0.253553	-265.179
29000	0.253553	-241.75
29100	0.253553	-247.374
29200	0.253553	-236.154
29300	0.253553	-256.791
29400	0.253553	-241.174
29500	0.253553	-241.356
29600	0.253553	-267.999
29700	0.253553	-243.359
29800	0.253553	-241.421
29900	0.253553	-254.758
30000	0.253553	-245.347
30100	0.253553	-234.377
30200	0.253553	-245.853
30300	0.253553	-254.369
30400	0.253553	-241.138
30500	0.253553	-242.709
30600	0.253553	-266.962
30700	0.253553	-263.331
30800	0.253553	-246.838
30900	0.253553	-234.158
31000	0.253553	-243.329
31100	0.253553	-242.697
31200	0.253553	-249.602
31300	0.253553	-245.874
31400	0.253553	-250.992
31500	0.253553	-247.273
31600	0.253553	-240.054
31700	0.253553	-241.156
31800	0.253553	-239.271
31900	0.253553	-248.438
32000	0.253553	-235.835
32100	0.253553	-260.798
32200	0.253553	-238.119
32300	0.253553	-243.513
32400	0.253553	-269.967
32500	0.253553	-246.356
32600	0.253553	-238.671
32700	0.253553	-245.25
32800	0.253553	-235.606
32900	0.253553	-247.089
33000	0.253553	-262.832
33100	0.253553	-239.441
33200	0.253553	-244.483
33300	0.253553	-246.546
33400	0.253553	-245.814
33500	0.253553	-233.001
33600	0.253553	-248.195
33700	0.253553	-234.314
33800	0.253553	-245.722
33900	0.253553	-244.078
34000	0.253553	-237.257
34100	0.253553	-244.812
34200	0.253553	-263.766
34300	0.253553	-244.099
34400	0.253553	-239.075
34500	0.253553	-250.36
34600	0.253553	-243.83
34700	0.253553	-254.234
34800	0.253553	-241.246
34900	0.253553	-236.566
35000	0.253553	-246.401
35100	0.253553	-239.228
35200	0.253553	-266.909
35300	0.253553	-241.215
35400	0.253553	-242.412
35500	0.253553	-253.06
35600	0.253553	-259.791
35700	0.253553	-244.508
35800	0.253553	-245.034
35900	0.253553	-243.267
36000	0.253553	-242.944
36100	0.253553	-254.448
36200	0.253553	-252.163
36300	0.253553	-242.622
36400	0.253553	-242.227
36500	0.253553	-235.286
36600	0.253553	-240.116
36700	0.253553	-238.483
36800	0.253553	-241.076
36900	0.253553	-249.399
37000	0.253553	-249.639
37100	0.253553	-253.825
37200	0.253553	-239.08
37300	0.253553	-240.488
37400	0.253553	-244.58
37500	0.253553	-253.351
37600	0.253553	-249.26
37700	0.253553	-240
37800	0.253553	-250.971
37900	0.253553	-235.822
38000	0.253553	-252.079
38100	0.253553	-239.244
38200	0.253553	-243.563
38300	0.253553	-233.1
38400	0.253553	-250.712
38500	0.253553	-252.969
38600	0.253553	-247.511
38700	0.253553	-236.233
38800	0.253553	-237.304
38900	0.253553	-241.45
39000	0.253553	-251.758
39100	0.253553	-260.039
39200	0.253553	-240.944
39300	0.253553	-244.59
39400	0.253553	-245.534
39500	0.253553	-246.81
39600	0.253553	-267.995
39700	0.253553	-240.508
39800	0.253553	-246.695
39900	0.253553	-252.933
40000	0.253553	-254.659
40100	0.253553	-249.814
40200	0.253553	-237.892
40300	0.253553	-256.569
40400	0.253553	-244.525
40500	0.253553	-251.259
40600	0.253553	-236.508
40700	0.253553	-245.74
40800	0.253553	-235.911
40900	0.253553	-237.55
41000	0.253553	-246.429
41100	0.253553	-247.512
41200	0.253553	-238.993
41300	0.253553	-248.752
41400	0.253553	-234.995
41500	0.253553	-258.559
41600	0.253553	-237.608
41700	0.253553	-248.454
41800	0.253553	-271.714
41900	0.253553	-238.737
42000	0.253553	-239.325
42100	0.253553	-249.164
42200	0.253553	-254.774
42300	0.253553	-238.23
42400	0.253553	-242.959
42500	0.253553	-234.454
42600	0.253553	-257.661
42700	0.253553	-239.455
42800	0.253553	-250.558
42900	0.253553	-234.515
43000	0.253553	-250.433
43100	0.253553	-238.252
43200	0.253553	-249.579
43300	0.253553	-246.436
43400	0.253553	-238.726
43500	0.253553	-236.259
43600	0.253553	-241.25
43700	0.253553	-236.487
43800	0.253553	-243.208
43900	0.253553	-252.587
44000	0.253553	-233.987
44100	0.253553	-239.129
44200	0.253553	-242.28
44300	0.253553	-257.468
44400	0.253553	-233.605
44500	0.253553	-236.433
44600	0.253553	-251.227
44700	0.253553	-256.153
44800	0.253553	-269.169
44900	0.253553	-250.05
45000	0.253553	-248.896
45100	0.253553	-242.649
45200	0.253553	-250.538
45300	0.253553	-238.853
45400	0.253553	-256.932
45500	0.253553	-250.025
45600	0.253553	-241.225
45700	0.253553	-244.919
45800	0.253553	-258.786
45900	0.253553	-244.337
46000	0.253553	-242.454
46100	0.253553	-257.551
46200	0.253553	-250.027
46300	0.253553	-240.247
46400	0.253553	-246.827
46500	0.253553	-244.043
46600	0.253553	-239.196
46700	0.253553	-255.406
46800	0.253553	-244.884
46900	0.253553	-251.775
47000	0.253553	-232.154
47100	0.253553	-261.569
47200	0.253553	-245.51
47300	0.253553	-244.424
47400	0.253553	-242.978
47500	0.253553	-238.135
47600	0.253553	-251.821
47700	0.253553	-243.042
47800	0.253553	-252.34
47900	0.253553	-250.841
48000	0.253553	-236.842
48100	0.253553	-251.977
48200	0.253553	-238.714
48300	0.253553	-244.958
48400	0.253553	-241.733
48500	0.253553	-262.932
48600	0.253553	-247.309
48700	0.253553	-244.941
48800	0.253553	-244.051
48900	0.253553	-233.886
49000	0.253553	-232.158
49100	0.253553	-239.445
49200	0.253553	-265.245
49300	0.253553	-234.532
49400	0.253553	-246.427
49500	0.253553	-236.251
49600	0.253553	-242.46
49700	0.253553	-254.183
49800	0.253553	-230.915
49900	0.253553	-239.24
50000	0.253553	-246.98
