state	power	likelihood
12600	1.16658e-302	-1252.42
12700	1.16658e-302	-612.065
12800	1.16658e-302	-978.863
12900	1.16658e-302	-1528.31
13000	1.16658e-302	-1023.3
13100	1.16658e-302	-926.125
13200	1.16658e-302	-1401.54
13300	1.16658e-302	-822.354
13400	1.16658e-302	-766.895
13500	1.16658e-302	-1022.61
13600	1.16658e-302	-1285.82
13700	1.16658e-302	-846.797
13800	1.16658e-302	-1904.65
13900	1.16658e-302	-834.365
14000	1.16658e-302	-943.599
14100	1.16658e-302	-1452.32
14200	1.16658e-302	-1061.42
14300	1.16658e-302	-876.298
14400	1.16658e-302	-2332.12
14500	1.16658e-302	-763.38
14600	1.16658e-302	-1218.85
14700	1.16658e-302	-894.536
14800	1.16658e-302	-1343.29
14900	1.16658e-302	-991.399
15000	1.16658e-302	-928.278
15100	1.16658e-302	-864.821
15200	1.16658e-302	-1074.84
15300	1.16658e-302	-1226.24
15400	1.16658e-302	-1408.75
15500	1.16658e-302	-941.755
15600	1.16658e-302	-735.674
15700	1.16658e-302	-1222.66
15800	1.16658e-302	-1327.4
15900	1.16658e-302	-1007.01
16000	1.16658e-302	-675.866
16100	1.16658e-302	-3339.63
16200	1.16658e-302	-1046.65
16300	1.16658e-302	-1471.07
16400	1.16658e-302	-601.97
16500	1.16658e-302	-935.37
16600	1.16658e-302	-1307.38
16700	1.16658e-302	-1186.61
16800	1.16658e-302	-1225.7
16900	1.16658e-302	-1138.76
17000	1.16658e-302	-1097.87
17100	1.16658e-302	-1014.35
17200	1.16658e-302	-1311.41
17300	1.16658e-302	-1353.27
17400	1.16658e-302	-1248.55
17500	1.16658e-302	-1516.71
17600	1.16658e-302	-937.327
17700	1.16658e-302	-648.907
17800	1.16658e-302	-829.613
17900	1.16658e-302	-868.359
18000	1.16658e-302	-783.64
18100	1.16658e-302	-986.473
18200	1.16658e-302	-798.834
18300	1.16658e-302	-1539.76
18400	1.16658e-302	-607.907
18500	1.16658e-302	-1047.44
18600	1.16658e-302	-736.946
18700	1.16658e-302	-1427.72
18800	1.16658e-302	-651.786
18900	1.16658e-302	-524.696
19000	1.16658e-302	-1407.7
19100	1.16658e-302	-640.234
19200	1.16658e-302	-847.628
19300	1.16658e-302	-1111.42
19400	1.16658e-302	-876.072
19500	1.16658e-302	-608.273
19600	1.16658e-302	-668.195
19700	1.16658e-302	-2016.45
19800	1.16658e-302	-526.111
19900	1.16658e-302	-927.921
20000	1.16658e-302	-836.809
20100	1.16658e-302	-992.216
20200	1.16658e-302	-1027.24
20300	1.16658e-302	-2263.01
20400	1.16658e-302	-882.974
20500	1.16658e-302	-918.979
20600	1.16658e-302	-815.017
20700	1.16658e-302	-1061.61
20800	1.16658e-302	-1232.62
20900	1.16658e-302	-817.246
21000	1.16658e-302	-2077.01
21100	1.16658e-302	-1392.18
21200	1.16658e-302	-913.933
21300	1.16658e-302	-1505.97
21400	1.16658e-302	-825.946
21500	1.16658e-302	-566.349
21600	1.16658e-302	-946.568
21700	1.16658e-302	-562.002
21800	1.16658e-302	-639.439
21900	1.16658e-302	-970.09
22000	1.16658e-302	-1256.21
22100	1.16658e-302	-944.227
22200	1.16658e-302	-1571.74
22300	1.16658e-302	-911.9
22400	1.16658e-302	-536.31
22500	1.16658e-302	-1163.24
22600	1.16658e-302	-1219.08
22700	1.16658e-302	-1682.12
22800	1.16658e-302	-1291.23
22900	1.16658e-302	-1695.25
23000	1.16658e-302	-1324.64
23100	1.16658e-302	-928.932
23200	1.16658e-302	-632.858
23300	1.16658e-302	-1306.7
23400	1.16658e-302	-791.446
23500	1.16658e-302	-487.078
23600	1.16658e-302	-1189.95
23700	1.16658e-302	-3806.7
23800	1.16658e-302	-848.368
23900	1.16658e-302	-1741.86
24000	1.16658e-302	-1223.1
24100	1.16658e-302	-976.639
24200	1.16658e-302	-1221.38
24300	1.16658e-302	-1302.46
24400	1.16658e-302	-2012.85
24500	1.16658e-302	-2181.38
24600	1.16658e-302	-1315.34
24700	1.16658e-302	-1436.22
24800	1.16658e-302	-1711.21
24900	1.16658e-302	-1191.62
25000	1.16658e-302	-1105.81
25100	1.16658e-302	-1190.47
25200	1.16658e-302	-602.486
25300	1.16658e-302	-871.214
25400	1.16658e-302	-652.345
25500	1.16658e-302	-726.511
25600	1.16658e-302	-864.203
25700	1.16658e-302	-1104.93
25800	1.16658e-302	-1429.46
25900	1.16658e-302	-916.986
26000	1.16658e-302	-1010.79
26100	1.16658e-302	-1199.71
26200	1.16658e-302	-895.609
26300	1.16658e-302	-1120.05
26400	1.16658e-302	-571.907
26500	1.16658e-302	-1035.92
26600	1.16658e-302	-1047.91
26700	1.16658e-302	-1345.91
26800	1.16658e-302	-809.18
26900	1.16658e-302	-1022.52
27000	1.16658e-302	-884.558
27100	1.16658e-302	-1782.9
27200	1.16658e-302	-994.053
27300	1.16658e-302	-2043.46
27400	1.16658e-302	-726.673
27500	1.16658e-302	-808.199
27600	1.16658e-302	-1090.08
27700	1.16658e-302	-1428.71
27800	1.16658e-302	-1214.01
27900	1.16658e-302	-943.829
28000	1.16658e-302	-871.093
28100	1.16658e-302	-1003.67
28200	1.16658e-302	-1137.52
28300	1.16658e-302	-917.426
28400	1.16658e-302	-2337.78
28500	1.16658e-302	-852.332
28600	1.16658e-302	-2156.94
28700	1.16658e-302	-840.391
28800	1.16658e-302	-1146.16
28900	1.16658e-302	-2345.44
29000	1.16658e-302	-1413.47
29100	1.16658e-302	-1411.4
29200	1.16658e-302	-556.123
29300	1.16658e-302	-1122.89
29400	1.16658e-302	-687.242
29500	1.16658e-302	-1408.99
29600	1.16658e-302	-828.504
29700	1.16658e-302	-1613.16
29800	1.16658e-302	-1896.78
29900	1.16658e-302	-840.321
30000	1.16658e-302	-2065.38
30100	1.16658e-302	-893.843
30200	1.16658e-302	-1411.37
30300	1.16658e-302	-1224.04
30400	1.16658e-302	-1097.58
30500	1.16658e-302	-1240.73
30600	1.16658e-302	-372.383
30700	1.16658e-302	-1058.75
30800	1.16658e-302	-2207.7
30900	1.16658e-302	-1620.5
31000	1.16658e-302	-916.187
31100	1.16658e-302	-1387.28
31200	1.16658e-302	-855.262
31300	1.16658e-302	-852.797
31400	1.16658e-302	-1380.57
31500	1.16658e-302	-858.331
31600	1.16658e-302	-1600.09
31700	1.16658e-302	-1111.27
31800	1.16658e-302	-791.935
31900	1.16658e-302	-986.627
32000	1.16658e-302	-1121.51
32100	1.16658e-302	-1141.35
32200	1.16658e-302	-644.392
32300	1.16658e-302	-1199.42
32400	1.16658e-302	-1097.84
32500	1.16658e-302	-1310.86
32600	1.16658e-302	-1217.67
32700	1.16658e-302	-1397.93
32800	1.16658e-302	-1488.98
32900	1.16658e-302	-829.659
33000	1.16658e-302	-748.984
33100	1.16658e-302	-1554.99
33200	1.16658e-302	-910.675
33300	1.16658e-302	-1083.81
33400	1.16658e-302	-1323.01
33500	1.16658e-302	-718.789
33600	1.16658e-302	-1627.98
33700	1.16658e-302	-1116.4
33800	1.16658e-302	-961.778
33900	1.16658e-302	-738.446
34000	1.16658e-302	-848.857
34100	1.16658e-302	-999.924
34200	1.16658e-302	-857.863
34300	1.16658e-302	-1052.09
34400	1.16658e-302	-796.056
34500	1.16658e-302	-1346.61
34600	1.16658e-302	-1709.06
34700	1.16658e-302	-710.126
34800	1.16658e-302	-1000.21
34900	1.16658e-302	-1132.5
35000	1.16658e-302	-831.086
35100	1.16658e-302	-1124.44
35200	1.16658e-302	-1021.94
35300	1.16658e-302	-1016.51
35400	1.16658e-302	-1932.97
35500	1.16658e-302	-1360.29
35600	1.16658e-302	-1567.59
35700	1.16658e-302	-756.733
35800	1.16658e-302	-1575.04
35900	1.16658e-302	-806.215
36000	1.16658e-302	-1241.27
36100	1.16658e-302	-728.239
36200	1.16658e-302	-721.697
36300	1.16658e-302	-1019.41
36400	1.16658e-302	-499.961
36500	1.16658e-302	-1358.31
36600	1.16658e-302	-1045.11
36700	1.16658e-302	-450.771
36800	1.16658e-302	-1127.05
36900	1.16658e-302	-1074.85
37000	1.16658e-302	-1296.31
37100	1.16658e-302	-808.042
37200	1.16658e-302	-2119.35
37300	1.16658e-302	-970.537
37400	1.16658e-302	-872.872
37500	1.16658e-302	-1597.16
37600	1.16658e-302	-770.179
37700	1.16658e-302	-781.764
37800	1.16658e-302	-712.22
37900	1.16658e-302	-1162.29
38000	1.16658e-302	-749.255
38100	1.16658e-302	-1039.28
38200	1.16658e-302	-974.396
38300	1.16658e-302	-826.072
38400	1.16658e-302	-886.366
38500	1.16658e-302	-1681.86
38600	1.16658e-302	-998.827
38700	1.16658e-302	-799.898
38800	1.16658e-302	-769.898
38900	1.16658e-302	-1753.84
39000	1.16658e-302	-2026.09
39100	1.16658e-302	-1300.13
39200	1.16658e-302	-818.689
39300	1.16658e-302	-1030.39
39400	1.16658e-302	-1143.94
39500	1.16658e-302	-2701.47
39600	1.16658e-302	-845.843
39700	1.16658e-302	-801.922
39800	1.16658e-302	-1041.68
39900	1.16658e-302	-1083.46
40000	1.16658e-302	-902.323
40100	1.16658e-302	-1178.79
40200	1.16658e-302	-719.88
40300	1.16658e-302	-839.687
40400	1.16658e-302	-1427.29
40500	1.16658e-302	-1025.53
40600	1.16658e-302	-2526.69
40700	1.16658e-302	-922.031
40800	1.16658e-302	-2297.22
40900	1.16658e-302	-863.921
41000	1.16658e-302	-1182.1
41100	1.16658e-302	-1484.91
41200	1.16658e-302	-1208.08
41300	1.16658e-302	-1700.02
41400	1.16658e-302	-1308.29
41500	1.16658e-302	-750.648
41600	1.16658e-302	-1160.34
41700	1.16658e-302	-927.718
41800	1.16658e-302	-624.581
41900	1.16658e-302	-1301.55
42000	1.16658e-302	-1045.56
42100	1.16658e-302	-712.61
42200	1.16658e-302	-915.542
42300	1.16658e-302	-496.442
42400	1.16658e-302	-1156.22
42500	1.16658e-302	-690.762
42600	1.16658e-302	-666.133
42700	1.16658e-302	-1195.34
42800	1.16658e-302	-490.942
42900	1.16658e-302	-646.693
43000	1.16658e-302	-1474.06
43100	1.16658e-302	-897.61
43200	1.16658e-302	-1425.41
43300	1.16658e-302	-972.036
43400	1.16658e-302	-806.559
43500	1.16658e-302	-1457.94
43600	1.16658e-302	-995.785
43700	1.16658e-302	-1663.92
43800	1.16658e-302	-807.226
43900	1.16658e-302	-626.546
44000	1.16658e-302	-1771.5
44100	1.16658e-302	-1699.18
44200	1.16658e-302	-1077.67
44300	1.16658e-302	-1774.62
44400	1.16658e-302	-875.62
44500	1.16658e-302	-1107.79
44600	1.16658e-302	-691.9
44700	1.16658e-302	-879.046
44800	1.16658e-302	-926.611
44900	1.16658e-302	-819.477
45000	1.16658e-302	-783.17
45100	1.16658e-302	-833.783
45200	1.16658e-302	-766.06
45300	1.16658e-302	-1973.26
45400	1.16658e-302	-1539.12
45500	1.16658e-302	-1286.37
45600	1.16658e-302	-772.184
45700	1.16658e-302	-2105.06
45800	1.16658e-302	-1184.82
45900	1.16658e-302	-993.696
46000	1.16658e-302	-661.851
46100	1.16658e-302	-1762.93
46200	1.16658e-302	-1537.96
46300	1.16658e-302	-1963.49
46400	1.16658e-302	-595.332
46500	1.16658e-302	-870.571
46600	1.16658e-302	-941.428
46700	1.16658e-302	-1535.47
46800	1.16658e-302	-1276.77
46900	1.16658e-302	-589.503
47000	1.16658e-302	-782.532
47100	1.16658e-302	-1266.53
47200	1.16658e-302	-1646.39
47300	1.16658e-302	-846.709
47400	1.16658e-302	-1292.78
47500	1.16658e-302	-701.795
47600	1.16658e-302	-1009.35
47700	1.16658e-302	-768.97
47800	1.16658e-302	-1509.59
47900	1.16658e-302	-1554.23
48000	1.16658e-302	-1326.74
48100	1.16658e-302	-759.199
48200	1.16658e-302	-866.871
48300	1.16658e-302	-1264.18
48400	1.16658e-302	-1204.75
48500	1.16658e-302	-1244.44
48600	1.16658e-302	-1391.21
48700	1.16658e-302	-1076.16
48800	1.16658e-302	-871.416
48900	1.16658e-302	-724.501
49000	1.16658e-302	-714.098
49100	1.16658e-302	-1244.36
49200	1.16658e-302	-645.3
49300	1.16658e-302	-1533.13
49400	1.16658e-302	-907.447
49500	1.16658e-302	-484.655
49600	1.16658e-302	-1267.89
49700	1.16658e-302	-981.047
49800	1.16658e-302	-1445.28
49900	1.16658e-302	-1030
50000	1.16658e-302	-1127.95
