state	power	likelihood
2600	0.903921	-6.96087
2700	0.903921	-6.96087
2800	0.903921	-6.96087
2900	0.903921	-6.96087
3000	0.903921	-6.96087
3100	0.903921	-6.96087
3200	0.903921	-6.96087
3300	0.903921	-6.96087
3400	0.903921	-7.15293
3500	0.903921	-7.15293
3600	0.903921	-7.15293
3700	0.903921	-7.15293
3800	0.903921	-7.15293
3900	0.903921	-7.15293
4000	0.903921	-7.15293
4100	0.903921	-7.15293
4200	0.903921	-8.15561
4300	0.903921	-8.15561
4400	0.903921	-8.15561
4500	0.903921	-8.15561
4600	0.903921	-8.15561
4700	0.903921	-8.15561
4800	0.903921	-8.15561
4900	0.903921	-8.15561
5000	0.903921	-14.3646
5100	0.903921	-14.9431
5200	0.903921	-12.969
5300	0.903921	-12.969
5400	0.903921	-15.9884
5500	0.903921	-15.374
5600	0.903921	-12.4474
5700	0.903921	-12.234
5800	0.903921	-14.9497
5900	0.903921	-13.8705
6000	0.903921	-14.4478
6100	0.903921	-15.1819
6200	0.903921	-13.107
6300	0.903921	-14.3017
6400	0.903921	-13.7043
6500	0.903921	-15.0672
6600	0.903921	-14.9524
6700	0.903921	-15.0851
6800	0.903921	-13.8033
6900	0.903921	-7.96228
7000	0.903921	-7.96228
7100	0.903921	-7.96228
7200	0.903921	-7.96228
7300	0.903921	-7.96228
7400	0.903921	-7.96228
7500	0.903921	-15.2206
7600	0.903921	-15.2206
7700	0.903921	-15.6435
7800	0.903921	-12.6017
7900	0.903921	-12.6017
8000	0.903921	-12.6017
8100	0.903921	-12.2899
8200	0.903921	-12.2899
8300	0.903921	-12.2899
8400	0.903921	-14.0081
8500	0.903921	-14.0081
8600	0.903921	-14.6824
8700	0.903921	-14.718
8800	0.903921	-14.718
8900	0.903921	-14.8477
9000	0.903921	-14.4373
9100	0.903921	-10.5693
9200	0.903921	-10.5693
9300	0.903921	-10.5693
9400	0.903921	-8.62243
9500	0.903921	-8.62243
9600	0.903921	-8.62243
9700	0.903921	-8.62243
9800	0.903921	-8.62243
9900	0.903921	-8.15071
10000	0.903921	-8.22178
