state	power	likelihood
12600	3.2768e-06	-796.218
12700	3.2768e-06	-1345.62
12800	3.2768e-06	-1119.36
12900	3.2768e-06	-654.505
13000	3.2768e-06	-1206.4
13100	3.2768e-06	-1175.86
13200	3.2768e-06	-660.366
13300	3.2768e-06	-1357.3
13400	3.2768e-06	-1329.12
13500	3.2768e-06	-613.123
13600	3.2768e-06	-1105.5
13700	3.2768e-06	-728.158
13800	3.2768e-06	-1513.92
13900	3.2768e-06	-898.222
14000	3.2768e-06	-1323.92
14100	3.2768e-06	-1069.71
14200	3.2768e-06	-870.045
14300	3.2768e-06	-1094.96
14400	3.2768e-06	-1168.11
14500	3.2768e-06	-1446.62
14600	3.2768e-06	-745.798
14700	3.2768e-06	-1305.85
14800	3.2768e-06	-977.316
14900	3.2768e-06	-740.346
15000	3.2768e-06	-1042.61
15100	3.2768e-06	-1759.55
15200	3.2768e-06	-864.504
15300	3.2768e-06	-1060.2
15400	3.2768e-06	-871.776
15500	3.2768e-06	-471.295
15600	3.2768e-06	-752.898
15700	3.2768e-06	-485.338
15800	3.2768e-06	-673.967
15900	3.2768e-06	-658.845
16000	3.2768e-06	-743.957
16100	3.2768e-06	-1801.69
16200	3.2768e-06	-532.746
16300	3.2768e-06	-510.423
16400	3.2768e-06	-600.504
16500	3.2768e-06	-1290.18
16600	3.2768e-06	-1104.74
16700	3.2768e-06	-1197.14
16800	3.2768e-06	-814.465
16900	3.2768e-06	-993.056
17000	3.2768e-06	-1507.55
17100	3.2768e-06	-1207
17200	3.2768e-06	-1079.2
17300	3.2768e-06	-1118.15
17400	3.2768e-06	-812.872
17500	3.2768e-06	-1071.14
17600	3.2768e-06	-815.581
17700	3.2768e-06	-1111.82
17800	3.2768e-06	-571.359
17900	3.2768e-06	-1369.95
18000	3.2768e-06	-2201.77
18100	3.2768e-06	-984.422
18200	3.2768e-06	-433.761
18300	3.2768e-06	-848.528
18400	3.2768e-06	-1348.86
18500	3.2768e-06	-913.768
18600	3.2768e-06	-587.605
18700	3.2768e-06	-1619.76
18800	3.2768e-06	-699.547
18900	3.2768e-06	-1085.81
19000	3.2768e-06	-650.345
19100	3.2768e-06	-1149.55
19200	3.2768e-06	-447.958
19300	3.2768e-06	-1263.34
19400	3.2768e-06	-795.431
19500	3.2768e-06	-763.297
19600	3.2768e-06	-836.343
19700	3.2768e-06	-1056.41
19800	3.2768e-06	-665.69
19900	3.2768e-06	-669.324
20000	3.2768e-06	-1405.47
20100	3.2768e-06	-1697.9
20200	3.2768e-06	-916.121
20300	3.2768e-06	-662.487
20400	3.2768e-06	-1534.6
20500	3.2768e-06	-848.56
20600	3.2768e-06	-983.918
20700	3.2768e-06	-1447.01
20800	3.2768e-06	-984.862
20900	3.2768e-06	-767.941
21000	3.2768e-06	-1113.97
21100	3.2768e-06	-908.3
21200	3.2768e-06	-1473.18
21300	3.2768e-06	-710.612
21400	3.2768e-06	-1158.48
21500	3.2768e-06	-489.221
21600	3.2768e-06	-1625.25
21700	3.2768e-06	-2009.1
21800	3.2768e-06	-704.515
21900	3.2768e-06	-977.401
22000	3.2768e-06	-925.274
22100	3.2768e-06	-1295.55
22200	3.2768e-06	-1146.4
22300	3.2768e-06	-873.034
22400	3.2768e-06	-723.54
22500	3.2768e-06	-1526.37
22600	3.2768e-06	-1188.14
22700	3.2768e-06	-1686.45
22800	3.2768e-06	-1063.34
22900	3.2768e-06	-637.896
23000	3.2768e-06	-859.841
23100	3.2768e-06	-931.829
23200	3.2768e-06	-1184.85
23300	3.2768e-06	-685.162
23400	3.2768e-06	-1471.68
23500	3.2768e-06	-1340.62
23600	3.2768e-06	-941.967
23700	3.2768e-06	-1681.9
23800	3.2768e-06	-1000.97
23900	3.2768e-06	-1016.3
24000	3.2768e-06	-1553.17
24100	3.2768e-06	-775.951
24200	3.2768e-06	-675.722
24300	3.2768e-06	-698.405
24400	3.2768e-06	-685.964
24500	3.2768e-06	-894.159
24600	3.2768e-06	-716.459
24700	3.2768e-06	-1797.05
24800	3.2768e-06	-1562.28
24900	3.2768e-06	-1218.15
25000	3.2768e-06	-453.38
25100	3.2768e-06	-1245.29
25200	3.2768e-06	-531.829
25300	3.2768e-06	-523.183
25400	3.2768e-06	-1225.17
25500	3.2768e-06	-927.529
25600	3.2768e-06	-982.679
25700	3.2768e-06	-952.503
25800	3.2768e-06	-1008.26
25900	3.2768e-06	-659.159
26000	3.2768e-06	-557.076
26100	3.2768e-06	-1527.42
26200	3.2768e-06	-1389.33
26300	3.2768e-06	-1144.5
26400	3.2768e-06	-1138.03
26500	3.2768e-06	-1397.43
26600	3.2768e-06	-1286.56
26700	3.2768e-06	-1117.28
26800	3.2768e-06	-951.753
26900	3.2768e-06	-1258.93
27000	3.2768e-06	-902.022
27100	3.2768e-06	-2390.17
27200	3.2768e-06	-928.978
27300	3.2768e-06	-416.315
27400	3.2768e-06	-1062.76
27500	3.2768e-06	-1224.35
27600	3.2768e-06	-1825.24
27700	3.2768e-06	-664.386
27800	3.2768e-06	-1523.55
27900	3.2768e-06	-878.169
28000	3.2768e-06	-584.578
28100	3.2768e-06	-798.308
28200	3.2768e-06	-818.86
28300	3.2768e-06	-1346.86
28400	3.2768e-06	-1658.85
28500	3.2768e-06	-1175.13
28600	3.2768e-06	-1320.85
28700	3.2768e-06	-899.479
28800	3.2768e-06	-3014.53
28900	3.2768e-06	-820.264
29000	3.2768e-06	-927.037
29100	3.2768e-06	-972.411
29200	3.2768e-06	-1022.76
29300	3.2768e-06	-817.687
29400	3.2768e-06	-1009.7
29500	3.2768e-06	-1783.44
29600	3.2768e-06	-1127.3
29700	3.2768e-06	-1329.2
29800	3.2768e-06	-1878.52
29900	3.2768e-06	-1410.35
30000	3.2768e-06	-856.019
30100	3.2768e-06	-895.982
30200	3.2768e-06	-1300.08
30300	3.2768e-06	-858.617
30400	3.2768e-06	-634.778
30500	3.2768e-06	-1550.56
30600	3.2768e-06	-1035.58
30700	3.2768e-06	-749.104
30800	3.2768e-06	-1061.48
30900	3.2768e-06	-983.352
31000	3.2768e-06	-750.553
31100	3.2768e-06	-1888.15
31200	3.2768e-06	-837.671
31300	3.2768e-06	-565.164
31400	3.2768e-06	-698.659
31500	3.2768e-06	-956.905
31600	3.2768e-06	-1264.76
31700	3.2768e-06	-879.359
31800	3.2768e-06	-1056.11
31900	3.2768e-06	-645.748
32000	3.2768e-06	-1126.05
32100	3.2768e-06	-1267.12
32200	3.2768e-06	-876.464
32300	3.2768e-06	-1128.76
32400	3.2768e-06	-756.186
32500	3.2768e-06	-1615.54
32600	3.2768e-06	-480.259
32700	3.2768e-06	-833.543
32800	3.2768e-06	-1247.19
32900	3.2768e-06	-844.821
33000	3.2768e-06	-1188.51
33100	3.2768e-06	-667.435
33200	3.2768e-06	-642.328
33300	3.2768e-06	-584.264
33400	3.2768e-06	-750.283
33500	3.2768e-06	-1014.77
33600	3.2768e-06	-1023.08
33700	3.2768e-06	-1113.41
33800	3.2768e-06	-766.036
33900	3.2768e-06	-735.058
34000	3.2768e-06	-1680.58
34100	3.2768e-06	-583.609
34200	3.2768e-06	-1205.1
34300	3.2768e-06	-602.499
34400	3.2768e-06	-720.278
34500	3.2768e-06	-1150.07
34600	3.2768e-06	-1156.87
34700	3.2768e-06	-866.786
34800	3.2768e-06	-777.257
34900	3.2768e-06	-456.632
35000	3.2768e-06	-867.301
35100	3.2768e-06	-903.508
35200	3.2768e-06	-781.375
35300	3.2768e-06	-821.26
35400	3.2768e-06	-654.685
35500	3.2768e-06	-894.004
35600	3.2768e-06	-537.505
35700	3.2768e-06	-1009.84
35800	3.2768e-06	-1016.4
35900	3.2768e-06	-1410.38
36000	3.2768e-06	-482.183
36100	3.2768e-06	-1190.09
36200	3.2768e-06	-796.494
36300	3.2768e-06	-753.96
36400	3.2768e-06	-520.895
36500	3.2768e-06	-646.522
36600	3.2768e-06	-935.499
36700	3.2768e-06	-2330.34
36800	3.2768e-06	-3147.22
36900	3.2768e-06	-578.568
37000	3.2768e-06	-1660.02
37100	3.2768e-06	-1560.18
37200	3.2768e-06	-574.388
37300	3.2768e-06	-1049.49
37400	3.2768e-06	-761.738
37500	3.2768e-06	-627.795
37600	3.2768e-06	-775.525
37700	3.2768e-06	-647.989
37800	3.2768e-06	-1022.53
37900	3.2768e-06	-479.333
38000	3.2768e-06	-1242.17
38100	3.2768e-06	-1408.71
38200	3.2768e-06	-1267.54
38300	3.2768e-06	-531.988
38400	3.2768e-06	-1280.55
38500	3.2768e-06	-862.543
38600	3.2768e-06	-877.502
38700	3.2768e-06	-1625.62
38800	3.2768e-06	-1815.45
38900	3.2768e-06	-1823.49
39000	3.2768e-06	-1168.36
39100	3.2768e-06	-745.473
39200	3.2768e-06	-1062.22
39300	3.2768e-06	-1009.69
39400	3.2768e-06	-1184.29
39500	3.2768e-06	-1890.12
39600	3.2768e-06	-1480.63
39700	3.2768e-06	-1140.44
39800	3.2768e-06	-614.323
39900	3.2768e-06	-729.991
40000	3.2768e-06	-1761.64
40100	3.2768e-06	-2012.47
40200	3.2768e-06	-1694.67
40300	3.2768e-06	-688.115
40400	3.2768e-06	-984.122
40500	3.2768e-06	-987.883
40600	3.2768e-06	-806.351
40700	3.2768e-06	-1269.32
40800	3.2768e-06	-1130.36
40900	3.2768e-06	-605.657
41000	3.2768e-06	-1721.82
41100	3.2768e-06	-1284.28
41200	3.2768e-06	-1148.21
41300	3.2768e-06	-552.316
41400	3.2768e-06	-1275.19
41500	3.2768e-06	-784.63
41600	3.2768e-06	-862.988
41700	3.2768e-06	-679.03
41800	3.2768e-06	-903.656
41900	3.2768e-06	-982.528
42000	3.2768e-06	-2238.02
42100	3.2768e-06	-834.943
42200	3.2768e-06	-904.452
42300	3.2768e-06	-949.421
42400	3.2768e-06	-996.916
42500	3.2768e-06	-694.051
42600	3.2768e-06	-1019.48
42700	3.2768e-06	-604.971
42800	3.2768e-06	-666.895
42900	3.2768e-06	-1007.99
43000	3.2768e-06	-690.171
43100	3.2768e-06	-701.214
43200	3.2768e-06	-633.716
43300	3.2768e-06	-948.227
43400	3.2768e-06	-1672.99
43500	3.2768e-06	-656.405
43600	3.2768e-06	-2593.77
43700	3.2768e-06	-534.708
43800	3.2768e-06	-979.699
43900	3.2768e-06	-1623.39
44000	3.2768e-06	-1656.56
44100	3.2768e-06	-1449
44200	3.2768e-06	-955.239
44300	3.2768e-06	-568.095
44400	3.2768e-06	-1160.15
44500	3.2768e-06	-835.669
44600	3.2768e-06	-1301.66
44700	3.2768e-06	-1458.46
44800	3.2768e-06	-921.414
44900	3.2768e-06	-810.035
45000	3.2768e-06	-1253.79
45100	3.2768e-06	-1060.15
45200	3.2768e-06	-1267.99
45300	3.2768e-06	-659.519
45400	3.2768e-06	-1053.12
45500	3.2768e-06	-1446.02
45600	3.2768e-06	-802.87
45700	3.2768e-06	-951.259
45800	3.2768e-06	-625.799
45900	3.2768e-06	-1431.9
46000	3.2768e-06	-596.849
46100	3.2768e-06	-896.874
46200	3.2768e-06	-913.896
46300	3.2768e-06	-981.24
46400	3.2768e-06	-1448.04
46500	3.2768e-06	-1338.85
46600	3.2768e-06	-975.017
46700	3.2768e-06	-1372.37
46800	3.2768e-06	-2030.25
46900	3.2768e-06	-1300.76
47000	3.2768e-06	-2149.98
47100	3.2768e-06	-721.761
47200	3.2768e-06	-1166.31
47300	3.2768e-06	-937.186
47400	3.2768e-06	-871.053
47500	3.2768e-06	-670.712
47600	3.2768e-06	-623.472
47700	3.2768e-06	-637.004
47800	3.2768e-06	-945.087
47900	3.2768e-06	-1146.91
48000	3.2768e-06	-1033.77
48100	3.2768e-06	-657.489
48200	3.2768e-06	-1111.38
48300	3.2768e-06	-1119.35
48400	3.2768e-06	-1154.96
48500	3.2768e-06	-892.177
48600	3.2768e-06	-827.055
48700	3.2768e-06	-1030.99
48800	3.2768e-06	-892.645
48900	3.2768e-06	-1000.77
49000	3.2768e-06	-801.579
49100	3.2768e-06	-829.13
49200	3.2768e-06	-539.982
49300	3.2768e-06	-1138.74
49400	3.2768e-06	-1170.35
49500	3.2768e-06	-940.118
49600	3.2768e-06	-1494.33
49700	3.2768e-06	-861.226
49800	3.2768e-06	-925.677
49900	3.2768e-06	-1313.24
50000	3.2768e-06	-883.111
