state	power	likelihood
12600	0.01024	-815.717
12700	0.01024	-460.193
12800	0.01024	-536.944
12900	0.01024	-688.275
13000	0.01024	-501.78
13100	0.01024	-596.113
13200	0.01024	-848.492
13300	0.01024	-683.602
13400	0.01024	-562.04
13500	0.01024	-573.981
13600	0.01024	-685.877
13700	0.01024	-831.857
13800	0.01024	-502.954
13900	0.01024	-507.291
14000	0.01024	-618.759
14100	0.01024	-485.069
14200	0.01024	-397.238
14300	0.01024	-684.158
14400	0.01024	-550.983
14500	0.01024	-431.356
14600	0.01024	-581.084
14700	0.01024	-555.462
14800	0.01024	-436.571
14900	0.01024	-501.538
15000	0.01024	-427.092
15100	0.01024	-496.79
15200	0.01024	-418.783
15300	0.01024	-614.329
15400	0.01024	-585.757
15500	0.01024	-635.431
15600	0.01024	-385.561
15700	0.01024	-540.076
15800	0.01024	-599.636
15900	0.01024	-739.031
16000	0.01024	-509.632
16100	0.01024	-509.658
16200	0.01024	-726.986
16300	0.01024	-643.095
16400	0.01024	-567.204
16500	0.01024	-572.988
16600	0.01024	-402.567
16700	0.01024	-574.687
16800	0.01024	-746.368
16900	0.01024	-550.118
17000	0.01024	-800.674
17100	0.01024	-636.288
17200	0.01024	-779.442
17300	0.01024	-684.574
17400	0.01024	-407.633
17500	0.01024	-995.818
17600	0.01024	-679.275
17700	0.01024	-724.752
17800	0.01024	-644.261
17900	0.01024	-591.494
18000	0.01024	-583.87
18100	0.01024	-518.998
18200	0.01024	-555.288
18300	0.01024	-382.367
18400	0.01024	-607.163
18500	0.01024	-474.93
18600	0.01024	-398.117
18700	0.01024	-480.889
18800	0.01024	-390.953
18900	0.01024	-585.869
19000	0.01024	-600.772
19100	0.01024	-525.632
19200	0.01024	-491.688
19300	0.01024	-462.947
19400	0.01024	-684.682
19500	0.01024	-649.251
19600	0.01024	-509.983
19700	0.01024	-676.161
19800	0.01024	-615.357
19900	0.01024	-646.111
20000	0.01024	-375.83
20100	0.01024	-465.914
20200	0.01024	-406.185
20300	0.01024	-540.53
20400	0.01024	-528.705
20500	0.01024	-709.563
20600	0.01024	-636.83
20700	0.01024	-593.264
20800	0.01024	-853.466
20900	0.01024	-704.461
21000	0.01024	-537.241
21100	0.01024	-456.438
21200	0.01024	-768.27
21300	0.01024	-525.401
21400	0.01024	-893.149
21500	0.01024	-609.504
21600	0.01024	-437.507
21700	0.01024	-591.735
21800	0.01024	-726.418
21900	0.01024	-817.424
22000	0.01024	-646.334
22100	0.01024	-561.488
22200	0.01024	-721.029
22300	0.01024	-559.186
22400	0.01024	-480.784
22500	0.01024	-475.932
22600	0.01024	-654.069
22700	0.01024	-503.506
22800	0.01024	-960.072
22900	0.01024	-688.854
23000	0.01024	-690.3
23100	0.01024	-633.366
23200	0.01024	-431.479
23300	0.01024	-612.524
23400	0.01024	-607.148
23500	0.01024	-663.372
23600	0.01024	-553.63
23700	0.01024	-746.075
23800	0.01024	-643.603
23900	0.01024	-583.318
24000	0.01024	-538.017
24100	0.01024	-620.473
24200	0.01024	-583.511
24300	0.01024	-478.242
24400	0.01024	-485.625
24500	0.01024	-472.84
24600	0.01024	-718.215
24700	0.01024	-470.099
24800	0.01024	-776.496
24900	0.01024	-661.222
25000	0.01024	-439.703
25100	0.01024	-446.941
25200	0.01024	-616.665
25300	0.01024	-539.499
25400	0.01024	-454.739
25500	0.01024	-439.617
25600	0.01024	-586.712
25700	0.01024	-537.635
25800	0.01024	-915.171
25900	0.01024	-604.197
26000	0.01024	-482.095
26100	0.01024	-573.559
26200	0.01024	-484.466
26300	0.01024	-453.977
26400	0.01024	-518.291
26500	0.01024	-754.466
26600	0.01024	-604.853
26700	0.01024	-560.532
26800	0.01024	-827.482
26900	0.01024	-942.287
27000	0.01024	-531.278
27100	0.01024	-568.351
27200	0.01024	-537.401
27300	0.01024	-551.238
27400	0.01024	-582.759
27500	0.01024	-642.344
27600	0.01024	-498.422
27700	0.01024	-759.158
27800	0.01024	-763.2
27900	0.01024	-676.153
28000	0.01024	-527.281
28100	0.01024	-430.685
28200	0.01024	-577.45
28300	0.01024	-496.09
28400	0.01024	-450.506
28500	0.01024	-501.768
28600	0.01024	-501.982
28700	0.01024	-756.677
28800	0.01024	-565.402
28900	0.01024	-600.152
29000	0.01024	-570.072
29100	0.01024	-550.555
29200	0.01024	-568.47
29300	0.01024	-514.43
29400	0.01024	-602.058
29500	0.01024	-442.768
29600	0.01024	-387.123
29700	0.01024	-758.881
29800	0.01024	-476.722
29900	0.01024	-592.967
30000	0.01024	-418.252
30100	0.01024	-759.325
30200	0.01024	-612.683
30300	0.01024	-522.81
30400	0.01024	-622.016
30500	0.01024	-418.021
30600	0.01024	-685.026
30700	0.01024	-411.992
30800	0.01024	-573.357
30900	0.01024	-532.221
31000	0.01024	-515.615
31100	0.01024	-573.709
31200	0.01024	-528.683
31300	0.01024	-447.531
31400	0.01024	-386.1
31500	0.01024	-662.677
31600	0.01024	-746.098
31700	0.01024	-610.296
31800	0.01024	-651.829
31900	0.01024	-524.668
32000	0.01024	-623.341
32100	0.01024	-584.638
32200	0.01024	-569.69
32300	0.01024	-504.703
32400	0.01024	-398.735
32500	0.01024	-629.473
32600	0.01024	-483.962
32700	0.01024	-927.591
32800	0.01024	-500.431
32900	0.01024	-490.524
33000	0.01024	-405.941
33100	0.01024	-543.203
33200	0.01024	-595.117
33300	0.01024	-716.685
33400	0.01024	-614.142
33500	0.01024	-469.601
33600	0.01024	-720.512
33700	0.01024	-513.832
33800	0.01024	-544.102
33900	0.01024	-721.318
34000	0.01024	-644.824
34100	0.01024	-748.539
34200	0.01024	-602.66
34300	0.01024	-679.801
34400	0.01024	-520.828
34500	0.01024	-430.902
34600	0.01024	-610.138
34700	0.01024	-378.469
34800	0.01024	-542.088
34900	0.01024	-406.571
35000	0.01024	-540.142
35100	0.01024	-530.545
35200	0.01024	-565.682
35300	0.01024	-498.073
35400	0.01024	-640.778
35500	0.01024	-517.404
35600	0.01024	-452.449
35700	0.01024	-387.526
35800	0.01024	-492.591
35900	0.01024	-590.819
36000	0.01024	-682.931
36100	0.01024	-603.287
36200	0.01024	-551.7
36300	0.01024	-703.061
36400	0.01024	-687.25
36500	0.01024	-683.238
36600	0.01024	-705.508
36700	0.01024	-820.561
36800	0.01024	-549.866
36900	0.01024	-568.005
37000	0.01024	-1031.09
37100	0.01024	-690.436
37200	0.01024	-673.063
37300	0.01024	-809.953
37400	0.01024	-731.173
37500	0.01024	-515.66
37600	0.01024	-420.646
37700	0.01024	-410.625
37800	0.01024	-802.006
37900	0.01024	-480.069
38000	0.01024	-592.132
38100	0.01024	-546.459
38200	0.01024	-456.083
38300	0.01024	-548.312
38400	0.01024	-830.087
38500	0.01024	-628.427
38600	0.01024	-397.342
38700	0.01024	-527.992
38800	0.01024	-402.814
38900	0.01024	-491.119
39000	0.01024	-568.934
39100	0.01024	-492.594
39200	0.01024	-464.817
39300	0.01024	-540.931
39400	0.01024	-651.473
39500	0.01024	-847.572
39600	0.01024	-879.693
39700	0.01024	-558.228
39800	0.01024	-614.832
39900	0.01024	-606.867
40000	0.01024	-438.727
40100	0.01024	-410.584
40200	0.01024	-441.921
40300	0.01024	-504.464
40400	0.01024	-574.71
40500	0.01024	-439.207
40600	0.01024	-590.109
40700	0.01024	-509.484
40800	0.01024	-647.423
40900	0.01024	-469.472
41000	0.01024	-502.439
41100	0.01024	-597.81
41200	0.01024	-524.638
41300	0.01024	-567.968
41400	0.01024	-643.069
41500	0.01024	-619.633
41600	0.01024	-473.969
41700	0.01024	-526.381
41800	0.01024	-520.28
41900	0.01024	-632.212
42000	0.01024	-501.558
42100	0.01024	-466.739
42200	0.01024	-752.147
42300	0.01024	-524.754
42400	0.01024	-566.577
42500	0.01024	-614.829
42600	0.01024	-462.376
42700	0.01024	-533.705
42800	0.01024	-1178.52
42900	0.01024	-477.294
43000	0.01024	-492.047
43100	0.01024	-414.439
43200	0.01024	-613.072
43300	0.01024	-553.139
43400	0.01024	-472.874
43500	0.01024	-544.007
43600	0.01024	-524.441
43700	0.01024	-522.913
43800	0.01024	-537.169
43900	0.01024	-570.158
44000	0.01024	-813.968
44100	0.01024	-565.958
44200	0.01024	-841.634
44300	0.01024	-492.468
44400	0.01024	-527.748
44500	0.01024	-738.132
44600	0.01024	-528.917
44700	0.01024	-726.571
44800	0.01024	-495.092
44900	0.01024	-636.652
45000	0.01024	-678.321
45100	0.01024	-560.201
45200	0.01024	-527.839
45300	0.01024	-417.615
45400	0.01024	-515.504
45500	0.01024	-568.778
45600	0.01024	-504.323
45700	0.01024	-658.782
45800	0.01024	-500.289
45900	0.01024	-632.6
46000	0.01024	-464.014
46100	0.01024	-671.135
46200	0.01024	-422.776
46300	0.01024	-432.381
46400	0.01024	-483.228
46500	0.01024	-547.131
46600	0.01024	-402.15
46700	0.01024	-532.435
46800	0.01024	-544.077
46900	0.01024	-435.855
47000	0.01024	-814.918
47100	0.01024	-636.424
47200	0.01024	-517.93
47300	0.01024	-874.979
47400	0.01024	-724.551
47500	0.01024	-376.42
47600	0.01024	-547.725
47700	0.01024	-539.281
47800	0.01024	-555.648
47900	0.01024	-610.283
48000	0.01024	-594.98
48100	0.01024	-583.265
48200	0.01024	-497.178
48300	0.01024	-498.095
48400	0.01024	-574.828
48500	0.01024	-509.882
48600	0.01024	-491.424
48700	0.01024	-797.816
48800	0.01024	-627.846
48900	0.01024	-604.79
49000	0.01024	-457.947
49100	0.01024	-668.764
49200	0.01024	-528.811
49300	0.01024	-431.741
49400	0.01024	-633.581
49500	0.01024	-435.259
49600	0.01024	-667.616
49700	0.01024	-424.283
49800	0.01024	-468.732
49900	0.01024	-559.669
50000	0.01024	-578.138
