state	power	likelihood
12600	0.193492	-236.605
12700	0.193492	-235.917
12800	0.193492	-242.162
12900	0.193492	-236.142
13000	0.193492	-238.199
13100	0.193492	-235.706
13200	0.193492	-244.557
13300	0.193492	-236.627
13400	0.193492	-231.732
13500	0.193492	-233.97
13600	0.193492	-235.662
13700	0.193492	-234.685
13800	0.193492	-237.249
13900	0.193492	-234.81
14000	0.193492	-238.624
14100	0.193492	-236.681
14200	0.193492	-234.09
14300	0.193492	-234.173
14400	0.193492	-237.63
14500	0.193492	-235.255
14600	0.193492	-234.938
14700	0.193492	-232.352
14800	0.193492	-239.962
14900	0.193492	-234.4
15000	0.193492	-233.977
15100	0.193492	-243.285
15200	0.193492	-242.161
15300	0.193492	-234.268
15400	0.193492	-236.184
15500	0.193492	-241.643
15600	0.193492	-237.161
15700	0.193492	-233.104
15800	0.193492	-231.546
15900	0.193492	-231.526
16000	0.193492	-232.264
16100	0.193492	-236.169
16200	0.193492	-235.463
16300	0.193492	-240.035
16400	0.193492	-237.483
16500	0.193492	-236.98
16600	0.193492	-238.706
16700	0.193492	-238.367
16800	0.193492	-232.937
16900	0.193492	-239.761
17000	0.193492	-234.574
17100	0.193492	-239.129
17200	0.193492	-251.047
17300	0.193492	-235.768
17400	0.193492	-238.914
17500	0.193492	-248.232
17600	0.193492	-238.444
17700	0.193492	-234.984
17800	0.193492	-245.416
17900	0.193492	-235.504
18000	0.193492	-235.294
18100	0.193492	-256.164
18200	0.193492	-237.422
18300	0.193492	-242.242
18400	0.193492	-233.904
18500	0.193492	-232.518
18600	0.193492	-242.656
18700	0.193492	-234.013
18800	0.193492	-249.703
18900	0.193492	-238.422
19000	0.193492	-236.017
19100	0.193492	-236.569
19200	0.193492	-245.015
19300	0.193492	-246.201
19400	0.193492	-232.072
19500	0.193492	-235.926
19600	0.193492	-232.777
19700	0.193492	-241.781
19800	0.193492	-233.931
19900	0.193492	-233.929
20000	0.193492	-239.21
20100	0.193492	-236.345
20200	0.193492	-248.156
20300	0.193492	-233.746
20400	0.193492	-241.656
20500	0.193492	-240.096
20600	0.193492	-232.292
20700	0.193492	-235.707
20800	0.193492	-234.614
20900	0.193492	-232.881
21000	0.193492	-234.735
21100	0.193492	-238.496
21200	0.193492	-233.922
21300	0.193492	-232.621
21400	0.193492	-239.142
21500	0.193492	-234.486
21600	0.193492	-244.76
21700	0.193492	-232.534
21800	0.193492	-245.204
21900	0.193492	-242.593
22000	0.193492	-232.902
22100	0.193492	-240.346
22200	0.193492	-235.909
22300	0.193492	-239.301
22400	0.193492	-233.013
22500	0.193492	-236.528
22600	0.193492	-254.297
22700	0.193492	-235.101
22800	0.193492	-231.937
22900	0.193492	-239.025
23000	0.193492	-233.998
23100	0.193492	-232.907
23200	0.193492	-252.695
23300	0.193492	-248.526
23400	0.193492	-237.704
23500	0.193492	-233.056
23600	0.193492	-239.949
23700	0.193492	-236.374
23800	0.193492	-232.605
23900	0.193492	-232.799
24000	0.193492	-233.919
24100	0.193492	-233.294
24200	0.193492	-233.952
24300	0.193492	-246.177
24400	0.193492	-238.444
24500	0.193492	-233.413
24600	0.193492	-241.279
24700	0.193492	-236.272
24800	0.193492	-237.193
24900	0.193492	-234.305
25000	0.193492	-234.935
25100	0.193492	-237.079
25200	0.193492	-236.107
25300	0.193492	-236.547
25400	0.193492	-234.939
25500	0.193492	-236.007
25600	0.193492	-240.476
25700	0.193492	-241.542
25800	0.193492	-236.125
25900	0.193492	-234.464
26000	0.193492	-232.266
26100	0.193492	-232.346
26200	0.193492	-241.305
26300	0.193492	-236.115
26400	0.193492	-246.72
26500	0.193492	-237.98
26600	0.193492	-238.681
26700	0.193492	-238.401
26800	0.193492	-237.367
26900	0.193492	-239.294
27000	0.193492	-243.886
27100	0.193492	-237.954
27200	0.193492	-231.883
27300	0.193492	-238.47
27400	0.193492	-237.654
27500	0.193492	-237.461
27600	0.193492	-246.755
27700	0.193492	-241.758
27800	0.193492	-242.172
27900	0.193492	-237.593
28000	0.193492	-241.003
28100	0.193492	-238.08
28200	0.193492	-237.061
28300	0.193492	-239.876
28400	0.193492	-232.247
28500	0.193492	-236.51
28600	0.193492	-234.121
28700	0.193492	-235.451
28800	0.193492	-232.443
28900	0.193492	-237.427
29000	0.193492	-235.259
29100	0.193492	-232.789
29200	0.193492	-236.734
29300	0.193492	-231.79
29400	0.193492	-244.972
29500	0.193492	-242.995
29600	0.193492	-238.43
29700	0.193492	-232.402
29800	0.193492	-233.738
29900	0.193492	-247.023
30000	0.193492	-232.875
30100	0.193492	-243.487
30200	0.193492	-235.913
30300	0.193492	-235.291
30400	0.193492	-245.921
30500	0.193492	-236.633
30600	0.193492	-241.297
30700	0.193492	-240.547
30800	0.193492	-233.566
30900	0.193492	-246.824
31000	0.193492	-238.867
31100	0.193492	-232.079
31200	0.193492	-231.801
31300	0.193492	-237.867
31400	0.193492	-239.89
31500	0.193492	-248.493
31600	0.193492	-237.013
31700	0.193492	-234.603
31800	0.193492	-235.463
31900	0.193492	-232.099
32000	0.193492	-234.679
32100	0.193492	-235.287
32200	0.193492	-233.318
32300	0.193492	-247.078
32400	0.193492	-237.73
32500	0.193492	-233.756
32600	0.193492	-232.857
32700	0.193492	-234.805
32800	0.193492	-237.179
32900	0.193492	-231.907
33000	0.193492	-242.839
33100	0.193492	-231.557
33200	0.193492	-232.314
33300	0.193492	-231.571
33400	0.193492	-250.325
33500	0.193492	-232.934
33600	0.193492	-233.337
33700	0.193492	-233.677
33800	0.193492	-245.057
33900	0.193492	-231.846
34000	0.193492	-235.693
34100	0.193492	-232.945
34200	0.193492	-232.228
34300	0.193492	-234.082
34400	0.193492	-237.439
34500	0.193492	-237.953
34600	0.193492	-239.38
34700	0.193492	-236.076
34800	0.193492	-241.951
34900	0.193492	-233.644
35000	0.193492	-231.962
35100	0.193492	-238.647
35200	0.193492	-234.358
35300	0.193492	-234.09
35400	0.193492	-252.133
35500	0.193492	-240.713
35600	0.193492	-237.901
35700	0.193492	-252.946
35800	0.193492	-233.045
35900	0.193492	-236.983
36000	0.193492	-233.592
36100	0.193492	-243.359
36200	0.193492	-242.29
36300	0.193492	-239.12
36400	0.193492	-242.176
36500	0.193492	-237.329
36600	0.193492	-235.178
36700	0.193492	-251.79
36800	0.193492	-237.404
36900	0.193492	-237.211
37000	0.193492	-243.896
37100	0.193492	-233.723
37200	0.193492	-232.456
37300	0.193492	-245.203
37400	0.193492	-239.22
37500	0.193492	-234.23
37600	0.193492	-238.567
37700	0.193492	-236.048
37800	0.193492	-244.223
37900	0.193492	-239.575
38000	0.193492	-235.648
38100	0.193492	-246.087
38200	0.193492	-232.865
38300	0.193492	-237.727
38400	0.193492	-240.075
38500	0.193492	-235.833
38600	0.193492	-237.485
38700	0.193492	-236.408
38800	0.193492	-236.271
38900	0.193492	-234.211
39000	0.193492	-232.956
39100	0.193492	-244.11
39200	0.193492	-234.278
39300	0.193492	-237.371
39400	0.193492	-238.403
39500	0.193492	-233.775
39600	0.193492	-235.996
39700	0.193492	-237.898
39800	0.193492	-247.555
39900	0.193492	-242.31
40000	0.193492	-233.729
40100	0.193492	-247.512
40200	0.193492	-248.084
40300	0.193492	-249.202
40400	0.193492	-238.279
40500	0.193492	-233.165
40600	0.193492	-239.114
40700	0.193492	-233.733
40800	0.193492	-233.894
40900	0.193492	-242.174
41000	0.193492	-251.454
41100	0.193492	-232.437
41200	0.193492	-231.915
41300	0.193492	-245.484
41400	0.193492	-238.329
41500	0.193492	-235.54
41600	0.193492	-240.336
41700	0.193492	-245.28
41800	0.193492	-238.451
41900	0.193492	-237.864
42000	0.193492	-234.876
42100	0.193492	-241.901
42200	0.193492	-235.552
42300	0.193492	-232.166
42400	0.193492	-234.697
42500	0.193492	-234.568
42600	0.193492	-232.918
42700	0.193492	-232.711
42800	0.193492	-240.831
42900	0.193492	-237.551
43000	0.193492	-232.9
43100	0.193492	-235.241
43200	0.193492	-236.358
43300	0.193492	-243.664
43400	0.193492	-232.597
43500	0.193492	-235.604
43600	0.193492	-242.862
43700	0.193492	-240.302
43800	0.193492	-237.182
43900	0.193492	-241.602
44000	0.193492	-237.059
44100	0.193492	-234.941
44200	0.193492	-231.892
44300	0.193492	-237.783
44400	0.193492	-233.867
44500	0.193492	-234.384
44600	0.193492	-233.605
44700	0.193492	-234.544
44800	0.193492	-235.289
44900	0.193492	-233.512
45000	0.193492	-234.449
45100	0.193492	-233.591
45200	0.193492	-250.039
45300	0.193492	-237.825
45400	0.193492	-247.019
45500	0.193492	-233.758
45600	0.193492	-232.113
45700	0.193492	-234.878
45800	0.193492	-241.956
45900	0.193492	-238.641
46000	0.193492	-231.728
46100	0.193492	-236.218
46200	0.193492	-232.66
46300	0.193492	-237.56
46400	0.193492	-240.173
46500	0.193492	-233.037
46600	0.193492	-236.559
46700	0.193492	-241.744
46800	0.193492	-270.839
46900	0.193492	-236.15
47000	0.193492	-238.543
47100	0.193492	-233.376
47200	0.193492	-239.179
47300	0.193492	-233.641
47400	0.193492	-235.614
47500	0.193492	-242.947
47600	0.193492	-236.63
47700	0.193492	-238.9
47800	0.193492	-235.707
47900	0.193492	-232.529
48000	0.193492	-245.557
48100	0.193492	-234.131
48200	0.193492	-235.044
48300	0.193492	-239.129
48400	0.193492	-235.134
48500	0.193492	-240.201
48600	0.193492	-239.234
48700	0.193492	-235.704
48800	0.193492	-235.53
48900	0.193492	-249.796
49000	0.193492	-232.049
49100	0.193492	-233.973
49200	0.193492	-234.782
49300	0.193492	-233.912
49400	0.193492	-232.423
49500	0.193492	-233.45
49600	0.193492	-248.029
49700	0.193492	-232.94
49800	0.193492	-242.56
49900	0.193492	-249.264
50000	0.193492	-234.48
