state	power	likelihood
12600	1.16658e-302	-969.27
12700	1.16658e-302	-489.929
12800	1.16658e-302	-1284.72
12900	1.16658e-302	-812.564
13000	1.16658e-302	-1965.46
13100	1.16658e-302	-814.324
13200	1.16658e-302	-786.859
13300	1.16658e-302	-830.159
13400	1.16658e-302	-714.044
13500	1.16658e-302	-754.556
13600	1.16658e-302	-1687.94
13700	1.16658e-302	-1385.1
13800	1.16658e-302	-1800.73
13900	1.16658e-302	-792.832
14000	1.16658e-302	-991.622
14100	1.16658e-302	-499.864
14200	1.16658e-302	-1313.57
14300	1.16658e-302	-1744.08
14400	1.16658e-302	-1112.21
14500	1.16658e-302	-1058.92
14600	1.16658e-302	-987.784
14700	1.16658e-302	-824.394
14800	1.16658e-302	-598.887
14900	1.16658e-302	-967.543
15000	1.16658e-302	-1069.55
15100	1.16658e-302	-1195.43
15200	1.16658e-302	-758.499
15300	1.16658e-302	-700.37
15400	1.16658e-302	-759.31
15500	1.16658e-302	-1324.98
15600	1.16658e-302	-754.387
15700	1.16658e-302	-622.962
15800	1.16658e-302	-1300.9
15900	1.16658e-302	-1234.46
16000	1.16658e-302	-1560.56
16100	1.16658e-302	-582.503
16200	1.16658e-302	-1461.52
16300	1.16658e-302	-1134.6
16400	1.16658e-302	-1063.28
16500	1.16658e-302	-802.348
16600	1.16658e-302	-1077.94
16700	1.16658e-302	-888.184
16800	1.16658e-302	-898.323
16900	1.16658e-302	-923.419
17000	1.16658e-302	-789.015
17100	1.16658e-302	-1275.79
17200	1.16658e-302	-795.338
17300	1.16658e-302	-2516
17400	1.16658e-302	-962.701
17500	1.16658e-302	-1045.38
17600	1.16658e-302	-1067.03
17700	1.16658e-302	-1217.89
17800	1.16658e-302	-1044.85
17900	1.16658e-302	-1768.3
18000	1.16658e-302	-687.029
18100	1.16658e-302	-860.722
18200	1.16658e-302	-665.413
18300	1.16658e-302	-1142.47
18400	1.16658e-302	-765.372
18500	1.16658e-302	-1003.14
18600	1.16658e-302	-1026.5
18700	1.16658e-302	-761.619
18800	1.16658e-302	-930.955
18900	1.16658e-302	-1030.38
19000	1.16658e-302	-1287.65
19100	1.16658e-302	-991.934
19200	1.16658e-302	-989.86
19300	1.16658e-302	-1839.71
19400	1.16658e-302	-1061.55
19500	1.16658e-302	-1210.11
19600	1.16658e-302	-796.01
19700	1.16658e-302	-771.386
19800	1.16658e-302	-595.418
19900	1.16658e-302	-879.479
20000	1.16658e-302	-1252.63
20100	1.16658e-302	-436.555
20200	1.16658e-302	-888.147
20300	1.16658e-302	-2717.39
20400	1.16658e-302	-828.028
20500	1.16658e-302	-991.901
20600	1.16658e-302	-951.937
20700	1.16658e-302	-1842.26
20800	1.16658e-302	-834.275
20900	1.16658e-302	-798.715
21000	1.16658e-302	-676.952
21100	1.16658e-302	-1262.37
21200	1.16658e-302	-495.944
21300	1.16658e-302	-554.319
21400	1.16658e-302	-617.433
21500	1.16658e-302	-893.336
21600	1.16658e-302	-692.187
21700	1.16658e-302	-1295.03
21800	1.16658e-302	-832.815
21900	1.16658e-302	-1515.24
22000	1.16658e-302	-1014.26
22100	1.16658e-302	-1136.68
22200	1.16658e-302	-1153.46
22300	1.16658e-302	-740.863
22400	1.16658e-302	-973.101
22500	1.16658e-302	-1367.89
22600	1.16658e-302	-695.95
22700	1.16658e-302	-886.961
22800	1.16658e-302	-2178.35
22900	1.16658e-302	-921.536
23000	1.16658e-302	-1056.91
23100	1.16658e-302	-843.638
23200	1.16658e-302	-1192.99
23300	1.16658e-302	-873.39
23400	1.16658e-302	-1637.51
23500	1.16658e-302	-966.694
23600	1.16658e-302	-2076.7
23700	1.16658e-302	-1798.99
23800	1.16658e-302	-644.058
23900	1.16658e-302	-913.141
24000	1.16658e-302	-525.209
24100	1.16658e-302	-1696.74
24200	1.16658e-302	-908.551
24300	1.16658e-302	-749.835
24400	1.16658e-302	-591.295
24500	1.16658e-302	-1375.74
24600	1.16658e-302	-1515.52
24700	1.16658e-302	-1079.33
24800	1.16658e-302	-784.172
24900	1.16658e-302	-543.304
25000	1.16658e-302	-1242.86
25100	1.16658e-302	-882.009
25200	1.16658e-302	-655.455
25300	1.16658e-302	-1115.52
25400	1.16658e-302	-717.509
25500	1.16658e-302	-726.245
25600	1.16658e-302	-968.634
25700	1.16658e-302	-770.601
25800	1.16658e-302	-980.614
25900	1.16658e-302	-726.362
26000	1.16658e-302	-1091.45
26100	1.16658e-302	-1220.65
26200	1.16658e-302	-477.619
26300	1.16658e-302	-1261.23
26400	1.16658e-302	-1630.62
26500	1.16658e-302	-729.103
26600	1.16658e-302	-601.668
26700	1.16658e-302	-2042.81
26800	1.16658e-302	-792.448
26900	1.16658e-302	-761.882
27000	1.16658e-302	-896.346
27100	1.16658e-302	-1238.3
27200	1.16658e-302	-516.813
27300	1.16658e-302	-1484.78
27400	1.16658e-302	-1163.56
27500	1.16658e-302	-732.122
27600	1.16658e-302	-821.975
27700	1.16658e-302	-1506.51
27800	1.16658e-302	-1465.08
27900	1.16658e-302	-1001.28
28000	1.16658e-302	-905.333
28100	1.16658e-302	-1163.47
28200	1.16658e-302	-1570.21
28300	1.16658e-302	-700.233
28400	1.16658e-302	-716.103
28500	1.16658e-302	-1044.01
28600	1.16658e-302	-525.524
28700	1.16658e-302	-987.298
28800	1.16658e-302	-694.582
28900	1.16658e-302	-524.638
29000	1.16658e-302	-1642.56
29100	1.16658e-302	-706.751
29200	1.16658e-302	-587.914
29300	1.16658e-302	-1622.31
29400	1.16658e-302	-910.902
29500	1.16658e-302	-1053.67
29600	1.16658e-302	-576.345
29700	1.16658e-302	-578.981
29800	1.16658e-302	-1756.14
29900	1.16658e-302	-1312.15
30000	1.16658e-302	-992.259
30100	1.16658e-302	-800.853
30200	1.16658e-302	-670.603
30300	1.16658e-302	-614.939
30400	1.16658e-302	-1044.22
30500	1.16658e-302	-1012.81
30600	1.16658e-302	-706.419
30700	1.16658e-302	-1476.53
30800	1.16658e-302	-2439.33
30900	1.16658e-302	-1027.51
31000	1.16658e-302	-978.2
31100	1.16658e-302	-1594.7
31200	1.16658e-302	-1827.49
31300	1.16658e-302	-1272.45
31400	1.16658e-302	-1806.25
31500	1.16658e-302	-661.654
31600	1.16658e-302	-1065.17
31700	1.16658e-302	-929.285
31800	1.16658e-302	-1155.13
31900	1.16658e-302	-845.824
32000	1.16658e-302	-1006.89
32100	1.16658e-302	-1360.79
32200	1.16658e-302	-1250.29
32300	1.16658e-302	-1351.03
32400	1.16658e-302	-1667.77
32500	1.16658e-302	-1337.09
32600	1.16658e-302	-1769.56
32700	1.16658e-302	-728.703
32800	1.16658e-302	-1527.96
32900	1.16658e-302	-957.459
33000	1.16658e-302	-698.663
33100	1.16658e-302	-678.799
33200	1.16658e-302	-915.65
33300	1.16658e-302	-623.215
33400	1.16658e-302	-1137.07
33500	1.16658e-302	-2547.51
33600	1.16658e-302	-1065.1
33700	1.16658e-302	-853.781
33800	1.16658e-302	-1073.57
33900	1.16658e-302	-614.682
34000	1.16658e-302	-1051.79
34100	1.16658e-302	-702.264
34200	1.16658e-302	-1255.6
34300	1.16658e-302	-689.62
34400	1.16658e-302	-885.096
34500	1.16658e-302	-899.888
34600	1.16658e-302	-812.441
34700	1.16658e-302	-620.405
34800	1.16658e-302	-672.899
34900	1.16658e-302	-797.717
35000	1.16658e-302	-934.99
35100	1.16658e-302	-575.769
35200	1.16658e-302	-594.521
35300	1.16658e-302	-744.146
35400	1.16658e-302	-640.664
35500	1.16658e-302	-1043.68
35600	1.16658e-302	-1185.66
35700	1.16658e-302	-956.757
35800	1.16658e-302	-1102.93
35900	1.16658e-302	-1522.13
36000	1.16658e-302	-739.403
36100	1.16658e-302	-1030.74
36200	1.16658e-302	-945.406
36300	1.16658e-302	-937.848
36400	1.16658e-302	-1003.84
36500	1.16658e-302	-1823.5
36600	1.16658e-302	-956.241
36700	1.16658e-302	-734.678
36800	1.16658e-302	-1059.56
36900	1.16658e-302	-964.162
37000	1.16658e-302	-1032.46
37100	1.16658e-302	-1594.98
37200	1.16658e-302	-1265.66
37300	1.16658e-302	-621.729
37400	1.16658e-302	-1272.77
37500	1.16658e-302	-857.631
37600	1.16658e-302	-871.306
37700	1.16658e-302	-821.94
37800	1.16658e-302	-1041.35
37900	1.16658e-302	-642.921
38000	1.16658e-302	-974.768
38100	1.16658e-302	-766.835
38200	1.16658e-302	-859.668
38300	1.16658e-302	-2080.73
38400	1.16658e-302	-748.138
38500	1.16658e-302	-806.325
38600	1.16658e-302	-700.825
38700	1.16658e-302	-754.007
38800	1.16658e-302	-836.589
38900	1.16658e-302	-1417.71
39000	1.16658e-302	-881.952
39100	1.16658e-302	-1223.05
39200	1.16658e-302	-552.137
39300	1.16658e-302	-1053.74
39400	1.16658e-302	-1334.01
39500	1.16658e-302	-788.497
39600	1.16658e-302	-737.469
39700	1.16658e-302	-529.614
39800	1.16658e-302	-927.786
39900	1.16658e-302	-744.168
40000	1.16658e-302	-792.61
40100	1.16658e-302	-1120.32
40200	1.16658e-302	-1392.63
40300	1.16658e-302	-1376.35
40400	1.16658e-302	-988.405
40500	1.16658e-302	-1973.22
40600	1.16658e-302	-1846.34
40700	1.16658e-302	-1528.22
40800	1.16658e-302	-1066.57
40900	1.16658e-302	-1009.3
41000	1.16658e-302	-949.576
41100	1.16658e-302	-810.845
41200	1.16658e-302	-600.546
41300	1.16658e-302	-880.191
41400	1.16658e-302	-946.501
41500	1.16658e-302	-973.007
41600	1.16658e-302	-1126.27
41700	1.16658e-302	-760.187
41800	1.16658e-302	-1106.12
41900	1.16658e-302	-1151.95
42000	1.16658e-302	-932.3
42100	1.16658e-302	-624.503
42200	1.16658e-302	-2252.39
42300	1.16658e-302	-1221.67
42400	1.16658e-302	-1065.1
42500	1.16658e-302	-1271.94
42600	1.16658e-302	-777.136
42700	1.16658e-302	-1977.51
42800	1.16658e-302	-2118.9
42900	1.16658e-302	-974.139
43000	1.16658e-302	-1064.22
43100	1.16658e-302	-970.008
43200	1.16658e-302	-1977.48
43300	1.16658e-302	-1213.93
43400	1.16658e-302	-1275.72
43500	1.16658e-302	-1757.14
43600	1.16658e-302	-1396.13
43700	1.16658e-302	-723.002
43800	1.16658e-302	-1009.36
43900	1.16658e-302	-950.711
44000	1.16658e-302	-773.71
44100	1.16658e-302	-1052.82
44200	1.16658e-302	-1512.3
44300	1.16658e-302	-905.814
44400	1.16658e-302	-1596
44500	1.16658e-302	-1289.09
44600	1.16658e-302	-1000.14
44700	1.16658e-302	-577.343
44800	1.16658e-302	-663.618
44900	1.16658e-302	-771.594
45000	1.16658e-302	-820.684
45100	1.16658e-302	-1375.21
45200	1.16658e-302	-555.222
45300	1.16658e-302	-532.367
45400	1.16658e-302	-958.292
45500	1.16658e-302	-911.959
45600	1.16658e-302	-596.316
45700	1.16658e-302	-1040.02
45800	1.16658e-302	-1378.8
45900	1.16658e-302	-877.3
46000	1.16658e-302	-686.91
46100	1.16658e-302	-1186.51
46200	1.16658e-302	-654.485
46300	1.16658e-302	-618.927
46400	1.16658e-302	-624.468
46500	1.16658e-302	-790.792
46600	1.16658e-302	-750.211
46700	1.16658e-302	-514.074
46800	1.16658e-302	-701.582
46900	1.16658e-302	-1778.28
47000	1.16658e-302	-697.987
47100	1.16658e-302	-1778.17
47200	1.16658e-302	-1581.31
47300	1.16658e-302	-1111.7
47400	1.16658e-302	-876.726
47500	1.16658e-302	-1049.04
47600	1.16658e-302	-1451.58
47700	1.16658e-302	-744.398
47800	1.16658e-302	-619.667
47900	1.16658e-302	-806.265
48000	1.16658e-302	-1983.52
48100	1.16658e-302	-2138.06
48200	1.16658e-302	-1172.98
48300	1.16658e-302	-1998.06
48400	1.16658e-302	-1860.14
48500	1.16658e-302	-1353.31
48600	1.16658e-302	-1090.12
48700	1.16658e-302	-1365.22
48800	1.16658e-302	-772.743
48900	1.16658e-302	-1351.76
49000	1.16658e-302	-897.082
49100	1.16658e-302	-1162.37
49200	1.16658e-302	-302.251
49300	1.16658e-302	-912.195
49400	1.16658e-302	-1288.02
49500	1.16658e-302	-929.941
49600	1.16658e-302	-1311.72
49700	1.16658e-302	-570.437
49800	1.16658e-302	-1298.57
49900	1.16658e-302	-554.641
50000	1.16658e-302	-921.308
