state	power	likelihood
2600	1	-215.417
2700	1	-216.239
2800	1	-215.974
2900	1	-221.591
3000	1	-219.802
3100	1	-222.466
3200	1	-218.852
3300	1	-218.467
3400	1	-219.343
3500	1	-218.434
3600	1	-224.282
3700	1	-221.436
3800	1	-220.052
3900	1	-217.422
4000	1	-216.882
4100	1	-217.305
4200	1	-218.903
4300	1	-221.951
4400	1	-220.264
4500	1	-218.594
4600	1	-217.292
4700	1	-218.471
4800	1	-219.07
4900	1	-217.521
5000	1	-217.684
5100	1	-224.762
5200	1	-215.173
5300	1	-215.03
5400	1	-217.264
5500	1	-216.27
5600	1	-215.526
5700	1	-218.93
5800	1	-215.575
5900	1	-216.421
6000	1	-217.422
6100	1	-215.96
6200	1	-215.238
6300	1	-216.337
6400	1	-216.922
6500	1	-217.023
6600	1	-215.279
6700	1	-215.28
6800	1	-215.358
6900	1	-217.723
7000	1	-215.708
7100	1	-215.663
7200	1	-215.839
7300	1	-215.276
7400	1	-215.52
7500	1	-215.566
7600	1	-215.234
7700	1	-215.632
7800	1	-218.766
7900	1	-215.661
8000	1	-215.518
8100	1	-217.74
8200	1	-216.489
8300	1	-215.966
8400	1	-215.128
8500	1	-216.825
8600	1	-216.854
8700	1	-223.547
8800	1	-220.485
8900	1	-219.311
9000	1	-215.634
9100	1	-215.451
9200	1	-216.244
9300	1	-215.465
9400	1	-216.405
9500	1	-215.662
9600	1	-215.074
9700	1	-215.354
9800	1	-215.508
9900	1	-215.683
10000	1	-215.41
2600	0.903921	-217.761
2700	0.903921	-217.138
2800	0.903921	-224.162
2900	0.903921	-219.041
3000	0.903921	-218.539
3100	0.903921	-219.853
3200	0.903921	-217.594
3300	0.903921	-220.799
3400	0.903921	-223.064
3500	0.903921	-215.677
3600	0.903921	-216.277
3700	0.903921	-217.129
3800	0.903921	-216.115
3900	0.903921	-216.172
4000	0.903921	-216.75
4100	0.903921	-215.828
4200	0.903921	-215.286
4300	0.903921	-217.412
4400	0.903921	-217.001
4500	0.903921	-215.613
4600	0.903921	-218.884
4700	0.903921	-218.464
4800	0.903921	-215.041
4900	0.903921	-215.363
5000	0.903921	-215.473
5100	0.903921	-215.133
5200	0.903921	-216.439
5300	0.903921	-220.916
5400	0.903921	-221.674
5500	0.903921	-220.605
5600	0.903921	-219.635
5700	0.903921	-221.212
5800	0.903921	-220.241
5900	0.903921	-219.079
6000	0.903921	-216.529
6100	0.903921	-215.989
6200	0.903921	-215.665
6300	0.903921	-216.311
6400	0.903921	-215.714
6500	0.903921	-216.513
6600	0.903921	-218.949
6700	0.903921	-220.879
6800	0.903921	-225.978
6900	0.903921	-227.575
7000	0.903921	-224.778
7100	0.903921	-218.859
7200	0.903921	-215.574
7300	0.903921	-216.276
7400	0.903921	-215.011
7500	0.903921	-217.549
7600	0.903921	-224.137
7700	0.903921	-215.801
7800	0.903921	-215.09
7900	0.903921	-217.109
8000	0.903921	-218.089
8100	0.903921	-218.302
8200	0.903921	-215.636
8300	0.903921	-218.753
8400	0.903921	-218.261
8500	0.903921	-220.681
8600	0.903921	-216.901
8700	0.903921	-216.243
8800	0.903921	-218.088
8900	0.903921	-218.634
9000	0.903921	-217.431
9100	0.903921	-218.252
9200	0.903921	-219.247
9300	0.903921	-217.256
9400	0.903921	-220.145
9500	0.903921	-225.273
9600	0.903921	-225.75
9700	0.903921	-227.282
9800	0.903921	-217.236
9900	0.903921	-217.876
10000	0.903921	-217.578
2600	0.815373	-214.46
2700	0.815373	-217.002
2800	0.815373	-212.128
2900	0.815373	-212.221
3000	0.815373	-216.993
3100	0.815373	-217.938
3200	0.815373	-220.813
3300	0.815373	-218.549
3400	0.815373	-218.122
3500	0.815373	-218.375
3600	0.815373	-218.022
3700	0.815373	-220.177
3800	0.815373	-218.013
3900	0.815373	-218.664
4000	0.815373	-221.586
4100	0.815373	-224.83
4200	0.815373	-229.046
4300	0.815373	-225.16
4400	0.815373	-219.61
4500	0.815373	-218.634
4600	0.815373	-217.497
4700	0.815373	-217.696
4800	0.815373	-216.888
4900	0.815373	-218.384
5000	0.815373	-215.964
5100	0.815373	-215.887
5200	0.815373	-217.609
5300	0.815373	-217.125
5400	0.815373	-216.052
5500	0.815373	-215.234
5600	0.815373	-216.525
5700	0.815373	-215.817
5800	0.815373	-216.081
5900	0.815373	-215.287
6000	0.815373	-215.445
6100	0.815373	-218.134
6200	0.815373	-220.072
6300	0.815373	-216.635
6400	0.815373	-215.978
6500	0.815373	-219.024
6600	0.815373	-215.238
6700	0.815373	-215.93
6800	0.815373	-216.971
6900	0.815373	-215.733
7000	0.815373	-215.157
7100	0.815373	-219.05
7200	0.815373	-215.368
7300	0.815373	-219.103
7400	0.815373	-215.685
7500	0.815373	-215.493
7600	0.815373	-215.061
7700	0.815373	-218.504
7800	0.815373	-216.85
7900	0.815373	-215.708
8000	0.815373	-214.93
8100	0.815373	-216.25
8200	0.815373	-215.836
8300	0.815373	-218.343
8400	0.815373	-217.302
8500	0.815373	-217.126
8600	0.815373	-216.404
8700	0.815373	-216.266
8800	0.815373	-215.411
8900	0.815373	-216.049
9000	0.815373	-218.29
9100	0.815373	-216.616
9200	0.815373	-215.287
9300	0.815373	-215.435
9400	0.815373	-215.912
9500	0.815373	-215.497
9600	0.815373	-223.369
9700	0.815373	-221.743
9800	0.815373	-227.18
9900	0.815373	-221.994
10000	0.815373	-218.302
2600	0.733904	-215.113
2700	0.733904	-217.785
2800	0.733904	-219.564
2900	0.733904	-215.414
3000	0.733904	-215.517
3100	0.733904	-217.802
3200	0.733904	-215.365
3300	0.733904	-216.191
3400	0.733904	-220.456
3500	0.733904	-220.623
3600	0.733904	-216.43
3700	0.733904	-215.888
3800	0.733904	-216.873
3900	0.733904	-216.752
4000	0.733904	-215.723
4100	0.733904	-215.841
4200	0.733904	-216.295
4300	0.733904	-216.599
4400	0.733904	-216.117
4500	0.733904	-215.698
4600	0.733904	-222.282
4700	0.733904	-216.189
4800	0.733904	-219.051
4900	0.733904	-217.565
5000	0.733904	-219.859
5100	0.733904	-215.749
5200	0.733904	-223.456
5300	0.733904	-221.758
5400	0.733904	-218.591
5500	0.733904	-219.281
5600	0.733904	-223.359
5700	0.733904	-224.896
5800	0.733904	-220.03
5900	0.733904	-217.882
6000	0.733904	-222.344
6100	0.733904	-223.604
6200	0.733904	-217.987
6300	0.733904	-217.204
6400	0.733904	-217.505
6500	0.733904	-217.035
6600	0.733904	-219.289
6700	0.733904	-219.577
6800	0.733904	-215.373
6900	0.733904	-230.055
7000	0.733904	-220.324
7100	0.733904	-217.311
7200	0.733904	-219.458
7300	0.733904	-216.958
7400	0.733904	-220.481
7500	0.733904	-222.773
7600	0.733904	-220.377
7700	0.733904	-218.368
7800	0.733904	-219.096
7900	0.733904	-220.932
8000	0.733904	-219.506
8100	0.733904	-218.13
8200	0.733904	-220.203
8300	0.733904	-221.363
8400	0.733904	-220.138
8500	0.733904	-217.339
8600	0.733904	-218.952
8700	0.733904	-219.291
8800	0.733904	-220.082
8900	0.733904	-218.79
9000	0.733904	-225.709
9100	0.733904	-233.364
9200	0.733904	-223.533
9300	0.733904	-228.885
9400	0.733904	-221.283
9500	0.733904	-225.009
9600	0.733904	-216.108
9700	0.733904	-216.665
9800	0.733904	-216.142
9900	0.733904	-218.25
10000	0.733904	-215.759
2600	0.659082	-217.374
2700	0.659082	-215.921
2800	0.659082	-215.639
2900	0.659082	-215.374
3000	0.659082	-216.01
3100	0.659082	-215.726
3200	0.659082	-215.273
3300	0.659082	-225.985
3400	0.659082	-220.312
3500	0.659082	-222.968
3600	0.659082	-221.673
3700	0.659082	-224.673
3800	0.659082	-223.108
3900	0.659082	-226.277
4000	0.659082	-221.49
4100	0.659082	-224.119
4200	0.659082	-224.301
4300	0.659082	-223.722
4400	0.659082	-219.765
4500	0.659082	-224.275
4600	0.659082	-223.093
4700	0.659082	-224.421
4800	0.659082	-220.973
4900	0.659082	-223.393
5000	0.659082	-222.027
5100	0.659082	-220.87
5200	0.659082	-222.495
5300	0.659082	-229.094
5400	0.659082	-222.232
5500	0.659082	-221.192
5600	0.659082	-225.875
5700	0.659082	-217.223
5800	0.659082	-220.129
5900	0.659082	-222.398
6000	0.659082	-221.732
6100	0.659082	-225.663
6200	0.659082	-224.353
6300	0.659082	-231.863
6400	0.659082	-215.172
6500	0.659082	-215.769
6600	0.659082	-219.767
6700	0.659082	-215.146
6800	0.659082	-216.228
6900	0.659082	-230.577
7000	0.659082	-215.528
7100	0.659082	-217.66
7200	0.659082	-217.784
7300	0.659082	-216.117
7400	0.659082	-219.201
7500	0.659082	-231.069
7600	0.659082	-216.833
7700	0.659082	-218.601
7800	0.659082	-217.167
7900	0.659082	-219.497
8000	0.659082	-215.894
8100	0.659082	-215.344
8200	0.659082	-216.627
8300	0.659082	-217.447
8400	0.659082	-215.131
8500	0.659082	-217.853
8600	0.659082	-222.052
8700	0.659082	-215.284
8800	0.659082	-216.735
8900	0.659082	-217.808
9000	0.659082	-215.305
9100	0.659082	-215.342
9200	0.659082	-215.512
9300	0.659082	-219.579
9400	0.659082	-222.024
9500	0.659082	-217.084
9600	0.659082	-217.356
9700	0.659082	-218.678
9800	0.659082	-217.586
9900	0.659082	-219.415
10000	0.659082	-221.042
2600	0.59049	-216.86
2700	0.59049	-225.265
2800	0.59049	-216.433
2900	0.59049	-225.833
3000	0.59049	-223.05
3100	0.59049	-227.22
3200	0.59049	-227.555
3300	0.59049	-221.68
3400	0.59049	-224.596
3500	0.59049	-222.655
3600	0.59049	-221.237
3700	0.59049	-222.978
3800	0.59049	-224.831
3900	0.59049	-220.91
4000	0.59049	-221.549
4100	0.59049	-225.332
4200	0.59049	-219.471
4300	0.59049	-229.944
4400	0.59049	-224.549
4500	0.59049	-224.283
4600	0.59049	-218.694
4700	0.59049	-223.881
4800	0.59049	-221.327
4900	0.59049	-227.331
5000	0.59049	-216.13
5100	0.59049	-216.311
5200	0.59049	-220.852
5300	0.59049	-221.025
5400	0.59049	-223.214
5500	0.59049	-226.367
5600	0.59049	-222.582
5700	0.59049	-222.785
5800	0.59049	-221.865
5900	0.59049	-217.75
6000	0.59049	-219.886
6100	0.59049	-230.662
6200	0.59049	-223.577
6300	0.59049	-222.375
6400	0.59049	-217.848
6500	0.59049	-227.342
6600	0.59049	-217.657
6700	0.59049	-222.066
6800	0.59049	-224.444
6900	0.59049	-220.214
7000	0.59049	-223.805
7100	0.59049	-232.289
7200	0.59049	-223.153
7300	0.59049	-227.75
7400	0.59049	-220.751
7500	0.59049	-227.734
7600	0.59049	-219.134
7700	0.59049	-218.003
7800	0.59049	-215.613
7900	0.59049	-216.924
8000	0.59049	-225.62
8100	0.59049	-224.575
8200	0.59049	-217.638
8300	0.59049	-226.319
8400	0.59049	-220.857
8500	0.59049	-221.228
8600	0.59049	-224.597
8700	0.59049	-226.142
8800	0.59049	-224.553
8900	0.59049	-230.713
9000	0.59049	-218.775
9100	0.59049	-218.594
9200	0.59049	-224.352
9300	0.59049	-228.239
9400	0.59049	-228.101
9500	0.59049	-227.513
9600	0.59049	-225.111
9700	0.59049	-219.854
9800	0.59049	-232.534
9900	0.59049	-223.202
10000	0.59049	-225.865
2600	0.527732	-216.404
2700	0.527732	-220.567
2800	0.527732	-223.57
2900	0.527732	-221.534
3000	0.527732	-216.007
3100	0.527732	-215.574
3200	0.527732	-224.96
3300	0.527732	-223.194
3400	0.527732	-230.587
3500	0.527732	-222.713
3600	0.527732	-226.979
3700	0.527732	-225.562
3800	0.527732	-229.705
3900	0.527732	-223.072
4000	0.527732	-218.274
4100	0.527732	-215.557
4200	0.527732	-218.614
4300	0.527732	-215.883
4400	0.527732	-220.135
4500	0.527732	-217.237
4600	0.527732	-218.913
4700	0.527732	-219.767
4800	0.527732	-232.805
4900	0.527732	-221.907
5000	0.527732	-229.671
5100	0.527732	-216.066
5200	0.527732	-225.489
5300	0.527732	-229.258
5400	0.527732	-220.207
5500	0.527732	-226.242
5600	0.527732	-220.679
5700	0.527732	-217.279
5800	0.527732	-218.645
5900	0.527732	-222.308
6000	0.527732	-226.102
6100	0.527732	-221.386
6200	0.527732	-220.29
6300	0.527732	-221.641
6400	0.527732	-224.54
6500	0.527732	-224.826
6600	0.527732	-228.425
6700	0.527732	-221.025
6800	0.527732	-217.222
6900	0.527732	-221.471
7000	0.527732	-223.444
7100	0.527732	-224.99
7200	0.527732	-225.109
7300	0.527732	-223.727
7400	0.527732	-217.866
7500	0.527732	-232.492
7600	0.527732	-218.739
7700	0.527732	-228.69
7800	0.527732	-221.894
7900	0.527732	-225.153
8000	0.527732	-225.195
8100	0.527732	-224.464
8200	0.527732	-217.272
8300	0.527732	-220.971
8400	0.527732	-224.486
8500	0.527732	-227.182
8600	0.527732	-223.346
8700	0.527732	-217.098
8800	0.527732	-216.127
8900	0.527732	-231.209
9000	0.527732	-220.949
9100	0.527732	-228.77
9200	0.527732	-221.985
9300	0.527732	-222.653
9400	0.527732	-220.449
9500	0.527732	-215.112
9600	0.527732	-227.451
9700	0.527732	-218.877
9800	0.527732	-220.523
9900	0.527732	-229.159
10000	0.527732	-223.051
2600	0.470427	-220.477
2700	0.470427	-223.06
2800	0.470427	-230.732
2900	0.470427	-218.941
3000	0.470427	-225.103
3100	0.470427	-217.429
3200	0.470427	-223.763
3300	0.470427	-226.056
3400	0.470427	-225.792
3500	0.470427	-223.882
3600	0.470427	-220.364
3700	0.470427	-224.944
3800	0.470427	-218.925
3900	0.470427	-217.014
4000	0.470427	-227.008
4100	0.470427	-233.24
4200	0.470427	-217.305
4300	0.470427	-231.047
4400	0.470427	-230.458
4500	0.470427	-223.681
4600	0.470427	-225.329
4700	0.470427	-228.363
4800	0.470427	-227.525
4900	0.470427	-219.972
5000	0.470427	-230.624
5100	0.470427	-221.163
5200	0.470427	-217.091
5300	0.470427	-221.188
5400	0.470427	-225.874
5500	0.470427	-227.382
5600	0.470427	-228.078
5700	0.470427	-224.771
5800	0.470427	-227.195
5900	0.470427	-221.306
6000	0.470427	-228.188
6100	0.470427	-220.387
6200	0.470427	-223.962
6300	0.470427	-230.105
6400	0.470427	-227.826
6500	0.470427	-228.483
6600	0.470427	-223.181
6700	0.470427	-222.258
6800	0.470427	-223.304
6900	0.470427	-228.935
7000	0.470427	-227.595
7100	0.470427	-225.719
7200	0.470427	-233.08
7300	0.470427	-222.754
7400	0.470427	-226.808
7500	0.470427	-229.89
7600	0.470427	-224.636
7700	0.470427	-231.445
7800	0.470427	-221.492
7900	0.470427	-221.501
8000	0.470427	-225.949
8100	0.470427	-226.467
8200	0.470427	-220.604
8300	0.470427	-229.487
8400	0.470427	-217.927
8500	0.470427	-224.649
8600	0.470427	-218.297
8700	0.470427	-224.083
8800	0.470427	-226.271
8900	0.470427	-224.869
9000	0.470427	-233.665
9100	0.470427	-232.764
9200	0.470427	-225.803
9300	0.470427	-223.397
9400	0.470427	-222.931
9500	0.470427	-223.833
9600	0.470427	-224.751
9700	0.470427	-224.144
9800	0.470427	-223.456
9900	0.470427	-222.064
10000	0.470427	-226.384
2600	0.418212	-227.251
2700	0.418212	-223.878
2800	0.418212	-222.466
2900	0.418212	-224.289
3000	0.418212	-225.379
3100	0.418212	-226.142
3200	0.418212	-227.35
3300	0.418212	-226.291
3400	0.418212	-230.157
3500	0.418212	-225.756
3600	0.418212	-219.319
3700	0.418212	-228.311
3800	0.418212	-225.233
3900	0.418212	-220.849
4000	0.418212	-228.312
4100	0.418212	-231.668
4200	0.418212	-222.913
4300	0.418212	-224.478
4400	0.418212	-230.151
4500	0.418212	-225.294
4600	0.418212	-227.09
4700	0.418212	-229.789
4800	0.418212	-223.917
4900	0.418212	-234.212
5000	0.418212	-221.712
5100	0.418212	-219.743
5200	0.418212	-217.245
5300	0.418212	-224.989
5400	0.418212	-223.984
5500	0.418212	-224.852
5600	0.418212	-225.374
5700	0.418212	-225.213
5800	0.418212	-216.428
5900	0.418212	-225.087
6000	0.418212	-219.696
6100	0.418212	-228.86
6200	0.418212	-226.285
6300	0.418212	-228.819
6400	0.418212	-227.052
6500	0.418212	-226.906
6600	0.418212	-228.784
6700	0.418212	-220.181
6800	0.418212	-231.202
6900	0.418212	-225.342
7000	0.418212	-219.728
7100	0.418212	-227.686
7200	0.418212	-232.678
7300	0.418212	-227.331
7400	0.418212	-232.72
7500	0.418212	-229.762
7600	0.418212	-227.553
7700	0.418212	-221.355
7800	0.418212	-226.733
7900	0.418212	-229.118
8000	0.418212	-225.447
8100	0.418212	-222.461
8200	0.418212	-225.898
8300	0.418212	-224.783
8400	0.418212	-221.709
8500	0.418212	-236.322
8600	0.418212	-224.144
8700	0.418212	-227.207
8800	0.418212	-220.859
8900	0.418212	-225.64
9000	0.418212	-230.249
9100	0.418212	-225.393
9200	0.418212	-216.915
9300	0.418212	-223.041
9400	0.418212	-229.594
9500	0.418212	-225.163
9600	0.418212	-222.601
9700	0.418212	-226.452
9800	0.418212	-228.73
9900	0.418212	-223.982
10000	0.418212	-228.441
2600	0.37074	-226.064
2700	0.37074	-231.214
2800	0.37074	-221.128
2900	0.37074	-225.542
3000	0.37074	-232.505
3100	0.37074	-226.01
3200	0.37074	-217.748
3300	0.37074	-225.446
3400	0.37074	-241.835
3500	0.37074	-235.821
3600	0.37074	-226.543
3700	0.37074	-227.87
3800	0.37074	-220.015
3900	0.37074	-226.565
4000	0.37074	-224.989
4100	0.37074	-226.316
4200	0.37074	-220.897
4300	0.37074	-231.771
4400	0.37074	-224.342
4500	0.37074	-222.183
4600	0.37074	-232.074
4700	0.37074	-216.914
4800	0.37074	-230.921
4900	0.37074	-225.155
5000	0.37074	-222.155
5100	0.37074	-223.183
5200	0.37074	-229.39
5300	0.37074	-224.813
5400	0.37074	-221.488
5500	0.37074	-228.567
5600	0.37074	-223.697
5700	0.37074	-225.365
5800	0.37074	-216.825
5900	0.37074	-217.394
6000	0.37074	-224.252
6100	0.37074	-221.574
6200	0.37074	-218.944
6300	0.37074	-225.719
6400	0.37074	-230.517
6500	0.37074	-227.216
6600	0.37074	-226.15
6700	0.37074	-229.093
6800	0.37074	-228.233
6900	0.37074	-226.313
7000	0.37074	-224.653
7100	0.37074	-226.38
7200	0.37074	-227.766
7300	0.37074	-220.55
7400	0.37074	-219.108
7500	0.37074	-215.261
7600	0.37074	-216.314
7700	0.37074	-226.115
7800	0.37074	-225.247
7900	0.37074	-233.734
8000	0.37074	-233.365
8100	0.37074	-223.667
8200	0.37074	-233.516
8300	0.37074	-230.256
8400	0.37074	-219.387
8500	0.37074	-220.312
8600	0.37074	-225.859
8700	0.37074	-219.77
8800	0.37074	-226.537
8900	0.37074	-218.406
9000	0.37074	-226.065
9100	0.37074	-224.224
9200	0.37074	-227.846
9300	0.37074	-224.862
9400	0.37074	-232.062
9500	0.37074	-225.402
9600	0.37074	-227.8
9700	0.37074	-222.038
9800	0.37074	-219.325
9900	0.37074	-242.394
10000	0.37074	-219.672
2600	0.32768	-225.292
2700	0.32768	-224.886
2800	0.32768	-229.978
2900	0.32768	-220.546
3000	0.32768	-232.644
3100	0.32768	-228.374
3200	0.32768	-229.974
3300	0.32768	-230.402
3400	0.32768	-223.033
3500	0.32768	-227.74
3600	0.32768	-227.021
3700	0.32768	-230.947
3800	0.32768	-218.622
3900	0.32768	-230.211
4000	0.32768	-230.219
4100	0.32768	-227.85
4200	0.32768	-221.299
4300	0.32768	-234.107
4400	0.32768	-228.352
4500	0.32768	-232.271
4600	0.32768	-228.698
4700	0.32768	-227.893
4800	0.32768	-227.334
4900	0.32768	-223.518
5000	0.32768	-224.203
5100	0.32768	-219.936
5200	0.32768	-223.939
5300	0.32768	-222.911
5400	0.32768	-230.35
5500	0.32768	-225.415
5600	0.32768	-230.181
5700	0.32768	-231.985
5800	0.32768	-226.714
5900	0.32768	-221.93
6000	0.32768	-221.306
6100	0.32768	-232.117
6200	0.32768	-226.77
6300	0.32768	-227.72
6400	0.32768	-222.835
6500	0.32768	-231.898
6600	0.32768	-226.234
6700	0.32768	-229.567
6800	0.32768	-222.341
6900	0.32768	-236.715
7000	0.32768	-218.887
7100	0.32768	-224.497
7200	0.32768	-236.037
7300	0.32768	-224.75
7400	0.32768	-225.278
7500	0.32768	-229.855
7600	0.32768	-223.066
7700	0.32768	-229.629
7800	0.32768	-230.89
7900	0.32768	-222.833
8000	0.32768	-229.621
8100	0.32768	-225.313
8200	0.32768	-221.691
8300	0.32768	-232.526
8400	0.32768	-220.908
8500	0.32768	-225.202
8600	0.32768	-228.566
8700	0.32768	-225.232
8800	0.32768	-233.186
8900	0.32768	-232.567
9000	0.32768	-222.971
9100	0.32768	-233.629
9200	0.32768	-236.477
9300	0.32768	-226.291
9400	0.32768	-224.494
9500	0.32768	-221.659
9600	0.32768	-235.43
9700	0.32768	-223.795
9800	0.32768	-231.914
9900	0.32768	-224.869
10000	0.32768	-225.935
2600	0.288717	-232.732
2700	0.288717	-239.296
2800	0.288717	-226.559
2900	0.288717	-234.315
3000	0.288717	-227.177
3100	0.288717	-228.503
3200	0.288717	-231.542
3300	0.288717	-235.145
3400	0.288717	-218.781
3500	0.288717	-227.857
3600	0.288717	-227.299
3700	0.288717	-229.678
3800	0.288717	-233.29
3900	0.288717	-228.164
4000	0.288717	-220.57
4100	0.288717	-227.344
4200	0.288717	-229.557
4300	0.288717	-218.702
4400	0.288717	-228.963
4500	0.288717	-231.5
4600	0.288717	-223.26
4700	0.288717	-224.162
4800	0.288717	-227.724
4900	0.288717	-226.483
5000	0.288717	-226.154
5100	0.288717	-232.837
5200	0.288717	-229.572
5300	0.288717	-226.025
5400	0.288717	-226.384
5500	0.288717	-231.498
5600	0.288717	-223.254
5700	0.288717	-224.753
5800	0.288717	-227.241
5900	0.288717	-235.897
6000	0.288717	-227.356
6100	0.288717	-221.419
6200	0.288717	-234.284
6300	0.288717	-222.825
6400	0.288717	-228.463
6500	0.288717	-224.602
6600	0.288717	-233.377
6700	0.288717	-227.535
6800	0.288717	-224.78
6900	0.288717	-232.616
7000	0.288717	-231.07
7100	0.288717	-226.826
7200	0.288717	-220.821
7300	0.288717	-232.06
7400	0.288717	-243.99
7500	0.288717	-224.768
7600	0.288717	-224.57
7700	0.288717	-222.514
7800	0.288717	-229.917
7900	0.288717	-222.867
8000	0.288717	-225.403
8100	0.288717	-227.533
8200	0.288717	-237.126
8300	0.288717	-235.727
8400	0.288717	-227.652
8500	0.288717	-236.056
8600	0.288717	-226.444
8700	0.288717	-232.551
8800	0.288717	-217.481
8900	0.288717	-218.591
9000	0.288717	-231.57
9100	0.288717	-229.962
9200	0.288717	-223.219
9300	0.288717	-255.364
9400	0.288717	-232.791
9500	0.288717	-228.356
9600	0.288717	-232.649
9700	0.288717	-230.18
9800	0.288717	-228.384
9900	0.288717	-228.635
10000	0.288717	-231.331
2600	0.253553	-245.321
2700	0.253553	-228.965
2800	0.253553	-232.446
2900	0.253553	-229.667
3000	0.253553	-224.621
3100	0.253553	-229.33
3200	0.253553	-242.856
3300	0.253553	-228.725
3400	0.253553	-225.641
3500	0.253553	-231.926
3600	0.253553	-225.754
3700	0.253553	-233.956
3800	0.253553	-222.241
3900	0.253553	-234.05
4000	0.253553	-221.467
4100	0.253553	-228.452
4200	0.253553	-226.555
4300	0.253553	-234.166
4400	0.253553	-233.746
4500	0.253553	-225.772
4600	0.253553	-230.184
4700	0.253553	-227.633
4800	0.253553	-229.009
4900	0.253553	-242.197
5000	0.253553	-220.359
5100	0.253553	-231.112
5200	0.253553	-225.059
5300	0.253553	-226.15
5400	0.253553	-230.965
5500	0.253553	-229.022
5600	0.253553	-239.059
5700	0.253553	-241.336
5800	0.253553	-225.052
5900	0.253553	-236.821
6000	0.253553	-232.665
6100	0.253553	-224.236
6200	0.253553	-225.823
6300	0.253553	-230.534
6400	0.253553	-226.913
6500	0.253553	-222.712
6600	0.253553	-230.036
6700	0.253553	-230.718
6800	0.253553	-237.834
6900	0.253553	-224.507
7000	0.253553	-239.491
7100	0.253553	-229.484
7200	0.253553	-230.063
7300	0.253553	-238.38
7400	0.253553	-231.591
7500	0.253553	-234.063
7600	0.253553	-232.539
7700	0.253553	-222.622
7800	0.253553	-229.709
7900	0.253553	-231.95
8000	0.253553	-226.897
8100	0.253553	-226.529
8200	0.253553	-240.171
8300	0.253553	-228.06
8400	0.253553	-224.721
8500	0.253553	-237.701
8600	0.253553	-236.309
8700	0.253553	-234.577
8800	0.253553	-238.422
8900	0.253553	-238.701
9000	0.253553	-234.152
9100	0.253553	-225.927
9200	0.253553	-224.258
9300	0.253553	-226.63
9400	0.253553	-223.302
9500	0.253553	-228.586
9600	0.253553	-231.947
9700	0.253553	-232.335
9800	0.253553	-235.184
9900	0.253553	-218.142
10000	0.253553	-229.075
2600	0.221901	-232.466
2700	0.221901	-231.398
2800	0.221901	-230.267
2900	0.221901	-224.802
3000	0.221901	-232.532
3100	0.221901	-235.076
3200	0.221901	-222.513
3300	0.221901	-222.198
3400	0.221901	-227.505
3500	0.221901	-229.067
3600	0.221901	-242.115
3700	0.221901	-238.168
3800	0.221901	-230.356
3900	0.221901	-220.917
4000	0.221901	-230.982
4100	0.221901	-229.444
4200	0.221901	-237.27
4300	0.221901	-226.096
4400	0.221901	-231.835
4500	0.221901	-233.469
4600	0.221901	-226.722
4700	0.221901	-222.329
4800	0.221901	-227.524
4900	0.221901	-238.081
5000	0.221901	-231.92
5100	0.221901	-222.961
5200	0.221901	-219.961
5300	0.221901	-237.091
5400	0.221901	-225.63
5500	0.221901	-232.273
5600	0.221901	-231.695
5700	0.221901	-225.905
5800	0.221901	-231.17
5900	0.221901	-227.164
6000	0.221901	-220.508
6100	0.221901	-229.946
6200	0.221901	-236.902
6300	0.221901	-228.813
6400	0.221901	-221.454
6500	0.221901	-224.332
6600	0.221901	-218.397
6700	0.221901	-221.949
6800	0.221901	-240.951
6900	0.221901	-226.047
7000	0.221901	-229.494
7100	0.221901	-225.805
7200	0.221901	-235.286
7300	0.221901	-232.912
7400	0.221901	-238.233
7500	0.221901	-223.891
7600	0.221901	-224.083
7700	0.221901	-226.603
7800	0.221901	-234.179
7900	0.221901	-240.32
8000	0.221901	-234.268
8100	0.221901	-219.818
8200	0.221901	-235.303
8300	0.221901	-230.474
8400	0.221901	-228.032
8500	0.221901	-232.717
8600	0.221901	-228.874
8700	0.221901	-223.257
8800	0.221901	-241.195
8900	0.221901	-236.982
9000	0.221901	-227.987
9100	0.221901	-228.582
9200	0.221901	-234.469
9300	0.221901	-234.26
9400	0.221901	-236.824
9500	0.221901	-231.109
9600	0.221901	-250.346
9700	0.221901	-230.795
9800	0.221901	-231.4
9900	0.221901	-224.983
10000	0.221901	-245.754
2600	0.193492	-224.857
2700	0.193492	-235.902
2800	0.193492	-230.094
2900	0.193492	-234.092
3000	0.193492	-241.832
3100	0.193492	-229.811
3200	0.193492	-237.364
3300	0.193492	-223.031
3400	0.193492	-228.486
3500	0.193492	-237.403
3600	0.193492	-223.68
3700	0.193492	-234.487
3800	0.193492	-234.991
3900	0.193492	-230.995
4000	0.193492	-225.647
4100	0.193492	-231.757
4200	0.193492	-235.644
4300	0.193492	-230.124
4400	0.193492	-231.73
4500	0.193492	-238.174
4600	0.193492	-245.038
4700	0.193492	-237.28
4800	0.193492	-228.949
4900	0.193492	-234.531
5000	0.193492	-229.977
5100	0.193492	-230.222
5200	0.193492	-223.253
5300	0.193492	-237.007
5400	0.193492	-234.25
5500	0.193492	-255.51
5600	0.193492	-239.397
5700	0.193492	-232.765
5800	0.193492	-228.549
5900	0.193492	-243.456
6000	0.193492	-238.128
6100	0.193492	-225.563
6200	0.193492	-233.236
6300	0.193492	-233.796
6400	0.193492	-237.278
6500	0.193492	-241.931
6600	0.193492	-245.134
6700	0.193492	-239.723
6800	0.193492	-225.693
6900	0.193492	-239.139
7000	0.193492	-242.728
7100	0.193492	-235.124
7200	0.193492	-234.263
7300	0.193492	-232.345
7400	0.193492	-226.821
7500	0.193492	-225.189
7600	0.193492	-246.123
7700	0.193492	-225.893
7800	0.193492	-231.486
7900	0.193492	-225.102
8000	0.193492	-225.1
8100	0.193492	-234.047
8200	0.193492	-226.68
8300	0.193492	-225.129
8400	0.193492	-229.603
8500	0.193492	-228.352
8600	0.193492	-227.437
8700	0.193492	-221.849
8800	0.193492	-250.468
8900	0.193492	-241.317
9000	0.193492	-219.968
9100	0.193492	-234.069
9200	0.193492	-227.564
9300	0.193492	-225.363
9400	0.193492	-235.324
9500	0.193492	-230.218
9600	0.193492	-242.781
9700	0.193492	-227.074
9800	0.193492	-233.134
9900	0.193492	-242.337
10000	0.193492	-230.999
2600	0.16807	-232.28
2700	0.16807	-229.416
2800	0.16807	-226.022
2900	0.16807	-228.016
3000	0.16807	-233.294
3100	0.16807	-231.383
3200	0.16807	-232.103
3300	0.16807	-228.817
3400	0.16807	-240.629
3500	0.16807	-225.64
3600	0.16807	-225.865
3700	0.16807	-245.798
3800	0.16807	-229.991
3900	0.16807	-240.194
4000	0.16807	-229.587
4100	0.16807	-230.638
4200	0.16807	-228.22
4300	0.16807	-240.485
4400	0.16807	-246.097
4500	0.16807	-229.601
4600	0.16807	-233.692
4700	0.16807	-251.298
4800	0.16807	-226.286
4900	0.16807	-236.647
5000	0.16807	-225.844
5100	0.16807	-227.233
5200	0.16807	-227.704
5300	0.16807	-230.694
5400	0.16807	-230.59
5500	0.16807	-226.164
5600	0.16807	-231.223
5700	0.16807	-240.394
5800	0.16807	-229.972
5900	0.16807	-227.442
6000	0.16807	-219.218
6100	0.16807	-229.513
6200	0.16807	-234.883
6300	0.16807	-232.129
6400	0.16807	-226.476
6500	0.16807	-227.842
6600	0.16807	-234.127
6700	0.16807	-231.191
6800	0.16807	-234.356
6900	0.16807	-224.72
7000	0.16807	-233.605
7100	0.16807	-253.78
7200	0.16807	-235.594
7300	0.16807	-243.642
7400	0.16807	-227.602
7500	0.16807	-272.88
7600	0.16807	-232.645
7700	0.16807	-232.984
7800	0.16807	-241.548
7900	0.16807	-234.889
8000	0.16807	-239.305
8100	0.16807	-234.874
8200	0.16807	-228.453
8300	0.16807	-234.649
8400	0.16807	-230.931
8500	0.16807	-229.901
8600	0.16807	-236.312
8700	0.16807	-243.871
8800	0.16807	-252.454
8900	0.16807	-230.911
9000	0.16807	-231.465
9100	0.16807	-230.79
9200	0.16807	-227.035
9300	0.16807	-225.185
9400	0.16807	-230.182
9500	0.16807	-230.555
9600	0.16807	-234.179
9700	0.16807	-232.368
9800	0.16807	-228.233
9900	0.16807	-230.787
10000	0.16807	-244.489
2600	0.145393	-230.448
2700	0.145393	-235.616
2800	0.145393	-243.377
2900	0.145393	-232.097
3000	0.145393	-237.818
3100	0.145393	-222.583
3200	0.145393	-242.303
3300	0.145393	-227.411
3400	0.145393	-232.952
3500	0.145393	-247.874
3600	0.145393	-245.172
3700	0.145393	-258.276
3800	0.145393	-235.274
3900	0.145393	-230.757
4000	0.145393	-245.532
4100	0.145393	-221.032
4200	0.145393	-226.078
4300	0.145393	-235.338
4400	0.145393	-215.747
4500	0.145393	-251.982
4600	0.145393	-230.308
4700	0.145393	-238.636
4800	0.145393	-235.454
4900	0.145393	-221.104
5000	0.145393	-229.484
5100	0.145393	-239.911
5200	0.145393	-233.544
5300	0.145393	-228.166
5400	0.145393	-231.623
5500	0.145393	-228.066
5600	0.145393	-234.898
5700	0.145393	-237.594
5800	0.145393	-225.595
5900	0.145393	-235.021
6000	0.145393	-238.222
6100	0.145393	-235.237
6200	0.145393	-248.288
6300	0.145393	-222.502
6400	0.145393	-251.168
6500	0.145393	-237.15
6600	0.145393	-232.246
6700	0.145393	-244.976
6800	0.145393	-234.644
6900	0.145393	-231.961
7000	0.145393	-227.344
7100	0.145393	-235.545
7200	0.145393	-229.989
7300	0.145393	-229.839
7400	0.145393	-237.464
7500	0.145393	-241.492
7600	0.145393	-227.228
7700	0.145393	-242.017
7800	0.145393	-228.311
7900	0.145393	-231.628
8000	0.145393	-235.84
8100	0.145393	-229.723
8200	0.145393	-247.858
8300	0.145393	-229.331
8400	0.145393	-249.006
8500	0.145393	-230.037
8600	0.145393	-226.413
8700	0.145393	-228.433
8800	0.145393	-230.041
8900	0.145393	-261.54
9000	0.145393	-220.08
9100	0.145393	-225.578
9200	0.145393	-237.337
9300	0.145393	-226.951
9400	0.145393	-234.612
9500	0.145393	-231.133
9600	0.145393	-245.115
9700	0.145393	-228.741
9800	0.145393	-235.891
9900	0.145393	-230.165
10000	0.145393	-238.48
2600	0.125233	-231.608
2700	0.125233	-231.811
2800	0.125233	-229.234
2900	0.125233	-226.875
3000	0.125233	-239.225
3100	0.125233	-225.545
3200	0.125233	-228.943
3300	0.125233	-236.833
3400	0.125233	-243.511
3500	0.125233	-230.586
3600	0.125233	-234.498
3700	0.125233	-236.074
3800	0.125233	-236.169
3900	0.125233	-231.249
4000	0.125233	-233.301
4100	0.125233	-226.017
4200	0.125233	-238.159
4300	0.125233	-238.781
4400	0.125233	-248.493
4500	0.125233	-231.301
4600	0.125233	-227.909
4700	0.125233	-240.738
4800	0.125233	-238.003
4900	0.125233	-251.647
5000	0.125233	-240.761
5100	0.125233	-227.404
5200	0.125233	-241.31
5300	0.125233	-253.323
5400	0.125233	-248.169
5500	0.125233	-242.412
5600	0.125233	-247.225
5700	0.125233	-222.19
5800	0.125233	-232.322
5900	0.125233	-243.746
6000	0.125233	-225.808
6100	0.125233	-238.647
6200	0.125233	-230.572
6300	0.125233	-248.185
6400	0.125233	-230.935
6500	0.125233	-232.181
6600	0.125233	-234.656
6700	0.125233	-227.594
6800	0.125233	-287.764
6900	0.125233	-255.46
7000	0.125233	-229.737
7100	0.125233	-228.72
7200	0.125233	-231.667
7300	0.125233	-233.539
7400	0.125233	-246.163
7500	0.125233	-226.31
7600	0.125233	-245.996
7700	0.125233	-261.49
7800	0.125233	-228.788
7900	0.125233	-247.283
8000	0.125233	-228.453
8100	0.125233	-239.469
8200	0.125233	-249.666
8300	0.125233	-235.579
8400	0.125233	-244.296
8500	0.125233	-234.181
8600	0.125233	-243.515
8700	0.125233	-225.457
8800	0.125233	-231.505
8900	0.125233	-234.736
9000	0.125233	-240.657
9100	0.125233	-228.106
9200	0.125233	-244.969
9300	0.125233	-246.164
9400	0.125233	-227.768
9500	0.125233	-229.733
9600	0.125233	-253.848
9700	0.125233	-234.446
9800	0.125233	-237.648
9900	0.125233	-231.768
10000	0.125233	-239.896
2600	0.107374	-234.529
2700	0.107374	-239.047
2800	0.107374	-226.433
2900	0.107374	-229.119
3000	0.107374	-249.364
3100	0.107374	-240.189
3200	0.107374	-242.14
3300	0.107374	-230.288
3400	0.107374	-233.39
3500	0.107374	-230.828
3600	0.107374	-254.343
3700	0.107374	-223.733
3800	0.107374	-223.515
3900	0.107374	-239.567
4000	0.107374	-240.179
4100	0.107374	-235.53
4200	0.107374	-233.991
4300	0.107374	-244.012
4400	0.107374	-228.316
4500	0.107374	-235.967
4600	0.107374	-237.717
4700	0.107374	-238.727
4800	0.107374	-227.316
4900	0.107374	-234.957
5000	0.107374	-239.259
5100	0.107374	-231.757
5200	0.107374	-236.69
5300	0.107374	-241.816
5400	0.107374	-232.553
5500	0.107374	-278.867
5600	0.107374	-253.686
5700	0.107374	-240.546
5800	0.107374	-224.595
5900	0.107374	-279.159
6000	0.107374	-246.77
6100	0.107374	-229.918
6200	0.107374	-231.203
6300	0.107374	-233.808
6400	0.107374	-228.521
6500	0.107374	-233.204
6600	0.107374	-238.476
6700	0.107374	-238.905
6800	0.107374	-225.632
6900	0.107374	-244.013
7000	0.107374	-227.366
7100	0.107374	-244.928
7200	0.107374	-235.623
7300	0.107374	-240.669
7400	0.107374	-250.833
7500	0.107374	-242.486
7600	0.107374	-231.261
7700	0.107374	-238.318
7800	0.107374	-278.537
7900	0.107374	-233.357
8000	0.107374	-232.523
8100	0.107374	-262.041
8200	0.107374	-237.896
8300	0.107374	-229.206
8400	0.107374	-239.52
8500	0.107374	-251.942
8600	0.107374	-231.411
8700	0.107374	-237.251
8800	0.107374	-229.687
8900	0.107374	-244.665
9000	0.107374	-237.276
9100	0.107374	-244.759
9200	0.107374	-256.05
9300	0.107374	-227.819
9400	0.107374	-244.308
9500	0.107374	-231.523
9600	0.107374	-245.393
9700	0.107374	-235.268
9800	0.107374	-232.8
9900	0.107374	-250.428
10000	0.107374	-231.176
2600	0.0916133	-373.512
2700	0.0916133	-366.181
2800	0.0916133	-365.825
2900	0.0916133	-360.74
3000	0.0916133	-382.958
3100	0.0916133	-361.163
3200	0.0916133	-364.803
3300	0.0916133	-368.44
3400	0.0916133	-369.254
3500	0.0916133	-376.895
3600	0.0916133	-362.941
3700	0.0916133	-377.34
3800	0.0916133	-368.08
3900	0.0916133	-382.949
4000	0.0916133	-372.372
4100	0.0916133	-367.199
4200	0.0916133	-379.25
4300	0.0916133	-374.015
4400	0.0916133	-371.259
4500	0.0916133	-389.351
4600	0.0916133	-363.712
4700	0.0916133	-390.953
4800	0.0916133	-376.186
4900	0.0916133	-366.185
5000	0.0916133	-363.737
5100	0.0916133	-368.34
5200	0.0916133	-360.978
5300	0.0916133	-360.393
5400	0.0916133	-360.034
5500	0.0916133	-362.993
5600	0.0916133	-387.639
5700	0.0916133	-406.919
5800	0.0916133	-407.074
5900	0.0916133	-373.18
6000	0.0916133	-363.339
6100	0.0916133	-370.797
6200	0.0916133	-373.002
6300	0.0916133	-382.484
6400	0.0916133	-372.741
6500	0.0916133	-384.78
6600	0.0916133	-371.777
6700	0.0916133	-400.58
6800	0.0916133	-372.671
6900	0.0916133	-379.198
7000	0.0916133	-366.098
7100	0.0916133	-360.818
7200	0.0916133	-374.913
7300	0.0916133	-391.609
7400	0.0916133	-381.393
7500	0.0916133	-366.382
7600	0.0916133	-363.491
7700	0.0916133	-385.82
7800	0.0916133	-401.658
7900	0.0916133	-361.516
8000	0.0916133	-369.815
8100	0.0916133	-366.411
8200	0.0916133	-398.655
8300	0.0916133	-377.094
8400	0.0916133	-363.227
8500	0.0916133	-379.912
8600	0.0916133	-366.921
8700	0.0916133	-360.495
8800	0.0916133	-366.586
8900	0.0916133	-375.403
9000	0.0916133	-364.948
9100	0.0916133	-369.664
9200	0.0916133	-396.079
9300	0.0916133	-398.256
9400	0.0916133	-363.012
9500	0.0916133	-397.974
9600	0.0916133	-367.858
9700	0.0916133	-386.878
9800	0.0916133	-387.083
9900	0.0916133	-374.001
10000	0.0916133	-358.763
2600	0.07776	-361.917
2700	0.07776	-359.356
2800	0.07776	-375.134
2900	0.07776	-367.797
3000	0.07776	-389.47
3100	0.07776	-372.132
3200	0.07776	-361.782
3300	0.07776	-361.633
3400	0.07776	-364.687
3500	0.07776	-364.251
3600	0.07776	-393.211
3700	0.07776	-396.296
3800	0.07776	-377.357
3900	0.07776	-358.442
4000	0.07776	-375.164
4100	0.07776	-388.318
4200	0.07776	-381.955
4300	0.07776	-365.569
4400	0.07776	-361.294
4500	0.07776	-383.182
4600	0.07776	-377.752
4700	0.07776	-382.347
4800	0.07776	-370.923
4900	0.07776	-391.223
5000	0.07776	-363.028
5100	0.07776	-386.189
5200	0.07776	-362.585
5300	0.07776	-379.773
5400	0.07776	-374.841
5500	0.07776	-366.09
5600	0.07776	-383.372
5700	0.07776	-357.454
5800	0.07776	-358.831
5900	0.07776	-377.808
6000	0.07776	-379.763
6100	0.07776	-373.116
6200	0.07776	-378.992
6300	0.07776	-367.769
6400	0.07776	-369.271
6500	0.07776	-363.776
6600	0.07776	-369.911
6700	0.07776	-412.836
6800	0.07776	-384.991
6900	0.07776	-371.675
7000	0.07776	-388.263
7100	0.07776	-395.785
7200	0.07776	-364.746
7300	0.07776	-384.373
7400	0.07776	-373.314
7500	0.07776	-371.667
7600	0.07776	-362.676
7700	0.07776	-360.025
7800	0.07776	-365.623
7900	0.07776	-371.791
8000	0.07776	-366.326
8100	0.07776	-381.653
8200	0.07776	-372.093
8300	0.07776	-370.365
8400	0.07776	-369.4
8500	0.07776	-391.579
8600	0.07776	-368.932
8700	0.07776	-380.604
8800	0.07776	-380.863
8900	0.07776	-358.587
9000	0.07776	-374.887
9100	0.07776	-369.397
9200	0.07776	-366.572
9300	0.07776	-364.264
9400	0.07776	-387.486
9500	0.07776	-371.364
9600	0.07776	-389.391
9700	0.07776	-370.279
9800	0.07776	-389.1
9900	0.07776	-364.331
10000	0.07776	-376.398
2600	0.0656357	-363.896
2700	0.0656357	-373.943
2800	0.0656357	-389.519
2900	0.0656357	-360.793
3000	0.0656357	-362.67
3100	0.0656357	-398.223
3200	0.0656357	-377.518
3300	0.0656357	-372.702
3400	0.0656357	-364.891
3500	0.0656357	-398.095
3600	0.0656357	-401.174
3700	0.0656357	-364.617
3800	0.0656357	-365.103
3900	0.0656357	-405.651
4000	0.0656357	-381.867
4100	0.0656357	-392.793
4200	0.0656357	-369.856
4300	0.0656357	-366.084
4400	0.0656357	-370.196
4500	0.0656357	-383.138
4600	0.0656357	-378.312
4700	0.0656357	-365.068
4800	0.0656357	-367.424
4900	0.0656357	-362.979
5000	0.0656357	-365.295
5100	0.0656357	-358.732
5200	0.0656357	-382.611
5300	0.0656357	-367.272
5400	0.0656357	-373.038
5500	0.0656357	-381.892
5600	0.0656357	-364.912
5700	0.0656357	-368.635
5800	0.0656357	-360.006
5900	0.0656357	-393.323
6000	0.0656357	-400.281
6100	0.0656357	-366.219
6200	0.0656357	-415.996
6300	0.0656357	-376.682
6400	0.0656357	-367.353
6500	0.0656357	-382.971
6600	0.0656357	-364.012
6700	0.0656357	-360.525
6800	0.0656357	-364.063
6900	0.0656357	-363.486
7000	0.0656357	-362.345
7100	0.0656357	-387.102
7200	0.0656357	-372.413
7300	0.0656357	-367.499
7400	0.0656357	-368.84
7500	0.0656357	-378.328
7600	0.0656357	-401.952
7700	0.0656357	-376.23
7800	0.0656357	-368.109
7900	0.0656357	-395.837
8000	0.0656357	-360.491
8100	0.0656357	-386.19
8200	0.0656357	-372.618
8300	0.0656357	-371.47
8400	0.0656357	-381.212
8500	0.0656357	-376.673
8600	0.0656357	-367.505
8700	0.0656357	-226.399
8800	0.0656357	-373.559
8900	0.0656357	-370.325
9000	0.0656357	-377.749
9100	0.0656357	-364.507
9200	0.0656357	-402.828
9300	0.0656357	-416.507
9400	0.0656357	-363.071
9500	0.0656357	-371.141
9600	0.0656357	-361.898
9700	0.0656357	-396.061
9800	0.0656357	-387.204
9900	0.0656357	-365.596
10000	0.0656357	-372.095
2600	0.0550732	-417.034
2700	0.0550732	-386.7
2800	0.0550732	-369.669
2900	0.0550732	-430.711
3000	0.0550732	-362.173
3100	0.0550732	-358.803
3200	0.0550732	-416.133
3300	0.0550732	-374.927
3400	0.0550732	-371.865
3500	0.0550732	-358.734
3600	0.0550732	-383.393
3700	0.0550732	-380.884
3800	0.0550732	-397.226
3900	0.0550732	-376.067
4000	0.0550732	-365.625
4100	0.0550732	-419.235
4200	0.0550732	-358.504
4300	0.0550732	-370.648
4400	0.0550732	-373.806
4500	0.0550732	-388.159
4600	0.0550732	-375.268
4700	0.0550732	-371.731
4800	0.0550732	-363.348
4900	0.0550732	-363.711
5000	0.0550732	-357.642
5100	0.0550732	-382.906
5200	0.0550732	-365.837
5300	0.0550732	-378.339
5400	0.0550732	-359.819
5500	0.0550732	-370.387
5600	0.0550732	-369.356
5700	0.0550732	-373.14
5800	0.0550732	-375.733
5900	0.0550732	-382.937
6000	0.0550732	-395.208
6100	0.0550732	-379.527
6200	0.0550732	-358.144
6300	0.0550732	-374.26
6400	0.0550732	-383.705
6500	0.0550732	-380.894
6600	0.0550732	-392.041
6700	0.0550732	-361.973
6800	0.0550732	-381.499
6900	0.0550732	-360.439
7000	0.0550732	-405.279
7100	0.0550732	-382.951
7200	0.0550732	-363.959
7300	0.0550732	-372.565
7400	0.0550732	-366.121
7500	0.0550732	-370.626
7600	0.0550732	-375.159
7700	0.0550732	-376.13
7800	0.0550732	-367.536
7900	0.0550732	-385.118
8000	0.0550732	-381.227
8100	0.0550732	-409.397
8200	0.0550732	-382.017
8300	0.0550732	-371.199
8400	0.0550732	-367.242
8500	0.0550732	-358.732
8600	0.0550732	-365.464
8700	0.0550732	-399.111
8800	0.0550732	-360.765
8900	0.0550732	-362.996
9000	0.0550732	-382.374
9100	0.0550732	-360.044
9200	0.0550732	-415.336
9300	0.0550732	-368.361
9400	0.0550732	-419.756
9500	0.0550732	-379.78
9600	0.0550732	-376.549
9700	0.0550732	-376.07
9800	0.0550732	-380.034
9900	0.0550732	-376.798
10000	0.0550732	-361.543
2600	0.0459165	-374.858
2700	0.0459165	-384.201
2800	0.0459165	-384.405
2900	0.0459165	-407.694
3000	0.0459165	-380.156
3100	0.0459165	-372.206
3200	0.0459165	-366.734
3300	0.0459165	-389.015
3400	0.0459165	-416.422
3500	0.0459165	-387.11
3600	0.0459165	-376.481
3700	0.0459165	-421.424
3800	0.0459165	-384.632
3900	0.0459165	-408.949
4000	0.0459165	-391.033
4100	0.0459165	-379.79
4200	0.0459165	-404.479
4300	0.0459165	-372.757
4400	0.0459165	-392.552
4500	0.0459165	-406.053
4600	0.0459165	-371.187
4700	0.0459165	-362.736
4800	0.0459165	-370.029
4900	0.0459165	-359.866
5000	0.0459165	-395.301
5100	0.0459165	-397.802
5200	0.0459165	-374.102
5300	0.0459165	-375.398
5400	0.0459165	-398.096
5500	0.0459165	-370.631
5600	0.0459165	-410.363
5700	0.0459165	-399.13
5800	0.0459165	-377.264
5900	0.0459165	-399.847
6000	0.0459165	-372.806
6100	0.0459165	-369.194
6200	0.0459165	-363.046
6300	0.0459165	-360.518
6400	0.0459165	-383.581
6500	0.0459165	-396.685
6600	0.0459165	-377.798
6700	0.0459165	-379.231
6800	0.0459165	-407.169
6900	0.0459165	-404.175
7000	0.0459165	-373.281
7100	0.0459165	-411.856
7200	0.0459165	-398.232
7300	0.0459165	-379.077
7400	0.0459165	-422.384
7500	0.0459165	-405.436
7600	0.0459165	-387.804
7700	0.0459165	-424.647
7800	0.0459165	-372.633
7900	0.0459165	-362.86
8000	0.0459165	-365.649
8100	0.0459165	-433.39
8200	0.0459165	-363.753
8300	0.0459165	-363.622
8400	0.0459165	-361.349
8500	0.0459165	-379.917
8600	0.0459165	-397.405
8700	0.0459165	-370.157
8800	0.0459165	-364.04
8900	0.0459165	-377.025
9000	0.0459165	-371.958
9100	0.0459165	-356.593
9200	0.0459165	-365.526
9300	0.0459165	-396.886
9400	0.0459165	-372.933
9500	0.0459165	-424.636
9600	0.0459165	-370.92
9700	0.0459165	-365.1
9800	0.0459165	-362.328
9900	0.0459165	-365.99
10000	0.0459165	-374.916
2600	0.0380204	-382.928
2700	0.0380204	-374.005
2800	0.0380204	-366.412
2900	0.0380204	-379.03
3000	0.0380204	-393.915
3100	0.0380204	-376.277
3200	0.0380204	-361.387
3300	0.0380204	-424.995
3400	0.0380204	-376.356
3500	0.0380204	-377.058
3600	0.0380204	-406.37
3700	0.0380204	-396.282
3800	0.0380204	-377.697
3900	0.0380204	-422.106
4000	0.0380204	-370.371
4100	0.0380204	-379.122
4200	0.0380204	-367.849
4300	0.0380204	-373.72
4400	0.0380204	-364.29
4500	0.0380204	-402.794
4600	0.0380204	-378.484
4700	0.0380204	-399.76
4800	0.0380204	-369.153
4900	0.0380204	-407.081
5000	0.0380204	-391.481
5100	0.0380204	-388.235
5200	0.0380204	-361.15
5300	0.0380204	-377.007
5400	0.0380204	-429.273
5500	0.0380204	-372.566
5600	0.0380204	-372.02
5700	0.0380204	-378.553
5800	0.0380204	-366.46
5900	0.0380204	-369.122
6000	0.0380204	-384.426
6100	0.0380204	-384.144
6200	0.0380204	-376.917
6300	0.0380204	-387.939
6400	0.0380204	-408.276
6500	0.0380204	-398.065
6600	0.0380204	-359.766
6700	0.0380204	-388.81
6800	0.0380204	-413.341
6900	0.0380204	-365.235
7000	0.0380204	-375.147
7100	0.0380204	-361.561
7200	0.0380204	-394.116
7300	0.0380204	-361.786
7400	0.0380204	-403.977
7500	0.0380204	-365.976
7600	0.0380204	-380.403
7700	0.0380204	-383.135
7800	0.0380204	-407.127
7900	0.0380204	-359.92
8000	0.0380204	-376.371
8100	0.0380204	-383.46
8200	0.0380204	-367.494
8300	0.0380204	-378.112
8400	0.0380204	-362.616
8500	0.0380204	-377.993
8600	0.0380204	-384.227
8700	0.0380204	-360.733
8800	0.0380204	-381.667
8900	0.0380204	-388.961
9000	0.0380204	-362.067
9100	0.0380204	-383.004
9200	0.0380204	-399.246
9300	0.0380204	-379.263
9400	0.0380204	-371.891
9500	0.0380204	-374.989
9600	0.0380204	-385.049
9700	0.0380204	-359.523
9800	0.0380204	-385.494
9900	0.0380204	-395.099
10000	0.0380204	-369.588
2600	0.03125	-376.694
2700	0.03125	-378.892
2800	0.03125	-387.891
2900	0.03125	-403.368
3000	0.03125	-409.257
3100	0.03125	-399.867
3200	0.03125	-392.091
3300	0.03125	-361.025
3400	0.03125	-410.299
3500	0.03125	-369.996
3600	0.03125	-371.517
3700	0.03125	-358.531
3800	0.03125	-368.812
3900	0.03125	-370.333
4000	0.03125	-367.388
4100	0.03125	-375.473
4200	0.03125	-426.218
4300	0.03125	-406.615
4400	0.03125	-395.693
4500	0.03125	-374.6
4600	0.03125	-394.458
4700	0.03125	-411.286
4800	0.03125	-404.884
4900	0.03125	-364.067
5000	0.03125	-430.734
5100	0.03125	-428.58
5200	0.03125	-385.982
5300	0.03125	-394.728
5400	0.03125	-384.465
5500	0.03125	-375.925
5600	0.03125	-382.055
5700	0.03125	-380.509
5800	0.03125	-378.799
5900	0.03125	-384.814
6000	0.03125	-383.496
6100	0.03125	-372.07
6200	0.03125	-381.881
6300	0.03125	-382.169
6400	0.03125	-363.286
6500	0.03125	-380.621
6600	0.03125	-383.291
6700	0.03125	-376.49
6800	0.03125	-359.691
6900	0.03125	-369.784
7000	0.03125	-417.502
7100	0.03125	-374.412
7200	0.03125	-363.053
7300	0.03125	-392.624
7400	0.03125	-413.539
7500	0.03125	-381.168
7600	0.03125	-375.122
7700	0.03125	-392.479
7800	0.03125	-375.365
7900	0.03125	-364.989
8000	0.03125	-374.595
8100	0.03125	-379.067
8200	0.03125	-391.177
8300	0.03125	-428.708
8400	0.03125	-365.269
8500	0.03125	-375.436
8600	0.03125	-381.25
8700	0.03125	-370.257
8800	0.03125	-371.031
8900	0.03125	-399.693
9000	0.03125	-384.204
9100	0.03125	-384.039
9200	0.03125	-382.351
9300	0.03125	-392.028
9400	0.03125	-436.887
9500	0.03125	-369.029
9600	0.03125	-398.524
9700	0.03125	-400.342
9800	0.03125	-361.095
9900	0.03125	-371.041
10000	0.03125	-364.027
2600	0.0254804	-376.366
2700	0.0254804	-370.58
2800	0.0254804	-367.405
2900	0.0254804	-371.692
3000	0.0254804	-395.146
3100	0.0254804	-368.915
3200	0.0254804	-378.553
3300	0.0254804	-423.107
3400	0.0254804	-378.831
3500	0.0254804	-373.39
3600	0.0254804	-378.279
3700	0.0254804	-404.599
3800	0.0254804	-388.993
3900	0.0254804	-372.042
4000	0.0254804	-381.431
4100	0.0254804	-367.643
4200	0.0254804	-394.512
4300	0.0254804	-390.802
4400	0.0254804	-381.379
4500	0.0254804	-371.137
4600	0.0254804	-392.844
4700	0.0254804	-389.708
4800	0.0254804	-364.316
4900	0.0254804	-378.228
5000	0.0254804	-385.763
5100	0.0254804	-373.223
5200	0.0254804	-428.378
5300	0.0254804	-373.662
5400	0.0254804	-389.786
5500	0.0254804	-382.018
5600	0.0254804	-370.699
5700	0.0254804	-413.94
5800	0.0254804	-383.829
5900	0.0254804	-395.231
6000	0.0254804	-380.148
6100	0.0254804	-393.599
6200	0.0254804	-435.858
6300	0.0254804	-367.64
6400	0.0254804	-379.189
6500	0.0254804	-375.646
6600	0.0254804	-412.641
6700	0.0254804	-363.057
6800	0.0254804	-381.759
6900	0.0254804	-372.286
7000	0.0254804	-393.054
7100	0.0254804	-401.964
7200	0.0254804	-360.288
7300	0.0254804	-386.056
7400	0.0254804	-382.525
7500	0.0254804	-398.817
7600	0.0254804	-398.517
7700	0.0254804	-397.769
7800	0.0254804	-421.995
7900	0.0254804	-381.386
8000	0.0254804	-393.547
8100	0.0254804	-374.102
8200	0.0254804	-395.823
8300	0.0254804	-381.533
8400	0.0254804	-387.697
8500	0.0254804	-396.533
8600	0.0254804	-366.68
8700	0.0254804	-389.557
8800	0.0254804	-373.471
8900	0.0254804	-401.501
9000	0.0254804	-381.078
9100	0.0254804	-370.083
9200	0.0254804	-396.566
9300	0.0254804	-370.8
9400	0.0254804	-428.327
9500	0.0254804	-381.962
9600	0.0254804	-393.957
9700	0.0254804	-425.41
9800	0.0254804	-422.461
9900	0.0254804	-376.221
10000	0.0254804	-370.281
2600	0.0205963	-399.197
2700	0.0205963	-414.669
2800	0.0205963	-377.878
2900	0.0205963	-362.384
3000	0.0205963	-432.511
3100	0.0205963	-400.707
3200	0.0205963	-386.56
3300	0.0205963	-387.251
3400	0.0205963	-369.922
3500	0.0205963	-366.148
3600	0.0205963	-366.637
3700	0.0205963	-401.392
3800	0.0205963	-371.847
3900	0.0205963	-365.179
4000	0.0205963	-397.973
4100	0.0205963	-395.129
4200	0.0205963	-388.956
4300	0.0205963	-387.357
4400	0.0205963	-394.303
4500	0.0205963	-386.625
4600	0.0205963	-383.018
4700	0.0205963	-370.565
4800	0.0205963	-407.943
4900	0.0205963	-398.915
5000	0.0205963	-437.104
5100	0.0205963	-404.144
5200	0.0205963	-399.236
5300	0.0205963	-408.6
5400	0.0205963	-372.489
5500	0.0205963	-365.612
5600	0.0205963	-363.213
5700	0.0205963	-385.417
5800	0.0205963	-358.654
5900	0.0205963	-396.02
6000	0.0205963	-377.355
6100	0.0205963	-392.484
6200	0.0205963	-426.549
6300	0.0205963	-378.328
6400	0.0205963	-407.011
6500	0.0205963	-360.163
6600	0.0205963	-375.317
6700	0.0205963	-385.175
6800	0.0205963	-409.776
6900	0.0205963	-427.98
7000	0.0205963	-366.711
7100	0.0205963	-370.373
7200	0.0205963	-410.763
7300	0.0205963	-418.869
7400	0.0205963	-418.826
7500	0.0205963	-377.869
7600	0.0205963	-379.982
7700	0.0205963	-368.641
7800	0.0205963	-407.193
7900	0.0205963	-368.794
8000	0.0205963	-383.939
8100	0.0205963	-399.6
8200	0.0205963	-383.276
8300	0.0205963	-415.949
8400	0.0205963	-367.261
8500	0.0205963	-372.93
8600	0.0205963	-374.383
8700	0.0205963	-364.913
8800	0.0205963	-381.25
8900	0.0205963	-383.624
9000	0.0205963	-409.548
9100	0.0205963	-398.068
9200	0.0205963	-375.057
9300	0.0205963	-383.228
9400	0.0205963	-416.229
9500	0.0205963	-423.084
9600	0.0205963	-376.256
9700	0.0205963	-382.826
9800	0.0205963	-370.993
9900	0.0205963	-399.068
10000	0.0205963	-399.119
2600	0.0164916	-376.66
2700	0.0164916	-370.731
2800	0.0164916	-395.237
2900	0.0164916	-392.871
3000	0.0164916	-365.103
3100	0.0164916	-383.528
3200	0.0164916	-395.756
3300	0.0164916	-402.637
3400	0.0164916	-386.68
3500	0.0164916	-376.945
3600	0.0164916	-402.937
3700	0.0164916	-402.317
3800	0.0164916	-383.062
3900	0.0164916	-376.945
4000	0.0164916	-427.822
4100	0.0164916	-415.214
4200	0.0164916	-386.835
4300	0.0164916	-362.073
4400	0.0164916	-404.564
4500	0.0164916	-382.701
4600	0.0164916	-405.471
4700	0.0164916	-385.272
4800	0.0164916	-409.585
4900	0.0164916	-410.826
5000	0.0164916	-383.646
5100	0.0164916	-379.289
5200	0.0164916	-390.508
5300	0.0164916	-390.911
5400	0.0164916	-391.362
5500	0.0164916	-379.124
5600	0.0164916	-370.841
5700	0.0164916	-387.372
5800	0.0164916	-416.62
5900	0.0164916	-420.181
6000	0.0164916	-372.989
6100	0.0164916	-436.371
6200	0.0164916	-371.721
6300	0.0164916	-401.811
6400	0.0164916	-429.427
6500	0.0164916	-367.315
6600	0.0164916	-380.543
6700	0.0164916	-425.719
6800	0.0164916	-389.703
6900	0.0164916	-413.151
7000	0.0164916	-392.952
7100	0.0164916	-365.437
7200	0.0164916	-421.345
7300	0.0164916	-365.772
7400	0.0164916	-367.497
7500	0.0164916	-363.789
7600	0.0164916	-423.195
7700	0.0164916	-394.335
7800	0.0164916	-372.25
7900	0.0164916	-392.265
8000	0.0164916	-373.828
8100	0.0164916	-392.045
8200	0.0164916	-375.931
8300	0.0164916	-421.015
8400	0.0164916	-390.132
8500	0.0164916	-444.894
8600	0.0164916	-382.532
8700	0.0164916	-416.711
8800	0.0164916	-371.884
8900	0.0164916	-409.197
9000	0.0164916	-378.41
9100	0.0164916	-381.768
9200	0.0164916	-407.091
9300	0.0164916	-392.745
9400	0.0164916	-388.908
9500	0.0164916	-369.29
9600	0.0164916	-385.622
9700	0.0164916	-372.006
9800	0.0164916	-377.634
9900	0.0164916	-374.069
10000	0.0164916	-386.179
2600	0.0130691	-423.773
2700	0.0130691	-375.615
2800	0.0130691	-362.456
2900	0.0130691	-380.898
3000	0.0130691	-413.564
3100	0.0130691	-380.533
3200	0.0130691	-386.557
3300	0.0130691	-361.992
3400	0.0130691	-384.031
3500	0.0130691	-375.202
3600	0.0130691	-391.003
3700	0.0130691	-425.582
3800	0.0130691	-424.418
3900	0.0130691	-396.017
4000	0.0130691	-394.368
4100	0.0130691	-379.83
4200	0.0130691	-422.671
4300	0.0130691	-378.544
4400	0.0130691	-359.092
4500	0.0130691	-375.553
4600	0.0130691	-400.666
4700	0.0130691	-410.712
4800	0.0130691	-411.103
4900	0.0130691	-401.708
5000	0.0130691	-382.765
5100	0.0130691	-426.907
5200	0.0130691	-379.145
5300	0.0130691	-389.097
5400	0.0130691	-367.081
5500	0.0130691	-372.545
5600	0.0130691	-413.849
5700	0.0130691	-374.598
5800	0.0130691	-384.839
5900	0.0130691	-383.389
6000	0.0130691	-421.99
6100	0.0130691	-411.903
6200	0.0130691	-405.222
6300	0.0130691	-380.855
6400	0.0130691	-417.672
6500	0.0130691	-425.307
6600	0.0130691	-395.667
6700	0.0130691	-393.466
6800	0.0130691	-389.206
6900	0.0130691	-358.496
7000	0.0130691	-420.18
7100	0.0130691	-388.226
7200	0.0130691	-406.641
7300	0.0130691	-408.57
7400	0.0130691	-365.214
7500	0.0130691	-393.157
7600	0.0130691	-378.33
7700	0.0130691	-401.461
7800	0.0130691	-413.457
7900	0.0130691	-395.732
8000	0.0130691	-374.105
8100	0.0130691	-404.305
8200	0.0130691	-374.657
8300	0.0130691	-395.051
8400	0.0130691	-420.434
8500	0.0130691	-390.438
8600	0.0130691	-411.179
8700	0.0130691	-379.999
8800	0.0130691	-370.682
8900	0.0130691	-382.029
9000	0.0130691	-376.198
9100	0.0130691	-411.232
9200	0.0130691	-373.937
9300	0.0130691	-418.911
9400	0.0130691	-385.717
9500	0.0130691	-405.764
9600	0.0130691	-388.337
9700	0.0130691	-393.848
9800	0.0130691	-389.149
9900	0.0130691	-366.748
10000	0.0130691	-370.241
2600	0.01024	-367.813
2700	0.01024	-410.915
2800	0.01024	-388.912
2900	0.01024	-378.61
3000	0.01024	-386.84
3100	0.01024	-405.09
3200	0.01024	-408.282
3300	0.01024	-390.649
3400	0.01024	-414.33
3500	0.01024	-411.693
3600	0.01024	-395.685
3700	0.01024	-397.833
3800	0.01024	-411.978
3900	0.01024	-371.229
4000	0.01024	-368.611
4100	0.01024	-358.933
4200	0.01024	-385.141
4300	0.01024	-419.905
4400	0.01024	-378.817
4500	0.01024	-429.254
4600	0.01024	-375.71
4700	0.01024	-376.662
4800	0.01024	-384.805
4900	0.01024	-383.039
5000	0.01024	-392.992
5100	0.01024	-370.957
5200	0.01024	-412.556
5300	0.01024	-396.035
5400	0.01024	-373.705
5500	0.01024	-382.745
5600	0.01024	-372.063
5700	0.01024	-412.411
5800	0.01024	-404.606
5900	0.01024	-386.043
6000	0.01024	-372.694
6100	0.01024	-370.2
6200	0.01024	-419.409
6300	0.01024	-424.345
6400	0.01024	-404.411
6500	0.01024	-413.109
6600	0.01024	-393.473
6700	0.01024	-366.814
6800	0.01024	-389.615
6900	0.01024	-386.844
7000	0.01024	-375.869
7100	0.01024	-409.494
7200	0.01024	-382.266
7300	0.01024	-370.457
7400	0.01024	-377.565
7500	0.01024	-398.823
7600	0.01024	-415.167
7700	0.01024	-368.015
7800	0.01024	-428.11
7900	0.01024	-442.843
8000	0.01024	-370.498
8100	0.01024	-431.151
8200	0.01024	-393.204
8300	0.01024	-399.46
8400	0.01024	-386.531
8500	0.01024	-369.197
8600	0.01024	-421.404
8700	0.01024	-381.391
8800	0.01024	-389.655
8900	0.01024	-393.312
9000	0.01024	-383.714
9100	0.01024	-385.987
9200	0.01024	-381.971
9300	0.01024	-384.03
9400	0.01024	-422.4
9500	0.01024	-379.45
9600	0.01024	-428.029
9700	0.01024	-377.095
9800	0.01024	-387.59
9900	0.01024	-403.381
10000	0.01024	-398.368
2600	0.00792352	-403.618
2700	0.00792352	-384.17
2800	0.00792352	-391.692
2900	0.00792352	-366.849
3000	0.00792352	-382.574
3100	0.00792352	-423.325
3200	0.00792352	-375.893
3300	0.00792352	-390.981
3400	0.00792352	-377.988
3500	0.00792352	-383.93
3600	0.00792352	-400.784
3700	0.00792352	-385.92
3800	0.00792352	-387.239
3900	0.00792352	-389.206
4000	0.00792352	-408.794
4100	0.00792352	-374.632
4200	0.00792352	-372.29
4300	0.00792352	-376.18
4400	0.00792352	-402.134
4500	0.00792352	-377.147
4600	0.00792352	-414.44
4700	0.00792352	-383.339
4800	0.00792352	-389.171
4900	0.00792352	-416.605
5000	0.00792352	-366.501
5100	0.00792352	-381.51
5200	0.00792352	-400.344
5300	0.00792352	-370.194
5400	0.00792352	-425.514
5500	0.00792352	-395.797
5600	0.00792352	-362.867
5700	0.00792352	-384.789
5800	0.00792352	-385.257
5900	0.00792352	-428.985
6000	0.00792352	-377.041
6100	0.00792352	-398.229
6200	0.00792352	-380.544
6300	0.00792352	-371.464
6400	0.00792352	-400.301
6500	0.00792352	-401.209
6600	0.00792352	-431.776
6700	0.00792352	-408.943
6800	0.00792352	-421.333
6900	0.00792352	-401.43
7000	0.00792352	-423.318
7100	0.00792352	-391.228
7200	0.00792352	-428.028
7300	0.00792352	-387.011
7400	0.00792352	-398.001
7500	0.00792352	-406.364
7600	0.00792352	-364.524
7700	0.00792352	-392.928
7800	0.00792352	-401.117
7900	0.00792352	-395.401
8000	0.00792352	-402.051
8100	0.00792352	-389.117
8200	0.00792352	-419.005
8300	0.00792352	-419.972
8400	0.00792352	-380.077
8500	0.00792352	-363.132
8600	0.00792352	-407.558
8700	0.00792352	-369.217
8800	0.00792352	-377.077
8900	0.00792352	-401.314
9000	0.00792352	-399.225
9100	0.00792352	-367.573
9200	0.00792352	-382.543
9300	0.00792352	-425.862
9400	0.00792352	-405.401
9500	0.00792352	-399.924
9600	0.00792352	-427.941
9700	0.00792352	-401.642
9800	0.00792352	-372.413
9900	0.00792352	-418.64
10000	0.00792352	-396.485
2600	0.00604662	-415.376
2700	0.00604662	-413.438
2800	0.00604662	-386.475
2900	0.00604662	-375.259
3000	0.00604662	-370.592
3100	0.00604662	-410.538
3200	0.00604662	-390.313
3300	0.00604662	-429.504
3400	0.00604662	-388.506
3500	0.00604662	-384.276
3600	0.00604662	-421.534
3700	0.00604662	-375.453
3800	0.00604662	-385.583
3900	0.00604662	-366.601
4000	0.00604662	-425.771
4100	0.00604662	-382.04
4200	0.00604662	-412.744
4300	0.00604662	-368.072
4400	0.00604662	-379.692
4500	0.00604662	-369.893
4600	0.00604662	-375.927
4700	0.00604662	-381.209
4800	0.00604662	-399.683
4900	0.00604662	-404.375
5000	0.00604662	-416.931
5100	0.00604662	-412.158
5200	0.00604662	-378.468
5300	0.00604662	-417.088
5400	0.00604662	-408.982
5500	0.00604662	-363.949
5600	0.00604662	-390.07
5700	0.00604662	-393.224
5800	0.00604662	-384.153
5900	0.00604662	-367.599
6000	0.00604662	-410.39
6100	0.00604662	-434.858
6200	0.00604662	-407.252
6300	0.00604662	-392.036
6400	0.00604662	-406.015
6500	0.00604662	-368.973
6600	0.00604662	-407.749
6700	0.00604662	-368.071
6800	0.00604662	-379.197
6900	0.00604662	-395.117
7000	0.00604662	-390.674
7100	0.00604662	-400.02
7200	0.00604662	-388.735
7300	0.00604662	-426.937
7400	0.00604662	-412.76
7500	0.00604662	-419.964
7600	0.00604662	-409.637
7700	0.00604662	-393.793
7800	0.00604662	-401.053
7900	0.00604662	-380.459
8000	0.00604662	-384.334
8100	0.00604662	-383.004
8200	0.00604662	-428.619
8300	0.00604662	-387.422
8400	0.00604662	-410.831
8500	0.00604662	-382.011
8600	0.00604662	-408.759
8700	0.00604662	-393.648
8800	0.00604662	-414.645
8900	0.00604662	-373.374
9000	0.00604662	-388.095
9100	0.00604662	-414.229
9200	0.00604662	-427.112
9300	0.00604662	-410.432
9400	0.00604662	-398.771
9500	0.00604662	-395.807
9600	0.00604662	-378.607
9700	0.00604662	-443.958
9800	0.00604662	-377.876
9900	0.00604662	-437.555
10000	0.00604662	-394.726
2600	0.00454354	-405.004
2700	0.00454354	-385.239
2800	0.00454354	-411.291
2900	0.00454354	-375.478
3000	0.00454354	-424.096
3100	0.00454354	-436.125
3200	0.00454354	-434.987
3300	0.00454354	-414.559
3400	0.00454354	-382.116
3500	0.00454354	-432.791
3600	0.00454354	-400.844
3700	0.00454354	-416.77
3800	0.00454354	-401.216
3900	0.00454354	-372.528
4000	0.00454354	-411.425
4100	0.00454354	-404.372
4200	0.00454354	-399.518
4300	0.00454354	-429.275
4400	0.00454354	-378.893
4500	0.00454354	-415.858
4600	0.00454354	-396.041
4700	0.00454354	-378.591
4800	0.00454354	-371.004
4900	0.00454354	-373.978
5000	0.00454354	-428.884
5100	0.00454354	-426.834
5200	0.00454354	-388.129
5300	0.00454354	-378.106
5400	0.00454354	-391.094
5500	0.00454354	-406.341
5600	0.00454354	-433.219
5700	0.00454354	-413.495
5800	0.00454354	-428.079
5900	0.00454354	-393.133
6000	0.00454354	-376.88
6100	0.00454354	-398.238
6200	0.00454354	-378.392
6300	0.00454354	-402.816
6400	0.00454354	-414.054
6500	0.00454354	-373.043
6600	0.00454354	-370.375
6700	0.00454354	-411.586
6800	0.00454354	-388.188
6900	0.00454354	-395.754
7000	0.00454354	-373.227
7100	0.00454354	-389.113
7200	0.00454354	-369.519
7300	0.00454354	-404.174
7400	0.00454354	-395.194
7500	0.00454354	-421.759
7600	0.00454354	-389.273
7700	0.00454354	-369.321
7800	0.00454354	-384.269
7900	0.00454354	-394.118
8000	0.00454354	-406.521
8100	0.00454354	-403.964
8200	0.00454354	-411.013
8300	0.00454354	-380.748
8400	0.00454354	-378.476
8500	0.00454354	-385.671
8600	0.00454354	-375.989
8700	0.00454354	-383.674
8800	0.00454354	-379.069
8900	0.00454354	-369.986
9000	0.00454354	-417.754
9100	0.00454354	-382.082
9200	0.00454354	-403.076
9300	0.00454354	-392.525
9400	0.00454354	-358.637
9500	0.00454354	-417.301
9600	0.00454354	-445.339
9700	0.00454354	-417.6
9800	0.00454354	-392.16
9900	0.00454354	-382.784
10000	0.00454354	-398.396
2600	0.00335544	-366.384
2700	0.00335544	-400.14
2800	0.00335544	-400.911
2900	0.00335544	-399.721
3000	0.00335544	-417.933
3100	0.00335544	-417.579
3200	0.00335544	-440.742
3300	0.00335544	-361.98
3400	0.00335544	-362.497
3500	0.00335544	-407.502
3600	0.00335544	-398.42
3700	0.00335544	-388.826
3800	0.00335544	-428.914
3900	0.00335544	-379.302
4000	0.00335544	-402.887
4100	0.00335544	-376.825
4200	0.00335544	-385.062
4300	0.00335544	-388.585
4400	0.00335544	-400.541
4500	0.00335544	-424.429
4600	0.00335544	-444.097
4700	0.00335544	-427.866
4800	0.00335544	-410.175
4900	0.00335544	-405.901
5000	0.00335544	-418.36
5100	0.00335544	-426.928
5200	0.00335544	-418.969
5300	0.00335544	-404.151
5400	0.00335544	-397.584
5500	0.00335544	-380.705
5600	0.00335544	-367.327
5700	0.00335544	-394.223
5800	0.00335544	-371.069
5900	0.00335544	-424.914
6000	0.00335544	-414.916
6100	0.00335544	-383.802
6200	0.00335544	-404.89
6300	0.00335544	-394.934
6400	0.00335544	-376.267
6500	0.00335544	-370.824
6600	0.00335544	-398.004
6700	0.00335544	-383.467
6800	0.00335544	-370.005
6900	0.00335544	-408.064
7000	0.00335544	-398.843
7100	0.00335544	-401.061
7200	0.00335544	-370.314
7300	0.00335544	-367.405
7400	0.00335544	-386.088
7500	0.00335544	-388.519
7600	0.00335544	-390.175
7700	0.00335544	-366.542
7800	0.00335544	-399.143
7900	0.00335544	-389.175
8000	0.00335544	-408.467
8100	0.00335544	-389.307
8200	0.00335544	-381.44
8300	0.00335544	-406.941
8400	0.00335544	-362.226
8500	0.00335544	-375.645
8600	0.00335544	-396.535
8700	0.00335544	-364.227
8800	0.00335544	-370.724
8900	0.00335544	-407.219
9000	0.00335544	-385.409
9100	0.00335544	-370.777
9200	0.00335544	-404.403
9300	0.00335544	-392.324
9400	0.00335544	-391.216
9500	0.00335544	-425.799
9600	0.00335544	-386.919
9700	0.00335544	-360.706
9800	0.00335544	-360.558
9900	0.00335544	-407.947
10000	0.00335544	-384.506
2600	0.00243	-398.083
2700	0.00243	-392.43
2800	0.00243	-361.403
2900	0.00243	-389.504
3000	0.00243	-432.677
3100	0.00243	-387.325
3200	0.00243	-400.699
3300	0.00243	-377.103
3400	0.00243	-364.54
3500	0.00243	-379.197
3600	0.00243	-411.998
3700	0.00243	-397.529
3800	0.00243	-402.531
3900	0.00243	-370.798
4000	0.00243	-373.682
4100	0.00243	-406.529
4200	0.00243	-393.553
4300	0.00243	-418.166
4400	0.00243	-360.758
4500	0.00243	-388.145
4600	0.00243	-424.883
4700	0.00243	-396.505
4800	0.00243	-415.315
4900	0.00243	-363.987
5000	0.00243	-383.298
5100	0.00243	-404.308
5200	0.00243	-383.229
5300	0.00243	-391.202
5400	0.00243	-366.124
5500	0.00243	-422.316
5600	0.00243	-378.339
5700	0.00243	-424.417
5800	0.00243	-420.024
5900	0.00243	-407.091
6000	0.00243	-390.794
6100	0.00243	-384.74
6200	0.00243	-391.369
6300	0.00243	-429.649
6400	0.00243	-399.108
6500	0.00243	-405.979
6600	0.00243	-370.224
6700	0.00243	-364.943
6800	0.00243	-381.549
6900	0.00243	-377.593
7000	0.00243	-387.528
7100	0.00243	-407.067
7200	0.00243	-395.026
7300	0.00243	-390.31
7400	0.00243	-426.887
7500	0.00243	-402.011
7600	0.00243	-404.629
7700	0.00243	-389.773
7800	0.00243	-374.343
7900	0.00243	-409.462
8000	0.00243	-388.292
8100	0.00243	-370
8200	0.00243	-408.257
8300	0.00243	-388.294
8400	0.00243	-394.769
8500	0.00243	-414.454
8600	0.00243	-392.77
8700	0.00243	-393.498
8800	0.00243	-412.811
8900	0.00243	-379.286
9000	0.00243	-392.871
9100	0.00243	-362.338
9200	0.00243	-411.17
9300	0.00243	-394.585
9400	0.00243	-363.213
9500	0.00243	-424.432
9600	0.00243	-369.832
9700	0.00243	-399.679
9800	0.00243	-378.946
9900	0.00243	-376.084
10000	0.00243	-399.612
2600	0.00172104	-379.92
2700	0.00172104	-401.243
2800	0.00172104	-408.517
2900	0.00172104	-370.139
3000	0.00172104	-390.263
3100	0.00172104	-375.409
3200	0.00172104	-383.437
3300	0.00172104	-401.754
3400	0.00172104	-409.526
3500	0.00172104	-370.665
3600	0.00172104	-445.665
3700	0.00172104	-386.553
3800	0.00172104	-422.347
3900	0.00172104	-370.561
4000	0.00172104	-397.927
4100	0.00172104	-420.637
4200	0.00172104	-395.689
4300	0.00172104	-391.119
4400	0.00172104	-358.739
4500	0.00172104	-361.973
4600	0.00172104	-441.004
4700	0.00172104	-374.397
4800	0.00172104	-392.305
4900	0.00172104	-371.568
5000	0.00172104	-371.471
5100	0.00172104	-406.899
5200	0.00172104	-360.578
5300	0.00172104	-364.23
5400	0.00172104	-396.74
5500	0.00172104	-419.634
5600	0.00172104	-365.575
5700	0.00172104	-409.743
5800	0.00172104	-364.976
5900	0.00172104	-381.023
6000	0.00172104	-394.793
6100	0.00172104	-365.194
6200	0.00172104	-407.666
6300	0.00172104	-385.065
6400	0.00172104	-380.008
6500	0.00172104	-362.568
6600	0.00172104	-373.857
6700	0.00172104	-370.682
6800	0.00172104	-389.895
6900	0.00172104	-380.423
7000	0.00172104	-363.946
7100	0.00172104	-420.295
7200	0.00172104	-437.356
7300	0.00172104	-376.182
7400	0.00172104	-425.496
7500	0.00172104	-442.098
7600	0.00172104	-383.623
7700	0.00172104	-386.407
7800	0.00172104	-369.939
7900	0.00172104	-403.489
8000	0.00172104	-408.19
8100	0.00172104	-374.501
8200	0.00172104	-382.345
8300	0.00172104	-398.2
8400	0.00172104	-405.025
8500	0.00172104	-422.554
8600	0.00172104	-419.541
8700	0.00172104	-379.162
8800	0.00172104	-388.486
8900	0.00172104	-388.876
9000	0.00172104	-371.678
9100	0.00172104	-363.156
9200	0.00172104	-422.187
9300	0.00172104	-371.478
9400	0.00172104	-411.933
9500	0.00172104	-385.882
9600	0.00172104	-382.327
9700	0.00172104	-361.575
9800	0.00172104	-366.046
9900	0.00172104	-395.557
10000	0.00172104	-372.415
2600	0.00118814	-405.398
2700	0.00118814	-375.1
2800	0.00118814	-386.091
2900	0.00118814	-412.998
3000	0.00118814	-365.518
3100	0.00118814	-411.543
3200	0.00118814	-377.45
3300	0.00118814	-410.124
3400	0.00118814	-400.875
3500	0.00118814	-416.483
3600	0.00118814	-389.605
3700	0.00118814	-432.268
3800	0.00118814	-404.29
3900	0.00118814	-393.369
4000	0.00118814	-399.81
4100	0.00118814	-371.445
4200	0.00118814	-386.267
4300	0.00118814	-387.479
4400	0.00118814	-366.909
4500	0.00118814	-414.1
4600	0.00118814	-412.199
4700	0.00118814	-405.42
4800	0.00118814	-406.328
4900	0.00118814	-399.547
5000	0.00118814	-365.334
5100	0.00118814	-383.555
5200	0.00118814	-414.082
5300	0.00118814	-421.084
5400	0.00118814	-366.433
5500	0.00118814	-376.78
5600	0.00118814	-417.985
5700	0.00118814	-374.509
5800	0.00118814	-421.973
5900	0.00118814	-392.692
6000	0.00118814	-389.468
6100	0.00118814	-416.499
6200	0.00118814	-412.465
6300	0.00118814	-392.511
6400	0.00118814	-434.73
6500	0.00118814	-386.239
6600	0.00118814	-370.709
6700	0.00118814	-431.251
6800	0.00118814	-410.084
6900	0.00118814	-369.776
7000	0.00118814	-375.105
7100	0.00118814	-412.002
7200	0.00118814	-377.138
7300	0.00118814	-423.005
7400	0.00118814	-396.548
7500	0.00118814	-369.408
7600	0.00118814	-405.036
7700	0.00118814	-425.853
7800	0.00118814	-440.601
7900	0.00118814	-415.797
8000	0.00118814	-411.292
8100	0.00118814	-371.279
8200	0.00118814	-362.395
8300	0.00118814	-412.044
8400	0.00118814	-411.844
8500	0.00118814	-395.009
8600	0.00118814	-428.292
8700	0.00118814	-375.74
8800	0.00118814	-371.11
8900	0.00118814	-377.73
9000	0.00118814	-406.587
9100	0.00118814	-414.822
9200	0.00118814	-379.595
9300	0.00118814	-396.503
9400	0.00118814	-413.835
9500	0.00118814	-375.973
9600	0.00118814	-366.304
9700	0.00118814	-426.623
9800	0.00118814	-396.594
9900	0.00118814	-440.53
10000	0.00118814	-413.996
2600	0.000796262	-385.41
2700	0.000796262	-388.268
2800	0.000796262	-393.293
2900	0.000796262	-384.406
3000	0.000796262	-387.778
3100	0.000796262	-383.603
3200	0.000796262	-382.243
3300	0.000796262	-419.093
3400	0.000796262	-377.05
3500	0.000796262	-368.596
3600	0.000796262	-400.696
3700	0.000796262	-406.129
3800	0.000796262	-383.833
3900	0.000796262	-395.987
4000	0.000796262	-412.691
4100	0.000796262	-424.777
4200	0.000796262	-385.136
4300	0.000796262	-403.429
4400	0.000796262	-404.518
4500	0.000796262	-393.303
4600	0.000796262	-402.491
4700	0.000796262	-384.146
4800	0.000796262	-435.86
4900	0.000796262	-408.68
5000	0.000796262	-417.296
5100	0.000796262	-385.896
5200	0.000796262	-392.492
5300	0.000796262	-392.8
5400	0.000796262	-395.855
5500	0.000796262	-438.94
5600	0.000796262	-395.88
5700	0.000796262	-397.983
5800	0.000796262	-383.358
5900	0.000796262	-436.054
6000	0.000796262	-398.269
6100	0.000796262	-381.463
6200	0.000796262	-389.609
6300	0.000796262	-390.432
6400	0.000796262	-405.772
6500	0.000796262	-375.296
6600	0.000796262	-404.512
6700	0.000796262	-393.682
6800	0.000796262	-364.427
6900	0.000796262	-403.862
7000	0.000796262	-368.922
7100	0.000796262	-389.032
7200	0.000796262	-394.544
7300	0.000796262	-368.326
7400	0.000796262	-421.525
7500	0.000796262	-399.844
7600	0.000796262	-427.576
7700	0.000796262	-406.159
7800	0.000796262	-403.79
7900	0.000796262	-388.377
8000	0.000796262	-399.722
8100	0.000796262	-395.771
8200	0.000796262	-395.858
8300	0.000796262	-390.974
8400	0.000796262	-415.923
8500	0.000796262	-395.106
8600	0.000796262	-413.033
8700	0.000796262	-370.608
8800	0.000796262	-369.877
8900	0.000796262	-454.82
9000	0.000796262	-422.607
9100	0.000796262	-394.049
9200	0.000796262	-418.498
9300	0.000796262	-383.407
9400	0.000796262	-374.952
9500	0.000796262	-356.963
9600	0.000796262	-371.085
9700	0.000796262	-400.806
9800	0.000796262	-374.596
9900	0.000796262	-398.169
10000	0.000796262	-373.752
2600	0.000515363	-363.59
2700	0.000515363	-376.374
2800	0.000515363	-410.341
2900	0.000515363	-371.155
3000	0.000515363	-414.974
3100	0.000515363	-389.64
3200	0.000515363	-368.458
3300	0.000515363	-375.133
3400	0.000515363	-417.995
3500	0.000515363	-405.266
3600	0.000515363	-401.207
3700	0.000515363	-410.156
3800	0.000515363	-379.989
3900	0.000515363	-384.017
4000	0.000515363	-429.934
4100	0.000515363	-398.938
4200	0.000515363	-423.528
4300	0.000515363	-397.375
4400	0.000515363	-389.417
4500	0.000515363	-393.787
4600	0.000515363	-389.285
4700	0.000515363	-396.517
4800	0.000515363	-401.265
4900	0.000515363	-385.669
5000	0.000515363	-403.453
5100	0.000515363	-398.072
5200	0.000515363	-371.281
5300	0.000515363	-430.708
5400	0.000515363	-377.259
5500	0.000515363	-401.278
5600	0.000515363	-400.394
5700	0.000515363	-382.798
5800	0.000515363	-397.951
5900	0.000515363	-393.797
6000	0.000515363	-401.158
6100	0.000515363	-385.188
6200	0.000515363	-379.867
6300	0.000515363	-382.818
6400	0.000515363	-379.311
6500	0.000515363	-381.232
6600	0.000515363	-379.023
6700	0.000515363	-428.632
6800	0.000515363	-361.779
6900	0.000515363	-404.4
7000	0.000515363	-412.191
7100	0.000515363	-382.026
7200	0.000515363	-384.719
7300	0.000515363	-373.26
7400	0.000515363	-377.691
7500	0.000515363	-379.298
7600	0.000515363	-397.524
7700	0.000515363	-382.803
7800	0.000515363	-405.329
7900	0.000515363	-402.255
8000	0.000515363	-388
8100	0.000515363	-404.805
8200	0.000515363	-424.352
8300	0.000515363	-435.821
8400	0.000515363	-416.099
8500	0.000515363	-386.39
8600	0.000515363	-381.935
8700	0.000515363	-382.66
8800	0.000515363	-406.097
8900	0.000515363	-417.322
9000	0.000515363	-424.477
9100	0.000515363	-378.466
9200	0.000515363	-395.035
9300	0.000515363	-394.833
9400	0.000515363	-375.899
9500	0.000515363	-371.592
9600	0.000515363	-378.754
9700	0.000515363	-380.392
9800	0.000515363	-410.299
9900	0.000515363	-428.322
10000	0.000515363	-393.345
2600	0.00032	-411.27
2700	0.00032	-380.314
2800	0.00032	-372.816
2900	0.00032	-359.427
3000	0.00032	-425.36
3100	0.00032	-426.492
3200	0.00032	-391.445
3300	0.00032	-372.572
3400	0.00032	-394.783
3500	0.00032	-382.98
3600	0.00032	-431.662
3700	0.00032	-410.654
3800	0.00032	-385.518
3900	0.00032	-386.672
4000	0.00032	-363.895
4100	0.00032	-410.639
4200	0.00032	-429.404
4300	0.00032	-418.005
4400	0.00032	-421.21
4500	0.00032	-376.643
4600	0.00032	-379.769
4700	0.00032	-394.504
4800	0.00032	-395.471
4900	0.00032	-357.457
5000	0.00032	-385.564
5100	0.00032	-390.246
5200	0.00032	-373.161
5300	0.00032	-413.055
5400	0.00032	-387.53
5500	0.00032	-418.412
5600	0.00032	-409.207
5700	0.00032	-384.763
5800	0.00032	-393.859
5900	0.00032	-394.74
6000	0.00032	-392.839
6100	0.00032	-404.804
6200	0.00032	-397.429
6300	0.00032	-393.255
6400	0.00032	-429.321
6500	0.00032	-385.493
6600	0.00032	-388.679
6700	0.00032	-402.765
6800	0.00032	-360.094
6900	0.00032	-425.091
7000	0.00032	-418.62
7100	0.00032	-409.857
7200	0.00032	-361.172
7300	0.00032	-360.038
7400	0.00032	-395.408
7500	0.00032	-384.961
7600	0.00032	-428.055
7700	0.00032	-394.563
7800	0.00032	-376.33
7900	0.00032	-395.877
8000	0.00032	-380.468
8100	0.00032	-397.271
8200	0.00032	-365.897
8300	0.00032	-402.82
8400	0.00032	-400.784
8500	0.00032	-409.623
8600	0.00032	-398.419
8700	0.00032	-401.552
8800	0.00032	-402.083
8900	0.00032	-412.263
9000	0.00032	-385.732
9100	0.00032	-386.554
9200	0.00032	-366.615
9300	0.00032	-388.226
9400	0.00032	-431.052
9500	0.00032	-416.357
9600	0.00032	-419.261
9700	0.00032	-405.85
9800	0.00032	-423.517
9900	0.00032	-437.586
10000	0.00032	-379.965
2600	0.000188957	-397.315
2700	0.000188957	-410.09
2800	0.000188957	-379.515
2900	0.000188957	-393.381
3000	0.000188957	-368.211
3100	0.000188957	-382.513
3200	0.000188957	-406.56
3300	0.000188957	-380.199
3400	0.000188957	-395.016
3500	0.000188957	-388.113
3600	0.000188957	-395.888
3700	0.000188957	-375.917
3800	0.000188957	-404.998
3900	0.000188957	-381.688
4000	0.000188957	-401.143
4100	0.000188957	-428.465
4200	0.000188957	-397.989
4300	0.000188957	-387.299
4400	0.000188957	-400.604
4500	0.000188957	-430.702
4600	0.000188957	-407.729
4700	0.000188957	-376.313
4800	0.000188957	-408.756
4900	0.000188957	-393.436
5000	0.000188957	-366.563
5100	0.000188957	-365.498
5200	0.000188957	-419.091
5300	0.000188957	-377.056
5400	0.000188957	-423.002
5500	0.000188957	-396.409
5600	0.000188957	-375.578
5700	0.000188957	-395.344
5800	0.000188957	-420.655
5900	0.000188957	-396.679
6000	0.000188957	-377.629
6100	0.000188957	-401.933
6200	0.000188957	-406.741
6300	0.000188957	-376.245
6400	0.000188957	-387.776
6500	0.000188957	-389.925
6600	0.000188957	-388.931
6700	0.000188957	-387.088
6800	0.000188957	-392.082
6900	0.000188957	-407.238
7000	0.000188957	-432.84
7100	0.000188957	-387.936
7200	0.000188957	-381.992
7300	0.000188957	-397.195
7400	0.000188957	-396.538
7500	0.000188957	-425.191
7600	0.000188957	-390.524
7700	0.000188957	-382.202
7800	0.000188957	-374.633
7900	0.000188957	-383.883
8000	0.000188957	-385.215
8100	0.000188957	-441.099
8200	0.000188957	-378.223
8300	0.000188957	-373.826
8400	0.000188957	-379.936
8500	0.000188957	-387.837
8600	0.000188957	-377.362
8700	0.000188957	-440.394
8800	0.000188957	-405.478
8900	0.000188957	-415.266
9000	0.000188957	-396.182
9100	0.000188957	-409.72
9200	0.000188957	-386.229
9300	0.000188957	-406.813
9400	0.000188957	-428.943
9500	0.000188957	-388.824
9600	0.000188957	-375.152
9700	0.000188957	-376.981
9800	0.000188957	-398.349
9900	0.000188957	-375.167
10000	0.000188957	-367.392
2600	0.000104858	-418.926
2700	0.000104858	-404.181
2800	0.000104858	-438.068
2900	0.000104858	-367.097
3000	0.000104858	-408.487
3100	0.000104858	-412.9
3200	0.000104858	-383.672
3300	0.000104858	-437.907
3400	0.000104858	-381.528
3500	0.000104858	-419.295
3600	0.000104858	-370.266
3700	0.000104858	-401.699
3800	0.000104858	-395.638
3900	0.000104858	-387.029
4000	0.000104858	-404.728
4100	0.000104858	-384.751
4200	0.000104858	-414.753
4300	0.000104858	-377.11
4400	0.000104858	-375.674
4500	0.000104858	-427.759
4600	0.000104858	-382.399
4700	0.000104858	-399.154
4800	0.000104858	-397.221
4900	0.000104858	-376.08
5000	0.000104858	-371.673
5100	0.000104858	-416.313
5200	0.000104858	-389.919
5300	0.000104858	-414.701
5400	0.000104858	-405.341
5500	0.000104858	-390.316
5600	0.000104858	-380.161
5700	0.000104858	-429.415
5800	0.000104858	-398.631
5900	0.000104858	-371.531
6000	0.000104858	-395.723
6100	0.000104858	-432.392
6200	0.000104858	-441.086
6300	0.000104858	-417.713
6400	0.000104858	-432.448
6500	0.000104858	-410.744
6600	0.000104858	-381.052
6700	0.000104858	-400.833
6800	0.000104858	-414.546
6900	0.000104858	-419.446
7000	0.000104858	-404.29
7100	0.000104858	-435.542
7200	0.000104858	-435.177
7300	0.000104858	-435.9
7400	0.000104858	-392.589
7500	0.000104858	-426.232
7600	0.000104858	-384.229
7700	0.000104858	-406.237
7800	0.000104858	-416.858
7900	0.000104858	-359.328
8000	0.000104858	-390.878
8100	0.000104858	-416.332
8200	0.000104858	-420.431
8300	0.000104858	-416.151
8400	0.000104858	-380.405
8500	0.000104858	-386.867
8600	0.000104858	-398.061
8700	0.000104858	-408.759
8800	0.000104858	-362.88
8900	0.000104858	-415.619
9000	0.000104858	-438.997
9100	0.000104858	-388.319
9200	0.000104858	-386.751
9300	0.000104858	-401.692
9400	0.000104858	-394.955
9500	0.000104858	-386.022
9600	0.000104858	-432.087
9700	0.000104858	-360.309
9800	0.000104858	-448.234
9900	0.000104858	-377.018
10000	0.000104858	-403.808
2600	5.37824e-05	-391.644
2700	5.37824e-05	-408.181
2800	5.37824e-05	-428.742
2900	5.37824e-05	-426.245
3000	5.37824e-05	-385.549
3100	5.37824e-05	-407.58
3200	5.37824e-05	-419.533
3300	5.37824e-05	-387.487
3400	5.37824e-05	-361.656
3500	5.37824e-05	-357.9
3600	5.37824e-05	-430.78
3700	5.37824e-05	-378.23
3800	5.37824e-05	-378.901
3900	5.37824e-05	-399.562
4000	5.37824e-05	-377.894
4100	5.37824e-05	-371.307
4200	5.37824e-05	-435.307
4300	5.37824e-05	-386.737
4400	5.37824e-05	-379.326
4500	5.37824e-05	-394.392
4600	5.37824e-05	-374.624
4700	5.37824e-05	-407.909
4800	5.37824e-05	-417.158
4900	5.37824e-05	-389.033
5000	5.37824e-05	-382.834
5100	5.37824e-05	-425.161
5200	5.37824e-05	-398.664
5300	5.37824e-05	-407.454
5400	5.37824e-05	-368.714
5500	5.37824e-05	-401.601
5600	5.37824e-05	-386.31
5700	5.37824e-05	-384.208
5800	5.37824e-05	-416.626
5900	5.37824e-05	-380.722
6000	5.37824e-05	-379.859
6100	5.37824e-05	-384.191
6200	5.37824e-05	-379.305
6300	5.37824e-05	-389.781
6400	5.37824e-05	-387.685
6500	5.37824e-05	-376.518
6600	5.37824e-05	-400.44
6700	5.37824e-05	-408.59
6800	5.37824e-05	-390.505
6900	5.37824e-05	-395.968
7000	5.37824e-05	-413.545
7100	5.37824e-05	-386.03
7200	5.37824e-05	-385.099
7300	5.37824e-05	-399.376
7400	5.37824e-05	-399.972
7500	5.37824e-05	-374.595
7600	5.37824e-05	-402.078
7700	5.37824e-05	-379.657
7800	5.37824e-05	-430.606
7900	5.37824e-05	-375.743
8000	5.37824e-05	-396.345
8100	5.37824e-05	-379.082
8200	5.37824e-05	-390.355
8300	5.37824e-05	-367.598
8400	5.37824e-05	-417.881
8500	5.37824e-05	-425.203
8600	5.37824e-05	-417.702
8700	5.37824e-05	-414.322
8800	5.37824e-05	-394.182
8900	5.37824e-05	-405.546
9000	5.37824e-05	-373.344
9100	5.37824e-05	-386.075
9200	5.37824e-05	-413.259
9300	5.37824e-05	-382.907
9400	5.37824e-05	-415.417
9500	5.37824e-05	-372.756
9600	5.37824e-05	-369.933
9700	5.37824e-05	-380.877
9800	5.37824e-05	-375.25
9900	5.37824e-05	-400.778
10000	5.37824e-05	-423.882
2600	2.48832e-05	-410.175
2700	2.48832e-05	-370.098
2800	2.48832e-05	-397.102
2900	2.48832e-05	-385.255
3000	2.48832e-05	-387.67
3100	2.48832e-05	-403.967
3200	2.48832e-05	-387.536
3300	2.48832e-05	-379.706
3400	2.48832e-05	-407.354
3500	2.48832e-05	-424.276
3600	2.48832e-05	-412.219
3700	2.48832e-05	-393.867
3800	2.48832e-05	-406.914
3900	2.48832e-05	-424.156
4000	2.48832e-05	-406.576
4100	2.48832e-05	-385.961
4200	2.48832e-05	-368.431
4300	2.48832e-05	-431.389
4400	2.48832e-05	-389.134
4500	2.48832e-05	-392.743
4600	2.48832e-05	-402.15
4700	2.48832e-05	-430.345
4800	2.48832e-05	-380.022
4900	2.48832e-05	-404.052
5000	2.48832e-05	-392.532
5100	2.48832e-05	-395.344
5200	2.48832e-05	-416.531
5300	2.48832e-05	-384.14
5400	2.48832e-05	-386.209
5500	2.48832e-05	-412.57
5600	2.48832e-05	-405.387
5700	2.48832e-05	-392.619
5800	2.48832e-05	-403.918
5900	2.48832e-05	-366.524
6000	2.48832e-05	-389.108
6100	2.48832e-05	-376.656
6200	2.48832e-05	-420.624
6300	2.48832e-05	-390.231
6400	2.48832e-05	-434.184
6500	2.48832e-05	-393.389
6600	2.48832e-05	-372.656
6700	2.48832e-05	-374.987
6800	2.48832e-05	-402.544
6900	2.48832e-05	-387.036
7000	2.48832e-05	-390.55
7100	2.48832e-05	-415.154
7200	2.48832e-05	-424.688
7300	2.48832e-05	-381.622
7400	2.48832e-05	-377.978
7500	2.48832e-05	-373.551
7600	2.48832e-05	-367.289
7700	2.48832e-05	-449.963
7800	2.48832e-05	-399.955
7900	2.48832e-05	-410.789
8000	2.48832e-05	-420.375
8100	2.48832e-05	-403.568
8200	2.48832e-05	-360.815
8300	2.48832e-05	-395.675
8400	2.48832e-05	-383.949
8500	2.48832e-05	-385.628
8600	2.48832e-05	-368.137
8700	2.48832e-05	-411.414
8800	2.48832e-05	-398.407
8900	2.48832e-05	-382.48
9000	2.48832e-05	-424.014
9100	2.48832e-05	-432.921
9200	2.48832e-05	-386.309
9300	2.48832e-05	-435.6
9400	2.48832e-05	-380.192
9500	2.48832e-05	-391.388
9600	2.48832e-05	-399.232
9700	2.48832e-05	-407.141
9800	2.48832e-05	-402.348
9900	2.48832e-05	-391.987
10000	2.48832e-05	-389.934
2600	1e-05	-375.463
2700	1e-05	-424.657
2800	1e-05	-397.821
2900	1e-05	-366.513
3000	1e-05	-360.982
3100	1e-05	-366.333
3200	1e-05	-395.843
3300	1e-05	-437.188
3400	1e-05	-402.032
3500	1e-05	-372.678
3600	1e-05	-424.016
3700	1e-05	-361.607
3800	1e-05	-376.84
3900	1e-05	-416.023
4000	1e-05	-374.904
4100	1e-05	-389.908
4200	1e-05	-398.407
4300	1e-05	-394.867
4400	1e-05	-374.191
4500	1e-05	-424.348
4600	1e-05	-392.352
4700	1e-05	-413.469
4800	1e-05	-386.476
4900	1e-05	-398.189
5000	1e-05	-427.137
5100	1e-05	-425.313
5200	1e-05	-409.743
5300	1e-05	-386.663
5400	1e-05	-389.471
5500	1e-05	-376.467
5600	1e-05	-367.141
5700	1e-05	-407.583
5800	1e-05	-423.514
5900	1e-05	-420.24
6000	1e-05	-407.614
6100	1e-05	-422.744
6200	1e-05	-379.499
6300	1e-05	-403.003
6400	1e-05	-361.778
6500	1e-05	-424.767
6600	1e-05	-417.942
6700	1e-05	-372.588
6800	1e-05	-389.817
6900	1e-05	-388.382
7000	1e-05	-381.872
7100	1e-05	-427.039
7200	1e-05	-432.591
7300	1e-05	-405.984
7400	1e-05	-403.267
7500	1e-05	-392.012
7600	1e-05	-403.108
7700	1e-05	-358.744
7800	1e-05	-399.51
7900	1e-05	-394.943
8000	1e-05	-406.292
8100	1e-05	-365.164
8200	1e-05	-398.052
8300	1e-05	-407.328
8400	1e-05	-387.554
8500	1e-05	-366.37
8600	1e-05	-376.289
8700	1e-05	-370.362
8800	1e-05	-407.896
8900	1e-05	-359.671
9000	1e-05	-381.689
9100	1e-05	-379.991
9200	1e-05	-409.992
9300	1e-05	-444.485
9400	1e-05	-374.147
9500	1e-05	-394.488
9600	1e-05	-394.51
9700	1e-05	-378.909
9800	1e-05	-399.778
9900	1e-05	-385.75
10000	1e-05	-415.115
2600	3.2768e-06	-406
2700	3.2768e-06	-406.14
2800	3.2768e-06	-384.747
2900	3.2768e-06	-366.508
3000	3.2768e-06	-425.846
3100	3.2768e-06	-413.878
3200	3.2768e-06	-385.238
3300	3.2768e-06	-374.687
3400	3.2768e-06	-388.823
3500	3.2768e-06	-420.36
3600	3.2768e-06	-422.48
3700	3.2768e-06	-382.669
3800	3.2768e-06	-370.838
3900	3.2768e-06	-395.727
4000	3.2768e-06	-366.904
4100	3.2768e-06	-387.329
4200	3.2768e-06	-397.951
4300	3.2768e-06	-400.756
4400	3.2768e-06	-365.982
4500	3.2768e-06	-385.601
4600	3.2768e-06	-407.809
4700	3.2768e-06	-404.04
4800	3.2768e-06	-373.145
4900	3.2768e-06	-405.852
5000	3.2768e-06	-408.978
5100	3.2768e-06	-414.567
5200	3.2768e-06	-403.322
5300	3.2768e-06	-399.288
5400	3.2768e-06	-389.952
5500	3.2768e-06	-434.327
5600	3.2768e-06	-396.778
5700	3.2768e-06	-432.213
5800	3.2768e-06	-397.36
5900	3.2768e-06	-398.274
6000	3.2768e-06	-378.197
6100	3.2768e-06	-370.898
6200	3.2768e-06	-395.146
6300	3.2768e-06	-413.644
6400	3.2768e-06	-366.621
6500	3.2768e-06	-391.213
6600	3.2768e-06	-365.634
6700	3.2768e-06	-376.185
6800	3.2768e-06	-397.653
6900	3.2768e-06	-394.062
7000	3.2768e-06	-405.578
7100	3.2768e-06	-416.012
7200	3.2768e-06	-417.056
7300	3.2768e-06	-385.351
7400	3.2768e-06	-401.804
7500	3.2768e-06	-400.59
7600	3.2768e-06	-403.336
7700	3.2768e-06	-401.761
7800	3.2768e-06	-389.648
7900	3.2768e-06	-399.274
8000	3.2768e-06	-390.047
8100	3.2768e-06	-370.807
8200	3.2768e-06	-360.953
8300	3.2768e-06	-391.729
8400	3.2768e-06	-402.001
8500	3.2768e-06	-416.538
8600	3.2768e-06	-430.496
8700	3.2768e-06	-412.875
8800	3.2768e-06	-383.854
8900	3.2768e-06	-379.898
9000	3.2768e-06	-384.81
9100	3.2768e-06	-400.063
9200	3.2768e-06	-392.51
9300	3.2768e-06	-410.31
9400	3.2768e-06	-439.546
9500	3.2768e-06	-384.857
9600	3.2768e-06	-402.98
9700	3.2768e-06	-418.905
9800	3.2768e-06	-399.857
9900	3.2768e-06	-399.977
10000	3.2768e-06	-374.713
2600	7.776e-07	-381.774
2700	7.776e-07	-397.099
2800	7.776e-07	-407.619
2900	7.776e-07	-403.337
3000	7.776e-07	-388.9
3100	7.776e-07	-386.376
3200	7.776e-07	-381.39
3300	7.776e-07	-398.697
3400	7.776e-07	-361.189
3500	7.776e-07	-384.308
3600	7.776e-07	-380.325
3700	7.776e-07	-413.384
3800	7.776e-07	-380.939
3900	7.776e-07	-384.818
4000	7.776e-07	-418.817
4100	7.776e-07	-413.344
4200	7.776e-07	-387.739
4300	7.776e-07	-373.046
4400	7.776e-07	-367.563
4500	7.776e-07	-426.628
4600	7.776e-07	-390.284
4700	7.776e-07	-376.427
4800	7.776e-07	-357.631
4900	7.776e-07	-421.84
5000	7.776e-07	-386.123
5100	7.776e-07	-405.647
5200	7.776e-07	-386.955
5300	7.776e-07	-405.834
5400	7.776e-07	-406.044
5500	7.776e-07	-372.056
5600	7.776e-07	-417.691
5700	7.776e-07	-374.528
5800	7.776e-07	-408.034
5900	7.776e-07	-407.337
6000	7.776e-07	-434.171
6100	7.776e-07	-423.931
6200	7.776e-07	-397.061
6300	7.776e-07	-379.396
6400	7.776e-07	-420.455
6500	7.776e-07	-416.896
6600	7.776e-07	-413.914
6700	7.776e-07	-380.105
6800	7.776e-07	-358.645
6900	7.776e-07	-367.183
7000	7.776e-07	-368.581
7100	7.776e-07	-381.215
7200	7.776e-07	-388.3
7300	7.776e-07	-377.78
7400	7.776e-07	-359.085
7500	7.776e-07	-436.326
7600	7.776e-07	-383.158
7700	7.776e-07	-416.984
7800	7.776e-07	-374.438
7900	7.776e-07	-423.024
8000	7.776e-07	-404.751
8100	7.776e-07	-371.36
8200	7.776e-07	-362.519
8300	7.776e-07	-369.594
8400	7.776e-07	-391.634
8500	7.776e-07	-406.495
8600	7.776e-07	-391.268
8700	7.776e-07	-440.569
8800	7.776e-07	-371.614
8900	7.776e-07	-374.589
9000	7.776e-07	-403.778
9100	7.776e-07	-391.939
9200	7.776e-07	-423.643
9300	7.776e-07	-373.312
9400	7.776e-07	-387.484
9500	7.776e-07	-388.569
9600	7.776e-07	-385.12
9700	7.776e-07	-433.702
9800	7.776e-07	-398.073
9900	7.776e-07	-403.096
10000	7.776e-07	-383.507
2600	1.024e-07	-369.786
2700	1.024e-07	-404.388
2800	1.024e-07	-413.076
2900	1.024e-07	-392.779
3000	1.024e-07	-371.291
3100	1.024e-07	-407.555
3200	1.024e-07	-383.405
3300	1.024e-07	-373.629
3400	1.024e-07	-402.029
3500	1.024e-07	-396.614
3600	1.024e-07	-419.645
3700	1.024e-07	-395.464
3800	1.024e-07	-417.785
3900	1.024e-07	-427.644
4000	1.024e-07	-389.431
4100	1.024e-07	-390.738
4200	1.024e-07	-416.044
4300	1.024e-07	-392.796
4400	1.024e-07	-397.803
4500	1.024e-07	-417.781
4600	1.024e-07	-386.608
4700	1.024e-07	-376.936
4800	1.024e-07	-420.667
4900	1.024e-07	-371.763
5000	1.024e-07	-388.94
5100	1.024e-07	-425.7
5200	1.024e-07	-376.213
5300	1.024e-07	-399.726
5400	1.024e-07	-431.915
5500	1.024e-07	-381.968
5600	1.024e-07	-375.993
5700	1.024e-07	-411.073
5800	1.024e-07	-385.519
5900	1.024e-07	-387.166
6000	1.024e-07	-371.773
6100	1.024e-07	-381.84
6200	1.024e-07	-404.936
6300	1.024e-07	-393.879
6400	1.024e-07	-388.404
6500	1.024e-07	-420.076
6600	1.024e-07	-364.692
6700	1.024e-07	-406.732
6800	1.024e-07	-383.938
6900	1.024e-07	-402.66
7000	1.024e-07	-429.492
7100	1.024e-07	-377.36
7200	1.024e-07	-421.467
7300	1.024e-07	-382.56
7400	1.024e-07	-413.796
7500	1.024e-07	-397.089
7600	1.024e-07	-394.208
7700	1.024e-07	-385.494
7800	1.024e-07	-373.248
7900	1.024e-07	-420.409
8000	1.024e-07	-440.892
8100	1.024e-07	-387.061
8200	1.024e-07	-382.893
8300	1.024e-07	-395.067
8400	1.024e-07	-402.464
8500	1.024e-07	-403.853
8600	1.024e-07	-402.8
8700	1.024e-07	-402.087
8800	1.024e-07	-413.439
8900	1.024e-07	-388.584
9000	1.024e-07	-419.275
9100	1.024e-07	-420.212
9200	1.024e-07	-432.155
9300	1.024e-07	-401.038
9400	1.024e-07	-412.093
9500	1.024e-07	-443.294
9600	1.024e-07	-410.241
9700	1.024e-07	-385.979
9800	1.024e-07	-400.059
9900	1.024e-07	-380.427
10000	1.024e-07	-382.578
2600	3.2e-09	-373.411
2700	3.2e-09	-427.817
2800	3.2e-09	-425.07
2900	3.2e-09	-385.714
3000	3.2e-09	-408.85
3100	3.2e-09	-377.104
3200	3.2e-09	-390.62
3300	3.2e-09	-377.982
3400	3.2e-09	-396.538
3500	3.2e-09	-382.169
3600	3.2e-09	-392.25
3700	3.2e-09	-412.877
3800	3.2e-09	-398.78
3900	3.2e-09	-406.298
4000	3.2e-09	-416.332
4100	3.2e-09	-378.568
4200	3.2e-09	-411.86
4300	3.2e-09	-420.093
4400	3.2e-09	-400.333
4500	3.2e-09	-432.593
4600	3.2e-09	-420.668
4700	3.2e-09	-397.799
4800	3.2e-09	-415.163
4900	3.2e-09	-409.183
5000	3.2e-09	-434.424
5100	3.2e-09	-393.744
5200	3.2e-09	-414.102
5300	3.2e-09	-421.747
5400	3.2e-09	-376.583
5500	3.2e-09	-382.523
5600	3.2e-09	-371.575
5700	3.2e-09	-399.558
5800	3.2e-09	-423.679
5900	3.2e-09	-404.767
6000	3.2e-09	-383.512
6100	3.2e-09	-386.195
6200	3.2e-09	-408.29
6300	3.2e-09	-406.506
6400	3.2e-09	-405.371
6500	3.2e-09	-375.801
6600	3.2e-09	-422.352
6700	3.2e-09	-372.61
6800	3.2e-09	-411.117
6900	3.2e-09	-384.224
7000	3.2e-09	-418.022
7100	3.2e-09	-371.526
7200	3.2e-09	-417.209
7300	3.2e-09	-382.473
7400	3.2e-09	-379.065
7500	3.2e-09	-365.263
7600	3.2e-09	-410.64
7700	3.2e-09	-394.554
7800	3.2e-09	-377.988
7900	3.2e-09	-404.272
8000	3.2e-09	-376.435
8100	3.2e-09	-388.628
8200	3.2e-09	-369.187
8300	3.2e-09	-408.622
8400	3.2e-09	-387.896
8500	3.2e-09	-403.248
8600	3.2e-09	-384.631
8700	3.2e-09	-405.818
8800	3.2e-09	-382.361
8900	3.2e-09	-374.087
9000	3.2e-09	-393.886
9100	3.2e-09	-388.554
9200	3.2e-09	-414.852
9300	3.2e-09	-378.791
9400	3.2e-09	-409.612
9500	3.2e-09	-375.047
9600	3.2e-09	-441.799
9700	3.2e-09	-416.328
9800	3.2e-09	-420.025
9900	3.2e-09	-422.13
10000	3.2e-09	-362.16
2600	1.16658e-302	-403.35
2700	1.16658e-302	-377.559
2800	1.16658e-302	-368.231
2900	1.16658e-302	-383.933
3000	1.16658e-302	-376.568
3100	1.16658e-302	-383.941
3200	1.16658e-302	-394.15
3300	1.16658e-302	-425.317
3400	1.16658e-302	-414.213
3500	1.16658e-302	-420.866
3600	1.16658e-302	-394.035
3700	1.16658e-302	-424.265
3800	1.16658e-302	-407.504
3900	1.16658e-302	-399.411
4000	1.16658e-302	-388.418
4100	1.16658e-302	-438.05
4200	1.16658e-302	-394.156
4300	1.16658e-302	-420.328
4400	1.16658e-302	-397.572
4500	1.16658e-302	-422.687
4600	1.16658e-302	-425.327
4700	1.16658e-302	-422.033
4800	1.16658e-302	-390.248
4900	1.16658e-302	-369.663
5000	1.16658e-302	-428.44
5100	1.16658e-302	-394.762
5200	1.16658e-302	-359.345
5300	1.16658e-302	-375.057
5400	1.16658e-302	-389.236
5500	1.16658e-302	-402.796
5600	1.16658e-302	-408.041
5700	1.16658e-302	-409.499
5800	1.16658e-302	-367.718
5900	1.16658e-302	-361.992
6000	1.16658e-302	-414.557
6100	1.16658e-302	-402.537
6200	1.16658e-302	-377.576
6300	1.16658e-302	-422.595
6400	1.16658e-302	-432.307
6500	1.16658e-302	-437.823
6600	1.16658e-302	-371.641
6700	1.16658e-302	-369.868
6800	1.16658e-302	-431.133
6900	1.16658e-302	-395.035
7000	1.16658e-302	-386.907
7100	1.16658e-302	-398.439
7200	1.16658e-302	-441.164
7300	1.16658e-302	-375.502
7400	1.16658e-302	-393.438
7500	1.16658e-302	-409.63
7600	1.16658e-302	-368.669
7700	1.16658e-302	-370.795
7800	1.16658e-302	-387.419
7900	1.16658e-302	-379.004
8000	1.16658e-302	-429.669
8100	1.16658e-302	-384.381
8200	1.16658e-302	-411.828
8300	1.16658e-302	-389.982
8400	1.16658e-302	-388.769
8500	1.16658e-302	-404.045
8600	1.16658e-302	-395.932
8700	1.16658e-302	-406.737
8800	1.16658e-302	-420.691
8900	1.16658e-302	-380.775
9000	1.16658e-302	-385.478
9100	1.16658e-302	-410.347
9200	1.16658e-302	-391.212
9300	1.16658e-302	-400.568
9400	1.16658e-302	-399.889
9500	1.16658e-302	-408.883
9600	1.16658e-302	-425.078
9700	1.16658e-302	-383.41
9800	1.16658e-302	-385.481
9900	1.16658e-302	-389.999
10000	1.16658e-302	-416.987
