state	power	likelihood
12600	0.107374	-240.219
12700	0.107374	-242.029
12800	0.107374	-250.972
12900	0.107374	-253.175
13000	0.107374	-242.688
13100	0.107374	-246.175
13200	0.107374	-238.866
13300	0.107374	-246.515
13400	0.107374	-240.967
13500	0.107374	-241.284
13600	0.107374	-240.088
13700	0.107374	-260.109
13800	0.107374	-242.242
13900	0.107374	-239.943
14000	0.107374	-244.633
14100	0.107374	-236.7
14200	0.107374	-244.595
14300	0.107374	-239.342
14400	0.107374	-238.998
14500	0.107374	-243.122
14600	0.107374	-238.325
14700	0.107374	-249.438
14800	0.107374	-252.007
14900	0.107374	-238.926
15000	0.107374	-238.652
15100	0.107374	-237.94
15200	0.107374	-239.929
15300	0.107374	-238.562
15400	0.107374	-236.766
15500	0.107374	-250.547
15600	0.107374	-238.117
15700	0.107374	-239.538
15800	0.107374	-242.666
15900	0.107374	-246.821
16000	0.107374	-246.817
16100	0.107374	-236.728
16200	0.107374	-245.385
16300	0.107374	-240.81
16400	0.107374	-238.509
16500	0.107374	-238.651
16600	0.107374	-240.709
16700	0.107374	-240.225
16800	0.107374	-243.959
16900	0.107374	-251.95
17000	0.107374	-239.026
17100	0.107374	-245.146
17200	0.107374	-242.845
17300	0.107374	-243.808
17400	0.107374	-240.301
17500	0.107374	-238.839
17600	0.107374	-252.481
17700	0.107374	-238.366
17800	0.107374	-240.349
17900	0.107374	-255.175
18000	0.107374	-240.155
18100	0.107374	-239.073
18200	0.107374	-238.289
18300	0.107374	-238.241
18400	0.107374	-239.468
18500	0.107374	-248.056
18600	0.107374	-245.406
18700	0.107374	-237.877
18800	0.107374	-242.248
18900	0.107374	-239.235
19000	0.107374	-235.59
19100	0.107374	-249.612
19200	0.107374	-249.151
19300	0.107374	-247.689
19400	0.107374	-240.8
19500	0.107374	-239.532
19600	0.107374	-243.223
19700	0.107374	-251.004
19800	0.107374	-245.322
19900	0.107374	-240.762
20000	0.107374	-258.248
20100	0.107374	-238.606
20200	0.107374	-242.273
20300	0.107374	-239.679
20400	0.107374	-244.366
20500	0.107374	-239.031
20600	0.107374	-243.437
20700	0.107374	-237.953
20800	0.107374	-242.291
20900	0.107374	-241.972
21000	0.107374	-251.114
21100	0.107374	-235.629
21200	0.107374	-236.666
21300	0.107374	-270.662
21400	0.107374	-252.196
21500	0.107374	-249.12
21600	0.107374	-240.712
21700	0.107374	-240.017
21800	0.107374	-269.538
21900	0.107374	-236.94
22000	0.107374	-243.188
22100	0.107374	-238.742
22200	0.107374	-237.199
22300	0.107374	-246.661
22400	0.107374	-238.81
22500	0.107374	-244.575
22600	0.107374	-246.725
22700	0.107374	-252.322
22800	0.107374	-243.934
22900	0.107374	-270.495
23000	0.107374	-249.869
23100	0.107374	-241.243
23200	0.107374	-242.614
23300	0.107374	-242.29
23400	0.107374	-244.064
23500	0.107374	-242.165
23600	0.107374	-239.919
23700	0.107374	-245.687
23800	0.107374	-244.731
23900	0.107374	-239.064
24000	0.107374	-255.701
24100	0.107374	-239.899
24200	0.107374	-240.072
24300	0.107374	-263.413
24400	0.107374	-242.813
24500	0.107374	-241.634
24600	0.107374	-246.588
24700	0.107374	-245.224
24800	0.107374	-239.749
24900	0.107374	-246.451
25000	0.107374	-247.533
25100	0.107374	-258.157
25200	0.107374	-253.688
25300	0.107374	-243.713
25400	0.107374	-241.243
25500	0.107374	-238.697
25600	0.107374	-246.299
25700	0.107374	-237.67
25800	0.107374	-272.9
25900	0.107374	-245.045
26000	0.107374	-238.407
26100	0.107374	-239.972
26200	0.107374	-244.188
26300	0.107374	-247.729
26400	0.107374	-248.558
26500	0.107374	-246.027
26600	0.107374	-240.363
26700	0.107374	-247.511
26800	0.107374	-237.734
26900	0.107374	-242.277
27000	0.107374	-254.029
27100	0.107374	-239.157
27200	0.107374	-238.089
27300	0.107374	-238.623
27400	0.107374	-245.409
27500	0.107374	-238.675
27600	0.107374	-241.181
27700	0.107374	-239.377
27800	0.107374	-249.264
27900	0.107374	-241.337
28000	0.107374	-260.487
28100	0.107374	-241.661
28200	0.107374	-236.911
28300	0.107374	-246.009
28400	0.107374	-257.68
28500	0.107374	-248.634
28600	0.107374	-251.671
28700	0.107374	-239.384
28800	0.107374	-238.441
28900	0.107374	-256.816
29000	0.107374	-241.083
29100	0.107374	-243.749
29200	0.107374	-253.818
29300	0.107374	-238.257
29400	0.107374	-240.78
29500	0.107374	-271.749
29600	0.107374	-238.23
29700	0.107374	-239.21
29800	0.107374	-241.036
29900	0.107374	-235.544
30000	0.107374	-241.207
30100	0.107374	-238.758
30200	0.107374	-237.317
30300	0.107374	-238.856
30400	0.107374	-237.194
30500	0.107374	-238.215
30600	0.107374	-240.411
30700	0.107374	-237.95
30800	0.107374	-244.82
30900	0.107374	-236.651
31000	0.107374	-240.92
31100	0.107374	-241.282
31200	0.107374	-237.465
31300	0.107374	-240.642
31400	0.107374	-239.948
31500	0.107374	-238.328
31600	0.107374	-246.083
31700	0.107374	-251.228
31800	0.107374	-241.016
31900	0.107374	-242.599
32000	0.107374	-252.464
32100	0.107374	-242.659
32200	0.107374	-240.3
32300	0.107374	-267.763
32400	0.107374	-246.04
32500	0.107374	-237.59
32600	0.107374	-260.645
32700	0.107374	-235.628
32800	0.107374	-238.072
32900	0.107374	-245.023
33000	0.107374	-244.319
33100	0.107374	-242.671
33200	0.107374	-242.933
33300	0.107374	-240.757
33400	0.107374	-238.253
33500	0.107374	-240.784
33600	0.107374	-240.7
33700	0.107374	-239.738
33800	0.107374	-248.742
33900	0.107374	-238.124
34000	0.107374	-238.844
34100	0.107374	-243.18
34200	0.107374	-240.294
34300	0.107374	-242.237
34400	0.107374	-253.482
34500	0.107374	-241.748
34600	0.107374	-258.221
34700	0.107374	-256.879
34800	0.107374	-240.185
34900	0.107374	-239.611
35000	0.107374	-239.257
35100	0.107374	-242.655
35200	0.107374	-241.499
35300	0.107374	-239.397
35400	0.107374	-243.708
35500	0.107374	-240.065
35600	0.107374	-238.976
35700	0.107374	-251.424
35800	0.107374	-239.927
35900	0.107374	-249.328
36000	0.107374	-245.61
36100	0.107374	-248.821
36200	0.107374	-237.383
36300	0.107374	-238.045
36400	0.107374	-243.057
36500	0.107374	-243.643
36600	0.107374	-236.654
36700	0.107374	-240.015
36800	0.107374	-249.614
36900	0.107374	-245.56
37000	0.107374	-250.459
37100	0.107374	-251.48
37200	0.107374	-239.616
37300	0.107374	-245.825
37400	0.107374	-254.335
37500	0.107374	-242.152
37600	0.107374	-245.76
37700	0.107374	-265.395
37800	0.107374	-242.161
37900	0.107374	-239.366
38000	0.107374	-240.228
38100	0.107374	-236.67
38200	0.107374	-238.42
38300	0.107374	-259.379
38400	0.107374	-237.541
38500	0.107374	-251.596
38600	0.107374	-248.431
38700	0.107374	-246.387
38800	0.107374	-245.066
38900	0.107374	-237.803
39000	0.107374	-238.671
39100	0.107374	-240.201
39200	0.107374	-245.02
39300	0.107374	-243.668
39400	0.107374	-237.04
39500	0.107374	-240.262
39600	0.107374	-239.289
39700	0.107374	-245.334
39800	0.107374	-238.011
39900	0.107374	-239.45
40000	0.107374	-239.716
40100	0.107374	-239.021
40200	0.107374	-241.23
40300	0.107374	-260.585
40400	0.107374	-253.495
40500	0.107374	-245.823
40600	0.107374	-238.628
40700	0.107374	-237.976
40800	0.107374	-240.143
40900	0.107374	-246.759
41000	0.107374	-247.092
41100	0.107374	-246.672
41200	0.107374	-241.259
41300	0.107374	-244.344
41400	0.107374	-245.287
41500	0.107374	-244.824
41600	0.107374	-238.352
41700	0.107374	-255.934
41800	0.107374	-245.571
41900	0.107374	-243.736
42000	0.107374	-247.138
42100	0.107374	-274.184
42200	0.107374	-237.378
42300	0.107374	-246.951
42400	0.107374	-236.515
42500	0.107374	-241.968
42600	0.107374	-237.389
42700	0.107374	-238.87
42800	0.107374	-244.045
42900	0.107374	-241.241
43000	0.107374	-257.475
43100	0.107374	-243.588
43200	0.107374	-242.859
43300	0.107374	-241.566
43400	0.107374	-239.354
43500	0.107374	-258.171
43600	0.107374	-241.938
43700	0.107374	-245.538
43800	0.107374	-244.353
43900	0.107374	-237.299
44000	0.107374	-246.907
44100	0.107374	-240.013
44200	0.107374	-240.961
44300	0.107374	-239.063
44400	0.107374	-240.075
44500	0.107374	-240.382
44600	0.107374	-239.61
44700	0.107374	-240.295
44800	0.107374	-260.972
44900	0.107374	-244.881
45000	0.107374	-239.851
45100	0.107374	-277.774
45200	0.107374	-241.322
45300	0.107374	-237.541
45400	0.107374	-237.967
45500	0.107374	-244.92
45600	0.107374	-238.915
45700	0.107374	-239.479
45800	0.107374	-246.299
45900	0.107374	-241.772
46000	0.107374	-240.799
46100	0.107374	-240.229
46200	0.107374	-238.847
46300	0.107374	-240.771
46400	0.107374	-237.612
46500	0.107374	-239.856
46600	0.107374	-260.523
46700	0.107374	-256.081
46800	0.107374	-237.689
46900	0.107374	-238.227
47000	0.107374	-239.655
47100	0.107374	-250.832
47200	0.107374	-251.611
47300	0.107374	-243.008
47400	0.107374	-238.928
47500	0.107374	-239.322
47600	0.107374	-256.82
47700	0.107374	-240.044
47800	0.107374	-239.28
47900	0.107374	-239.152
48000	0.107374	-240.779
48100	0.107374	-244.881
48200	0.107374	-238.416
48300	0.107374	-244.53
48400	0.107374	-238.418
48500	0.107374	-235.81
48600	0.107374	-240.388
48700	0.107374	-236.544
48800	0.107374	-248.474
48900	0.107374	-246.866
49000	0.107374	-238.377
49100	0.107374	-253.807
49200	0.107374	-244.926
49300	0.107374	-262.463
49400	0.107374	-250.844
49500	0.107374	-239.543
49600	0.107374	-258.277
49700	0.107374	-239.229
49800	0.107374	-249.005
49900	0.107374	-238.544
50000	0.107374	-252.504
