state	power	likelihood
12600	0.00172104	-1414.47
12700	0.00172104	-1203.57
12800	0.00172104	-790.522
12900	0.00172104	-626.269
13000	0.00172104	-785.616
13100	0.00172104	-727.385
13200	0.00172104	-1344.58
13300	0.00172104	-841.471
13400	0.00172104	-774.511
13500	0.00172104	-689.424
13600	0.00172104	-598.83
13700	0.00172104	-1507.33
13800	0.00172104	-794.431
13900	0.00172104	-706.748
14000	0.00172104	-803.681
14100	0.00172104	-1051.37
14200	0.00172104	-1399.02
14300	0.00172104	-589.583
14400	0.00172104	-541.377
14500	0.00172104	-869.009
14600	0.00172104	-530.762
14700	0.00172104	-1089.92
14800	0.00172104	-1098.56
14900	0.00172104	-947.716
15000	0.00172104	-984.501
15100	0.00172104	-796.539
15200	0.00172104	-842.547
15300	0.00172104	-736.69
15400	0.00172104	-871.783
15500	0.00172104	-553.129
15600	0.00172104	-1099.66
15700	0.00172104	-742.536
15800	0.00172104	-768.821
15900	0.00172104	-1281.62
16000	0.00172104	-1147.8
16100	0.00172104	-848.208
16200	0.00172104	-816.609
16300	0.00172104	-1023.55
16400	0.00172104	-693.497
16500	0.00172104	-1250.71
16600	0.00172104	-784.373
16700	0.00172104	-1416.84
16800	0.00172104	-720.674
16900	0.00172104	-500.12
17000	0.00172104	-1125.9
17100	0.00172104	-917.329
17200	0.00172104	-571.081
17300	0.00172104	-982.964
17400	0.00172104	-912.393
17500	0.00172104	-988.589
17600	0.00172104	-520.773
17700	0.00172104	-1274.94
17800	0.00172104	-1156
17900	0.00172104	-636.954
18000	0.00172104	-461.567
18100	0.00172104	-1026.21
18200	0.00172104	-1251.69
18300	0.00172104	-773.341
18400	0.00172104	-730.174
18500	0.00172104	-941.922
18600	0.00172104	-995.468
18700	0.00172104	-1753.23
18800	0.00172104	-780.78
18900	0.00172104	-820.604
19000	0.00172104	-734.366
19100	0.00172104	-991.876
19200	0.00172104	-963.278
19300	0.00172104	-745.87
19400	0.00172104	-1046.3
19500	0.00172104	-766.814
19600	0.00172104	-1138.67
19700	0.00172104	-867.598
19800	0.00172104	-618.582
19900	0.00172104	-795.725
20000	0.00172104	-1280.71
20100	0.00172104	-1597.43
20200	0.00172104	-911.733
20300	0.00172104	-792.098
20400	0.00172104	-787.681
20500	0.00172104	-825.967
20600	0.00172104	-656.877
20700	0.00172104	-854.083
20800	0.00172104	-975.422
20900	0.00172104	-595.57
21000	0.00172104	-604.336
21100	0.00172104	-592.197
21200	0.00172104	-2166.34
21300	0.00172104	-896.774
21400	0.00172104	-849.548
21500	0.00172104	-617.112
21600	0.00172104	-865.1
21700	0.00172104	-540.597
21800	0.00172104	-757.683
21900	0.00172104	-1065.93
22000	0.00172104	-1047.23
22100	0.00172104	-965.207
22200	0.00172104	-532.329
22300	0.00172104	-829.042
22400	0.00172104	-694.164
22500	0.00172104	-827.687
22600	0.00172104	-2258.19
22700	0.00172104	-1460.9
22800	0.00172104	-1462.65
22900	0.00172104	-782.986
23000	0.00172104	-910.35
23100	0.00172104	-1264.19
23200	0.00172104	-799.865
23300	0.00172104	-1206.47
23400	0.00172104	-798.074
23500	0.00172104	-1431.23
23600	0.00172104	-514.216
23700	0.00172104	-946.553
23800	0.00172104	-560.057
23900	0.00172104	-939.695
24000	0.00172104	-1028.49
24100	0.00172104	-966.237
24200	0.00172104	-732.601
24300	0.00172104	-317.288
24400	0.00172104	-697.45
24500	0.00172104	-706.911
24600	0.00172104	-440.209
24700	0.00172104	-855.157
24800	0.00172104	-674.642
24900	0.00172104	-733.26
25000	0.00172104	-919.154
25100	0.00172104	-1141.56
25200	0.00172104	-459.175
25300	0.00172104	-578.981
25400	0.00172104	-836.688
25500	0.00172104	-853.194
25600	0.00172104	-1151.56
25700	0.00172104	-641.552
25800	0.00172104	-743.383
25900	0.00172104	-887.846
26000	0.00172104	-724.03
26100	0.00172104	-810.691
26200	0.00172104	-1298
26300	0.00172104	-1003.5
26400	0.00172104	-439.452
26500	0.00172104	-842.17
26600	0.00172104	-1096.58
26700	0.00172104	-696.285
26800	0.00172104	-476.511
26900	0.00172104	-1406.96
27000	0.00172104	-1014.5
27100	0.00172104	-1201.23
27200	0.00172104	-849.581
27300	0.00172104	-877.146
27400	0.00172104	-499.886
27500	0.00172104	-692.061
27600	0.00172104	-625.45
27700	0.00172104	-1166.6
27800	0.00172104	-669.318
27900	0.00172104	-979.392
28000	0.00172104	-859.973
28100	0.00172104	-1191.43
28200	0.00172104	-1237.65
28300	0.00172104	-695.95
28400	0.00172104	-605.996
28500	0.00172104	-540.523
28600	0.00172104	-661.047
28700	0.00172104	-1166.45
28800	0.00172104	-663.958
28900	0.00172104	-805.736
29000	0.00172104	-762.835
29100	0.00172104	-682.72
29200	0.00172104	-806.892
29300	0.00172104	-538.018
29400	0.00172104	-1056.94
29500	0.00172104	-1091.24
29600	0.00172104	-1274.53
29700	0.00172104	-545.258
29800	0.00172104	-545.602
29900	0.00172104	-871.673
30000	0.00172104	-871.396
30100	0.00172104	-1510.7
30200	0.00172104	-761.704
30300	0.00172104	-510.238
30400	0.00172104	-891.231
30500	0.00172104	-681.991
30600	0.00172104	-705.402
30700	0.00172104	-1101.22
30800	0.00172104	-760.746
30900	0.00172104	-964.621
31000	0.00172104	-505.963
31100	0.00172104	-784.899
31200	0.00172104	-965.203
31300	0.00172104	-1112.68
31400	0.00172104	-804.152
31500	0.00172104	-844.333
31600	0.00172104	-477.749
31700	0.00172104	-528.537
31800	0.00172104	-942.195
31900	0.00172104	-1855.4
32000	0.00172104	-634.433
32100	0.00172104	-613.654
32200	0.00172104	-1046.98
32300	0.00172104	-1348.96
32400	0.00172104	-836.653
32500	0.00172104	-848.609
32600	0.00172104	-1721.08
32700	0.00172104	-1612.9
32800	0.00172104	-904.929
32900	0.00172104	-731.255
33000	0.00172104	-725.01
33100	0.00172104	-573.844
33200	0.00172104	-902.572
33300	0.00172104	-1904.98
33400	0.00172104	-1137.07
33500	0.00172104	-1576.49
33600	0.00172104	-1443.35
33700	0.00172104	-702.685
33800	0.00172104	-901.706
33900	0.00172104	-757.752
34000	0.00172104	-1165.63
34100	0.00172104	-733.861
34200	0.00172104	-767.974
34300	0.00172104	-631.072
34400	0.00172104	-618.677
34500	0.00172104	-1049.03
34600	0.00172104	-835.132
34700	0.00172104	-1128.53
34800	0.00172104	-731.695
34900	0.00172104	-995.785
35000	0.00172104	-883.946
35100	0.00172104	-1504.81
35200	0.00172104	-938.84
35300	0.00172104	-528.718
35400	0.00172104	-931.649
35500	0.00172104	-763.714
35600	0.00172104	-1483.05
35700	0.00172104	-633.301
35800	0.00172104	-1195.7
35900	0.00172104	-565.42
36000	0.00172104	-544.189
36100	0.00172104	-1240.03
36200	0.00172104	-793.429
36300	0.00172104	-884.201
36400	0.00172104	-631.859
36500	0.00172104	-928.664
36600	0.00172104	-574.159
36700	0.00172104	-956.486
36800	0.00172104	-927.352
36900	0.00172104	-580.53
37000	0.00172104	-784.093
37100	0.00172104	-754.375
37200	0.00172104	-635.188
37300	0.00172104	-570.837
37400	0.00172104	-877.369
37500	0.00172104	-1074.46
37600	0.00172104	-688.486
37700	0.00172104	-683.118
37800	0.00172104	-1026.42
37900	0.00172104	-799.704
38000	0.00172104	-1386.5
38100	0.00172104	-595.32
38200	0.00172104	-1379.79
38300	0.00172104	-1216.06
38400	0.00172104	-880.369
38500	0.00172104	-1152.87
38600	0.00172104	-979.072
38700	0.00172104	-1024.06
38800	0.00172104	-1037.24
38900	0.00172104	-534.628
39000	0.00172104	-706.085
39100	0.00172104	-855.581
39200	0.00172104	-1532.82
39300	0.00172104	-538.605
39400	0.00172104	-993.053
39500	0.00172104	-747.231
39600	0.00172104	-655.619
39700	0.00172104	-1116.95
39800	0.00172104	-811.123
39900	0.00172104	-1220.86
40000	0.00172104	-854.876
40100	0.00172104	-764.473
40200	0.00172104	-923.254
40300	0.00172104	-1031.19
40400	0.00172104	-734.458
40500	0.00172104	-602.19
40600	0.00172104	-624.354
40700	0.00172104	-899.164
40800	0.00172104	-716.898
40900	0.00172104	-585.386
41000	0.00172104	-1056.1
41100	0.00172104	-736.65
41200	0.00172104	-702.915
41300	0.00172104	-662.52
41400	0.00172104	-842.347
41500	0.00172104	-590.553
41600	0.00172104	-1513.15
41700	0.00172104	-794.312
41800	0.00172104	-905.679
41900	0.00172104	-642.236
42000	0.00172104	-394.355
42100	0.00172104	-512.65
42200	0.00172104	-928.398
42300	0.00172104	-982.223
42400	0.00172104	-1182.19
42500	0.00172104	-929.404
42600	0.00172104	-819.128
42700	0.00172104	-588.741
42800	0.00172104	-769.767
42900	0.00172104	-1186.1
43000	0.00172104	-617.397
43100	0.00172104	-1380.42
43200	0.00172104	-772.223
43300	0.00172104	-648.281
43400	0.00172104	-624.591
43500	0.00172104	-1290.25
43600	0.00172104	-915.109
43700	0.00172104	-819.141
43800	0.00172104	-742.956
43900	0.00172104	-1134.92
44000	0.00172104	-602.148
44100	0.00172104	-628.769
44200	0.00172104	-582.855
44300	0.00172104	-592.516
44400	0.00172104	-734.999
44500	0.00172104	-1064.46
44600	0.00172104	-864.069
44700	0.00172104	-800.159
44800	0.00172104	-1910.32
44900	0.00172104	-937.324
45000	0.00172104	-1207.47
45100	0.00172104	-965.089
45200	0.00172104	-1310.81
45300	0.00172104	-1528.88
45400	0.00172104	-822.724
45500	0.00172104	-681.953
45600	0.00172104	-605.675
45700	0.00172104	-707.206
45800	0.00172104	-668.389
45900	0.00172104	-541.333
46000	0.00172104	-733.469
46100	0.00172104	-648.428
46200	0.00172104	-1242.3
46300	0.00172104	-911.113
46400	0.00172104	-519.027
46500	0.00172104	-907.34
46600	0.00172104	-995.829
46700	0.00172104	-989.778
46800	0.00172104	-481.536
46900	0.00172104	-743.737
47000	0.00172104	-770.813
47100	0.00172104	-636.269
47200	0.00172104	-899.107
47300	0.00172104	-1131.76
47400	0.00172104	-996.183
47500	0.00172104	-838.593
47600	0.00172104	-1052.84
47700	0.00172104	-1149.82
47800	0.00172104	-871.38
47900	0.00172104	-1182.96
48000	0.00172104	-730.947
48100	0.00172104	-781.121
48200	0.00172104	-1228.69
48300	0.00172104	-1442.8
48400	0.00172104	-612.36
48500	0.00172104	-1338.93
48600	0.00172104	-873.653
48700	0.00172104	-642.855
48800	0.00172104	-1326.02
48900	0.00172104	-1106.06
49000	0.00172104	-828.286
49100	0.00172104	-827.133
49200	0.00172104	-1435.48
49300	0.00172104	-1081.08
49400	0.00172104	-683.872
49500	0.00172104	-682.09
49600	0.00172104	-994.799
49700	0.00172104	-728.864
49800	0.00172104	-781.824
49900	0.00172104	-630.554
50000	0.00172104	-870.771
