state	power	likelihood
12600	0.0550732	-367.008
12700	0.0550732	-369.575
12800	0.0550732	-360.298
12900	0.0550732	-359.86
13000	0.0550732	-382.47
13100	0.0550732	-367.345
13200	0.0550732	-375.287
13300	0.0550732	-383.503
13400	0.0550732	-393.351
13500	0.0550732	-415.945
13600	0.0550732	-386.787
13700	0.0550732	-389.421
13800	0.0550732	-365.183
13900	0.0550732	-358.964
14000	0.0550732	-382.042
14100	0.0550732	-363.613
14200	0.0550732	-371.626
14300	0.0550732	-365.909
14400	0.0550732	-387.079
14500	0.0550732	-374.621
14600	0.0550732	-379.09
14700	0.0550732	-379.227
14800	0.0550732	-378.378
14900	0.0550732	-370.998
15000	0.0550732	-376.413
15100	0.0550732	-362.432
15200	0.0550732	-409.294
15300	0.0550732	-385.46
15400	0.0550732	-369.395
15500	0.0550732	-404.966
15600	0.0550732	-367.153
15700	0.0550732	-376.364
15800	0.0550732	-361.92
15900	0.0550732	-389.394
16000	0.0550732	-378.485
16100	0.0550732	-409.879
16200	0.0550732	-371.286
16300	0.0550732	-384.224
16400	0.0550732	-371.927
16500	0.0550732	-400.129
16600	0.0550732	-368.095
16700	0.0550732	-380.275
16800	0.0550732	-361.024
16900	0.0550732	-364.693
17000	0.0550732	-420.725
17100	0.0550732	-366.641
17200	0.0550732	-364.554
17300	0.0550732	-391.027
17400	0.0550732	-385.054
17500	0.0550732	-368.255
17600	0.0550732	-406.246
17700	0.0550732	-370.452
17800	0.0550732	-382.301
17900	0.0550732	-369.51
18000	0.0550732	-372.459
18100	0.0550732	-385.853
18200	0.0550732	-390.697
18300	0.0550732	-359.979
18400	0.0550732	-358.929
18500	0.0550732	-364.611
18600	0.0550732	-382.179
18700	0.0550732	-381.042
18800	0.0550732	-372.83
18900	0.0550732	-367.253
19000	0.0550732	-365.468
19100	0.0550732	-368.919
19200	0.0550732	-365.521
19300	0.0550732	-426.707
19400	0.0550732	-378.539
19500	0.0550732	-398.442
19600	0.0550732	-379.413
19700	0.0550732	-414.203
19800	0.0550732	-360.106
19900	0.0550732	-368.389
20000	0.0550732	-364.033
20100	0.0550732	-403.38
20200	0.0550732	-370.225
20300	0.0550732	-359.71
20400	0.0550732	-383.928
20500	0.0550732	-390.921
20600	0.0550732	-375.704
20700	0.0550732	-368.848
20800	0.0550732	-371.734
20900	0.0550732	-376.647
21000	0.0550732	-383.695
21100	0.0550732	-384.275
21200	0.0550732	-367.111
21300	0.0550732	-372.714
21400	0.0550732	-399.272
21500	0.0550732	-371.218
21600	0.0550732	-359.747
21700	0.0550732	-357.719
21800	0.0550732	-365.607
21900	0.0550732	-365.37
22000	0.0550732	-371.517
22100	0.0550732	-367.312
22200	0.0550732	-375.08
22300	0.0550732	-367.076
22400	0.0550732	-423.288
22500	0.0550732	-376.545
22600	0.0550732	-400.869
22700	0.0550732	-365.59
22800	0.0550732	-369.985
22900	0.0550732	-397.148
23000	0.0550732	-387.742
23100	0.0550732	-365.298
23200	0.0550732	-368.116
23300	0.0550732	-375.042
23400	0.0550732	-368.788
23500	0.0550732	-359.711
23600	0.0550732	-380.487
23700	0.0550732	-376.083
23800	0.0550732	-362.439
23900	0.0550732	-362.446
24000	0.0550732	-413.598
24100	0.0550732	-380.558
24200	0.0550732	-404.606
24300	0.0550732	-371.875
24400	0.0550732	-374.265
24500	0.0550732	-365.291
24600	0.0550732	-391.455
24700	0.0550732	-386.691
24800	0.0550732	-383.289
24900	0.0550732	-377.082
25000	0.0550732	-385.043
25100	0.0550732	-373.595
25200	0.0550732	-395.788
25300	0.0550732	-360.756
25400	0.0550732	-360.445
25500	0.0550732	-397.331
25600	0.0550732	-376.279
25700	0.0550732	-390.09
25800	0.0550732	-380.629
25900	0.0550732	-368.085
26000	0.0550732	-383.807
26100	0.0550732	-375.99
26200	0.0550732	-374.758
26300	0.0550732	-412.366
26400	0.0550732	-379.671
26500	0.0550732	-374.857
26600	0.0550732	-375.782
26700	0.0550732	-405.899
26800	0.0550732	-371.06
26900	0.0550732	-401.547
27000	0.0550732	-365.9
27100	0.0550732	-379.912
27200	0.0550732	-371.04
27300	0.0550732	-379.345
27400	0.0550732	-402.461
27500	0.0550732	-382.543
27600	0.0550732	-398.276
27700	0.0550732	-372.835
27800	0.0550732	-364.828
27900	0.0550732	-370.346
28000	0.0550732	-371.813
28100	0.0550732	-359.759
28200	0.0550732	-390.402
28300	0.0550732	-376.703
28400	0.0550732	-364.616
28500	0.0550732	-367.601
28600	0.0550732	-367.566
28700	0.0550732	-367.719
28800	0.0550732	-396.065
28900	0.0550732	-371.867
29000	0.0550732	-406.606
29100	0.0550732	-366.306
29200	0.0550732	-376.187
29300	0.0550732	-380.583
29400	0.0550732	-359.015
29500	0.0550732	-362.219
29600	0.0550732	-434.773
29700	0.0550732	-386.369
29800	0.0550732	-372.144
29900	0.0550732	-386.707
30000	0.0550732	-377.915
30100	0.0550732	-398.683
30200	0.0550732	-393.357
30300	0.0550732	-363.549
30400	0.0550732	-381.952
30500	0.0550732	-398.047
30600	0.0550732	-365.372
30700	0.0550732	-399.709
30800	0.0550732	-375.144
30900	0.0550732	-362.474
31000	0.0550732	-359.072
31100	0.0550732	-382.237
31200	0.0550732	-360.438
31300	0.0550732	-365.734
31400	0.0550732	-398.253
31500	0.0550732	-360.249
31600	0.0550732	-403.396
31700	0.0550732	-385.868
31800	0.0550732	-364.971
31900	0.0550732	-388.294
32000	0.0550732	-399.612
32100	0.0550732	-370.199
32200	0.0550732	-382.993
32300	0.0550732	-394.442
32400	0.0550732	-369.571
32500	0.0550732	-361.148
32600	0.0550732	-407.415
32700	0.0550732	-368.275
32800	0.0550732	-425.205
32900	0.0550732	-364.243
33000	0.0550732	-368.175
33100	0.0550732	-385.943
33200	0.0550732	-369.662
33300	0.0550732	-363.258
33400	0.0550732	-373.674
33500	0.0550732	-367.764
33600	0.0550732	-374.581
33700	0.0550732	-403.186
33800	0.0550732	-386.145
33900	0.0550732	-360.855
34000	0.0550732	-387.751
34100	0.0550732	-374.42
34200	0.0550732	-402.405
34300	0.0550732	-371.465
34400	0.0550732	-388.496
34500	0.0550732	-364.717
34600	0.0550732	-417.531
34700	0.0550732	-384.794
34800	0.0550732	-378.805
34900	0.0550732	-396.309
35000	0.0550732	-374.872
35100	0.0550732	-361.767
35200	0.0550732	-387.012
35300	0.0550732	-357.83
35400	0.0550732	-374.086
35500	0.0550732	-361.286
35600	0.0550732	-374.702
35700	0.0550732	-367.001
35800	0.0550732	-405.957
35900	0.0550732	-373.234
36000	0.0550732	-361.344
36100	0.0550732	-372.982
36200	0.0550732	-394.235
36300	0.0550732	-384.567
36400	0.0550732	-384.996
36500	0.0550732	-375.735
36600	0.0550732	-364.803
36700	0.0550732	-361.373
36800	0.0550732	-374.344
36900	0.0550732	-378.99
37000	0.0550732	-370.629
37100	0.0550732	-430.691
37200	0.0550732	-371.239
37300	0.0550732	-364.161
37400	0.0550732	-370.2
37500	0.0550732	-398.43
37600	0.0550732	-362.499
37700	0.0550732	-396.41
37800	0.0550732	-368.556
37900	0.0550732	-362.818
38000	0.0550732	-391.521
38100	0.0550732	-387.685
38200	0.0550732	-389.539
38300	0.0550732	-364.66
38400	0.0550732	-375.345
38500	0.0550732	-371.57
38600	0.0550732	-401.546
38700	0.0550732	-375.624
38800	0.0550732	-373.27
38900	0.0550732	-372.848
39000	0.0550732	-381.676
39100	0.0550732	-393.775
39200	0.0550732	-374.066
39300	0.0550732	-371.179
39400	0.0550732	-365.083
39500	0.0550732	-369.226
39600	0.0550732	-364.992
39700	0.0550732	-399.71
39800	0.0550732	-370.558
39900	0.0550732	-382.653
40000	0.0550732	-373.075
40100	0.0550732	-389.829
40200	0.0550732	-373.344
40300	0.0550732	-392.847
40400	0.0550732	-365.955
40500	0.0550732	-380.561
40600	0.0550732	-375.374
40700	0.0550732	-402.532
40800	0.0550732	-388.019
40900	0.0550732	-404.728
41000	0.0550732	-365.314
41100	0.0550732	-367.807
41200	0.0550732	-391.807
41300	0.0550732	-395.091
41400	0.0550732	-372.505
41500	0.0550732	-385.211
41600	0.0550732	-391.207
41700	0.0550732	-391.618
41800	0.0550732	-380.292
41900	0.0550732	-390.609
42000	0.0550732	-366.602
42100	0.0550732	-381.656
42200	0.0550732	-360.171
42300	0.0550732	-379.336
42400	0.0550732	-387.099
42500	0.0550732	-382.735
42600	0.0550732	-376.264
42700	0.0550732	-361.546
42800	0.0550732	-374.988
42900	0.0550732	-367.104
43000	0.0550732	-374.608
43100	0.0550732	-373.373
43200	0.0550732	-382.072
43300	0.0550732	-382.015
43400	0.0550732	-372.547
43500	0.0550732	-387.496
43600	0.0550732	-374.331
43700	0.0550732	-394.431
43800	0.0550732	-373.812
43900	0.0550732	-390.016
44000	0.0550732	-374.727
44100	0.0550732	-398.426
44200	0.0550732	-383.601
44300	0.0550732	-382.117
44400	0.0550732	-372.659
44500	0.0550732	-370.083
44600	0.0550732	-371.002
44700	0.0550732	-379.709
44800	0.0550732	-373.098
44900	0.0550732	-371.194
45000	0.0550732	-362.014
45100	0.0550732	-367.286
45200	0.0550732	-376.74
45300	0.0550732	-376.834
45400	0.0550732	-369.356
45500	0.0550732	-366.582
45600	0.0550732	-383.623
45700	0.0550732	-360.838
45800	0.0550732	-408.205
45900	0.0550732	-432.208
46000	0.0550732	-404.363
46100	0.0550732	-362.616
46200	0.0550732	-399.157
46300	0.0550732	-377.953
46400	0.0550732	-364.171
46500	0.0550732	-428.906
46600	0.0550732	-360.342
46700	0.0550732	-381.78
46800	0.0550732	-379.989
46900	0.0550732	-372.25
47000	0.0550732	-382.773
47100	0.0550732	-401.845
47200	0.0550732	-384.869
47300	0.0550732	-369.653
47400	0.0550732	-369.203
47500	0.0550732	-361.264
47600	0.0550732	-380.119
47700	0.0550732	-378.131
47800	0.0550732	-370.637
47900	0.0550732	-364.882
48000	0.0550732	-386.052
48100	0.0550732	-380.907
48200	0.0550732	-389.951
48300	0.0550732	-381.473
48400	0.0550732	-392.018
48500	0.0550732	-376.148
48600	0.0550732	-391.007
48700	0.0550732	-388.548
48800	0.0550732	-364.991
48900	0.0550732	-382.264
49000	0.0550732	-361.193
49100	0.0550732	-380.011
49200	0.0550732	-364.507
49300	0.0550732	-365.563
49400	0.0550732	-377.1
49500	0.0550732	-383.253
49600	0.0550732	-415.869
49700	0.0550732	-362.977
49800	0.0550732	-375.551
49900	0.0550732	-365.555
50000	0.0550732	-380.854
