state	power	likelihood
12600	0.32768	-224.477
12700	0.32768	-233.371
12800	0.32768	-232.126
12900	0.32768	-224.432
13000	0.32768	-218.996
13100	0.32768	-222.472
13200	0.32768	-239.1
13300	0.32768	-226.93
13400	0.32768	-224.896
13500	0.32768	-227.86
13600	0.32768	-214.934
13700	0.32768	-211.458
13800	0.32768	-221.695
13900	0.32768	-228.68
14000	0.32768	-223.494
14100	0.32768	-219.351
14200	0.32768	-214.202
14300	0.32768	-225.819
14400	0.32768	-223.221
14500	0.32768	-229.28
14600	0.32768	-218.153
14700	0.32768	-230.065
14800	0.32768	-227.243
14900	0.32768	-229.872
15000	0.32768	-224.782
15100	0.32768	-230.326
15200	0.32768	-217.341
15300	0.32768	-227.171
15400	0.32768	-222.678
15500	0.32768	-219.426
15600	0.32768	-222.63
15700	0.32768	-230.653
15800	0.32768	-233.474
15900	0.32768	-223.41
16000	0.32768	-234.923
16100	0.32768	-229.801
16200	0.32768	-231.213
16300	0.32768	-226.203
16400	0.32768	-226.696
16500	0.32768	-222.26
16600	0.32768	-225.062
16700	0.32768	-228.273
16800	0.32768	-229.066
16900	0.32768	-226.42
17000	0.32768	-227.944
17100	0.32768	-224.328
17200	0.32768	-229.453
17300	0.32768	-223.66
17400	0.32768	-220.602
17500	0.32768	-227.024
17600	0.32768	-221.332
17700	0.32768	-225.657
17800	0.32768	-219.16
17900	0.32768	-218.952
18000	0.32768	-224.253
18100	0.32768	-221.899
18200	0.32768	-215.852
18300	0.32768	-224.808
18400	0.32768	-219.632
18500	0.32768	-236.917
18600	0.32768	-221.416
18700	0.32768	-225.592
18800	0.32768	-215.925
18900	0.32768	-226.416
19000	0.32768	-224.345
19100	0.32768	-229.982
19200	0.32768	-219.766
19300	0.32768	-230.232
19400	0.32768	-220.069
19500	0.32768	-226.494
19600	0.32768	-233.257
19700	0.32768	-222.532
19800	0.32768	-230.229
19900	0.32768	-231.446
20000	0.32768	-222.692
20100	0.32768	-221.09
20200	0.32768	-227.088
20300	0.32768	-227
20400	0.32768	-226.86
20500	0.32768	-217.264
20600	0.32768	-221.159
20700	0.32768	-232.072
20800	0.32768	-227.87
20900	0.32768	-217.839
21000	0.32768	-212.08
21100	0.32768	-224.47
21200	0.32768	-227.803
21300	0.32768	-218.271
21400	0.32768	-227.066
21500	0.32768	-227.606
21600	0.32768	-217.922
21700	0.32768	-224.29
21800	0.32768	-226.349
21900	0.32768	-219.608
22000	0.32768	-236.242
22100	0.32768	-223.503
22200	0.32768	-219.712
22300	0.32768	-226.99
22400	0.32768	-225.666
22500	0.32768	-232.655
22600	0.32768	-223.562
22700	0.32768	-228.72
22800	0.32768	-222.272
22900	0.32768	-230.097
23000	0.32768	-231.057
23100	0.32768	-225.938
23200	0.32768	-224.335
23300	0.32768	-228.797
23400	0.32768	-224.445
23500	0.32768	-235.291
23600	0.32768	-228.497
23700	0.32768	-223.543
23800	0.32768	-225.455
23900	0.32768	-213.552
24000	0.32768	-220.706
24100	0.32768	-226.35
24200	0.32768	-227.527
24300	0.32768	-218.468
24400	0.32768	-225.133
24500	0.32768	-232.165
24600	0.32768	-229.11
24700	0.32768	-225.507
24800	0.32768	-222.31
24900	0.32768	-230.171
25000	0.32768	-213.386
25100	0.32768	-224.45
25200	0.32768	-232.163
25300	0.32768	-228.048
25400	0.32768	-213.36
25500	0.32768	-224.296
25600	0.32768	-240.533
25700	0.32768	-223.678
25800	0.32768	-227.026
25900	0.32768	-224.037
26000	0.32768	-224.517
26100	0.32768	-229.66
26200	0.32768	-225.916
26300	0.32768	-223.153
26400	0.32768	-226.271
26500	0.32768	-229.228
26600	0.32768	-225.994
26700	0.32768	-229.093
26800	0.32768	-224.021
26900	0.32768	-226.268
27000	0.32768	-227.32
27100	0.32768	-227.692
27200	0.32768	-218.634
27300	0.32768	-228.51
27400	0.32768	-232.389
27500	0.32768	-215.326
27600	0.32768	-233.993
27700	0.32768	-225.596
27800	0.32768	-225.059
27900	0.32768	-226.144
28000	0.32768	-225.75
28100	0.32768	-229.366
28200	0.32768	-218.575
28300	0.32768	-221.584
28400	0.32768	-224.747
28500	0.32768	-226.422
28600	0.32768	-216.535
28700	0.32768	-228.852
28800	0.32768	-234.54
28900	0.32768	-225.805
29000	0.32768	-214.878
29100	0.32768	-222.178
29200	0.32768	-229.35
29300	0.32768	-224.039
29400	0.32768	-224.986
29500	0.32768	-237.882
29600	0.32768	-224.453
29700	0.32768	-227.035
29800	0.32768	-233.161
29900	0.32768	-227.49
30000	0.32768	-239.62
30100	0.32768	-224.027
30200	0.32768	-213.043
30300	0.32768	-230.325
30400	0.32768	-226.644
30500	0.32768	-223.003
30600	0.32768	-225.306
30700	0.32768	-229.077
30800	0.32768	-227.824
30900	0.32768	-228.325
31000	0.32768	-231.796
31100	0.32768	-228.515
31200	0.32768	-226.91
31300	0.32768	-239.687
31400	0.32768	-227.4
31500	0.32768	-225.815
31600	0.32768	-214.106
31700	0.32768	-225.23
31800	0.32768	-218.012
31900	0.32768	-224.32
32000	0.32768	-223.933
32100	0.32768	-221.909
32200	0.32768	-223.412
32300	0.32768	-227.189
32400	0.32768	-231.738
32500	0.32768	-225.597
32600	0.32768	-223.811
32700	0.32768	-216.406
32800	0.32768	-224.971
32900	0.32768	-217.274
33000	0.32768	-226.053
33100	0.32768	-229.639
33200	0.32768	-222.514
33300	0.32768	-222.73
33400	0.32768	-227.102
33500	0.32768	-222.638
33600	0.32768	-228.147
33700	0.32768	-223.586
33800	0.32768	-225.992
33900	0.32768	-227.013
34000	0.32768	-219.207
34100	0.32768	-222.669
34200	0.32768	-214.948
34300	0.32768	-226.132
34400	0.32768	-220.277
34500	0.32768	-219.806
34600	0.32768	-224.398
34700	0.32768	-224.89
34800	0.32768	-224.065
34900	0.32768	-221.122
35000	0.32768	-222.793
35100	0.32768	-225.915
35200	0.32768	-229.922
35300	0.32768	-224.477
35400	0.32768	-236.302
35500	0.32768	-227.054
35600	0.32768	-213.302
35700	0.32768	-230.992
35800	0.32768	-225.968
35900	0.32768	-228.548
36000	0.32768	-225.681
36100	0.32768	-227.515
36200	0.32768	-224.716
36300	0.32768	-227.048
36400	0.32768	-224.373
36500	0.32768	-230.935
36600	0.32768	-223.037
36700	0.32768	-232.471
36800	0.32768	-219.284
36900	0.32768	-224.735
37000	0.32768	-235.922
37100	0.32768	-226.294
37200	0.32768	-227.996
37300	0.32768	-216.419
37400	0.32768	-232.838
37500	0.32768	-227.457
37600	0.32768	-229.204
37700	0.32768	-221.82
37800	0.32768	-227.145
37900	0.32768	-226.793
38000	0.32768	-218.648
38100	0.32768	-222.92
38200	0.32768	-230.867
38300	0.32768	-223.059
38400	0.32768	-228.954
38500	0.32768	-233.516
38600	0.32768	-227.683
38700	0.32768	-211.804
38800	0.32768	-235.657
38900	0.32768	-231.83
39000	0.32768	-221.921
39100	0.32768	-230.696
39200	0.32768	-226.574
39300	0.32768	-221.136
39400	0.32768	-223.34
39500	0.32768	-226.4
39600	0.32768	-226.99
39700	0.32768	-225.64
39800	0.32768	-224.663
39900	0.32768	-220.882
40000	0.32768	-227.384
40100	0.32768	-226.136
40200	0.32768	-226.972
40300	0.32768	-233.391
40400	0.32768	-226.571
40500	0.32768	-219.93
40600	0.32768	-221.633
40700	0.32768	-231.589
40800	0.32768	-226.63
40900	0.32768	-221.046
41000	0.32768	-239.258
41100	0.32768	-223.102
41200	0.32768	-226.599
41300	0.32768	-223.745
41400	0.32768	-223.928
41500	0.32768	-223.553
41600	0.32768	-225.552
41700	0.32768	-230.626
41800	0.32768	-222.238
41900	0.32768	-226.744
42000	0.32768	-216.685
42100	0.32768	-224.348
42200	0.32768	-230.271
42300	0.32768	-222.677
42400	0.32768	-228.584
42500	0.32768	-224.377
42600	0.32768	-220.461
42700	0.32768	-227.74
42800	0.32768	-228.699
42900	0.32768	-218.188
43000	0.32768	-227.395
43100	0.32768	-226.518
43200	0.32768	-221.899
43300	0.32768	-227.5
43400	0.32768	-221.151
43500	0.32768	-224.823
43600	0.32768	-216.77
43700	0.32768	-228.213
43800	0.32768	-227.169
43900	0.32768	-221.644
44000	0.32768	-209.516
44100	0.32768	-220.46
44200	0.32768	-229.089
44300	0.32768	-233.131
44400	0.32768	-222.436
44500	0.32768	-221.565
44600	0.32768	-219.467
44700	0.32768	-225.184
44800	0.32768	-218.075
44900	0.32768	-225.42
45000	0.32768	-226.987
45100	0.32768	-221.555
45200	0.32768	-224.269
45300	0.32768	-225.121
45400	0.32768	-228.683
45500	0.32768	-222.799
45600	0.32768	-226.531
45700	0.32768	-223.878
45800	0.32768	-226.343
45900	0.32768	-223.275
46000	0.32768	-227.967
46100	0.32768	-226.019
46200	0.32768	-226.957
46300	0.32768	-233.324
46400	0.32768	-235.441
46500	0.32768	-225.483
46600	0.32768	-230.763
46700	0.32768	-220.203
46800	0.32768	-231.031
46900	0.32768	-217.867
47000	0.32768	-228.942
47100	0.32768	-221.116
47200	0.32768	-224.7
47300	0.32768	-224.838
47400	0.32768	-226.391
47500	0.32768	-223.682
47600	0.32768	-225.965
47700	0.32768	-215.705
47800	0.32768	-217.858
47900	0.32768	-223.028
48000	0.32768	-229.634
48100	0.32768	-229.794
48200	0.32768	-228.663
48300	0.32768	-225.697
48400	0.32768	-237.774
48500	0.32768	-238.906
48600	0.32768	-230.712
48700	0.32768	-220.095
48800	0.32768	-221.395
48900	0.32768	-210.282
49000	0.32768	-213.957
49100	0.32768	-225.528
49200	0.32768	-223.324
49300	0.32768	-225.945
49400	0.32768	-226.194
49500	0.32768	-235.079
49600	0.32768	-225.666
49700	0.32768	-231.354
49800	0.32768	-222.575
49900	0.32768	-225.394
50000	0.32768	-222.536
