state	power	likelihood
12600	0.0254804	-412.418
12700	0.0254804	-369.587
12800	0.0254804	-502.787
12900	0.0254804	-508.497
13000	0.0254804	-490.187
13100	0.0254804	-507.116
13200	0.0254804	-401.312
13300	0.0254804	-560.037
13400	0.0254804	-427.35
13500	0.0254804	-396.668
13600	0.0254804	-481.698
13700	0.0254804	-419.963
13800	0.0254804	-435.153
13900	0.0254804	-390.333
14000	0.0254804	-412.656
14100	0.0254804	-370.191
14200	0.0254804	-405.93
14300	0.0254804	-520.208
14400	0.0254804	-326.963
14500	0.0254804	-424.083
14600	0.0254804	-430.783
14700	0.0254804	-428.759
14800	0.0254804	-516.045
14900	0.0254804	-407.137
15000	0.0254804	-338.279
15100	0.0254804	-528.751
15200	0.0254804	-456.913
15300	0.0254804	-485.342
15400	0.0254804	-449.872
15500	0.0254804	-421.193
15600	0.0254804	-368.374
15700	0.0254804	-388.443
15800	0.0254804	-360.654
15900	0.0254804	-562.673
16000	0.0254804	-447.913
16100	0.0254804	-470.161
16200	0.0254804	-436.335
16300	0.0254804	-592.481
16400	0.0254804	-394.08
16500	0.0254804	-489.601
16600	0.0254804	-443.072
16700	0.0254804	-487.611
16800	0.0254804	-436.093
16900	0.0254804	-429.722
17000	0.0254804	-501.773
17100	0.0254804	-382.831
17200	0.0254804	-423.045
17300	0.0254804	-364.977
17400	0.0254804	-438.64
17500	0.0254804	-480.929
17600	0.0254804	-489.441
17700	0.0254804	-406.278
17800	0.0254804	-439.04
17900	0.0254804	-413.962
18000	0.0254804	-475.524
18100	0.0254804	-387.357
18200	0.0254804	-320.509
18300	0.0254804	-562.511
18400	0.0254804	-368.103
18500	0.0254804	-389.492
18600	0.0254804	-496.819
18700	0.0254804	-383.18
18800	0.0254804	-400.099
18900	0.0254804	-418.106
19000	0.0254804	-506.999
19100	0.0254804	-407.23
19200	0.0254804	-461.789
19300	0.0254804	-463.015
19400	0.0254804	-496.811
19500	0.0254804	-450.992
19600	0.0254804	-375.033
19700	0.0254804	-457.644
19800	0.0254804	-410.815
19900	0.0254804	-447.945
20000	0.0254804	-486.327
20100	0.0254804	-546.819
20200	0.0254804	-365.719
20300	0.0254804	-443.394
20400	0.0254804	-531.418
20500	0.0254804	-313.959
20600	0.0254804	-367.41
20700	0.0254804	-474.618
20800	0.0254804	-397.621
20900	0.0254804	-556.868
21000	0.0254804	-465.622
21100	0.0254804	-508.537
21200	0.0254804	-470.123
21300	0.0254804	-428.244
21400	0.0254804	-419.279
21500	0.0254804	-424.503
21600	0.0254804	-353.402
21700	0.0254804	-515.028
21800	0.0254804	-489.557
21900	0.0254804	-406.425
22000	0.0254804	-438.563
22100	0.0254804	-440.323
22200	0.0254804	-417.857
22300	0.0254804	-452.275
22400	0.0254804	-413.921
22500	0.0254804	-351.896
22600	0.0254804	-432.925
22700	0.0254804	-433.96
22800	0.0254804	-331.031
22900	0.0254804	-463.718
23000	0.0254804	-543.596
23100	0.0254804	-426.028
23200	0.0254804	-621.197
23300	0.0254804	-417.055
23400	0.0254804	-502.568
23500	0.0254804	-439.946
23600	0.0254804	-484.255
23700	0.0254804	-383.773
23800	0.0254804	-395.586
23900	0.0254804	-433.113
24000	0.0254804	-410.343
24100	0.0254804	-389.538
24200	0.0254804	-429.029
24300	0.0254804	-388.823
24400	0.0254804	-376.476
24500	0.0254804	-502.673
24600	0.0254804	-546.471
24700	0.0254804	-425.621
24800	0.0254804	-447.393
24900	0.0254804	-481.237
25000	0.0254804	-450.189
25100	0.0254804	-515.75
25200	0.0254804	-397.849
25300	0.0254804	-405.214
25400	0.0254804	-475.206
25500	0.0254804	-424.357
25600	0.0254804	-496.645
25700	0.0254804	-419.459
25800	0.0254804	-493.01
25900	0.0254804	-425.726
26000	0.0254804	-440.273
26100	0.0254804	-459.052
26200	0.0254804	-416.89
26300	0.0254804	-385.29
26400	0.0254804	-532.741
26500	0.0254804	-399.809
26600	0.0254804	-432.917
26700	0.0254804	-354.536
26800	0.0254804	-459.272
26900	0.0254804	-523.841
27000	0.0254804	-527.433
27100	0.0254804	-427.921
27200	0.0254804	-372.938
27300	0.0254804	-358.433
27400	0.0254804	-491.38
27500	0.0254804	-305.194
27600	0.0254804	-282.035
27700	0.0254804	-446.604
27800	0.0254804	-475.02
27900	0.0254804	-366.455
28000	0.0254804	-483.068
28100	0.0254804	-428.755
28200	0.0254804	-479.152
28300	0.0254804	-351.978
28400	0.0254804	-390.13
28500	0.0254804	-374.436
28600	0.0254804	-431.784
28700	0.0254804	-396.407
28800	0.0254804	-456.198
28900	0.0254804	-365.122
29000	0.0254804	-484.956
29100	0.0254804	-484.302
29200	0.0254804	-355.972
29300	0.0254804	-443.822
29400	0.0254804	-424.47
29500	0.0254804	-428.821
29600	0.0254804	-405.596
29700	0.0254804	-429.789
29800	0.0254804	-376.246
29900	0.0254804	-284.455
30000	0.0254804	-370.4
30100	0.0254804	-548.785
30200	0.0254804	-365.454
30300	0.0254804	-390.408
30400	0.0254804	-305.983
30500	0.0254804	-299.581
30600	0.0254804	-568.572
30700	0.0254804	-402.664
30800	0.0254804	-462.008
30900	0.0254804	-387.952
31000	0.0254804	-457.959
31100	0.0254804	-552.839
31200	0.0254804	-436.859
31300	0.0254804	-476.738
31400	0.0254804	-356.005
31500	0.0254804	-351.127
31600	0.0254804	-359.511
31700	0.0254804	-331.651
31800	0.0254804	-433.959
31900	0.0254804	-471.523
32000	0.0254804	-461.041
32100	0.0254804	-531.65
32200	0.0254804	-402.049
32300	0.0254804	-494.033
32400	0.0254804	-367.434
32500	0.0254804	-383.071
32600	0.0254804	-444.643
32700	0.0254804	-372.455
32800	0.0254804	-285.31
32900	0.0254804	-372.096
33000	0.0254804	-616.986
33100	0.0254804	-407.549
33200	0.0254804	-367.634
33300	0.0254804	-457.199
33400	0.0254804	-530.371
33500	0.0254804	-433.163
33600	0.0254804	-420.342
33700	0.0254804	-347.192
33800	0.0254804	-410.11
33900	0.0254804	-520.584
34000	0.0254804	-480.02
34100	0.0254804	-557.726
34200	0.0254804	-441.334
34300	0.0254804	-453.203
34400	0.0254804	-368.594
34500	0.0254804	-417.875
34600	0.0254804	-465.573
34700	0.0254804	-376.239
34800	0.0254804	-566.127
34900	0.0254804	-407.699
35000	0.0254804	-447.866
35100	0.0254804	-343.439
35200	0.0254804	-393.604
35300	0.0254804	-527.375
35400	0.0254804	-457.595
35500	0.0254804	-357.486
35600	0.0254804	-440.097
35700	0.0254804	-389.19
35800	0.0254804	-612.68
35900	0.0254804	-451.392
36000	0.0254804	-438.389
36100	0.0254804	-484.909
36200	0.0254804	-522.698
36300	0.0254804	-423.76
36400	0.0254804	-360.988
36500	0.0254804	-425.767
36600	0.0254804	-348.167
36700	0.0254804	-413.203
36800	0.0254804	-350.666
36900	0.0254804	-493.131
37000	0.0254804	-493.606
37100	0.0254804	-452.891
37200	0.0254804	-496.341
37300	0.0254804	-535.772
37400	0.0254804	-365.022
37500	0.0254804	-370.154
37600	0.0254804	-395.949
37700	0.0254804	-459.958
37800	0.0254804	-356.928
37900	0.0254804	-392.439
38000	0.0254804	-395.594
38100	0.0254804	-396.532
38200	0.0254804	-396.27
38300	0.0254804	-414.158
38400	0.0254804	-295.392
38500	0.0254804	-420.113
38600	0.0254804	-411.837
38700	0.0254804	-470.087
38800	0.0254804	-351.25
38900	0.0254804	-410.089
39000	0.0254804	-490.467
39100	0.0254804	-484.46
39200	0.0254804	-372.518
39300	0.0254804	-401.559
39400	0.0254804	-469.214
39500	0.0254804	-524.516
39600	0.0254804	-436.34
39700	0.0254804	-549.238
39800	0.0254804	-504.99
39900	0.0254804	-333.179
40000	0.0254804	-506.42
40100	0.0254804	-377.442
40200	0.0254804	-385.318
40300	0.0254804	-523.993
40400	0.0254804	-600.276
40500	0.0254804	-360.953
40600	0.0254804	-488.62
40700	0.0254804	-388.849
40800	0.0254804	-525.369
40900	0.0254804	-440.182
41000	0.0254804	-374.595
41100	0.0254804	-447.54
41200	0.0254804	-430.932
41300	0.0254804	-516.718
41400	0.0254804	-476.62
41500	0.0254804	-331.162
41600	0.0254804	-372.509
41700	0.0254804	-483.899
41800	0.0254804	-445.893
41900	0.0254804	-461.911
42000	0.0254804	-345.883
42100	0.0254804	-618.725
42200	0.0254804	-473.67
42300	0.0254804	-327.79
42400	0.0254804	-402.2
42500	0.0254804	-425.1
42600	0.0254804	-405.623
42700	0.0254804	-463.181
42800	0.0254804	-387.443
42900	0.0254804	-572.3
43000	0.0254804	-430.885
43100	0.0254804	-426.639
43200	0.0254804	-595.517
43300	0.0254804	-450.815
43400	0.0254804	-391.947
43500	0.0254804	-353.942
43600	0.0254804	-373.859
43700	0.0254804	-536.924
43800	0.0254804	-447.016
43900	0.0254804	-398.487
44000	0.0254804	-499.616
44100	0.0254804	-486.377
44200	0.0254804	-458.225
44300	0.0254804	-584.308
44400	0.0254804	-542.692
44500	0.0254804	-452.732
44600	0.0254804	-444.471
44700	0.0254804	-378.656
44800	0.0254804	-443.027
44900	0.0254804	-572.123
45000	0.0254804	-445.267
45100	0.0254804	-435.064
45200	0.0254804	-506.899
45300	0.0254804	-434.092
45400	0.0254804	-434.845
45500	0.0254804	-451.136
45600	0.0254804	-334.693
45700	0.0254804	-491.949
45800	0.0254804	-443.018
45900	0.0254804	-387.408
46000	0.0254804	-463.149
46100	0.0254804	-510.82
46200	0.0254804	-425.039
46300	0.0254804	-407.164
46400	0.0254804	-297.132
46500	0.0254804	-390.97
46600	0.0254804	-342.566
46700	0.0254804	-413.161
46800	0.0254804	-512.056
46900	0.0254804	-628.426
47000	0.0254804	-439.608
47100	0.0254804	-427.065
47200	0.0254804	-337.661
47300	0.0254804	-437.563
47400	0.0254804	-377.198
47500	0.0254804	-402.944
47600	0.0254804	-364.777
47700	0.0254804	-412.743
47800	0.0254804	-393.092
47900	0.0254804	-474.364
48000	0.0254804	-453.125
48100	0.0254804	-505.697
48200	0.0254804	-500.775
48300	0.0254804	-403.314
48400	0.0254804	-462.414
48500	0.0254804	-348.259
48600	0.0254804	-544.105
48700	0.0254804	-388.24
48800	0.0254804	-467.038
48900	0.0254804	-513.6
49000	0.0254804	-449.952
49100	0.0254804	-389.326
49200	0.0254804	-495.821
49300	0.0254804	-391.047
49400	0.0254804	-526.545
49500	0.0254804	-482.28
49600	0.0254804	-420.833
49700	0.0254804	-307.611
49800	0.0254804	-280.427
49900	0.0254804	-401.566
50000	0.0254804	-366.97
