state	power	likelihood
12600	0.00604662	-422.057
12700	0.00604662	-372.163
12800	0.00604662	-408.006
12900	0.00604662	-366.884
13000	0.00604662	-411.507
13100	0.00604662	-443.025
13200	0.00604662	-365.481
13300	0.00604662	-420.071
13400	0.00604662	-416.266
13500	0.00604662	-368.531
13600	0.00604662	-412.625
13700	0.00604662	-386.057
13800	0.00604662	-373.843
13900	0.00604662	-408.949
14000	0.00604662	-375.278
14100	0.00604662	-386.131
14200	0.00604662	-374.429
14300	0.00604662	-397.219
14400	0.00604662	-401.812
14500	0.00604662	-382.083
14600	0.00604662	-365.603
14700	0.00604662	-366.329
14800	0.00604662	-379.599
14900	0.00604662	-408.763
15000	0.00604662	-365.329
15100	0.00604662	-421.102
15200	0.00604662	-402.548
15300	0.00604662	-384.119
15400	0.00604662	-379.219
15500	0.00604662	-416.754
15600	0.00604662	-365.489
15700	0.00604662	-393.301
15800	0.00604662	-362.363
15900	0.00604662	-393.81
16000	0.00604662	-413.425
16100	0.00604662	-403.697
16200	0.00604662	-410.61
16300	0.00604662	-417.329
16400	0.00604662	-425.328
16500	0.00604662	-368.232
16600	0.00604662	-376.62
16700	0.00604662	-380.408
16800	0.00604662	-369.031
16900	0.00604662	-406.903
17000	0.00604662	-385.614
17100	0.00604662	-384.399
17200	0.00604662	-377.216
17300	0.00604662	-414.081
17400	0.00604662	-419.415
17500	0.00604662	-389.318
17600	0.00604662	-430.933
17700	0.00604662	-390.886
17800	0.00604662	-383.483
17900	0.00604662	-379.088
18000	0.00604662	-412.063
18100	0.00604662	-373.416
18200	0.00604662	-373.219
18300	0.00604662	-387.92
18400	0.00604662	-368.623
18500	0.00604662	-388.049
18600	0.00604662	-403.586
18700	0.00604662	-404.735
18800	0.00604662	-420.885
18900	0.00604662	-411.879
19000	0.00604662	-407.066
19100	0.00604662	-392.71
19200	0.00604662	-382.96
19300	0.00604662	-383.285
19400	0.00604662	-377.608
19500	0.00604662	-399.602
19600	0.00604662	-430.054
19700	0.00604662	-378.134
19800	0.00604662	-376.584
19900	0.00604662	-384.847
20000	0.00604662	-386.87
20100	0.00604662	-390.036
20200	0.00604662	-404.556
20300	0.00604662	-425.764
20400	0.00604662	-386.163
20500	0.00604662	-395.44
20600	0.00604662	-368.743
20700	0.00604662	-386.965
20800	0.00604662	-356.969
20900	0.00604662	-418.187
21000	0.00604662	-406.344
21100	0.00604662	-367.757
21200	0.00604662	-372.57
21300	0.00604662	-372.764
21400	0.00604662	-367.441
21500	0.00604662	-383.975
21600	0.00604662	-406.98
21700	0.00604662	-362.253
21800	0.00604662	-364.286
21900	0.00604662	-374.245
22000	0.00604662	-378.49
22100	0.00604662	-369.371
22200	0.00604662	-410.327
22300	0.00604662	-405.364
22400	0.00604662	-379.643
22500	0.00604662	-365.51
22600	0.00604662	-362.164
22700	0.00604662	-383.158
22800	0.00604662	-421.547
22900	0.00604662	-399.729
23000	0.00604662	-379.347
23100	0.00604662	-368.059
23200	0.00604662	-391.78
23300	0.00604662	-444.99
23400	0.00604662	-395.468
23500	0.00604662	-400.617
23600	0.00604662	-389.156
23700	0.00604662	-390.354
23800	0.00604662	-369.055
23900	0.00604662	-384.601
24000	0.00604662	-374.949
24100	0.00604662	-401.056
24200	0.00604662	-393.413
24300	0.00604662	-396.305
24400	0.00604662	-402.676
24500	0.00604662	-357.892
24600	0.00604662	-368.129
24700	0.00604662	-388.236
24800	0.00604662	-391.922
24900	0.00604662	-375.934
25000	0.00604662	-420.626
25100	0.00604662	-417.824
25200	0.00604662	-402.78
25300	0.00604662	-373.376
25400	0.00604662	-418.003
25500	0.00604662	-382.122
25600	0.00604662	-379.607
25700	0.00604662	-378.087
25800	0.00604662	-394.522
25900	0.00604662	-408.928
26000	0.00604662	-421.253
26100	0.00604662	-430.527
26200	0.00604662	-380.613
26300	0.00604662	-389.405
26400	0.00604662	-416.001
26500	0.00604662	-377.504
26600	0.00604662	-375.123
26700	0.00604662	-416.146
26800	0.00604662	-384.393
26900	0.00604662	-371.839
27000	0.00604662	-423.404
27100	0.00604662	-390.176
27200	0.00604662	-429.342
27300	0.00604662	-408.888
27400	0.00604662	-418.217
27500	0.00604662	-417.697
27600	0.00604662	-385.749
27700	0.00604662	-368.343
27800	0.00604662	-409.082
27900	0.00604662	-376.41
28000	0.00604662	-383.62
28100	0.00604662	-425.326
28200	0.00604662	-394.909
28300	0.00604662	-377.46
28400	0.00604662	-373.656
28500	0.00604662	-396.465
28600	0.00604662	-387.156
28700	0.00604662	-388.201
28800	0.00604662	-365.758
28900	0.00604662	-362.066
29000	0.00604662	-424.209
29100	0.00604662	-377.681
29200	0.00604662	-392.061
29300	0.00604662	-363.074
29400	0.00604662	-428.643
29500	0.00604662	-363.79
29600	0.00604662	-374.907
29700	0.00604662	-372.741
29800	0.00604662	-401.516
29900	0.00604662	-363.288
30000	0.00604662	-382.624
30100	0.00604662	-406.887
30200	0.00604662	-378.417
30300	0.00604662	-419.22
30400	0.00604662	-372.548
30500	0.00604662	-388.983
30600	0.00604662	-384.875
30700	0.00604662	-391.525
30800	0.00604662	-377.747
30900	0.00604662	-398.348
31000	0.00604662	-396.571
31100	0.00604662	-399.195
31200	0.00604662	-410.296
31300	0.00604662	-400.937
31400	0.00604662	-417.612
31500	0.00604662	-376.491
31600	0.00604662	-360.126
31700	0.00604662	-403.265
31800	0.00604662	-369.472
31900	0.00604662	-390.409
32000	0.00604662	-400.27
32100	0.00604662	-409.685
32200	0.00604662	-380.883
32300	0.00604662	-436.614
32400	0.00604662	-395.416
32500	0.00604662	-383.867
32600	0.00604662	-368.086
32700	0.00604662	-391.455
32800	0.00604662	-381.505
32900	0.00604662	-390.282
33000	0.00604662	-413.07
33100	0.00604662	-358.876
33200	0.00604662	-363.223
33300	0.00604662	-417.541
33400	0.00604662	-415.256
33500	0.00604662	-379.008
33600	0.00604662	-359.452
33700	0.00604662	-372.67
33800	0.00604662	-413.105
33900	0.00604662	-399.47
34000	0.00604662	-383.898
34100	0.00604662	-404.832
34200	0.00604662	-381.958
34300	0.00604662	-393.321
34400	0.00604662	-368.771
34500	0.00604662	-404.418
34600	0.00604662	-430.261
34700	0.00604662	-385.568
34800	0.00604662	-377.107
34900	0.00604662	-418.755
35000	0.00604662	-392.396
35100	0.00604662	-395.267
35200	0.00604662	-443.082
35300	0.00604662	-389.258
35400	0.00604662	-395.38
35500	0.00604662	-411.255
35600	0.00604662	-399.735
35700	0.00604662	-374.789
35800	0.00604662	-404.083
35900	0.00604662	-373.233
36000	0.00604662	-389.386
36100	0.00604662	-379.293
36200	0.00604662	-441.332
36300	0.00604662	-400.095
36400	0.00604662	-374.201
36500	0.00604662	-401.522
36600	0.00604662	-392.789
36700	0.00604662	-429.909
36800	0.00604662	-434.355
36900	0.00604662	-407.893
37000	0.00604662	-400.965
37100	0.00604662	-385.527
37200	0.00604662	-420.034
37300	0.00604662	-380.304
37400	0.00604662	-372.529
37500	0.00604662	-390.331
37600	0.00604662	-361.801
37700	0.00604662	-372.55
37800	0.00604662	-363.499
37900	0.00604662	-401.462
38000	0.00604662	-382.585
38100	0.00604662	-376.832
38200	0.00604662	-397.695
38300	0.00604662	-368.727
38400	0.00604662	-379.666
38500	0.00604662	-388.367
38600	0.00604662	-400.674
38700	0.00604662	-368.671
38800	0.00604662	-375.01
38900	0.00604662	-395.138
39000	0.00604662	-420.464
39100	0.00604662	-379.604
39200	0.00604662	-417.177
39300	0.00604662	-383.436
39400	0.00604662	-374.117
39500	0.00604662	-377.27
39600	0.00604662	-376.772
39700	0.00604662	-395.467
39800	0.00604662	-390.555
39900	0.00604662	-422.743
40000	0.00604662	-367.567
40100	0.00604662	-386.745
40200	0.00604662	-362.253
40300	0.00604662	-389.184
40400	0.00604662	-378.155
40500	0.00604662	-388.001
40600	0.00604662	-421.002
40700	0.00604662	-434.737
40800	0.00604662	-411.39
40900	0.00604662	-421.351
41000	0.00604662	-397.827
41100	0.00604662	-380.429
41200	0.00604662	-411.399
41300	0.00604662	-406.972
41400	0.00604662	-411.607
41500	0.00604662	-406.253
41600	0.00604662	-389.931
41700	0.00604662	-412.276
41800	0.00604662	-363.386
41900	0.00604662	-389.764
42000	0.00604662	-411.297
42100	0.00604662	-395.784
42200	0.00604662	-398.34
42300	0.00604662	-415.608
42400	0.00604662	-367.391
42500	0.00604662	-423.142
42600	0.00604662	-378.91
42700	0.00604662	-419.999
42800	0.00604662	-382.423
42900	0.00604662	-370.339
43000	0.00604662	-413.838
43100	0.00604662	-386.555
43200	0.00604662	-383.902
43300	0.00604662	-405.611
43400	0.00604662	-383.347
43500	0.00604662	-391.409
43600	0.00604662	-394.029
43700	0.00604662	-435.756
43800	0.00604662	-388.35
43900	0.00604662	-427.834
44000	0.00604662	-405.772
44100	0.00604662	-436.377
44200	0.00604662	-381.542
44300	0.00604662	-365.625
44400	0.00604662	-397.002
44500	0.00604662	-393.971
44600	0.00604662	-403.013
44700	0.00604662	-363.934
44800	0.00604662	-374.605
44900	0.00604662	-396.495
45000	0.00604662	-437.763
45100	0.00604662	-430.737
45200	0.00604662	-361.744
45300	0.00604662	-419.048
45400	0.00604662	-379.837
45500	0.00604662	-368.746
45600	0.00604662	-360.143
45700	0.00604662	-437.775
45800	0.00604662	-418.503
45900	0.00604662	-392.159
46000	0.00604662	-425.337
46100	0.00604662	-372.026
46200	0.00604662	-401.772
46300	0.00604662	-379.742
46400	0.00604662	-384.993
46500	0.00604662	-373.809
46600	0.00604662	-365.094
46700	0.00604662	-367.991
46800	0.00604662	-409.152
46900	0.00604662	-364.249
47000	0.00604662	-428.432
47100	0.00604662	-390.526
47200	0.00604662	-369.14
47300	0.00604662	-368.529
47400	0.00604662	-389.501
47500	0.00604662	-386.032
47600	0.00604662	-376.394
47700	0.00604662	-407.978
47800	0.00604662	-392.193
47900	0.00604662	-377.062
48000	0.00604662	-389.386
48100	0.00604662	-365.31
48200	0.00604662	-371.221
48300	0.00604662	-415.005
48400	0.00604662	-401.799
48500	0.00604662	-409.895
48600	0.00604662	-378.257
48700	0.00604662	-388.279
48800	0.00604662	-378.432
48900	0.00604662	-401.696
49000	0.00604662	-414.459
49100	0.00604662	-387.984
49200	0.00604662	-411.3
49300	0.00604662	-409.193
49400	0.00604662	-393.887
49500	0.00604662	-400.956
49600	0.00604662	-434.019
49700	0.00604662	-412.918
49800	0.00604662	-384.834
49900	0.00604662	-417.248
50000	0.00604662	-363.515
