state	power	likelihood
12600	0.527732	-234.931
12700	0.527732	-238.698
12800	0.527732	-235.988
12900	0.527732	-232.69
13000	0.527732	-240.03
13100	0.527732	-235.263
13200	0.527732	-233.865
13300	0.527732	-247.907
13400	0.527732	-232.02
13500	0.527732	-231.486
13600	0.527732	-228.186
13700	0.527732	-232.673
13800	0.527732	-230.028
13900	0.527732	-242.687
14000	0.527732	-242.189
14100	0.527732	-237.742
14200	0.527732	-242.123
14300	0.527732	-231.485
14400	0.527732	-237.38
14500	0.527732	-236.152
14600	0.527732	-243.53
14700	0.527732	-238.813
14800	0.527732	-226.359
14900	0.527732	-247.407
15000	0.527732	-221.67
15100	0.527732	-223.245
15200	0.527732	-224.558
15300	0.527732	-235.45
15400	0.527732	-243.766
15500	0.527732	-226.52
15600	0.527732	-233.67
15700	0.527732	-233.498
15800	0.527732	-237.957
15900	0.527732	-237.557
16000	0.527732	-223.765
16100	0.527732	-236.278
16200	0.527732	-245.126
16300	0.527732	-237.918
16400	0.527732	-239.563
16500	0.527732	-238.66
16600	0.527732	-234.087
16700	0.527732	-235.788
16800	0.527732	-241.992
16900	0.527732	-240.453
17000	0.527732	-220.652
17100	0.527732	-243.506
17200	0.527732	-237.322
17300	0.527732	-226.343
17400	0.527732	-237.774
17500	0.527732	-240.614
17600	0.527732	-236.188
17700	0.527732	-236.153
17800	0.527732	-236.66
17900	0.527732	-229.073
18000	0.527732	-235.187
18100	0.527732	-240.817
18200	0.527732	-250.559
18300	0.527732	-232.371
18400	0.527732	-247.518
18500	0.527732	-243.662
18600	0.527732	-226.904
18700	0.527732	-231.595
18800	0.527732	-240.324
18900	0.527732	-239.677
19000	0.527732	-236.09
19100	0.527732	-230.9
19200	0.527732	-238.311
19300	0.527732	-240.108
19400	0.527732	-234.881
19500	0.527732	-231.087
19600	0.527732	-240.921
19700	0.527732	-231.336
19800	0.527732	-225.076
19900	0.527732	-238.688
20000	0.527732	-242.658
20100	0.527732	-242.337
20200	0.527732	-230.078
20300	0.527732	-225.231
20400	0.527732	-236.237
20500	0.527732	-235.744
20600	0.527732	-240.026
20700	0.527732	-229.273
20800	0.527732	-225.852
20900	0.527732	-228.346
21000	0.527732	-241.027
21100	0.527732	-238.513
21200	0.527732	-230.68
21300	0.527732	-241.571
21400	0.527732	-240.575
21500	0.527732	-224.477
21600	0.527732	-231.027
21700	0.527732	-238.156
21800	0.527732	-238.386
21900	0.527732	-255.947
22000	0.527732	-228.312
22100	0.527732	-248.113
22200	0.527732	-239.855
22300	0.527732	-228.125
22400	0.527732	-232.388
22500	0.527732	-246.827
22600	0.527732	-237.483
22700	0.527732	-228.985
22800	0.527732	-245.791
22900	0.527732	-228.882
23000	0.527732	-235.99
23100	0.527732	-229.676
23200	0.527732	-246.362
23300	0.527732	-232.873
23400	0.527732	-237.593
23500	0.527732	-233.852
23600	0.527732	-230.263
23700	0.527732	-228.086
23800	0.527732	-233.61
23900	0.527732	-238.23
24000	0.527732	-230.102
24100	0.527732	-231.133
24200	0.527732	-223.613
24300	0.527732	-236.881
24400	0.527732	-226.974
24500	0.527732	-234.056
24600	0.527732	-233.605
24700	0.527732	-229.938
24800	0.527732	-234.895
24900	0.527732	-239.968
25000	0.527732	-228.122
25100	0.527732	-237.668
25200	0.527732	-230.065
25300	0.527732	-229.477
25400	0.527732	-234.014
25500	0.527732	-228.328
25600	0.527732	-250.04
25700	0.527732	-238.304
25800	0.527732	-237.098
25900	0.527732	-234.368
26000	0.527732	-238.572
26100	0.527732	-232.05
26200	0.527732	-228.82
26300	0.527732	-239.702
26400	0.527732	-238.269
26500	0.527732	-231.485
26600	0.527732	-226.449
26700	0.527732	-238.341
26800	0.527732	-234.861
26900	0.527732	-237.092
27000	0.527732	-228.61
27100	0.527732	-230.225
27200	0.527732	-246.629
27300	0.527732	-233.331
27400	0.527732	-238.747
27500	0.527732	-242.335
27600	0.527732	-238.088
27700	0.527732	-255.653
27800	0.527732	-225.169
27900	0.527732	-231.94
28000	0.527732	-231.389
28100	0.527732	-232.484
28200	0.527732	-230.527
28300	0.527732	-236.483
28400	0.527732	-228.021
28500	0.527732	-233.701
28600	0.527732	-230.244
28700	0.527732	-229.275
28800	0.527732	-241.295
28900	0.527732	-213.932
29000	0.527732	-235.841
29100	0.527732	-235.177
29200	0.527732	-236.669
29300	0.527732	-235.573
29400	0.527732	-236.412
29500	0.527732	-241.636
29600	0.527732	-233.772
29700	0.527732	-238.687
29800	0.527732	-228.898
29900	0.527732	-251.345
30000	0.527732	-237.795
30100	0.527732	-233.725
30200	0.527732	-229.716
30300	0.527732	-239.083
30400	0.527732	-225.456
30500	0.527732	-234.973
30600	0.527732	-231.679
30700	0.527732	-228.121
30800	0.527732	-239.997
30900	0.527732	-233.678
31000	0.527732	-234.843
31100	0.527732	-241.639
31200	0.527732	-233.678
31300	0.527732	-238.158
31400	0.527732	-236.681
31500	0.527732	-237.19
31600	0.527732	-238.063
31700	0.527732	-243.677
31800	0.527732	-247.052
31900	0.527732	-237.236
32000	0.527732	-239.554
32100	0.527732	-247.325
32200	0.527732	-229.693
32300	0.527732	-236.493
32400	0.527732	-233.153
32500	0.527732	-222.238
32600	0.527732	-224.517
32700	0.527732	-247.349
32800	0.527732	-238.785
32900	0.527732	-225.278
33000	0.527732	-228.473
33100	0.527732	-230.731
33200	0.527732	-256.283
33300	0.527732	-221.759
33400	0.527732	-235.103
33500	0.527732	-229.52
33600	0.527732	-245.506
33700	0.527732	-241.095
33800	0.527732	-234.557
33900	0.527732	-225.989
34000	0.527732	-237.254
34100	0.527732	-234.915
34200	0.527732	-238.671
34300	0.527732	-241.8
34400	0.527732	-254.131
34500	0.527732	-242.443
34600	0.527732	-226.192
34700	0.527732	-231.476
34800	0.527732	-240.113
34900	0.527732	-250.718
35000	0.527732	-225.931
35100	0.527732	-243.681
35200	0.527732	-236.823
35300	0.527732	-233.29
35400	0.527732	-232.852
35500	0.527732	-241.449
35600	0.527732	-235.32
35700	0.527732	-237.979
35800	0.527732	-233.158
35900	0.527732	-237.46
36000	0.527732	-232.306
36100	0.527732	-238.624
36200	0.527732	-228.613
36300	0.527732	-231.572
36400	0.527732	-237.426
36500	0.527732	-229.737
36600	0.527732	-237.374
36700	0.527732	-248.633
36800	0.527732	-242.659
36900	0.527732	-241.938
37000	0.527732	-229.592
37100	0.527732	-237.367
37200	0.527732	-237.683
37300	0.527732	-233.487
37400	0.527732	-242.643
37500	0.527732	-236.548
37600	0.527732	-227.031
37700	0.527732	-230.282
37800	0.527732	-247.424
37900	0.527732	-225.107
38000	0.527732	-230.167
38100	0.527732	-238.25
38200	0.527732	-250.782
38300	0.527732	-233.114
38400	0.527732	-239.219
38500	0.527732	-228.173
38600	0.527732	-234.203
38700	0.527732	-250.114
38800	0.527732	-242.259
38900	0.527732	-226.12
39000	0.527732	-241.79
39100	0.527732	-229.224
39200	0.527732	-235.144
39300	0.527732	-228.779
39400	0.527732	-252.401
39500	0.527732	-241.659
39600	0.527732	-239.68
39700	0.527732	-233.631
39800	0.527732	-234.221
39900	0.527732	-235.014
40000	0.527732	-228.873
40100	0.527732	-234.864
40200	0.527732	-233.107
40300	0.527732	-231.087
40400	0.527732	-229.089
40500	0.527732	-228.322
40600	0.527732	-227.804
40700	0.527732	-240.621
40800	0.527732	-241.668
40900	0.527732	-242.725
41000	0.527732	-232.954
41100	0.527732	-233.926
41200	0.527732	-225.806
41300	0.527732	-229.747
41400	0.527732	-232.097
41500	0.527732	-232.187
41600	0.527732	-246.45
41700	0.527732	-238.242
41800	0.527732	-233.75
41900	0.527732	-234.682
42000	0.527732	-232.824
42100	0.527732	-231.67
42200	0.527732	-239.803
42300	0.527732	-232.902
42400	0.527732	-246.955
42500	0.527732	-234.47
42600	0.527732	-234.975
42700	0.527732	-239.664
42800	0.527732	-240.031
42900	0.527732	-230.479
43000	0.527732	-243.445
43100	0.527732	-228.333
43200	0.527732	-233.23
43300	0.527732	-241.748
43400	0.527732	-245.941
43500	0.527732	-234.427
43600	0.527732	-228.505
43700	0.527732	-233.907
43800	0.527732	-241.716
43900	0.527732	-229.932
44000	0.527732	-231.247
44100	0.527732	-252.737
44200	0.527732	-232.859
44300	0.527732	-229.543
44400	0.527732	-236.42
44500	0.527732	-236.654
44600	0.527732	-240.872
44700	0.527732	-232.932
44800	0.527732	-235.341
44900	0.527732	-236.355
45000	0.527732	-230.759
45100	0.527732	-241.366
45200	0.527732	-242.462
45300	0.527732	-238.773
45400	0.527732	-234.507
45500	0.527732	-218.311
45600	0.527732	-233.378
45700	0.527732	-238.202
45800	0.527732	-242.053
45900	0.527732	-241.195
46000	0.527732	-248.28
46100	0.527732	-238.554
46200	0.527732	-239.003
46300	0.527732	-232.858
46400	0.527732	-234.872
46500	0.527732	-239.201
46600	0.527732	-246.461
46700	0.527732	-239.862
46800	0.527732	-225.779
46900	0.527732	-222.724
47000	0.527732	-232.694
47100	0.527732	-229.711
47200	0.527732	-234.807
47300	0.527732	-233.581
47400	0.527732	-233.485
47500	0.527732	-235.381
47600	0.527732	-242.689
47700	0.527732	-238.127
47800	0.527732	-236.188
47900	0.527732	-233.87
48000	0.527732	-233.23
48100	0.527732	-243.284
48200	0.527732	-229.161
48300	0.527732	-243.048
48400	0.527732	-230.004
48500	0.527732	-245.663
48600	0.527732	-238.744
48700	0.527732	-231.635
48800	0.527732	-232.45
48900	0.527732	-243.133
49000	0.527732	-233.746
49100	0.527732	-241.391
49200	0.527732	-233.937
49300	0.527732	-244.663
49400	0.527732	-240.233
49500	0.527732	-232.384
49600	0.527732	-236.87
49700	0.527732	-226.585
49800	0.527732	-235.998
49900	0.527732	-248.386
50000	0.527732	-240.573
