state	power	likelihood
12600	1.16658e-302	-933.991
12700	1.16658e-302	-596.656
12800	1.16658e-302	-1517.68
12900	1.16658e-302	-747.916
13000	1.16658e-302	-741.065
13100	1.16658e-302	-1705.06
13200	1.16658e-302	-1270.65
13300	1.16658e-302	-599.19
13400	1.16658e-302	-951.286
13500	1.16658e-302	-1175.99
13600	1.16658e-302	-1196.23
13700	1.16658e-302	-875.814
13800	1.16658e-302	-1328.55
13900	1.16658e-302	-769.499
14000	1.16658e-302	-745.303
14100	1.16658e-302	-733.778
14200	1.16658e-302	-727.742
14300	1.16658e-302	-1620.93
14400	1.16658e-302	-646.559
14500	1.16658e-302	-949.596
14600	1.16658e-302	-1513.23
14700	1.16658e-302	-591.915
14800	1.16658e-302	-751.397
14900	1.16658e-302	-1111.64
15000	1.16658e-302	-751.374
15100	1.16658e-302	-1489.83
15200	1.16658e-302	-1206.18
15300	1.16658e-302	-718.751
15400	1.16658e-302	-709.626
15500	1.16658e-302	-972.975
15600	1.16658e-302	-1095.26
15700	1.16658e-302	-1519.78
15800	1.16658e-302	-731.671
15900	1.16658e-302	-562.906
16000	1.16658e-302	-1229.97
16100	1.16658e-302	-1165.34
16200	1.16658e-302	-1674.61
16300	1.16658e-302	-1014.56
16400	1.16658e-302	-835.775
16500	1.16658e-302	-884.781
16600	1.16658e-302	-1561.77
16700	1.16658e-302	-1653.65
16800	1.16658e-302	-1006.91
16900	1.16658e-302	-642.479
17000	1.16658e-302	-843.748
17100	1.16658e-302	-483.685
17200	1.16658e-302	-1365.21
17300	1.16658e-302	-1562.36
17400	1.16658e-302	-729.376
17500	1.16658e-302	-2159.6
17600	1.16658e-302	-762.248
17700	1.16658e-302	-653.773
17800	1.16658e-302	-881.214
17900	1.16658e-302	-1193.72
18000	1.16658e-302	-978.424
18100	1.16658e-302	-1011.25
18200	1.16658e-302	-943.639
18300	1.16658e-302	-803.124
18400	1.16658e-302	-901.213
18500	1.16658e-302	-1114.89
18600	1.16658e-302	-1270.9
18700	1.16658e-302	-1152.72
18800	1.16658e-302	-1080.78
18900	1.16658e-302	-1282.32
19000	1.16658e-302	-1192.44
19100	1.16658e-302	-773.566
19200	1.16658e-302	-890.48
19300	1.16658e-302	-1158.73
19400	1.16658e-302	-875.939
19500	1.16658e-302	-959.189
19600	1.16658e-302	-1169.81
19700	1.16658e-302	-1129.13
19800	1.16658e-302	-1852.44
19900	1.16658e-302	-771.103
20000	1.16658e-302	-997.738
20100	1.16658e-302	-661.129
20200	1.16658e-302	-727.378
20300	1.16658e-302	-1401.2
20400	1.16658e-302	-1166.74
20500	1.16658e-302	-1386.06
20600	1.16658e-302	-613.005
20700	1.16658e-302	-1579.05
20800	1.16658e-302	-1521.66
20900	1.16658e-302	-624.272
21000	1.16658e-302	-782.637
21100	1.16658e-302	-1106.82
21200	1.16658e-302	-1044.3
21300	1.16658e-302	-1049.07
21400	1.16658e-302	-745.122
21500	1.16658e-302	-807.782
21600	1.16658e-302	-1283.76
21700	1.16658e-302	-638.576
21800	1.16658e-302	-1060.27
21900	1.16658e-302	-1550.56
22000	1.16658e-302	-1331.71
22100	1.16658e-302	-846.581
22200	1.16658e-302	-530.242
22300	1.16658e-302	-1144.28
22400	1.16658e-302	-1555.58
22500	1.16658e-302	-892.061
22600	1.16658e-302	-1162.23
22700	1.16658e-302	-495.126
22800	1.16658e-302	-972.415
22900	1.16658e-302	-1743.04
23000	1.16658e-302	-610.844
23100	1.16658e-302	-823.168
23200	1.16658e-302	-1490.02
23300	1.16658e-302	-777.635
23400	1.16658e-302	-1067.08
23500	1.16658e-302	-1644.8
23600	1.16658e-302	-949.728
23700	1.16658e-302	-904.167
23800	1.16658e-302	-1287.42
23900	1.16658e-302	-965.726
24000	1.16658e-302	-721.007
24100	1.16658e-302	-939.396
24200	1.16658e-302	-893.267
24300	1.16658e-302	-1076.02
24400	1.16658e-302	-1029.18
24500	1.16658e-302	-791.58
24600	1.16658e-302	-786.572
24700	1.16658e-302	-1031.96
24800	1.16658e-302	-977.299
24900	1.16658e-302	-955.258
25000	1.16658e-302	-1279.96
25100	1.16658e-302	-1169.76
25200	1.16658e-302	-999.766
25300	1.16658e-302	-670.954
25400	1.16658e-302	-2020.62
25500	1.16658e-302	-1188.73
25600	1.16658e-302	-1221.35
25700	1.16658e-302	-1612.86
25800	1.16658e-302	-843.674
25900	1.16658e-302	-1091.92
26000	1.16658e-302	-1076.43
26100	1.16658e-302	-917.433
26200	1.16658e-302	-1558.76
26300	1.16658e-302	-909.501
26400	1.16658e-302	-685.944
26500	1.16658e-302	-760.389
26600	1.16658e-302	-901.617
26700	1.16658e-302	-1123.53
26800	1.16658e-302	-2711.21
26900	1.16658e-302	-583.421
27000	1.16658e-302	-855.72
27100	1.16658e-302	-1664.02
27200	1.16658e-302	-1797.42
27300	1.16658e-302	-864.426
27400	1.16658e-302	-1041.11
27500	1.16658e-302	-468.647
27600	1.16658e-302	-830.546
27700	1.16658e-302	-1442.14
27800	1.16658e-302	-1448.24
27900	1.16658e-302	-1565.18
28000	1.16658e-302	-2169.6
28100	1.16658e-302	-862.859
28200	1.16658e-302	-1046.69
28300	1.16658e-302	-898.957
28400	1.16658e-302	-1408.22
28500	1.16658e-302	-1293.45
28600	1.16658e-302	-2005.36
28700	1.16658e-302	-871.588
28800	1.16658e-302	-1014.82
28900	1.16658e-302	-1026.1
29000	1.16658e-302	-1080.53
29100	1.16658e-302	-1125.29
29200	1.16658e-302	-1932.63
29300	1.16658e-302	-908.152
29400	1.16658e-302	-697.81
29500	1.16658e-302	-1037.81
29600	1.16658e-302	-842.626
29700	1.16658e-302	-2261.57
29800	1.16658e-302	-2726.01
29900	1.16658e-302	-863.69
30000	1.16658e-302	-539.4
30100	1.16658e-302	-607.273
30200	1.16658e-302	-876.805
30300	1.16658e-302	-581.936
30400	1.16658e-302	-939.552
30500	1.16658e-302	-2497.55
30600	1.16658e-302	-659.192
30700	1.16658e-302	-1020.25
30800	1.16658e-302	-1067.08
30900	1.16658e-302	-1093.34
31000	1.16658e-302	-968.699
31100	1.16658e-302	-597.573
31200	1.16658e-302	-778.544
31300	1.16658e-302	-2357.24
31400	1.16658e-302	-1375.35
31500	1.16658e-302	-785.968
31600	1.16658e-302	-1042.6
31700	1.16658e-302	-1170.76
31800	1.16658e-302	-959.513
31900	1.16658e-302	-1394.9
32000	1.16658e-302	-1318.8
32100	1.16658e-302	-1011.68
32200	1.16658e-302	-554.983
32300	1.16658e-302	-1541.87
32400	1.16658e-302	-1808.57
32500	1.16658e-302	-878.161
32600	1.16658e-302	-629.268
32700	1.16658e-302	-538.961
32800	1.16658e-302	-1293.39
32900	1.16658e-302	-715.887
33000	1.16658e-302	-890.698
33100	1.16658e-302	-787.956
33200	1.16658e-302	-1523.07
33300	1.16658e-302	-591.539
33400	1.16658e-302	-611.822
33500	1.16658e-302	-666.026
33600	1.16658e-302	-1366.49
33700	1.16658e-302	-1473.52
33800	1.16658e-302	-1229.18
33900	1.16658e-302	-622.735
34000	1.16658e-302	-1082.93
34100	1.16658e-302	-930.813
34200	1.16658e-302	-1269.69
34300	1.16658e-302	-1006.86
34400	1.16658e-302	-1188.83
34500	1.16658e-302	-1270.76
34600	1.16658e-302	-541.59
34700	1.16658e-302	-1172.34
34800	1.16658e-302	-1183.26
34900	1.16658e-302	-1893.71
35000	1.16658e-302	-770.466
35100	1.16658e-302	-1167.58
35200	1.16658e-302	-1034.7
35300	1.16658e-302	-1454.1
35400	1.16658e-302	-2008.41
35500	1.16658e-302	-918.971
35600	1.16658e-302	-1097.7
35700	1.16658e-302	-909.831
35800	1.16658e-302	-1004.44
35900	1.16658e-302	-1467.11
36000	1.16658e-302	-1145.79
36100	1.16658e-302	-1420.82
36200	1.16658e-302	-1157.5
36300	1.16658e-302	-749.566
36400	1.16658e-302	-1218.75
36500	1.16658e-302	-1261.41
36600	1.16658e-302	-2411.03
36700	1.16658e-302	-1571.86
36800	1.16658e-302	-629.425
36900	1.16658e-302	-1234.94
37000	1.16658e-302	-740.442
37100	1.16658e-302	-1272.56
37200	1.16658e-302	-1552.1
37300	1.16658e-302	-790.152
37400	1.16658e-302	-645.056
37500	1.16658e-302	-625.433
37600	1.16658e-302	-1432.28
37700	1.16658e-302	-878.009
37800	1.16658e-302	-621.978
37900	1.16658e-302	-814.472
38000	1.16658e-302	-1686.13
38100	1.16658e-302	-936.69
38200	1.16658e-302	-1094.02
38300	1.16658e-302	-1448.29
38400	1.16658e-302	-1017.01
38500	1.16658e-302	-910.438
38600	1.16658e-302	-613.52
38700	1.16658e-302	-1043.06
38800	1.16658e-302	-1278.93
38900	1.16658e-302	-679.452
39000	1.16658e-302	-889.341
39100	1.16658e-302	-956.459
39200	1.16658e-302	-863.414
39300	1.16658e-302	-1196.28
39400	1.16658e-302	-981.158
39500	1.16658e-302	-1089.95
39600	1.16658e-302	-1024.42
39700	1.16658e-302	-568.421
39800	1.16658e-302	-1647.55
39900	1.16658e-302	-658.578
40000	1.16658e-302	-742.622
40100	1.16658e-302	-1285.33
40200	1.16658e-302	-907.152
40300	1.16658e-302	-815.261
40400	1.16658e-302	-632.633
40500	1.16658e-302	-895.124
40600	1.16658e-302	-2728.98
40700	1.16658e-302	-493.907
40800	1.16658e-302	-1605.88
40900	1.16658e-302	-673.786
41000	1.16658e-302	-1126.76
41100	1.16658e-302	-749.889
41200	1.16658e-302	-916.378
41300	1.16658e-302	-767.73
41400	1.16658e-302	-541.398
41500	1.16658e-302	-524.149
41600	1.16658e-302	-1044.8
41700	1.16658e-302	-1171.16
41800	1.16658e-302	-818.859
41900	1.16658e-302	-1298.61
42000	1.16658e-302	-1918.64
42100	1.16658e-302	-553.985
42200	1.16658e-302	-1075.34
42300	1.16658e-302	-751.359
42400	1.16658e-302	-1131.81
42500	1.16658e-302	-1263.68
42600	1.16658e-302	-745.536
42700	1.16658e-302	-1007.38
42800	1.16658e-302	-1823.4
42900	1.16658e-302	-1165.91
43000	1.16658e-302	-875.406
43100	1.16658e-302	-1017.59
43200	1.16658e-302	-1414.39
43300	1.16658e-302	-1797.51
43400	1.16658e-302	-883.878
43500	1.16658e-302	-775.551
43600	1.16658e-302	-1489.48
43700	1.16658e-302	-1166.22
43800	1.16658e-302	-1252.42
43900	1.16658e-302	-1404.86
44000	1.16658e-302	-782.924
44100	1.16658e-302	-749.908
44200	1.16658e-302	-1105.28
44300	1.16658e-302	-420.924
44400	1.16658e-302	-847.914
44500	1.16658e-302	-1262.56
44600	1.16658e-302	-1649.17
44700	1.16658e-302	-1182.71
44800	1.16658e-302	-1590.82
44900	1.16658e-302	-1331.56
45000	1.16658e-302	-681.372
45100	1.16658e-302	-1706.65
45200	1.16658e-302	-1696.88
45300	1.16658e-302	-1183.01
45400	1.16658e-302	-1378.79
45500	1.16658e-302	-1468.3
45600	1.16658e-302	-771.824
45700	1.16658e-302	-1226.07
45800	1.16658e-302	-547.367
45900	1.16658e-302	-1829.37
46000	1.16658e-302	-1678.69
46100	1.16658e-302	-926.426
46200	1.16658e-302	-804.144
46300	1.16658e-302	-1500.66
46400	1.16658e-302	-1009.49
46500	1.16658e-302	-991.35
46600	1.16658e-302	-909.378
46700	1.16658e-302	-1027.16
46800	1.16658e-302	-886.96
46900	1.16658e-302	-915.336
47000	1.16658e-302	-799.404
47100	1.16658e-302	-712.456
47200	1.16658e-302	-1265.43
47300	1.16658e-302	-643.497
47400	1.16658e-302	-857.416
47500	1.16658e-302	-1434.14
47600	1.16658e-302	-982.098
47700	1.16658e-302	-900.111
47800	1.16658e-302	-859.524
47900	1.16658e-302	-1044.98
48000	1.16658e-302	-1934.81
48100	1.16658e-302	-2026.48
48200	1.16658e-302	-882.08
48300	1.16658e-302	-552.182
48400	1.16658e-302	-1043.21
48500	1.16658e-302	-2042.18
48600	1.16658e-302	-1832.59
48700	1.16658e-302	-972.777
48800	1.16658e-302	-838.398
48900	1.16658e-302	-835.138
49000	1.16658e-302	-1081.18
49100	1.16658e-302	-848.395
49200	1.16658e-302	-1079.68
49300	1.16658e-302	-898.428
49400	1.16658e-302	-1179.27
49500	1.16658e-302	-746.022
49600	1.16658e-302	-716.727
49700	1.16658e-302	-787.409
49800	1.16658e-302	-850.502
49900	1.16658e-302	-1747.81
50000	1.16658e-302	-1535.03
