state	power	likelihood
12600	0.000104858	-380.024
12700	0.000104858	-403.127
12800	0.000104858	-377.321
12900	0.000104858	-399.896
13000	0.000104858	-421.753
13100	0.000104858	-408.904
13200	0.000104858	-423.165
13300	0.000104858	-373.451
13400	0.000104858	-374.054
13500	0.000104858	-393.699
13600	0.000104858	-381.142
13700	0.000104858	-425.118
13800	0.000104858	-388.028
13900	0.000104858	-365.73
14000	0.000104858	-399.272
14100	0.000104858	-390.286
14200	0.000104858	-411.884
14300	0.000104858	-364.514
14400	0.000104858	-390.147
14500	0.000104858	-394.096
14600	0.000104858	-412.201
14700	0.000104858	-400.091
14800	0.000104858	-373.44
14900	0.000104858	-385.907
15000	0.000104858	-398.56
15100	0.000104858	-389.085
15200	0.000104858	-366.035
15300	0.000104858	-373.401
15400	0.000104858	-387.371
15500	0.000104858	-377.173
15600	0.000104858	-424.898
15700	0.000104858	-404.757
15800	0.000104858	-416.385
15900	0.000104858	-383.824
16000	0.000104858	-399.621
16100	0.000104858	-443.275
16200	0.000104858	-395.8
16300	0.000104858	-397.319
16400	0.000104858	-411.444
16500	0.000104858	-378.557
16600	0.000104858	-412.799
16700	0.000104858	-396.541
16800	0.000104858	-372.373
16900	0.000104858	-367.682
17000	0.000104858	-401.45
17100	0.000104858	-390.176
17200	0.000104858	-370.068
17300	0.000104858	-391.403
17400	0.000104858	-365.562
17500	0.000104858	-401.122
17600	0.000104858	-386.273
17700	0.000104858	-434.069
17800	0.000104858	-403.375
17900	0.000104858	-371.916
18000	0.000104858	-373.162
18100	0.000104858	-377.74
18200	0.000104858	-397.351
18300	0.000104858	-392.097
18400	0.000104858	-361.999
18500	0.000104858	-432.453
18600	0.000104858	-364.816
18700	0.000104858	-405.507
18800	0.000104858	-430.611
18900	0.000104858	-394.475
19000	0.000104858	-374.97
19100	0.000104858	-395.523
19200	0.000104858	-390.842
19300	0.000104858	-379.622
19400	0.000104858	-372.869
19500	0.000104858	-380.682
19600	0.000104858	-386.734
19700	0.000104858	-423.775
19800	0.000104858	-407.935
19900	0.000104858	-381.742
20000	0.000104858	-413.54
20100	0.000104858	-373.537
20200	0.000104858	-393.453
20300	0.000104858	-381.456
20400	0.000104858	-370.188
20500	0.000104858	-404.923
20600	0.000104858	-376.457
20700	0.000104858	-419.478
20800	0.000104858	-378.442
20900	0.000104858	-384.949
21000	0.000104858	-366.473
21100	0.000104858	-380.514
21200	0.000104858	-420.502
21300	0.000104858	-410.095
21400	0.000104858	-396.896
21500	0.000104858	-420.816
21600	0.000104858	-417.014
21700	0.000104858	-393.287
21800	0.000104858	-388.808
21900	0.000104858	-375.218
22000	0.000104858	-399.302
22100	0.000104858	-401.094
22200	0.000104858	-387.542
22300	0.000104858	-376.476
22400	0.000104858	-421.965
22500	0.000104858	-403.344
22600	0.000104858	-379.889
22700	0.000104858	-437.151
22800	0.000104858	-386.973
22900	0.000104858	-393.714
23000	0.000104858	-373.376
23100	0.000104858	-383.352
23200	0.000104858	-388.07
23300	0.000104858	-382.618
23400	0.000104858	-421.209
23500	0.000104858	-406.091
23600	0.000104858	-396.044
23700	0.000104858	-426.895
23800	0.000104858	-423.434
23900	0.000104858	-405.423
24000	0.000104858	-430.473
24100	0.000104858	-394.832
24200	0.000104858	-372.346
24300	0.000104858	-397.77
24400	0.000104858	-406.721
24500	0.000104858	-397.481
24600	0.000104858	-396.487
24700	0.000104858	-406.629
24800	0.000104858	-390.709
24900	0.000104858	-382.254
25000	0.000104858	-433.985
25100	0.000104858	-371.9
25200	0.000104858	-426.756
25300	0.000104858	-414.531
25400	0.000104858	-409.482
25500	0.000104858	-413.207
25600	0.000104858	-444.59
25700	0.000104858	-374.892
25800	0.000104858	-409.953
25900	0.000104858	-390.025
26000	0.000104858	-382.971
26100	0.000104858	-382.243
26200	0.000104858	-412.354
26300	0.000104858	-425.726
26400	0.000104858	-376.459
26500	0.000104858	-401.289
26600	0.000104858	-396.132
26700	0.000104858	-419.94
26800	0.000104858	-363.029
26900	0.000104858	-386.286
27000	0.000104858	-373.725
27100	0.000104858	-414.989
27200	0.000104858	-394.281
27300	0.000104858	-356.738
27400	0.000104858	-367.145
27500	0.000104858	-378.315
27600	0.000104858	-391.374
27700	0.000104858	-368.412
27800	0.000104858	-405.993
27900	0.000104858	-380.723
28000	0.000104858	-385.179
28100	0.000104858	-389.994
28200	0.000104858	-396.878
28300	0.000104858	-369.354
28400	0.000104858	-352.721
28500	0.000104858	-406.587
28600	0.000104858	-386.748
28700	0.000104858	-403.278
28800	0.000104858	-439.9
28900	0.000104858	-369.772
29000	0.000104858	-364.506
29100	0.000104858	-391.364
29200	0.000104858	-383.854
29300	0.000104858	-420.937
29400	0.000104858	-401.379
29500	0.000104858	-383.717
29600	0.000104858	-400.701
29700	0.000104858	-416.48
29800	0.000104858	-378.638
29900	0.000104858	-370.725
30000	0.000104858	-415.25
30100	0.000104858	-402.067
30200	0.000104858	-400.526
30300	0.000104858	-391.227
30400	0.000104858	-368.881
30500	0.000104858	-392.302
30600	0.000104858	-383.647
30700	0.000104858	-400.097
30800	0.000104858	-404.785
30900	0.000104858	-369.425
31000	0.000104858	-420.699
31100	0.000104858	-363.223
31200	0.000104858	-392.512
31300	0.000104858	-433.232
31400	0.000104858	-405.001
31500	0.000104858	-369.31
31600	0.000104858	-394.5
31700	0.000104858	-403.853
31800	0.000104858	-407.753
31900	0.000104858	-396.559
32000	0.000104858	-388.382
32100	0.000104858	-371.81
32200	0.000104858	-365.974
32300	0.000104858	-362.751
32400	0.000104858	-410.945
32500	0.000104858	-438.652
32600	0.000104858	-430.238
32700	0.000104858	-409.375
32800	0.000104858	-361.286
32900	0.000104858	-371.252
33000	0.000104858	-385.003
33100	0.000104858	-398.127
33200	0.000104858	-407.868
33300	0.000104858	-416.184
33400	0.000104858	-386.94
33500	0.000104858	-381.589
33600	0.000104858	-411.927
33700	0.000104858	-409.316
33800	0.000104858	-356.555
33900	0.000104858	-372.822
34000	0.000104858	-385.145
34100	0.000104858	-397.662
34200	0.000104858	-380.402
34300	0.000104858	-376.708
34400	0.000104858	-420.267
34500	0.000104858	-418.904
34600	0.000104858	-378.508
34700	0.000104858	-430.81
34800	0.000104858	-394.322
34900	0.000104858	-385.057
35000	0.000104858	-372.422
35100	0.000104858	-395.516
35200	0.000104858	-381.521
35300	0.000104858	-377.71
35400	0.000104858	-399.888
35500	0.000104858	-399.373
35600	0.000104858	-408.938
35700	0.000104858	-391.157
35800	0.000104858	-391.091
35900	0.000104858	-403.235
36000	0.000104858	-419.531
36100	0.000104858	-397.759
36200	0.000104858	-403.157
36300	0.000104858	-384.879
36400	0.000104858	-387.876
36500	0.000104858	-383.454
36600	0.000104858	-418.612
36700	0.000104858	-371.585
36800	0.000104858	-321.795
36900	0.000104858	-393.607
37000	0.000104858	-373.688
37100	0.000104858	-409.172
37200	0.000104858	-381.228
37300	0.000104858	-394.458
37400	0.000104858	-419.071
37500	0.000104858	-379.198
37600	0.000104858	-419.372
37700	0.000104858	-426.629
37800	0.000104858	-365.371
37900	0.000104858	-440.483
38000	0.000104858	-361.946
38100	0.000104858	-376.696
38200	0.000104858	-398.522
38300	0.000104858	-389.498
38400	0.000104858	-367.264
38500	0.000104858	-383.625
38600	0.000104858	-398.809
38700	0.000104858	-394.207
38800	0.000104858	-364.327
38900	0.000104858	-395.828
39000	0.000104858	-414.808
39100	0.000104858	-442.243
39200	0.000104858	-398.746
39300	0.000104858	-388.31
39400	0.000104858	-411.38
39500	0.000104858	-387.442
39600	0.000104858	-405.173
39700	0.000104858	-390.865
39800	0.000104858	-400.082
39900	0.000104858	-384.725
40000	0.000104858	-382.836
40100	0.000104858	-410.679
40200	0.000104858	-367.325
40300	0.000104858	-415.704
40400	0.000104858	-388.828
40500	0.000104858	-373.68
40600	0.000104858	-419.177
40700	0.000104858	-362.702
40800	0.000104858	-398.455
40900	0.000104858	-416.306
41000	0.000104858	-422.285
41100	0.000104858	-374.621
41200	0.000104858	-386.426
41300	0.000104858	-372.865
41400	0.000104858	-422.291
41500	0.000104858	-380.231
41600	0.000104858	-417.028
41700	0.000104858	-390.996
41800	0.000104858	-396.118
41900	0.000104858	-397.481
42000	0.000104858	-367.793
42100	0.000104858	-421.605
42200	0.000104858	-436.984
42300	0.000104858	-407.82
42400	0.000104858	-392.628
42500	0.000104858	-389.018
42600	0.000104858	-370.033
42700	0.000104858	-363.633
42800	0.000104858	-390.215
42900	0.000104858	-379.174
43000	0.000104858	-409.819
43100	0.000104858	-399.618
43200	0.000104858	-369.138
43300	0.000104858	-401.233
43400	0.000104858	-377.992
43500	0.000104858	-391.838
43600	0.000104858	-382.665
43700	0.000104858	-412.705
43800	0.000104858	-397.358
43900	0.000104858	-378.48
44000	0.000104858	-430.102
44100	0.000104858	-376.963
44200	0.000104858	-371.295
44300	0.000104858	-405.413
44400	0.000104858	-401.953
44500	0.000104858	-396.972
44600	0.000104858	-392.914
44700	0.000104858	-418.054
44800	0.000104858	-360.108
44900	0.000104858	-391.018
45000	0.000104858	-378.895
45100	0.000104858	-365.456
45200	0.000104858	-383.16
45300	0.000104858	-363.264
45400	0.000104858	-416.553
45500	0.000104858	-414.543
45600	0.000104858	-387.949
45700	0.000104858	-417.536
45800	0.000104858	-383.798
45900	0.000104858	-421.69
46000	0.000104858	-419.378
46100	0.000104858	-406.176
46200	0.000104858	-401.291
46300	0.000104858	-393.536
46400	0.000104858	-382.772
46500	0.000104858	-377.853
46600	0.000104858	-360.088
46700	0.000104858	-422.506
46800	0.000104858	-370.145
46900	0.000104858	-364.348
47000	0.000104858	-412.482
47100	0.000104858	-419.556
47200	0.000104858	-425.883
47300	0.000104858	-418.506
47400	0.000104858	-417.683
47500	0.000104858	-408.354
47600	0.000104858	-438.762
47700	0.000104858	-430.957
47800	0.000104858	-413.059
47900	0.000104858	-379.471
48000	0.000104858	-446.764
48100	0.000104858	-413.174
48200	0.000104858	-400.051
48300	0.000104858	-389.408
48400	0.000104858	-435.562
48500	0.000104858	-409.717
48600	0.000104858	-405.024
48700	0.000104858	-373.935
48800	0.000104858	-379.32
48900	0.000104858	-395.274
49000	0.000104858	-379.534
49100	0.000104858	-369.054
49200	0.000104858	-407.53
49300	0.000104858	-382.245
49400	0.000104858	-374.468
49500	0.000104858	-407.627
49600	0.000104858	-410.388
49700	0.000104858	-407.43
49800	0.000104858	-386.065
49900	0.000104858	-385.654
50000	0.000104858	-411.146
