state	power	likelihood
12600	0.0550732	-248.706
12700	0.0550732	-262.804
12800	0.0550732	-306.611
12900	0.0550732	-246.133
13000	0.0550732	-269.193
13100	0.0550732	-275.121
13200	0.0550732	-255.195
13300	0.0550732	-257.916
13400	0.0550732	-251.682
13500	0.0550732	-299.474
13600	0.0550732	-255.964
13700	0.0550732	-254.457
13800	0.0550732	-298.414
13900	0.0550732	-250.453
14000	0.0550732	-248.968
14100	0.0550732	-245.489
14200	0.0550732	-261.416
14300	0.0550732	-259.095
14400	0.0550732	-260.291
14500	0.0550732	-241.7
14600	0.0550732	-273.663
14700	0.0550732	-298.148
14800	0.0550732	-268.058
14900	0.0550732	-256.546
15000	0.0550732	-260.533
15100	0.0550732	-256.473
15200	0.0550732	-314.507
15300	0.0550732	-255.509
15400	0.0550732	-245.561
15500	0.0550732	-246.134
15600	0.0550732	-243.858
15700	0.0550732	-271.104
15800	0.0550732	-256.094
15900	0.0550732	-243.248
16000	0.0550732	-249.548
16100	0.0550732	-252.959
16200	0.0550732	-261.886
16300	0.0550732	-241.936
16400	0.0550732	-246.073
16500	0.0550732	-272.981
16600	0.0550732	-261.088
16700	0.0550732	-262.021
16800	0.0550732	-248.241
16900	0.0550732	-253.741
17000	0.0550732	-245.861
17100	0.0550732	-286.407
17200	0.0550732	-253.661
17300	0.0550732	-349.961
17400	0.0550732	-247.609
17500	0.0550732	-289.049
17600	0.0550732	-246.882
17700	0.0550732	-265.527
17800	0.0550732	-286.481
17900	0.0550732	-260.659
18000	0.0550732	-246.479
18100	0.0550732	-268.89
18200	0.0550732	-241.845
18300	0.0550732	-241.174
18400	0.0550732	-262.981
18500	0.0550732	-250.291
18600	0.0550732	-248.725
18700	0.0550732	-320.549
18800	0.0550732	-270.512
18900	0.0550732	-265.53
19000	0.0550732	-242.428
19100	0.0550732	-246.596
19200	0.0550732	-248.872
19300	0.0550732	-248.123
19400	0.0550732	-255.193
19500	0.0550732	-251.554
19600	0.0550732	-259.001
19700	0.0550732	-259.322
19800	0.0550732	-272.786
19900	0.0550732	-251.183
20000	0.0550732	-257.236
20100	0.0550732	-281.262
20200	0.0550732	-251.612
20300	0.0550732	-285.266
20400	0.0550732	-248.269
20500	0.0550732	-252.944
20600	0.0550732	-242.313
20700	0.0550732	-260.538
20800	0.0550732	-254.557
20900	0.0550732	-256.102
21000	0.0550732	-245.002
21100	0.0550732	-247.505
21200	0.0550732	-247.781
21300	0.0550732	-258.228
21400	0.0550732	-265.308
21500	0.0550732	-250.383
21600	0.0550732	-256.178
21700	0.0550732	-260.337
21800	0.0550732	-254.098
21900	0.0550732	-244.919
22000	0.0550732	-259.49
22100	0.0550732	-259.768
22200	0.0550732	-262.755
22300	0.0550732	-268.123
22400	0.0550732	-286.711
22500	0.0550732	-281.055
22600	0.0550732	-272.958
22700	0.0550732	-280.842
22800	0.0550732	-311.387
22900	0.0550732	-251.367
23000	0.0550732	-248.444
23100	0.0550732	-243.967
23200	0.0550732	-247.596
23300	0.0550732	-247.573
23400	0.0550732	-320.581
23500	0.0550732	-249.06
23600	0.0550732	-254.581
23700	0.0550732	-273.52
23800	0.0550732	-256.692
23900	0.0550732	-251.756
24000	0.0550732	-249.744
24100	0.0550732	-303.428
24200	0.0550732	-242.945
24300	0.0550732	-261.449
24400	0.0550732	-250.439
24500	0.0550732	-281.613
24600	0.0550732	-254.453
24700	0.0550732	-239.034
24800	0.0550732	-282.437
24900	0.0550732	-266.889
25000	0.0550732	-263.181
25100	0.0550732	-261.407
25200	0.0550732	-251.626
25300	0.0550732	-251.369
25400	0.0550732	-279.103
25500	0.0550732	-306.155
25600	0.0550732	-242.17
25700	0.0550732	-253.549
25800	0.0550732	-265.718
25900	0.0550732	-257.284
26000	0.0550732	-255.925
26100	0.0550732	-250.805
26200	0.0550732	-254.752
26300	0.0550732	-263.386
26400	0.0550732	-245.372
26500	0.0550732	-256.786
26600	0.0550732	-292.586
26700	0.0550732	-247.168
26800	0.0550732	-252.808
26900	0.0550732	-255.043
27000	0.0550732	-248.533
27100	0.0550732	-268.393
27200	0.0550732	-260.938
27300	0.0550732	-264.843
27400	0.0550732	-245.131
27500	0.0550732	-249.947
27600	0.0550732	-243.535
27700	0.0550732	-268.835
27800	0.0550732	-259.693
27900	0.0550732	-248.654
28000	0.0550732	-243.224
28100	0.0550732	-294.594
28200	0.0550732	-264.025
28300	0.0550732	-243.184
28400	0.0550732	-241.419
28500	0.0550732	-251.465
28600	0.0550732	-261.672
28700	0.0550732	-247.954
28800	0.0550732	-242.555
28900	0.0550732	-260.677
29000	0.0550732	-245.406
29100	0.0550732	-249.104
29200	0.0550732	-243.888
29300	0.0550732	-249.169
29400	0.0550732	-246.823
29500	0.0550732	-251.765
29600	0.0550732	-250.125
29700	0.0550732	-260.086
29800	0.0550732	-262.072
29900	0.0550732	-251.475
30000	0.0550732	-250.045
30100	0.0550732	-241.356
30200	0.0550732	-275.034
30300	0.0550732	-250.236
30400	0.0550732	-255.076
30500	0.0550732	-256.63
30600	0.0550732	-247.647
30700	0.0550732	-307.793
30800	0.0550732	-246.879
30900	0.0550732	-295.773
31000	0.0550732	-251.07
31100	0.0550732	-257.78
31200	0.0550732	-274.471
31300	0.0550732	-256.664
31400	0.0550732	-278.327
31500	0.0550732	-255.048
31600	0.0550732	-245.541
31700	0.0550732	-252.022
31800	0.0550732	-252.54
31900	0.0550732	-274.235
32000	0.0550732	-249.035
32100	0.0550732	-252.953
32200	0.0550732	-249.983
32300	0.0550732	-264.246
32400	0.0550732	-281.318
32500	0.0550732	-253.285
32600	0.0550732	-263.786
32700	0.0550732	-258.543
32800	0.0550732	-257.027
32900	0.0550732	-248.737
33000	0.0550732	-258.784
33100	0.0550732	-259.701
33200	0.0550732	-303.586
33300	0.0550732	-255.136
33400	0.0550732	-249.222
33500	0.0550732	-265.641
33600	0.0550732	-245.221
33700	0.0550732	-256.233
33800	0.0550732	-251.069
33900	0.0550732	-259.245
34000	0.0550732	-276.299
34100	0.0550732	-246.097
34200	0.0550732	-279.265
34300	0.0550732	-261.06
34400	0.0550732	-251.869
34500	0.0550732	-254.089
34600	0.0550732	-240.379
34700	0.0550732	-360.411
34800	0.0550732	-242.645
34900	0.0550732	-258.975
35000	0.0550732	-269.844
35100	0.0550732	-243.678
35200	0.0550732	-262.355
35300	0.0550732	-247.291
35400	0.0550732	-256.845
35500	0.0550732	-260.214
35600	0.0550732	-244.931
35700	0.0550732	-242.37
35800	0.0550732	-251.047
35900	0.0550732	-261.427
36000	0.0550732	-261.403
36100	0.0550732	-256.923
36200	0.0550732	-286.919
36300	0.0550732	-259.471
36400	0.0550732	-293.649
36500	0.0550732	-281.373
36600	0.0550732	-243.937
36700	0.0550732	-370.089
36800	0.0550732	-414.057
36900	0.0550732	-397.654
37000	0.0550732	-367.554
37100	0.0550732	-423.116
37200	0.0550732	-363.641
37300	0.0550732	-338.373
37400	0.0550732	-366.977
37500	0.0550732	-492.669
37600	0.0550732	-397.596
37700	0.0550732	-401.567
37800	0.0550732	-370.443
37900	0.0550732	-394.482
38000	0.0550732	-366.24
38100	0.0550732	-455.563
38200	0.0550732	-368.08
38300	0.0550732	-382.326
38400	0.0550732	-406.431
38500	0.0550732	-339.37
38600	0.0550732	-382.243
38700	0.0550732	-387.802
38800	0.0550732	-360.981
38900	0.0550732	-385.28
39000	0.0550732	-356.218
39100	0.0550732	-350.745
39200	0.0550732	-369.896
39300	0.0550732	-366.009
39400	0.0550732	-343.175
39500	0.0550732	-418.948
39600	0.0550732	-308.825
39700	0.0550732	-380.601
39800	0.0550732	-326.686
39900	0.0550732	-336.523
40000	0.0550732	-406.619
40100	0.0550732	-356.494
40200	0.0550732	-351.241
40300	0.0550732	-381.546
40400	0.0550732	-453.574
40500	0.0550732	-400.431
40600	0.0550732	-333.352
40700	0.0550732	-381.681
40800	0.0550732	-326.823
40900	0.0550732	-408.646
41000	0.0550732	-334.719
41100	0.0550732	-333.608
41200	0.0550732	-348.788
41300	0.0550732	-332.602
41400	0.0550732	-352.69
41500	0.0550732	-414.886
41600	0.0550732	-331.968
41700	0.0550732	-383.054
41800	0.0550732	-353.328
41900	0.0550732	-374.104
42000	0.0550732	-362.024
42100	0.0550732	-328.61
42200	0.0550732	-391.807
42300	0.0550732	-412.267
42400	0.0550732	-365.59
42500	0.0550732	-342.706
42600	0.0550732	-333.865
42700	0.0550732	-375.238
42800	0.0550732	-441.949
42900	0.0550732	-349.391
43000	0.0550732	-449.138
43100	0.0550732	-342.641
43200	0.0550732	-323.213
43300	0.0550732	-372.31
43400	0.0550732	-356.83
43500	0.0550732	-323.196
43600	0.0550732	-440.946
43700	0.0550732	-326.849
43800	0.0550732	-390.48
43900	0.0550732	-384.676
44000	0.0550732	-366.865
44100	0.0550732	-419.544
44200	0.0550732	-376.749
44300	0.0550732	-463.897
44400	0.0550732	-370.477
44500	0.0550732	-367.537
44600	0.0550732	-342.14
44700	0.0550732	-359.392
44800	0.0550732	-363.811
44900	0.0550732	-348.935
45000	0.0550732	-335.053
45100	0.0550732	-415.742
45200	0.0550732	-421.913
45300	0.0550732	-420.597
45400	0.0550732	-380.558
45500	0.0550732	-388.292
45600	0.0550732	-340.743
45700	0.0550732	-469.079
45800	0.0550732	-361.89
45900	0.0550732	-400.803
46000	0.0550732	-383.653
46100	0.0550732	-406.03
46200	0.0550732	-342.635
46300	0.0550732	-313.047
46400	0.0550732	-351.601
46500	0.0550732	-352.04
46600	0.0550732	-427.199
46700	0.0550732	-351.932
46800	0.0550732	-337.684
46900	0.0550732	-361.059
47000	0.0550732	-435.474
47100	0.0550732	-417.141
47200	0.0550732	-363.278
47300	0.0550732	-382.862
47400	0.0550732	-360.813
47500	0.0550732	-504.216
47600	0.0550732	-360.593
47700	0.0550732	-374.224
47800	0.0550732	-350.758
47900	0.0550732	-443.405
48000	0.0550732	-359.852
48100	0.0550732	-415.353
48200	0.0550732	-401.207
48300	0.0550732	-407.465
48400	0.0550732	-423.838
48500	0.0550732	-402.909
48600	0.0550732	-326.46
48700	0.0550732	-389.951
48800	0.0550732	-393.146
48900	0.0550732	-385.683
49000	0.0550732	-350.419
49100	0.0550732	-343.503
49200	0.0550732	-407.663
49300	0.0550732	-398.372
49400	0.0550732	-361.189
49500	0.0550732	-378.1
49600	0.0550732	-350.577
49700	0.0550732	-334.518
49800	0.0550732	-324.017
49900	0.0550732	-388.905
50000	0.0550732	-357.226
